#
# There is insufficient memory for the Java Runtime Environment to continue.
# Native memory allocation (mmap) failed to map 89128960 bytes for committing reserved memory.
# Possible reasons:
#   The system is out of physical RAM or swap space
#   In 32 bit mode, the process size limit was hit
# Possible solutions:
#   Reduce memory load on the system
#   Increase physical memory or swap space
#   Check if swap backing store is full
#   Use 64 bit Java on a 64 bit OS
#   Decrease Java heap size (-Xmx/-Xms)
#   Decrease number of Java threads
#   Decrease Java thread stack sizes (-Xss)
#   Set larger code cache with -XX:ReservedCodeCacheSize=
# This output file may be truncated or incomplete.
#
#  Out of Memory Error (os_linux.cpp:2627), pid=9970, tid=139766361974528
#
# JRE version: Java(TM) SE Runtime Environment (8.0_60-b27) (build 1.8.0_60-b27)
# Java VM: Java HotSpot(TM) 64-Bit Server VM (25.60-b23 mixed mode linux-amd64 compressed oops)
# Failed to write core dump. Core dumps have been disabled. To enable core dumping, try "ulimit -c unlimited" before starting Java again
#

---------------  T H R E A D  ---------------

Current thread (0x00007f1dfc077800):  VMThread [stack: 0x00007f1de44b6000,0x00007f1de45b7000] [id=9980]

Stack: [0x00007f1de44b6000,0x00007f1de45b7000],  sp=0x00007f1de45b4fe0,  free space=1019k
Native frames: (J=compiled Java code, j=interpreted, Vv=VM code, C=native code)
V  [libjvm.so+0xab97ea]  VMError::report_and_die()+0x2ba
V  [libjvm.so+0x4f9dab]  report_vm_out_of_memory(char const*, int, unsigned long, VMErrorType, char const*)+0x8b
V  [libjvm.so+0x91a7c3]  os::Linux::commit_memory_impl(char*, unsigned long, bool)+0x103
V  [libjvm.so+0x91ad19]  os::pd_commit_memory(char*, unsigned long, unsigned long, bool)+0x29
V  [libjvm.so+0x91502a]  os::commit_memory(char*, unsigned long, unsigned long, bool)+0x2a
V  [libjvm.so+0x9886d3]  PSVirtualSpace::expand_by(unsigned long)+0x53
V  [libjvm.so+0x989ad8]  PSYoungGen::resize_generation(unsigned long, unsigned long)+0xf8
V  [libjvm.so+0x988c32]  PSYoungGen::resize(unsigned long, unsigned long)+0x22
V  [libjvm.so+0x985f0b]  PSScavenge::invoke_no_policy()+0xf3b
V  [libjvm.so+0x986691]  PSScavenge::invoke()+0x41
V  [libjvm.so+0x93e430]  ParallelScavengeHeap::failed_mem_allocate(unsigned long)+0x70
V  [libjvm.so+0xabb207]  VM_ParallelGCFailedAllocation::doit()+0x97
V  [libjvm.so+0xac2c35]  VM_Operation::evaluate()+0x55
V  [libjvm.so+0xac100a]  VMThread::evaluate_operation(VM_Operation*)+0xba
V  [libjvm.so+0xac138e]  VMThread::loop()+0x1ce
V  [libjvm.so+0xac1800]  VMThread::run()+0x70
V  [libjvm.so+0x91cb88]  java_start(Thread*)+0x108

VM_Operation (0x00007f1ddf4decd0): ParallelGCFailedAllocation, mode: safepoint, requested by thread 0x00007f1dfc14c800


---------------  P R O C E S S  ---------------

Java Threads: ( => current thread )
  0x00007f1dfc14c800 JavaThread "pool-1-thread-4" [_thread_blocked, id=10013, stack(0x00007f1ddf3e0000,0x00007f1ddf4e1000)]
  0x00007f1dfc14a800 JavaThread "pool-1-thread-3" [_thread_blocked, id=10010, stack(0x00007f1ddf4e1000,0x00007f1ddf5e2000)]
  0x00007f1dfc149800 JavaThread "pool-1-thread-2" [_thread_blocked, id=10009, stack(0x00007f1ddf5e2000,0x00007f1ddf6e3000)]
  0x00007f1dfc144000 JavaThread "pool-2-thread-1" [_thread_blocked, id=10008, stack(0x00007f1ddf6e3000,0x00007f1ddf7e4000)]
  0x00007f1dfc142000 JavaThread "pool-1-thread-1" [_thread_blocked, id=10007, stack(0x00007f1ddf7e4000,0x00007f1ddf8e5000)]
  0x00007f1dfc0c3000 JavaThread "Service Thread" daemon [_thread_blocked, id=9988, stack(0x00007f1ddf9e6000,0x00007f1ddfae7000)]
  0x00007f1dfc0be000 JavaThread "C1 CompilerThread2" daemon [_thread_blocked, id=9987, stack(0x00007f1ddfae7000,0x00007f1ddfbe8000)]
  0x00007f1dfc0bc000 JavaThread "C2 CompilerThread1" daemon [_thread_blocked, id=9986, stack(0x00007f1ddfbe8000,0x00007f1ddfce9000)]
  0x00007f1dfc0b9800 JavaThread "C2 CompilerThread0" daemon [_thread_blocked, id=9985, stack(0x00007f1de40b2000,0x00007f1de41b3000)]
  0x00007f1dfc0b8000 JavaThread "Signal Dispatcher" daemon [_thread_blocked, id=9984, stack(0x00007f1de41b3000,0x00007f1de42b4000)]
  0x00007f1dfc07f000 JavaThread "Finalizer" daemon [_thread_blocked, id=9982, stack(0x00007f1de42b4000,0x00007f1de43b5000)]
  0x00007f1dfc07d000 JavaThread "Reference Handler" daemon [_thread_blocked, id=9981, stack(0x00007f1de43b5000,0x00007f1de44b6000)]
  0x00007f1dfc00a000 JavaThread "main" [_thread_blocked, id=9975, stack(0x00007f1e02b5b000,0x00007f1e02c5c000)]

Other Threads:
=>0x00007f1dfc077800 VMThread [stack: 0x00007f1de44b6000,0x00007f1de45b7000] [id=9980]
  0x00007f1dfc0c6000 WatcherThread [stack: 0x00007f1ddf8e5000,0x00007f1ddf9e6000] [id=9989]

VM state:at safepoint (normal execution)

VM Mutex/Monitor currently owned by a thread:  ([mutex/lock_event])
[0x00007f1dfc0064b0] Threads_lock - owner thread: 0x00007f1dfc077800
[0x00007f1dfc0069b0] Heap_lock - owner thread: 0x00007f1dfc14c800

Heap:
 PSYoungGen      total 181760K, used 37860K [0x00000000eab00000, 0x00000000f9f00000, 0x0000000100000000)
  eden space 143872K, 0% used [0x00000000eab00000,0x00000000eab00000,0x00000000f3780000)
  from space 37888K, 99% used [0x00000000f5500000,0x00000000f79f9320,0x00000000f7a00000)
  to   space 32256K, 0% used [0x00000000f7f80000,0x00000000f7f80000,0x00000000f9f00000)
 ParOldGen       total 120320K, used 120299K [0x00000000c0000000, 0x00000000c7580000, 0x00000000eab00000)
  object space 120320K, 99% used [0x00000000c0000000,0x00000000c757ae20,0x00000000c7580000)
 Metaspace       used 6420K, capacity 7256K, committed 7424K, reserved 1056768K
  class space    used 612K, capacity 656K, committed 768K, reserved 1048576K

Card table byte_map: [0x00007f1dec618000,0x00007f1dec819000] byte_map_base: 0x00007f1dec018000

Marking Bits: (ParMarkBitMap*) 0x00007f1e0203cde0
 Begin Bits: [0x00007f1de6000000, 0x00007f1de7000000)
 End Bits:   [0x00007f1de7000000, 0x00007f1de8000000)

Polling page: 0x00007f1e02c84000

CodeCache: size=245760Kb used=7914Kb max_used=7920Kb free=237845Kb
 bounds [0x00007f1decbd9000, 0x00007f1ded3a9000, 0x00007f1dfbbd9000]
 total_blobs=2242 nmethods=1974 adapters=182
 compilation: enabled

Compilation events (10 events):
Event: 52.703 Thread 0x00007f1dfc0be000 2721       2       com.android.dx.command.dexer.Main::access$1200 (7 bytes)
Event: 52.703 Thread 0x00007f1dfc0be000 nmethod 2721 0x00007f1ded373910 code [0x00007f1ded373a80, 0x00007f1ded373bc8]
Event: 52.729 Thread 0x00007f1dfc0be000 2722   !   2       com.android.dx.command.dexer.Main::processFileBytes (265 bytes)
Event: 52.760 Thread 0x00007f1dfc0be000 nmethod 2722 0x00007f1ded38d190 code [0x00007f1ded38d460, 0x00007f1ded38e6d8]
Event: 52.936 Thread 0x00007f1dfc0be000 2726       2       sun.util.calendar.AbstractCalendar::getTimeOfDayValue (50 bytes)
Event: 52.937 Thread 0x00007f1dfc0be000 nmethod 2726 0x00007f1ded382b10 code [0x00007f1ded382c60, 0x00007f1ded382df0]
Event: 53.280 Thread 0x00007f1dfc0be000 2728       2       com.android.dx.dex.file.AnnotationUtils::makeInnerClass (65 bytes)
Event: 53.283 Thread 0x00007f1dfc0be000 nmethod 2728 0x00007f1ded381f90 code [0x00007f1ded382180, 0x00007f1ded382698]
Event: 53.668 Thread 0x00007f1dfc0be000 2729       2       com.android.dx.cf.attrib.AttLocalVariableTable::<init> (8 bytes)
Event: 53.669 Thread 0x00007f1dfc0be000 nmethod 2729 0x00007f1decd83010 code [0x00007f1decd83180, 0x00007f1decd83308]

GC Heap History (10 events):
Event: 19.475 GC heap after
Heap after GC invocations=7 (full 0):
 PSYoungGen      total 70144K, used 10208K [0x00000000eab00000, 0x00000000f3d00000, 0x0000000100000000)
  eden space 59904K, 0% used [0x00000000eab00000,0x00000000eab00000,0x00000000ee580000)
  from space 10240K, 99% used [0x00000000ee580000,0x00000000eef78010,0x00000000eef80000)
  to   space 14848K, 0% used [0x00000000f2e80000,0x00000000f2e80000,0x00000000f3d00000)
 ParOldGen       total 40960K, used 15201K [0x00000000c0000000, 0x00000000c2800000, 0x00000000eab00000)
  object space 40960K, 37% used [0x00000000c0000000,0x00000000c0ed8488,0x00000000c2800000)
 Metaspace       used 5975K, capacity 6936K, committed 7168K, reserved 1056768K
  class space    used 612K, capacity 656K, committed 768K, reserved 1048576K
}
Event: 21.638 GC heap before
{Heap before GC invocations=8 (full 0):
 PSYoungGen      total 70144K, used 70112K [0x00000000eab00000, 0x00000000f3d00000, 0x0000000100000000)
  eden space 59904K, 100% used [0x00000000eab00000,0x00000000ee580000,0x00000000ee580000)
  from space 10240K, 99% used [0x00000000ee580000,0x00000000eef78010,0x00000000eef80000)
  to   space 14848K, 0% used [0x00000000f2e80000,0x00000000f2e80000,0x00000000f3d00000)
 ParOldGen       total 40960K, used 15201K [0x00000000c0000000, 0x00000000c2800000, 0x00000000eab00000)
  object space 40960K, 37% used [0x00000000c0000000,0x00000000c0ed8488,0x00000000c2800000)
 Metaspace       used 6015K, capacity 6936K, committed 7168K, reserved 1056768K
  class space    used 612K, capacity 656K, committed 768K, reserved 1048576K
Event: 22.001 GC heap after
Heap after GC invocations=8 (full 0):
 PSYoungGen      total 130560K, used 14816K [0x00000000eab00000, 0x00000000f4500000, 0x0000000100000000)
  eden space 115712K, 0% used [0x00000000eab00000,0x00000000eab00000,0x00000000f1c00000)
  from space 14848K, 99% used [0x00000000f2e80000,0x00000000f3cf8020,0x00000000f3d00000)
  to   space 18944K, 0% used [0x00000000f1c00000,0x00000000f1c00000,0x00000000f2e80000)
 ParOldGen       total 40960K, used 18552K [0x00000000c0000000, 0x00000000c2800000, 0x00000000eab00000)
  object space 40960K, 45% used [0x00000000c0000000,0x00000000c121e048,0x00000000c2800000)
 Metaspace       used 6015K, capacity 6936K, committed 7168K, reserved 1056768K
  class space    used 612K, capacity 656K, committed 768K, reserved 1048576K
}
Event: 33.776 GC heap before
{Heap before GC invocations=9 (full 0):
 PSYoungGen      total 130560K, used 130528K [0x00000000eab00000, 0x00000000f4500000, 0x0000000100000000)
  eden space 115712K, 100% used [0x00000000eab00000,0x00000000f1c00000,0x00000000f1c00000)
  from space 14848K, 99% used [0x00000000f2e80000,0x00000000f3cf8020,0x00000000f3d00000)
  to   space 18944K, 0% used [0x00000000f1c00000,0x00000000f1c00000,0x00000000f2e80000)
 ParOldGen       total 40960K, used 18552K [0x00000000c0000000, 0x00000000c2800000, 0x00000000eab00000)
  object space 40960K, 45% used [0x00000000c0000000,0x00000000c121e048,0x00000000c2800000)
 Metaspace       used 6335K, capacity 7192K, committed 7424K, reserved 1056768K
  class space    used 612K, capacity 656K, committed 768K, reserved 1048576K
Event: 34.253 GC heap after
Heap after GC invocations=9 (full 0):
 PSYoungGen      total 134656K, used 18932K [0x00000000eab00000, 0x00000000f9f00000, 0x0000000100000000)
  eden space 115712K, 0% used [0x00000000eab00000,0x00000000eab00000,0x00000000f1c00000)
  from space 18944K, 99% used [0x00000000f1c00000,0x00000000f2e7d250,0x00000000f2e80000)
  to   space 32256K, 0% used [0x00000000f7f80000,0x00000000f7f80000,0x00000000f9f00000)
 ParOldGen       total 43520K, used 43503K [0x00000000c0000000, 0x00000000c2a80000, 0x00000000eab00000)
  object space 43520K, 99% used [0x00000000c0000000,0x00000000c2a7be08,0x00000000c2a80000)
 Metaspace       used 6335K, capacity 7192K, committed 7424K, reserved 1056768K
  class space    used 612K, capacity 656K, committed 768K, reserved 1048576K
}
Event: 34.253 GC heap before
{Heap before GC invocations=10 (full 1):
 PSYoungGen      total 134656K, used 18932K [0x00000000eab00000, 0x00000000f9f00000, 0x0000000100000000)
  eden space 115712K, 0% used [0x00000000eab00000,0x00000000eab00000,0x00000000f1c00000)
  from space 18944K, 99% used [0x00000000f1c00000,0x00000000f2e7d250,0x00000000f2e80000)
  to   space 32256K, 0% used [0x00000000f7f80000,0x00000000f7f80000,0x00000000f9f00000)
 ParOldGen       total 43520K, used 43503K [0x00000000c0000000, 0x00000000c2a80000, 0x00000000eab00000)
  object space 43520K, 99% used [0x00000000c0000000,0x00000000c2a7be08,0x00000000c2a80000)
 Metaspace       used 6335K, capacity 7192K, committed 7424K, reserved 1056768K
  class space    used 612K, capacity 656K, committed 768K, reserved 1048576K
Event: 38.304 GC heap after
Heap after GC invocations=10 (full 1):
 PSYoungGen      total 134656K, used 16330K [0x00000000eab00000, 0x00000000f9f00000, 0x0000000100000000)
  eden space 115712K, 0% used [0x00000000eab00000,0x00000000eab00000,0x00000000f1c00000)
  from space 18944K, 86% used [0x00000000f1c00000,0x00000000f2bf2b00,0x00000000f2e80000)
  to   space 32256K, 0% used [0x00000000f7f80000,0x00000000f7f80000,0x00000000f9f00000)
 ParOldGen       total 82432K, used 43288K [0x00000000c0000000, 0x00000000c5080000, 0x00000000eab00000)
  object space 82432K, 52% used [0x00000000c0000000,0x00000000c2a461e8,0x00000000c5080000)
 Metaspace       used 6335K, capacity 7192K, committed 7424K, reserved 1056768K
  class space    used 612K, capacity 656K, committed 768K, reserved 1048576K
}
Event: 51.188 GC heap before
{Heap before GC invocations=11 (full 1):
 PSYoungGen      total 134656K, used 132042K [0x00000000eab00000, 0x00000000f9f00000, 0x0000000100000000)
  eden space 115712K, 100% used [0x00000000eab00000,0x00000000f1c00000,0x00000000f1c00000)
  from space 18944K, 86% used [0x00000000f1c00000,0x00000000f2bf2b00,0x00000000f2e80000)
  to   space 32256K, 0% used [0x00000000f7f80000,0x00000000f7f80000,0x00000000f9f00000)
 ParOldGen       total 82432K, used 43288K [0x00000000c0000000, 0x00000000c5080000, 0x00000000eab00000)
  object space 82432K, 52% used [0x00000000c0000000,0x00000000c2a461e8,0x00000000c5080000)
 Metaspace       used 6410K, capacity 7192K, committed 7424K, reserved 1056768K
  class space    used 612K, capacity 656K, committed 768K, reserved 1048576K
Event: 51.822 GC heap after
Heap after GC invocations=11 (full 1):
 PSYoungGen      total 176128K, used 32106K [0x00000000eab00000, 0x00000000f9f00000, 0x0000000100000000)
  eden space 143872K, 0% used [0x00000000eab00000,0x00000000eab00000,0x00000000f3780000)
  from space 32256K, 99% used [0x00000000f7f80000,0x00000000f9edaa30,0x00000000f9f00000)
  to   space 37888K, 0% used [0x00000000f5500000,0x00000000f5500000,0x00000000f7a00000)
 ParOldGen       total 82432K, used 46656K [0x00000000c0000000, 0x00000000c5080000, 0x00000000eab00000)
  object space 82432K, 56% used [0x00000000c0000000,0x00000000c2d90208,0x00000000c5080000)
 Metaspace       used 6410K, capacity 7192K, committed 7424K, reserved 1056768K
  class space    used 612K, capacity 656K, committed 768K, reserved 1048576K
}
Event: 53.816 GC heap before
{Heap before GC invocations=12 (full 1):
 PSYoungGen      total 176128K, used 175978K [0x00000000eab00000, 0x00000000f9f00000, 0x0000000100000000)
  eden space 143872K, 100% used [0x00000000eab00000,0x00000000f3780000,0x00000000f3780000)
  from space 32256K, 99% used [0x00000000f7f80000,0x00000000f9edaa30,0x00000000f9f00000)
  to   space 37888K, 0% used [0x00000000f5500000,0x00000000f5500000,0x00000000f7a00000)
 ParOldGen       total 82432K, used 46656K [0x00000000c0000000, 0x00000000c5080000, 0x00000000eab00000)
  object space 82432K, 56% used [0x00000000c0000000,0x00000000c2d90208,0x00000000c5080000)
 Metaspace       used 6420K, capacity 7256K, committed 7424K, reserved 1056768K
  class space    used 612K, capacity 656K, committed 768K, reserved 1048576K

Deoptimization events (10 events):
Event: 9.728 Thread 0x00007f1dfc142000 Uncommon trap: reason=class_check action=maybe_recompile pc=0x00007f1decde2890 method=com.android.dx.ssa.NormalSsaInsn.accept(Lcom/android/dx/ssa/SsaInsn$Visitor;)V @ 9
Event: 13.185 Thread 0x00007f1dfc142000 Uncommon trap: reason=bimorphic action=maybe_recompile pc=0x00007f1decdd9888 method=java.util.HashMap.getNode(ILjava/lang/Object;)Ljava/util/HashMap$Node; @ 126
Event: 13.399 Thread 0x00007f1dfc149800 Uncommon trap: reason=bimorphic action=maybe_recompile pc=0x00007f1decdd9888 method=java.util.HashMap.getNode(ILjava/lang/Object;)Ljava/util/HashMap$Node; @ 126
Event: 13.946 Thread 0x00007f1dfc142000 Uncommon trap: reason=unstable_if action=reinterpret pc=0x00007f1decf5277c method=com.android.dx.ssa.SsaMethod.updateOneDefinition(Lcom/android/dx/ssa/SsaInsn;Lcom/android/dx/rop/code/RegisterSpec;)V @ 4
Event: 15.966 Thread 0x00007f1dfc14a800 Uncommon trap: reason=unstable_if action=reinterpret pc=0x00007f1dece6de90 method=java.util.HashMap.putVal(ILjava/lang/Object;Ljava/lang/Object;ZZ)Ljava/lang/Object; @ 162
Event: 16.072 Thread 0x00007f1dfc14a800 Uncommon trap: reason=unstable_if action=reinterpret pc=0x00007f1decdd986c method=java.util.HashMap.getNode(ILjava/lang/Object;)Ljava/util/HashMap$Node; @ 84
Event: 16.072 Thread 0x00007f1dfc14a800 Uncommon trap: reason=unstable_if action=reinterpret pc=0x00007f1decdf85fc method=java.util.HashMap.getNode(ILjava/lang/Object;)Ljava/util/HashMap$Node; @ 84
Event: 17.089 Thread 0x00007f1dfc00a000 Uncommon trap: reason=unstable_if action=reinterpret pc=0x00007f1decf00e4c method=com.android.dx.rop.code.RegisterSpecSet.put(Lcom/android/dx/rop/code/RegisterSpec;)V @ 77
Event: 26.956 Thread 0x00007f1dfc00a000 Uncommon trap: reason=unstable_if action=reinterpret pc=0x00007f1ded193e70 method=com.android.dx.cf.code.ByteCatchList.listFor(I)Lcom/android/dx/cf/code/ByteCatchList; @ 47
Event: 30.549 Thread 0x00007f1dfc00a000 Uncommon trap: reason=unstable_if action=reinterpret pc=0x00007f1ded2453e4 method=com.android.dx.ssa.SCCP.simulateStmt(Lcom/android/dx/ssa/SsaInsn;)V @ 59

Internal exceptions (6 events):
Event: 0.415 Thread 0x00007f1dfc00a000 Exception <a 'java/lang/NoSuchMethodError': Method sun.misc.Unsafe.defineClass(Ljava/lang/String;[BII)Ljava/lang/Class; name or signature does not match> (0x00000000eab12b98) thrown at [/HUDSON/workspace/8-2-build-linux-amd64/jdk8u60/4407/hotspot/src/shar
Event: 0.415 Thread 0x00007f1dfc00a000 Exception <a 'java/lang/NoSuchMethodError': Method sun.misc.Unsafe.prefetchRead(Ljava/lang/Object;J)V name or signature does not match> (0x00000000eab12e80) thrown at [/HUDSON/workspace/8-2-build-linux-amd64/jdk8u60/4407/hotspot/src/share/vm/prims/jni.cpp
Event: 8.966 Thread 0x00007f1dfc00a000 Implicit null exception at 0x00007f1dece30422 to 0x00007f1dece30513
Event: 15.995 Thread 0x00007f1dfc14a800 Exception <a 'java/lang/ArrayIndexOutOfBoundsException': 18> (0x00000000eb19b890) thrown at [/HUDSON/workspace/8-2-build-linux-amd64/jdk8u60/4407/hotspot/src/share/vm/interpreter/interpreterRuntime.cpp, line 366]
Event: 16.017 Thread 0x00007f1dfc14a800 Exception <a 'java/lang/ArrayIndexOutOfBoundsException': 145> (0x00000000eb19d410) thrown at [/HUDSON/workspace/8-2-build-linux-amd64/jdk8u60/4407/hotspot/src/share/vm/interpreter/interpreterRuntime.cpp, line 366]
Event: 16.019 Thread 0x00007f1dfc14a800 Exception <a 'java/lang/ArrayIndexOutOfBoundsException': 40> (0x00000000eb19e6f8) thrown at [/HUDSON/workspace/8-2-build-linux-amd64/jdk8u60/4407/hotspot/src/share/vm/interpreter/interpreterRuntime.cpp, line 366]

Events (10 events):
Event: 51.897 Thread 0x00007f1dfc00a000 DEOPT UNPACKING pc=0x00007f1decc20233 sp=0x00007f1e02c59650 mode 0
Event: 52.216 Thread 0x00007f1dfc00a000 DEOPT PACKING pc=0x00007f1decf472ec sp=0x00007f1e02c59860
Event: 52.216 Thread 0x00007f1dfc00a000 DEOPT UNPACKING pc=0x00007f1decc20233 sp=0x00007f1e02c59560 mode 0
Event: 52.977 Thread 0x00007f1dfc14a800 DEOPT PACKING pc=0x00007f1decf472ec sp=0x00007f1ddf5dfff0
Event: 52.977 Thread 0x00007f1dfc14a800 DEOPT UNPACKING pc=0x00007f1decc20233 sp=0x00007f1ddf5dfcf0 mode 0
Event: 53.260 Thread 0x00007f1dfc142000 DEOPT PACKING pc=0x00007f1decf472ec sp=0x00007f1ddf8e2d70
Event: 53.260 Thread 0x00007f1dfc142000 DEOPT UNPACKING pc=0x00007f1decc20233 sp=0x00007f1ddf8e2a70 mode 0
Event: 53.670 Thread 0x00007f1dfc14c800 DEOPT PACKING pc=0x00007f1decf472ec sp=0x00007f1ddf4def70
Event: 53.670 Thread 0x00007f1dfc14c800 DEOPT UNPACKING pc=0x00007f1decc20233 sp=0x00007f1ddf4dec70 mode 0
Event: 53.785 Executing VM operation: ParallelGCFailedAllocation


Dynamic libraries:
00400000-00401000 r-xp 00000000 08:02 4071875                            /usr/local/jdk1.8.0_60/bin/java
00600000-00601000 rw-p 00000000 08:02 4071875                            /usr/local/jdk1.8.0_60/bin/java
006b7000-006d8000 rw-p 00000000 00:00 0                                  [heap]
c0000000-c7580000 rw-p 00000000 00:00 0 
c7580000-eab00000 ---p 00000000 00:00 0 
eab00000-f9f00000 rw-p 00000000 00:00 0 
ff400000-100000000 ---p 00000000 00:00 0 
100000000-1000c0000 rw-p 00000000 00:00 0 
1000c0000-140000000 ---p 00000000 00:00 0 
7f1d98000000-7f1d98032000 rw-p 00000000 00:00 0 
7f1d98032000-7f1d9c000000 ---p 00000000 00:00 0 
7f1da0000000-7f1da0021000 rw-p 00000000 00:00 0 
7f1da0021000-7f1da4000000 ---p 00000000 00:00 0 
7f1da4000000-7f1da4032000 rw-p 00000000 00:00 0 
7f1da4032000-7f1da8000000 ---p 00000000 00:00 0 
7f1da8000000-7f1da8025000 rw-p 00000000 00:00 0 
7f1da8025000-7f1dac000000 ---p 00000000 00:00 0 
7f1dac000000-7f1dac021000 rw-p 00000000 00:00 0 
7f1dac021000-7f1db0000000 ---p 00000000 00:00 0 
7f1db0000000-7f1db0021000 rw-p 00000000 00:00 0 
7f1db0021000-7f1db4000000 ---p 00000000 00:00 0 
7f1db4000000-7f1db4021000 rw-p 00000000 00:00 0 
7f1db4021000-7f1db8000000 ---p 00000000 00:00 0 
7f1db8000000-7f1db9428000 rw-p 00000000 00:00 0 
7f1db9428000-7f1dbc000000 ---p 00000000 00:00 0 
7f1dbc000000-7f1dbc9de000 rw-p 00000000 00:00 0 
7f1dbc9de000-7f1dc0000000 ---p 00000000 00:00 0 
7f1dc0000000-7f1dc0021000 rw-p 00000000 00:00 0 
7f1dc0021000-7f1dc4000000 ---p 00000000 00:00 0 
7f1dc4000000-7f1dc4e8c000 rw-p 00000000 00:00 0 
7f1dc4e8c000-7f1dc8000000 ---p 00000000 00:00 0 
7f1dc8000000-7f1dc8021000 rw-p 00000000 00:00 0 
7f1dc8021000-7f1dcc000000 ---p 00000000 00:00 0 
7f1dcc000000-7f1dcc021000 rw-p 00000000 00:00 0 
7f1dcc021000-7f1dd0000000 ---p 00000000 00:00 0 
7f1dd0000000-7f1dd0021000 rw-p 00000000 00:00 0 
7f1dd0021000-7f1dd4000000 ---p 00000000 00:00 0 
7f1dd4000000-7f1dd428e000 rw-p 00000000 00:00 0 
7f1dd428e000-7f1dd8000000 ---p 00000000 00:00 0 
7f1dd8000000-7f1dd8021000 rw-p 00000000 00:00 0 
7f1dd8021000-7f1ddc000000 ---p 00000000 00:00 0 
7f1ddf3e0000-7f1ddf3e3000 ---p 00000000 00:00 0 
7f1ddf3e3000-7f1ddf4e1000 rw-p 00000000 00:00 0                          [stack:10013]
7f1ddf4e1000-7f1ddf4e4000 ---p 00000000 00:00 0 
7f1ddf4e4000-7f1ddf5e2000 rw-p 00000000 00:00 0                          [stack:10010]
7f1ddf5e2000-7f1ddf5e5000 ---p 00000000 00:00 0 
7f1ddf5e5000-7f1ddf6e3000 rw-p 00000000 00:00 0                          [stack:10009]
7f1ddf6e3000-7f1ddf6e6000 ---p 00000000 00:00 0 
7f1ddf6e6000-7f1ddf7e4000 rw-p 00000000 00:00 0                          [stack:10008]
7f1ddf7e4000-7f1ddf7e7000 ---p 00000000 00:00 0 
7f1ddf7e7000-7f1ddf8e5000 rw-p 00000000 00:00 0                          [stack:10007]
7f1ddf8e5000-7f1ddf8e6000 ---p 00000000 00:00 0 
7f1ddf8e6000-7f1ddf9e6000 rw-p 00000000 00:00 0                          [stack:9989]
7f1ddf9e6000-7f1ddf9e9000 ---p 00000000 00:00 0 
7f1ddf9e9000-7f1ddfae7000 rw-p 00000000 00:00 0                          [stack:9988]
7f1ddfae7000-7f1ddfaea000 ---p 00000000 00:00 0 
7f1ddfaea000-7f1ddfbe8000 rw-p 00000000 00:00 0                          [stack:9987]
7f1ddfbe8000-7f1ddfbeb000 ---p 00000000 00:00 0 
7f1ddfbeb000-7f1ddfce9000 rw-p 00000000 00:00 0                          [stack:9986]
7f1ddfce9000-7f1de0000000 r--p 00000000 08:02 3939108                    /usr/lib/locale/locale-archive
7f1de0000000-7f1de0021000 rw-p 00000000 00:00 0 
7f1de0021000-7f1de4000000 ---p 00000000 00:00 0 
7f1de409a000-7f1de40b2000 r--s 000f5000 08:02 5256034                    /home/amr/AndroidStudioProjects/Consort/app/build/intermediates/exploded-aar/com.google.android.gms/play-services-ads/8.4.0/jars/classes.jar
7f1de40b2000-7f1de40b5000 ---p 00000000 00:00 0 
7f1de40b5000-7f1de41b3000 rw-p 00000000 00:00 0                          [stack:9985]
7f1de41b3000-7f1de41b6000 ---p 00000000 00:00 0 
7f1de41b6000-7f1de42b4000 rw-p 00000000 00:00 0                          [stack:9984]
7f1de42b4000-7f1de42b7000 ---p 00000000 00:00 0 
7f1de42b7000-7f1de43b5000 rw-p 00000000 00:00 0                          [stack:9982]
7f1de43b5000-7f1de43b8000 ---p 00000000 00:00 0 
7f1de43b8000-7f1de44b6000 rw-p 00000000 00:00 0                          [stack:9981]
7f1de44b6000-7f1de44b7000 ---p 00000000 00:00 0 
7f1de44b7000-7f1de5428000 rw-p 00000000 00:00 0                          [stack:9980]
7f1de5428000-7f1de5600000 r--s 03d17000 08:02 4598728                    /usr/local/jdk1.8.0_60/jre/lib/rt.jar
7f1de5600000-7f1de5c80000 rw-p 00000000 00:00 0 
7f1de5c80000-7f1de5e00000 ---p 00000000 00:00 0 
7f1de5e00000-7f1de8000000 rw-p 00000000 00:00 0 
7f1de8000000-7f1de8021000 rw-p 00000000 00:00 0 
7f1de8021000-7f1dec000000 ---p 00000000 00:00 0 
7f1dec006000-7f1dec1bf000 rw-p 00000000 00:00 0 
7f1dec1bf000-7f1dec1c0000 ---p 00000000 00:00 0 
7f1dec1c0000-7f1dec2c0000 rw-p 00000000 00:00 0                          [stack:9979]
7f1dec2c0000-7f1dec2c1000 ---p 00000000 00:00 0 
7f1dec2c1000-7f1dec3c1000 rw-p 00000000 00:00 0                          [stack:9978]
7f1dec3c1000-7f1dec3c2000 ---p 00000000 00:00 0 
7f1dec3c2000-7f1dec4fd000 rw-p 00000000 00:00 0                          [stack:9977]
7f1dec4fd000-7f1dec618000 ---p 00000000 00:00 0 
7f1dec618000-7f1dec653000 rw-p 00000000 00:00 0 
7f1dec653000-7f1dec76d000 ---p 00000000 00:00 0 
7f1dec76d000-7f1dec7e8000 rw-p 00000000 00:00 0 
7f1dec7e8000-7f1dec818000 ---p 00000000 00:00 0 
7f1dec818000-7f1dec839000 rw-p 00000000 00:00 0 
7f1dec839000-7f1decbd9000 ---p 00000000 00:00 0 
7f1decbd9000-7f1ded3a9000 rwxp 00000000 00:00 0 
7f1ded3a9000-7f1dfbbd9000 ---p 00000000 00:00 0 
7f1dfbbd9000-7f1dfbbf3000 r-xp 00000000 08:02 4727989                    /usr/local/jdk1.8.0_60/jre/lib/amd64/libzip.so
7f1dfbbf3000-7f1dfbdf3000 ---p 0001a000 08:02 4727989                    /usr/local/jdk1.8.0_60/jre/lib/amd64/libzip.so
7f1dfbdf3000-7f1dfbdf4000 rw-p 0001a000 08:02 4727989                    /usr/local/jdk1.8.0_60/jre/lib/amd64/libzip.so
7f1dfbdf4000-7f1dfbdff000 r-xp 00000000 08:02 4329768                    /lib/x86_64-linux-gnu/libnss_files-2.19.so
7f1dfbdff000-7f1dfbffe000 ---p 0000b000 08:02 4329768                    /lib/x86_64-linux-gnu/libnss_files-2.19.so
7f1dfbffe000-7f1dfbfff000 r--p 0000a000 08:02 4329768                    /lib/x86_64-linux-gnu/libnss_files-2.19.so
7f1dfbfff000-7f1dfc000000 rw-p 0000b000 08:02 4329768                    /lib/x86_64-linux-gnu/libnss_files-2.19.so
7f1dfc000000-7f1dfc38b000 rw-p 00000000 00:00 0 
7f1dfc38b000-7f1e00000000 ---p 00000000 00:00 0 
7f1e00005000-7f1e00014000 r--s 000df000 08:02 1049192                    /home/amr/android-sdk-linux/build-tools/23.0.2/lib/dx.jar
7f1e00014000-7f1e00015000 ---p 00000000 00:00 0 
7f1e00015000-7f1e00115000 rw-p 00000000 00:00 0                          [stack:9976]
7f1e00115000-7f1e00120000 r-xp 00000000 08:02 4329778                    /lib/x86_64-linux-gnu/libnss_nis-2.19.so
7f1e00120000-7f1e0031f000 ---p 0000b000 08:02 4329778                    /lib/x86_64-linux-gnu/libnss_nis-2.19.so
7f1e0031f000-7f1e00320000 r--p 0000a000 08:02 4329778                    /lib/x86_64-linux-gnu/libnss_nis-2.19.so
7f1e00320000-7f1e00321000 rw-p 0000b000 08:02 4329778                    /lib/x86_64-linux-gnu/libnss_nis-2.19.so
7f1e00321000-7f1e00338000 r-xp 00000000 08:02 4329762                    /lib/x86_64-linux-gnu/libnsl-2.19.so
7f1e00338000-7f1e00537000 ---p 00017000 08:02 4329762                    /lib/x86_64-linux-gnu/libnsl-2.19.so
7f1e00537000-7f1e00538000 r--p 00016000 08:02 4329762                    /lib/x86_64-linux-gnu/libnsl-2.19.so
7f1e00538000-7f1e00539000 rw-p 00017000 08:02 4329762                    /lib/x86_64-linux-gnu/libnsl-2.19.so
7f1e00539000-7f1e0053b000 rw-p 00000000 00:00 0 
7f1e0053b000-7f1e00544000 r-xp 00000000 08:02 4329764                    /lib/x86_64-linux-gnu/libnss_compat-2.19.so
7f1e00544000-7f1e00743000 ---p 00009000 08:02 4329764                    /lib/x86_64-linux-gnu/libnss_compat-2.19.so
7f1e00743000-7f1e00744000 r--p 00008000 08:02 4329764                    /lib/x86_64-linux-gnu/libnss_compat-2.19.so
7f1e00744000-7f1e00745000 rw-p 00009000 08:02 4329764                    /lib/x86_64-linux-gnu/libnss_compat-2.19.so
7f1e00745000-7f1e0076f000 r-xp 00000000 08:02 4727966                    /usr/local/jdk1.8.0_60/jre/lib/amd64/libjava.so
7f1e0076f000-7f1e0096f000 ---p 0002a000 08:02 4727966                    /usr/local/jdk1.8.0_60/jre/lib/amd64/libjava.so
7f1e0096f000-7f1e00971000 rw-p 0002a000 08:02 4727966                    /usr/local/jdk1.8.0_60/jre/lib/amd64/libjava.so
7f1e00971000-7f1e0097e000 r-xp 00000000 08:02 4727936                    /usr/local/jdk1.8.0_60/jre/lib/amd64/libverify.so
7f1e0097e000-7f1e00b7e000 ---p 0000d000 08:02 4727936                    /usr/local/jdk1.8.0_60/jre/lib/amd64/libverify.so
7f1e00b7e000-7f1e00b80000 rw-p 0000d000 08:02 4727936                    /usr/local/jdk1.8.0_60/jre/lib/amd64/libverify.so
7f1e00b80000-7f1e00b87000 r-xp 00000000 08:02 4329821                    /lib/x86_64-linux-gnu/librt-2.19.so
7f1e00b87000-7f1e00d86000 ---p 00007000 08:02 4329821                    /lib/x86_64-linux-gnu/librt-2.19.so
7f1e00d86000-7f1e00d87000 r--p 00006000 08:02 4329821                    /lib/x86_64-linux-gnu/librt-2.19.so
7f1e00d87000-7f1e00d88000 rw-p 00007000 08:02 4329821                    /lib/x86_64-linux-gnu/librt-2.19.so
7f1e00d88000-7f1e00e8d000 r-xp 00000000 08:02 4329743                    /lib/x86_64-linux-gnu/libm-2.19.so
7f1e00e8d000-7f1e0108c000 ---p 00105000 08:02 4329743                    /lib/x86_64-linux-gnu/libm-2.19.so
7f1e0108c000-7f1e0108d000 r--p 00104000 08:02 4329743                    /lib/x86_64-linux-gnu/libm-2.19.so
7f1e0108d000-7f1e0108e000 rw-p 00105000 08:02 4329743                    /lib/x86_64-linux-gnu/libm-2.19.so
7f1e0108e000-7f1e01d4c000 r-xp 00000000 08:02 4727868                    /usr/local/jdk1.8.0_60/jre/lib/amd64/server/libjvm.so
7f1e01d4c000-7f1e01f4b000 ---p 00cbe000 08:02 4727868                    /usr/local/jdk1.8.0_60/jre/lib/amd64/server/libjvm.so
7f1e01f4b000-7f1e02023000 rw-p 00cbd000 08:02 4727868                    /usr/local/jdk1.8.0_60/jre/lib/amd64/server/libjvm.so
7f1e02023000-7f1e02068000 rw-p 00000000 00:00 0 
7f1e02068000-7f1e02223000 r-xp 00000000 08:02 4329692                    /lib/x86_64-linux-gnu/libc-2.19.so
7f1e02223000-7f1e02422000 ---p 001bb000 08:02 4329692                    /lib/x86_64-linux-gnu/libc-2.19.so
7f1e02422000-7f1e02426000 r--p 001ba000 08:02 4329692                    /lib/x86_64-linux-gnu/libc-2.19.so
7f1e02426000-7f1e02428000 rw-p 001be000 08:02 4329692                    /lib/x86_64-linux-gnu/libc-2.19.so
7f1e02428000-7f1e0242d000 rw-p 00000000 00:00 0 
7f1e0242d000-7f1e02430000 r-xp 00000000 08:02 4329709                    /lib/x86_64-linux-gnu/libdl-2.19.so
7f1e02430000-7f1e0262f000 ---p 00003000 08:02 4329709                    /lib/x86_64-linux-gnu/libdl-2.19.so
7f1e0262f000-7f1e02630000 r--p 00002000 08:02 4329709                    /lib/x86_64-linux-gnu/libdl-2.19.so
7f1e02630000-7f1e02631000 rw-p 00003000 08:02 4329709                    /lib/x86_64-linux-gnu/libdl-2.19.so
7f1e02631000-7f1e02646000 r-xp 00000000 08:02 4850898                    /usr/local/jdk1.8.0_60/lib/amd64/jli/libjli.so
7f1e02646000-7f1e02846000 ---p 00015000 08:02 4850898                    /usr/local/jdk1.8.0_60/lib/amd64/jli/libjli.so
7f1e02846000-7f1e02847000 rw-p 00015000 08:02 4850898                    /usr/local/jdk1.8.0_60/lib/amd64/jli/libjli.so
7f1e02847000-7f1e02860000 r-xp 00000000 08:02 4329813                    /lib/x86_64-linux-gnu/libpthread-2.19.so
7f1e02860000-7f1e02a5f000 ---p 00019000 08:02 4329813                    /lib/x86_64-linux-gnu/libpthread-2.19.so
7f1e02a5f000-7f1e02a60000 r--p 00018000 08:02 4329813                    /lib/x86_64-linux-gnu/libpthread-2.19.so
7f1e02a60000-7f1e02a61000 rw-p 00019000 08:02 4329813                    /lib/x86_64-linux-gnu/libpthread-2.19.so
7f1e02a61000-7f1e02a65000 rw-p 00000000 00:00 0 
7f1e02a65000-7f1e02a88000 r-xp 00000000 08:02 4329666                    /lib/x86_64-linux-gnu/ld-2.19.so
7f1e02a89000-7f1e02b5b000 rw-p 00000000 00:00 0 
7f1e02b5b000-7f1e02b5e000 ---p 00000000 00:00 0 
7f1e02b5e000-7f1e02c60000 rw-p 00000000 00:00 0                          [stack:9975]
7f1e02c66000-7f1e02c7b000 rw-p 00000000 00:00 0 
7f1e02c7b000-7f1e02c83000 rw-s 00000000 08:02 4205989                    /tmp/hsperfdata_amr/9970
7f1e02c83000-7f1e02c84000 rw-p 00000000 00:00 0 
7f1e02c84000-7f1e02c85000 ---p 00000000 00:00 0 
7f1e02c85000-7f1e02c87000 rw-p 00000000 00:00 0 
7f1e02c87000-7f1e02c88000 r--p 00022000 08:02 4329666                    /lib/x86_64-linux-gnu/ld-2.19.so
7f1e02c88000-7f1e02c89000 rw-p 00023000 08:02 4329666                    /lib/x86_64-linux-gnu/ld-2.19.so
7f1e02c89000-7f1e02c8a000 rw-p 00000000 00:00 0 
7ffec04a9000-7ffec04ca000 rw-p 00000000 00:00 0                          [stack]
7ffec0530000-7ffec0532000 r-xp 00000000 00:00 0                          [vdso]
7ffec0532000-7ffec0534000 r--p 00000000 00:00 0                          [vvar]
ffffffffff600000-ffffffffff601000 r-xp 00000000 00:00 0                  [vsyscall]

VM Arguments:
jvm_args: -Djava.awt.headless=true -Xmx1024M -Dfile.encoding=UTF-8 -Duser.country=US -Duser.language=en -Duser.variant 
java_command: com.android.dx.command.Main --dex --num-threads=4 --output /home/amr/AndroidStudioProjects/Consort/app/build/intermediates/pre-dexed/debug/com.google.android.gms-play-services-ads-8.4.0_2efdf3e664a867b2a06245144709962a456d3969.jar /home/amr/AndroidStudioProjects/Consort/app/build/intermediates/exploded-aar/com.google.android.gms/play-services-ads/8.4.0/jars/classes.jar
java_class_path (initial): /home/amr/android-sdk-linux/build-tools/23.0.2/lib/dx.jar
Launcher Type: SUN_STANDARD

Environment Variables:
JAVA_HOME=/usr/local/jdk1.8.0_60
PATH=/usr/local/sbin:/usr/local/bin:/usr/sbin:/usr/bin:/sbin:/bin:/usr/games:/usr/local/games:/usr/local/jdk1.8.0_60/bin:$/home/amr/android-studio/bin
USERNAME=amr
LD_LIBRARY_PATH=android-studio/bin:
SHELL=/bin/bash
DISPLAY=:0

Signal Handlers:
SIGSEGV: [libjvm.so+0xaba070], sa_mask[0]=11111111011111111101111111111110, sa_flags=SA_RESTART|SA_SIGINFO
SIGBUS: [libjvm.so+0xaba070], sa_mask[0]=11111111011111111101111111111110, sa_flags=SA_RESTART|SA_SIGINFO
SIGFPE: [libjvm.so+0x917630], sa_mask[0]=11111111011111111101111111111110, sa_flags=SA_RESTART|SA_SIGINFO
SIGPIPE: [libjvm.so+0x917630], sa_mask[0]=11111111011111111101111111111110, sa_flags=SA_RESTART|SA_SIGINFO
SIGXFSZ: [libjvm.so+0x917630], sa_mask[0]=11111111011111111101111111111110, sa_flags=SA_RESTART|SA_SIGINFO
SIGILL: [libjvm.so+0x917630], sa_mask[0]=11111111011111111101111111111110, sa_flags=SA_RESTART|SA_SIGINFO
SIGUSR1: SIG_DFL, sa_mask[0]=00000000000000000000000000000000, sa_flags=none
SIGUSR2: [libjvm.so+0x918c60], sa_mask[0]=00100000000000000000000000000000, sa_flags=SA_RESTART|SA_SIGINFO
SIGHUP: [libjvm.so+0x91a060], sa_mask[0]=11111111011111111101111111111110, sa_flags=SA_RESTART|SA_SIGINFO
SIGINT: [libjvm.so+0x91a060], sa_mask[0]=11111111011111111101111111111110, sa_flags=SA_RESTART|SA_SIGINFO
SIGTERM: [libjvm.so+0x91a060], sa_mask[0]=11111111011111111101111111111110, sa_flags=SA_RESTART|SA_SIGINFO
SIGQUIT: [libjvm.so+0x91a060], sa_mask[0]=11111111011111111101111111111110, sa_flags=SA_RESTART|SA_SIGINFO


---------------  S Y S T E M  ---------------

OS:DISTRIB_ID=LinuxMint
DISTRIB_RELEASE=17.2
DISTRIB_CODENAME=rafaela
DISTRIB_DESCRIPTION="Linux Mint 17.2 Rafaela"

uname:Linux 3.16.0-38-generic #52~14.04.1-Ubuntu SMP Fri May 8 09:43:57 UTC 2015 x86_64
libc:glibc 2.19 NPTL 2.19 
rlimit: STACK 8192k, CORE 0k, NPROC 14876, NOFILE 4096, AS infinity
load average:22.23 25.52 13.81

/proc/meminfo:
MemTotal:        3839576 kB
MemFree:          112300 kB
MemAvailable:      66940 kB
Buffers:            1204 kB
Cached:           258548 kB
SwapCached:            0 kB
Active:          3333756 kB
Inactive:         234704 kB
Active(anon):    3319528 kB
Inactive(anon):   206152 kB
Active(file):      14228 kB
Inactive(file):    28552 kB
Unevictable:           0 kB
Mlocked:               0 kB
SwapTotal:             0 kB
SwapFree:              0 kB
Dirty:               240 kB
Writeback:             0 kB
AnonPages:       3309120 kB
Mapped:            87840 kB
Shmem:            216588 kB
Slab:              66388 kB
SReclaimable:      35436 kB
SUnreclaim:        30952 kB
KernelStack:       10928 kB
PageTables:        34456 kB
NFS_Unstable:          0 kB
Bounce:                0 kB
WritebackTmp:          0 kB
CommitLimit:     1919788 kB
Committed_AS:    6509924 kB
VmallocTotal:   34359738367 kB
VmallocUsed:      543552 kB
VmallocChunk:   34359186908 kB
HardwareCorrupted:     0 kB
AnonHugePages:   2048000 kB
HugePages_Total:       0
HugePages_Free:        0
HugePages_Rsvd:        0
HugePages_Surp:        0
Hugepagesize:       2048 kB
DirectMap4k:       83008 kB
DirectMap2M:     3901440 kB


CPU:total 4 (2 cores per cpu, 2 threads per core) family 6 model 37 stepping 5, cmov, cx8, fxsr, mmx, sse, sse2, sse3, ssse3, sse4.1, sse4.2, popcnt, ht, tsc, tscinvbit

/proc/cpuinfo:
processor	: 0
vendor_id	: GenuineIntel
cpu family	: 6
model		: 37
model name	: Intel(R) Core(TM) i3 CPU       M 380  @ 2.53GHz
stepping	: 5
microcode	: 0x2
cpu MHz		: 2533.000
cache size	: 3072 KB
physical id	: 0
siblings	: 4
core id		: 0
cpu cores	: 2
apicid		: 0
initial apicid	: 0
fpu		: yes
fpu_exception	: yes
cpuid level	: 11
wp		: yes
flags		: fpu vme de pse tsc msr pae mce cx8 apic sep mtrr pge mca cmov pat pse36 clflush dts acpi mmx fxsr sse sse2 ss ht tm pbe syscall nx rdtscp lm constant_tsc arch_perfmon pebs bts nopl xtopology nonstop_tsc aperfmperf pni dtes64 monitor ds_cpl vmx est tm2 ssse3 cx16 xtpr pdcm pcid sse4_1 sse4_2 popcnt lahf_lm arat dtherm tpr_shadow vnmi flexpriority ept vpid
bogomips	: 5054.73
clflush size	: 64
cache_alignment	: 64
address sizes	: 36 bits physical, 48 bits virtual
power management:

processor	: 1
vendor_id	: GenuineIntel
cpu family	: 6
model		: 37
model name	: Intel(R) Core(TM) i3 CPU       M 380  @ 2.53GHz
stepping	: 5
microcode	: 0x2
cpu MHz		: 2533.000
cache size	: 3072 KB
physical id	: 0
siblings	: 4
core id		: 0
cpu cores	: 2
apicid		: 1
initial apicid	: 1
fpu		: yes
fpu_exception	: yes
cpuid level	: 11
wp		: yes
flags		: fpu vme de pse tsc msr pae mce cx8 apic sep mtrr pge mca cmov pat pse36 clflush dts acpi mmx fxsr sse sse2 ss ht tm pbe syscall nx rdtscp lm constant_tsc arch_perfmon pebs bts nopl xtopology nonstop_tsc aperfmperf pni dtes64 monitor ds_cpl vmx est tm2 ssse3 cx16 xtpr pdcm pcid sse4_1 sse4_2 popcnt lahf_lm arat dtherm tpr_shadow vnmi flexpriority ept vpid
bogomips	: 5054.73
clflush size	: 64
cache_alignment	: 64
address sizes	: 36 bits physical, 48 bits virtual
power management:

processor	: 2
vendor_id	: GenuineIntel
cpu family	: 6
model		: 37
model name	: Intel(R) Core(TM) i3 CPU       M 380  @ 2.53GHz
stepping	: 5
microcode	: 0x2
cpu MHz		: 2533.000
cache size	: 3072 KB
physical id	: 0
siblings	: 4
core id		: 2
cpu cores	: 2
apicid		: 4
initial apicid	: 4
fpu		: yes
fpu_exception	: yes
cpuid level	: 11
wp		: yes
flags		: fpu vme de pse tsc msr pae mce cx8 apic sep mtrr pge mca cmov pat pse36 clflush dts acpi mmx fxsr sse sse2 ss ht tm pbe syscall nx rdtscp lm constant_tsc arch_perfmon pebs bts nopl xtopology nonstop_tsc aperfmperf pni dtes64 monitor ds_cpl vmx est tm2 ssse3 cx16 xtpr pdcm pcid sse4_1 sse4_2 popcnt lahf_lm arat dtherm tpr_shadow vnmi flexpriority ept vpid
bogomips	: 5054.73
clflush size	: 64
cache_alignment	: 64
address sizes	: 36 bits physical, 48 bits virtual
power management:

processor	: 3
vendor_id	: GenuineIntel
cpu family	: 6
model		: 37
model name	: Intel(R) Core(TM) i3 CPU       M 380  @ 2.53GHz
stepping	: 5
microcode	: 0x2
cpu MHz		: 2533.000
cache size	: 3072 KB
physical id	: 0
siblings	: 4
core id		: 2
cpu cores	: 2
apicid		: 5
initial apicid	: 5
fpu		: yes
fpu_exception	: yes
cpuid level	: 11
wp		: yes
flags		: fpu vme de pse tsc msr pae mce cx8 apic sep mtrr pge mca cmov pat pse36 clflush dts acpi mmx fxsr sse sse2 ss ht tm pbe syscall nx rdtscp lm constant_tsc arch_perfmon pebs bts nopl xtopology nonstop_tsc aperfmperf pni dtes64 monitor ds_cpl vmx est tm2 ssse3 cx16 xtpr pdcm pcid sse4_1 sse4_2 popcnt lahf_lm arat dtherm tpr_shadow vnmi flexpriority ept vpid
bogomips	: 5054.73
clflush size	: 64
cache_alignment	: 64
address sizes	: 36 bits physical, 48 bits virtual
power management:



Memory: 4k page, physical 3839576k(112300k free), swap 0k(0k free)

vm_info: Java HotSpot(TM) 64-Bit Server VM (25.60-b23) for linux-amd64 JRE (1.8.0_60-b27), built on Aug  4 2015 12:19:40 by "java_re" with gcc 4.3.0 20080428 (Red Hat 4.3.0-8)

time: Tue Mar 15 20:14:31 2016
elapsed time: 57 seconds (0d 0h 0m 57s)

