#
# There is insufficient memory for the Java Runtime Environment to continue.
# Native memory allocation (mmap) failed to map 71827456 bytes for committing reserved memory.
# Possible reasons:
#   The system is out of physical RAM or swap space
#   In 32 bit mode, the process size limit was hit
# Possible solutions:
#   Reduce memory load on the system
#   Increase physical memory or swap space
#   Check if swap backing store is full
#   Use 64 bit Java on a 64 bit OS
#   Decrease Java heap size (-Xmx/-Xms)
#   Decrease number of Java threads
#   Decrease Java thread stack sizes (-Xss)
#   Set larger code cache with -XX:ReservedCodeCacheSize=
# This output file may be truncated or incomplete.
#
#  Out of Memory Error (os_linux.cpp:2627), pid=9731, tid=140444251612928
#
# JRE version: Java(TM) SE Runtime Environment (8.0_60-b27) (build 1.8.0_60-b27)
# Java VM: Java HotSpot(TM) 64-Bit Server VM (25.60-b23 mixed mode linux-amd64 compressed oops)
# Failed to write core dump. Core dumps have been disabled. To enable core dumping, try "ulimit -c unlimited" before starting Java again
#

---------------  T H R E A D  ---------------

Current thread (0x00007fbbcc077800):  VMThread [stack: 0x00007fbbb9aa6000,0x00007fbbb9ba7000] [id=9742]

Stack: [0x00007fbbb9aa6000,0x00007fbbb9ba7000],  sp=0x00007fbbb9ba4f60,  free space=1019k
Native frames: (J=compiled Java code, j=interpreted, Vv=VM code, C=native code)
V  [libjvm.so+0xab97ea]  VMError::report_and_die()+0x2ba
V  [libjvm.so+0x4f9dab]  report_vm_out_of_memory(char const*, int, unsigned long, VMErrorType, char const*)+0x8b
V  [libjvm.so+0x91a7c3]  os::Linux::commit_memory_impl(char*, unsigned long, bool)+0x103
V  [libjvm.so+0x91ad19]  os::pd_commit_memory(char*, unsigned long, unsigned long, bool)+0x29
V  [libjvm.so+0x91502a]  os::commit_memory(char*, unsigned long, unsigned long, bool)+0x2a
V  [libjvm.so+0x9886d3]  PSVirtualSpace::expand_by(unsigned long)+0x53
V  [libjvm.so+0x989ad8]  PSYoungGen::resize_generation(unsigned long, unsigned long)+0xf8
V  [libjvm.so+0x988c32]  PSYoungGen::resize(unsigned long, unsigned long)+0x22
V  [libjvm.so+0x985f0b]  PSScavenge::invoke_no_policy()+0xf3b
V  [libjvm.so+0x986691]  PSScavenge::invoke()+0x41
V  [libjvm.so+0x93e430]  ParallelScavengeHeap::failed_mem_allocate(unsigned long)+0x70
V  [libjvm.so+0xabb207]  VM_ParallelGCFailedAllocation::doit()+0x97
V  [libjvm.so+0xac2c35]  VM_Operation::evaluate()+0x55
V  [libjvm.so+0xac100a]  VMThread::evaluate_operation(VM_Operation*)+0xba
V  [libjvm.so+0xac138e]  VMThread::loop()+0x1ce
V  [libjvm.so+0xac1800]  VMThread::run()+0x70
V  [libjvm.so+0x91cb88]  java_start(Thread*)+0x108

VM_Operation (0x00007fbbd2238580): ParallelGCFailedAllocation, mode: safepoint, requested by thread 0x00007fbbcc00a000


---------------  P R O C E S S  ---------------

Java Threads: ( => current thread )
  0x00007fbbcc0c3000 JavaThread "Service Thread" daemon [_thread_blocked, id=9751, stack(0x00007fbbb9088000,0x00007fbbb9189000)]
  0x00007fbbcc0be000 JavaThread "C1 CompilerThread2" daemon [_thread_blocked, id=9750, stack(0x00007fbbb9189000,0x00007fbbb928a000)]
  0x00007fbbcc0bc000 JavaThread "C2 CompilerThread1" daemon [_thread_blocked, id=9749, stack(0x00007fbbb928a000,0x00007fbbb938b000)]
  0x00007fbbcc0b9800 JavaThread "C2 CompilerThread0" daemon [_thread_blocked, id=9748, stack(0x00007fbbb938b000,0x00007fbbb948c000)]
  0x00007fbbcc0b8000 JavaThread "Signal Dispatcher" daemon [_thread_blocked, id=9747, stack(0x00007fbbb948c000,0x00007fbbb958d000)]
  0x00007fbbcc07f000 JavaThread "Finalizer" daemon [_thread_blocked, id=9744, stack(0x00007fbbb98a4000,0x00007fbbb99a5000)]
  0x00007fbbcc07d000 JavaThread "Reference Handler" daemon [_thread_blocked, id=9743, stack(0x00007fbbb99a5000,0x00007fbbb9aa6000)]
  0x00007fbbcc00a000 JavaThread "main" [_thread_blocked, id=9733, stack(0x00007fbbd2139000,0x00007fbbd223a000)]

Other Threads:
=>0x00007fbbcc077800 VMThread [stack: 0x00007fbbb9aa6000,0x00007fbbb9ba7000] [id=9742]
  0x00007fbbcc0c6000 WatcherThread [stack: 0x00007fbbb8f87000,0x00007fbbb9088000] [id=9752]

VM state:at safepoint (normal execution)

VM Mutex/Monitor currently owned by a thread:  ([mutex/lock_event])
[0x00007fbbcc006490] Threads_lock - owner thread: 0x00007fbbcc077800
[0x00007fbbcc006990] Heap_lock - owner thread: 0x00007fbbcc00a000

Heap:
 PSYoungGen      total 136192K, used 19949K [0x00000000eab00000, 0x00000000f4a00000, 0x0000000100000000)
  eden space 114176K, 0% used [0x00000000eab00000,0x00000000eab00000,0x00000000f1a80000)
  from space 22016K, 90% used [0x00000000f1a80000,0x00000000f2dfb400,0x00000000f3000000)
  to   space 17408K, 0% used [0x00000000f3000000,0x00000000f3000000,0x00000000f4100000)
 ParOldGen       total 40960K, used 26971K [0x00000000c0000000, 0x00000000c2800000, 0x00000000eab00000)
  object space 40960K, 65% used [0x00000000c0000000,0x00000000c1a56f10,0x00000000c2800000)
 Metaspace       used 7269K, capacity 7800K, committed 7936K, reserved 1056768K
  class space    used 669K, capacity 688K, committed 768K, reserved 1048576K

Card table byte_map: [0x00007fbbbbbad000,0x00007fbbbbdae000] byte_map_base: 0x00007fbbbb5ad000

Marking Bits: (ParMarkBitMap*) 0x00007fbbd1619de0
 Begin Bits: [0x00007fbba97a9000, 0x00007fbbaa7a9000)
 End Bits:   [0x00007fbbaa7a9000, 0x00007fbbab7a9000)

Polling page: 0x00007fbbd2261000

CodeCache: size=245760Kb used=9843Kb max_used=9843Kb free=235916Kb
 bounds [0x00007fbbbc16e000, 0x00007fbbbcb1e000, 0x00007fbbcb16e000]
 total_blobs=2784 nmethods=2502 adapters=196
 compilation: enabled

Compilation events (10 events):
Event: 223.673 Thread 0x00007fbbcc0be000 3784       3       java.util.zip.ZipEntry::<init> (146 bytes)
Event: 223.675 Thread 0x00007fbbcc0be000 nmethod 3784 0x00007fbbbc2814d0 code [0x00007fbbbc281660, 0x00007fbbbc281a88]
Event: 223.676 Thread 0x00007fbbcc0be000 3785   !   3       sun.misc.URLClassPath$JarLoader::checkResource (55 bytes)
Event: 223.678 Thread 0x00007fbbcc0be000 nmethod 3785 0x00007fbbbc328490 code [0x00007fbbbc328660, 0x00007fbbbc328ca8]
Event: 223.680 Thread 0x00007fbbcc0be000 3786       3       java.lang.Package::isSealed (13 bytes)
Event: 223.681 Thread 0x00007fbbcc0be000 nmethod 3786 0x00007fbbbc2edf50 code [0x00007fbbbc2ee0c0, 0x00007fbbbc2ee270]
Event: 223.683 Thread 0x00007fbbcc0be000 3787       3       java.net.URLClassLoader::isSealed (72 bytes)
Event: 223.685 Thread 0x00007fbbcc0be000 nmethod 3787 0x00007fbbbcb12650 code [0x00007fbbbcb12880, 0x00007fbbbcb13458]
Event: 223.688 Thread 0x00007fbbcc0be000 3788       3       java.lang.ClassLoader::compareCerts (149 bytes)
Event: 223.691 Thread 0x00007fbbcc0be000 nmethod 3788 0x00007fbbbcb13990 code [0x00007fbbbcb13b80, 0x00007fbbbcb14438]

GC Heap History (10 events):
Event: 19.361 GC heap after
Heap after GC invocations=4 (full 0):
 PSYoungGen      total 33280K, used 2528K [0x00000000eab00000, 0x00000000ece00000, 0x0000000100000000)
  eden space 30720K, 0% used [0x00000000eab00000,0x00000000eab00000,0x00000000ec900000)
  from space 2560K, 98% used [0x00000000ecb80000,0x00000000ecdf8030,0x00000000ece00000)
  to   space 2560K, 0% used [0x00000000ec900000,0x00000000ec900000,0x00000000ecb80000)
 ParOldGen       total 40960K, used 6277K [0x00000000c0000000, 0x00000000c2800000, 0x00000000eab00000)
  object space 40960K, 15% used [0x00000000c0000000,0x00000000c06217e0,0x00000000c2800000)
 Metaspace       used 5725K, capacity 6768K, committed 7040K, reserved 1056768K
  class space    used 585K, capacity 616K, committed 640K, reserved 1048576K
}
Event: 22.853 GC heap before
{Heap before GC invocations=5 (full 0):
 PSYoungGen      total 33280K, used 33248K [0x00000000eab00000, 0x00000000ece00000, 0x0000000100000000)
  eden space 30720K, 100% used [0x00000000eab00000,0x00000000ec900000,0x00000000ec900000)
  from space 2560K, 98% used [0x00000000ecb80000,0x00000000ecdf8030,0x00000000ece00000)
  to   space 2560K, 0% used [0x00000000ec900000,0x00000000ec900000,0x00000000ecb80000)
 ParOldGen       total 40960K, used 6277K [0x00000000c0000000, 0x00000000c2800000, 0x00000000eab00000)
  object space 40960K, 15% used [0x00000000c0000000,0x00000000c06217e0,0x00000000c2800000)
 Metaspace       used 5798K, capacity 6832K, committed 7040K, reserved 1056768K
  class space    used 590K, capacity 616K, committed 640K, reserved 1048576K
Event: 23.097 GC heap after
Heap after GC invocations=5 (full 0):
 PSYoungGen      total 33280K, used 2547K [0x00000000eab00000, 0x00000000ef800000, 0x0000000100000000)
  eden space 30720K, 0% used [0x00000000eab00000,0x00000000eab00000,0x00000000ec900000)
  from space 2560K, 99% used [0x00000000ec900000,0x00000000ecb7cf88,0x00000000ecb80000)
  to   space 8704K, 0% used [0x00000000eef80000,0x00000000eef80000,0x00000000ef800000)
 ParOldGen       total 40960K, used 11236K [0x00000000c0000000, 0x00000000c2800000, 0x00000000eab00000)
  object space 40960K, 27% used [0x00000000c0000000,0x00000000c0af9138,0x00000000c2800000)
 Metaspace       used 5798K, capacity 6832K, committed 7040K, reserved 1056768K
  class space    used 590K, capacity 616K, committed 640K, reserved 1048576K
}
Event: 26.949 GC heap before
{Heap before GC invocations=6 (full 0):
 PSYoungGen      total 33280K, used 33267K [0x00000000eab00000, 0x00000000ef800000, 0x0000000100000000)
  eden space 30720K, 100% used [0x00000000eab00000,0x00000000ec900000,0x00000000ec900000)
  from space 2560K, 99% used [0x00000000ec900000,0x00000000ecb7cf88,0x00000000ecb80000)
  to   space 8704K, 0% used [0x00000000eef80000,0x00000000eef80000,0x00000000ef800000)
 ParOldGen       total 40960K, used 11236K [0x00000000c0000000, 0x00000000c2800000, 0x00000000eab00000)
  object space 40960K, 27% used [0x00000000c0000000,0x00000000c0af9138,0x00000000c2800000)
 Metaspace       used 5840K, capacity 6832K, committed 7040K, reserved 1056768K
  class space    used 590K, capacity 616K, committed 640K, reserved 1048576K
Event: 27.416 GC heap after
Heap after GC invocations=6 (full 0):
 PSYoungGen      total 68096K, used 8609K [0x00000000eab00000, 0x00000000efc00000, 0x0000000100000000)
  eden space 59392K, 0% used [0x00000000eab00000,0x00000000eab00000,0x00000000ee500000)
  from space 8704K, 98% used [0x00000000eef80000,0x00000000ef7e8650,0x00000000ef800000)
  to   space 10752K, 0% used [0x00000000ee500000,0x00000000ee500000,0x00000000eef80000)
 ParOldGen       total 40960K, used 11236K [0x00000000c0000000, 0x00000000c2800000, 0x00000000eab00000)
  object space 40960K, 27% used [0x00000000c0000000,0x00000000c0af9138,0x00000000c2800000)
 Metaspace       used 5840K, capacity 6832K, committed 7040K, reserved 1056768K
  class space    used 590K, capacity 616K, committed 640K, reserved 1048576K
}
Event: 179.526 GC heap before
{Heap before GC invocations=7 (full 0):
 PSYoungGen      total 68096K, used 68001K [0x00000000eab00000, 0x00000000efc00000, 0x0000000100000000)
  eden space 59392K, 100% used [0x00000000eab00000,0x00000000ee500000,0x00000000ee500000)
  from space 8704K, 98% used [0x00000000eef80000,0x00000000ef7e8650,0x00000000ef800000)
  to   space 10752K, 0% used [0x00000000ee500000,0x00000000ee500000,0x00000000eef80000)
 ParOldGen       total 40960K, used 11236K [0x00000000c0000000, 0x00000000c2800000, 0x00000000eab00000)
  object space 40960K, 27% used [0x00000000c0000000,0x00000000c0af9138,0x00000000c2800000)
 Metaspace       used 5883K, capacity 6896K, committed 7040K, reserved 1056768K
  class space    used 592K, capacity 616K, committed 640K, reserved 1048576K
Event: 179.711 GC heap after
Heap after GC invocations=7 (full 0):
 PSYoungGen      total 70144K, used 10737K [0x00000000eab00000, 0x00000000f4100000, 0x0000000100000000)
  eden space 59392K, 0% used [0x00000000eab00000,0x00000000eab00000,0x00000000ee500000)
  from space 10752K, 99% used [0x00000000ee500000,0x00000000eef7c4b8,0x00000000eef80000)
  to   space 17408K, 0% used [0x00000000f3000000,0x00000000f3000000,0x00000000f4100000)
 ParOldGen       total 40960K, used 21158K [0x00000000c0000000, 0x00000000c2800000, 0x00000000eab00000)
  object space 40960K, 51% used [0x00000000c0000000,0x00000000c14a9a20,0x00000000c2800000)
 Metaspace       used 5883K, capacity 6896K, committed 7040K, reserved 1056768K
  class space    used 592K, capacity 616K, committed 640K, reserved 1048576K
}
Event: 182.721 GC heap before
{Heap before GC invocations=8 (full 0):
 PSYoungGen      total 70144K, used 70129K [0x00000000eab00000, 0x00000000f4100000, 0x0000000100000000)
  eden space 59392K, 100% used [0x00000000eab00000,0x00000000ee500000,0x00000000ee500000)
  from space 10752K, 99% used [0x00000000ee500000,0x00000000eef7c4b8,0x00000000eef80000)
  to   space 17408K, 0% used [0x00000000f3000000,0x00000000f3000000,0x00000000f4100000)
 ParOldGen       total 40960K, used 21158K [0x00000000c0000000, 0x00000000c2800000, 0x00000000eab00000)
  object space 40960K, 51% used [0x00000000c0000000,0x00000000c14a9a20,0x00000000c2800000)
 Metaspace       used 6117K, capacity 7088K, committed 7296K, reserved 1056768K
  class space    used 592K, capacity 616K, committed 640K, reserved 1048576K
Event: 182.943 GC heap after
Heap after GC invocations=8 (full 0):
 PSYoungGen      total 131584K, used 17387K [0x00000000eab00000, 0x00000000f4a00000, 0x0000000100000000)
  eden space 114176K, 0% used [0x00000000eab00000,0x00000000eab00000,0x00000000f1a80000)
  from space 17408K, 99% used [0x00000000f3000000,0x00000000f40fad80,0x00000000f4100000)
  to   space 22016K, 0% used [0x00000000f1a80000,0x00000000f1a80000,0x00000000f3000000)
 ParOldGen       total 40960K, used 24108K [0x00000000c0000000, 0x00000000c2800000, 0x00000000eab00000)
  object space 40960K, 58% used [0x00000000c0000000,0x00000000c178b278,0x00000000c2800000)
 Metaspace       used 6117K, capacity 7088K, committed 7296K, reserved 1056768K
  class space    used 592K, capacity 616K, committed 640K, reserved 1048576K
}
Event: 223.708 GC heap before
{Heap before GC invocations=9 (full 0):
 PSYoungGen      total 131584K, used 131563K [0x00000000eab00000, 0x00000000f4a00000, 0x0000000100000000)
  eden space 114176K, 100% used [0x00000000eab00000,0x00000000f1a80000,0x00000000f1a80000)
  from space 17408K, 99% used [0x00000000f3000000,0x00000000f40fad80,0x00000000f4100000)
  to   space 22016K, 0% used [0x00000000f1a80000,0x00000000f1a80000,0x00000000f3000000)
 ParOldGen       total 40960K, used 24108K [0x00000000c0000000, 0x00000000c2800000, 0x00000000eab00000)
  object space 40960K, 58% used [0x00000000c0000000,0x00000000c178b278,0x00000000c2800000)
 Metaspace       used 7269K, capacity 7800K, committed 7936K, reserved 1056768K
  class space    used 669K, capacity 688K, committed 768K, reserved 1048576K

Deoptimization events (10 events):
Event: 221.712 Thread 0x00007fbbcc00a000 Uncommon trap: reason=unstable_if action=reinterpret pc=0x00007fbbbca5e3bc method=com.android.dx.util.ByteArrayAnnotatedOutput.writeUleb128(I)I @ 4
Event: 221.712 Thread 0x00007fbbcc00a000 Uncommon trap: reason=unstable_if action=reinterpret pc=0x00007fbbbca31a38 method=com.android.dx.util.ByteArrayAnnotatedOutput.writeByte(I)V @ 13
Event: 222.362 Thread 0x00007fbbcc00a000 Uncommon trap: reason=unstable_if action=reinterpret pc=0x00007fbbbca12128 method=java.lang.String.indexOf([CII[CIII)I @ 3
Event: 222.362 Thread 0x00007fbbcc00a000 Uncommon trap: reason=unstable_if action=reinterpret pc=0x00007fbbbc4244e0 method=java.util.Arrays.copyOf([Ljava/lang/Object;ILjava/lang/Class;)[Ljava/lang/Object; @ 3
Event: 222.675 Thread 0x00007fbbcc00a000 Uncommon trap: reason=unstable_if action=reinterpret pc=0x00007fbbbc2ddc40 method=java.lang.String.replace(CC)Ljava/lang/String; @ 2
Event: 222.884 Thread 0x00007fbbcc00a000 Uncommon trap: reason=speculate_class_check action=maybe_recompile pc=0x00007fbbbc905628 method=java.util.HashMap.putVal(ILjava/lang/Object;Ljava/lang/Object;ZZ)Ljava/lang/Object; @ 56
Event: 222.884 Thread 0x00007fbbcc00a000 Uncommon trap: reason=speculate_class_check action=maybe_recompile pc=0x00007fbbbc905628 method=java.util.HashMap.putVal(ILjava/lang/Object;Ljava/lang/Object;ZZ)Ljava/lang/Object; @ 56
Event: 222.885 Thread 0x00007fbbcc00a000 Uncommon trap: reason=speculate_class_check action=maybe_recompile pc=0x00007fbbbc905628 method=java.util.HashMap.putVal(ILjava/lang/Object;Ljava/lang/Object;ZZ)Ljava/lang/Object; @ 56
Event: 222.886 Thread 0x00007fbbcc00a000 Uncommon trap: reason=speculate_class_check action=maybe_recompile pc=0x00007fbbbc9056a8 method=java.util.HashMap.putVal(ILjava/lang/Object;Ljava/lang/Object;ZZ)Ljava/lang/Object; @ 152
Event: 222.886 Thread 0x00007fbbcc00a000 Uncommon trap: reason=speculate_class_check action=maybe_recompile pc=0x00007fbbbc9056a8 method=java.util.HashMap.putVal(ILjava/lang/Object;Ljava/lang/Object;ZZ)Ljava/lang/Object; @ 152

Internal exceptions (5 events):
Event: 0.654 Thread 0x00007fbbcc00a000 Exception <a 'java/lang/NoSuchMethodError': Method sun.misc.Unsafe.defineClass(Ljava/lang/String;[BII)Ljava/lang/Class; name or signature does not match> (0x00000000eab12b98) thrown at [/HUDSON/workspace/8-2-build-linux-amd64/jdk8u60/4407/hotspot/src/shar
Event: 0.654 Thread 0x00007fbbcc00a000 Exception <a 'java/lang/NoSuchMethodError': Method sun.misc.Unsafe.prefetchRead(Ljava/lang/Object;J)V name or signature does not match> (0x00000000eab12e80) thrown at [/HUDSON/workspace/8-2-build-linux-amd64/jdk8u60/4407/hotspot/src/share/vm/prims/jni.cpp
Event: 16.308 Thread 0x00007fbbcc147800 Implicit null exception at 0x00007fbbbc365622 to 0x00007fbbbc365713
Event: 28.342 Thread 0x00007fbbcc00a000 Implicit null exception at 0x00007fbbbc3e54f1 to 0x00007fbbbc3e6dd9
Event: 220.140 Thread 0x00007fbbcc00a000 Implicit null exception at 0x00007fbbbc991e84 to 0x00007fbbbc99289d

Events (10 events):
Event: 223.667 loading class com/android/dx/merge/InstructionTransformer$GenericVisitor done
Event: 223.668 loading class com/android/dx/merge/InstructionTransformer$StringVisitor
Event: 223.668 loading class com/android/dx/merge/InstructionTransformer$StringVisitor done
Event: 223.669 loading class com/android/dx/merge/InstructionTransformer$TypeVisitor
Event: 223.669 loading class com/android/dx/merge/InstructionTransformer$TypeVisitor done
Event: 223.670 loading class com/android/dx/merge/InstructionTransformer$FieldVisitor
Event: 223.670 loading class com/android/dx/merge/InstructionTransformer$FieldVisitor done
Event: 223.680 loading class com/android/dx/merge/InstructionTransformer$MethodVisitor
Event: 223.680 loading class com/android/dx/merge/InstructionTransformer$MethodVisitor done
Event: 223.708 Executing VM operation: ParallelGCFailedAllocation


Dynamic libraries:
00400000-00401000 r-xp 00000000 08:02 4071875                            /usr/local/jdk1.8.0_60/bin/java
00600000-00601000 rw-p 00000000 08:02 4071875                            /usr/local/jdk1.8.0_60/bin/java
00dcc000-00ded000 rw-p 00000000 00:00 0                                  [heap]
c0000000-c2800000 rw-p 00000000 00:00 0 
c2800000-eab00000 ---p 00000000 00:00 0 
eab00000-f4a00000 rw-p 00000000 00:00 0 
f8e80000-100000000 ---p 00000000 00:00 0 
100000000-1000c0000 rw-p 00000000 00:00 0 
1000c0000-140000000 ---p 00000000 00:00 0 
7fbb64000000-7fbb6402a000 rw-p 00000000 00:00 0 
7fbb6402a000-7fbb68000000 ---p 00000000 00:00 0 
7fbb6c000000-7fbb6c022000 rw-p 00000000 00:00 0 
7fbb6c022000-7fbb70000000 ---p 00000000 00:00 0 
7fbb70000000-7fbb70037000 rw-p 00000000 00:00 0 
7fbb70037000-7fbb74000000 ---p 00000000 00:00 0 
7fbb74000000-7fbb74040000 rw-p 00000000 00:00 0 
7fbb74040000-7fbb78000000 ---p 00000000 00:00 0 
7fbb78000000-7fbb7828d000 rw-p 00000000 00:00 0 
7fbb7828d000-7fbb7c000000 ---p 00000000 00:00 0 
7fbb7c000000-7fbb7c021000 rw-p 00000000 00:00 0 
7fbb7c021000-7fbb80000000 ---p 00000000 00:00 0 
7fbb80000000-7fbb80021000 rw-p 00000000 00:00 0 
7fbb80021000-7fbb84000000 ---p 00000000 00:00 0 
7fbb84000000-7fbb84ff8000 rw-p 00000000 00:00 0 
7fbb84ff8000-7fbb88000000 ---p 00000000 00:00 0 
7fbb88000000-7fbb885eb000 rw-p 00000000 00:00 0 
7fbb885eb000-7fbb8c000000 ---p 00000000 00:00 0 
7fbb8c000000-7fbb8c021000 rw-p 00000000 00:00 0 
7fbb8c021000-7fbb90000000 ---p 00000000 00:00 0 
7fbb90000000-7fbb90fb0000 rw-p 00000000 00:00 0 
7fbb90fb0000-7fbb94000000 ---p 00000000 00:00 0 
7fbb94000000-7fbb94021000 rw-p 00000000 00:00 0 
7fbb94021000-7fbb98000000 ---p 00000000 00:00 0 
7fbb98000000-7fbb98021000 rw-p 00000000 00:00 0 
7fbb98021000-7fbb9c000000 ---p 00000000 00:00 0 
7fbb9c000000-7fbb9c021000 rw-p 00000000 00:00 0 
7fbb9c021000-7fbba0000000 ---p 00000000 00:00 0 
7fbba0000000-7fbba028c000 rw-p 00000000 00:00 0 
7fbba028c000-7fbba4000000 ---p 00000000 00:00 0 
7fbba4000000-7fbba4021000 rw-p 00000000 00:00 0 
7fbba4021000-7fbba8000000 ---p 00000000 00:00 0 
7fbba97a9000-7fbbab7a9000 rw-p 00000000 00:00 0 
7fbbac000000-7fbbac021000 rw-p 00000000 00:00 0 
7fbbac021000-7fbbb0000000 ---p 00000000 00:00 0 
7fbbb4000000-7fbbb4021000 rw-p 00000000 00:00 0 
7fbbb4021000-7fbbb8000000 ---p 00000000 00:00 0 
7fbbb8a5c000-7fbbb8a5f000 ---p 00000000 00:00 0 
7fbbb8a5f000-7fbbb8b5d000 rw-p 00000000 00:00 0 
7fbbb8b5d000-7fbbb8b60000 ---p 00000000 00:00 0 
7fbbb8b60000-7fbbb8c5e000 rw-p 00000000 00:00 0 
7fbbb8c5e000-7fbbb8c61000 ---p 00000000 00:00 0 
7fbbb8c61000-7fbbb8d5f000 rw-p 00000000 00:00 0 
7fbbb8d5f000-7fbbb8d62000 ---p 00000000 00:00 0 
7fbbb8d62000-7fbbb8e60000 rw-p 00000000 00:00 0 
7fbbb8e60000-7fbbb8e63000 ---p 00000000 00:00 0 
7fbbb8e63000-7fbbb8f61000 rw-p 00000000 00:00 0 
7fbbb8f78000-7fbbb8f87000 r--s 000df000 08:02 1049192                    /home/amr/android-sdk-linux/build-tools/23.0.2/lib/dx.jar
7fbbb8f87000-7fbbb8f88000 ---p 00000000 00:00 0 
7fbbb8f88000-7fbbb9088000 rw-p 00000000 00:00 0                          [stack:9752]
7fbbb9088000-7fbbb908b000 ---p 00000000 00:00 0 
7fbbb908b000-7fbbb9189000 rw-p 00000000 00:00 0                          [stack:9751]
7fbbb9189000-7fbbb918c000 ---p 00000000 00:00 0 
7fbbb918c000-7fbbb928a000 rw-p 00000000 00:00 0                          [stack:9750]
7fbbb928a000-7fbbb928d000 ---p 00000000 00:00 0 
7fbbb928d000-7fbbb938b000 rw-p 00000000 00:00 0                          [stack:9749]
7fbbb938b000-7fbbb938e000 ---p 00000000 00:00 0 
7fbbb938e000-7fbbb948c000 rw-p 00000000 00:00 0                          [stack:9748]
7fbbb948c000-7fbbb948f000 ---p 00000000 00:00 0 
7fbbb948f000-7fbbb958d000 rw-p 00000000 00:00 0                          [stack:9747]
7fbbb958d000-7fbbb98a4000 r--p 00000000 08:02 3939108                    /usr/lib/locale/locale-archive
7fbbb98a4000-7fbbb98a7000 ---p 00000000 00:00 0 
7fbbb98a7000-7fbbb99a5000 rw-p 00000000 00:00 0                          [stack:9744]
7fbbb99a5000-7fbbb99a8000 ---p 00000000 00:00 0 
7fbbb99a8000-7fbbb9aa6000 rw-p 00000000 00:00 0                          [stack:9743]
7fbbb9aa6000-7fbbb9aa7000 ---p 00000000 00:00 0 
7fbbb9aa7000-7fbbbab5b000 rw-p 00000000 00:00 0                          [stack:9742]
7fbbbab5b000-7fbbbad33000 r--s 03d17000 08:02 4598728                    /usr/local/jdk1.8.0_60/jre/lib/rt.jar
7fbbbad33000-7fbbbb4a9000 rw-p 00000000 00:00 0 
7fbbbb4a9000-7fbbbb5a9000 ---p 00000000 00:00 0 
7fbbbb5a9000-7fbbbb7a9000 rw-p 00000000 00:00 0 
7fbbbb7a9000-7fbbbb7aa000 ---p 00000000 00:00 0 
7fbbbb7aa000-7fbbbb8aa000 rw-p 00000000 00:00 0                          [stack:9740]
7fbbbb8aa000-7fbbbb8ab000 ---p 00000000 00:00 0 
7fbbbb8ab000-7fbbbb9ab000 rw-p 00000000 00:00 0                          [stack:9739]
7fbbbb9ab000-7fbbbb9ac000 ---p 00000000 00:00 0 
7fbbbb9ac000-7fbbbbaac000 rw-p 00000000 00:00 0                          [stack:9738]
7fbbbbaac000-7fbbbbaad000 ---p 00000000 00:00 0 
7fbbbbaad000-7fbbbbbc1000 rw-p 00000000 00:00 0                          [stack:9736]
7fbbbbbc1000-7fbbbbd02000 ---p 00000000 00:00 0 
7fbbbbd02000-7fbbbbd52000 rw-p 00000000 00:00 0 
7fbbbbd52000-7fbbbbdad000 ---p 00000000 00:00 0 
7fbbbbdad000-7fbbbbdd5000 rw-p 00000000 00:00 0 
7fbbbbdd5000-7fbbbc16e000 ---p 00000000 00:00 0 
7fbbbc16e000-7fbbbcb1e000 rwxp 00000000 00:00 0 
7fbbbcb1e000-7fbbcb16e000 ---p 00000000 00:00 0 
7fbbcb16e000-7fbbcb188000 r-xp 00000000 08:02 4727989                    /usr/local/jdk1.8.0_60/jre/lib/amd64/libzip.so
7fbbcb188000-7fbbcb388000 ---p 0001a000 08:02 4727989                    /usr/local/jdk1.8.0_60/jre/lib/amd64/libzip.so
7fbbcb388000-7fbbcb389000 rw-p 0001a000 08:02 4727989                    /usr/local/jdk1.8.0_60/jre/lib/amd64/libzip.so
7fbbcb389000-7fbbcb394000 r-xp 00000000 08:02 4329768                    /lib/x86_64-linux-gnu/libnss_files-2.19.so
7fbbcb394000-7fbbcb593000 ---p 0000b000 08:02 4329768                    /lib/x86_64-linux-gnu/libnss_files-2.19.so
7fbbcb593000-7fbbcb594000 r--p 0000a000 08:02 4329768                    /lib/x86_64-linux-gnu/libnss_files-2.19.so
7fbbcb594000-7fbbcb595000 rw-p 0000b000 08:02 4329768                    /lib/x86_64-linux-gnu/libnss_files-2.19.so
7fbbcb595000-7fbbcb5a0000 r-xp 00000000 08:02 4329778                    /lib/x86_64-linux-gnu/libnss_nis-2.19.so
7fbbcb5a0000-7fbbcb79f000 ---p 0000b000 08:02 4329778                    /lib/x86_64-linux-gnu/libnss_nis-2.19.so
7fbbcb79f000-7fbbcb7a0000 r--p 0000a000 08:02 4329778                    /lib/x86_64-linux-gnu/libnss_nis-2.19.so
7fbbcb7a0000-7fbbcb7a1000 rw-p 0000b000 08:02 4329778                    /lib/x86_64-linux-gnu/libnss_nis-2.19.so
7fbbcb7a1000-7fbbcb7b8000 r-xp 00000000 08:02 4329762                    /lib/x86_64-linux-gnu/libnsl-2.19.so
7fbbcb7b8000-7fbbcb9b7000 ---p 00017000 08:02 4329762                    /lib/x86_64-linux-gnu/libnsl-2.19.so
7fbbcb9b7000-7fbbcb9b8000 r--p 00016000 08:02 4329762                    /lib/x86_64-linux-gnu/libnsl-2.19.so
7fbbcb9b8000-7fbbcb9b9000 rw-p 00017000 08:02 4329762                    /lib/x86_64-linux-gnu/libnsl-2.19.so
7fbbcb9b9000-7fbbcb9bb000 rw-p 00000000 00:00 0 
7fbbcb9bb000-7fbbcb9c4000 r-xp 00000000 08:02 4329764                    /lib/x86_64-linux-gnu/libnss_compat-2.19.so
7fbbcb9c4000-7fbbcbbc3000 ---p 00009000 08:02 4329764                    /lib/x86_64-linux-gnu/libnss_compat-2.19.so
7fbbcbbc3000-7fbbcbbc4000 r--p 00008000 08:02 4329764                    /lib/x86_64-linux-gnu/libnss_compat-2.19.so
7fbbcbbc4000-7fbbcbbc5000 rw-p 00009000 08:02 4329764                    /lib/x86_64-linux-gnu/libnss_compat-2.19.so
7fbbcbbc5000-7fbbcbbef000 r-xp 00000000 08:02 4727966                    /usr/local/jdk1.8.0_60/jre/lib/amd64/libjava.so
7fbbcbbef000-7fbbcbdef000 ---p 0002a000 08:02 4727966                    /usr/local/jdk1.8.0_60/jre/lib/amd64/libjava.so
7fbbcbdef000-7fbbcbdf1000 rw-p 0002a000 08:02 4727966                    /usr/local/jdk1.8.0_60/jre/lib/amd64/libjava.so
7fbbcbdf1000-7fbbcbdfe000 r-xp 00000000 08:02 4727936                    /usr/local/jdk1.8.0_60/jre/lib/amd64/libverify.so
7fbbcbdfe000-7fbbcbffe000 ---p 0000d000 08:02 4727936                    /usr/local/jdk1.8.0_60/jre/lib/amd64/libverify.so
7fbbcbffe000-7fbbcc000000 rw-p 0000d000 08:02 4727936                    /usr/local/jdk1.8.0_60/jre/lib/amd64/libverify.so
7fbbcc000000-7fbbcc38c000 rw-p 00000000 00:00 0 
7fbbcc38c000-7fbbd0000000 ---p 00000000 00:00 0 
7fbbd0007000-7fbbd001b000 rw-p 00000000 00:00 0 
7fbbd001b000-7fbbd015d000 ---p 00000000 00:00 0 
7fbbd015d000-7fbbd0164000 r-xp 00000000 08:02 4329821                    /lib/x86_64-linux-gnu/librt-2.19.so
7fbbd0164000-7fbbd0363000 ---p 00007000 08:02 4329821                    /lib/x86_64-linux-gnu/librt-2.19.so
7fbbd0363000-7fbbd0364000 r--p 00006000 08:02 4329821                    /lib/x86_64-linux-gnu/librt-2.19.so
7fbbd0364000-7fbbd0365000 rw-p 00007000 08:02 4329821                    /lib/x86_64-linux-gnu/librt-2.19.so
7fbbd0365000-7fbbd046a000 r-xp 00000000 08:02 4329743                    /lib/x86_64-linux-gnu/libm-2.19.so
7fbbd046a000-7fbbd0669000 ---p 00105000 08:02 4329743                    /lib/x86_64-linux-gnu/libm-2.19.so
7fbbd0669000-7fbbd066a000 r--p 00104000 08:02 4329743                    /lib/x86_64-linux-gnu/libm-2.19.so
7fbbd066a000-7fbbd066b000 rw-p 00105000 08:02 4329743                    /lib/x86_64-linux-gnu/libm-2.19.so
7fbbd066b000-7fbbd1329000 r-xp 00000000 08:02 4727868                    /usr/local/jdk1.8.0_60/jre/lib/amd64/server/libjvm.so
7fbbd1329000-7fbbd1528000 ---p 00cbe000 08:02 4727868                    /usr/local/jdk1.8.0_60/jre/lib/amd64/server/libjvm.so
7fbbd1528000-7fbbd1600000 rw-p 00cbd000 08:02 4727868                    /usr/local/jdk1.8.0_60/jre/lib/amd64/server/libjvm.so
7fbbd1600000-7fbbd1645000 rw-p 00000000 00:00 0 
7fbbd1645000-7fbbd1800000 r-xp 00000000 08:02 4329692                    /lib/x86_64-linux-gnu/libc-2.19.so
7fbbd1800000-7fbbd19ff000 ---p 001bb000 08:02 4329692                    /lib/x86_64-linux-gnu/libc-2.19.so
7fbbd19ff000-7fbbd1a03000 r--p 001ba000 08:02 4329692                    /lib/x86_64-linux-gnu/libc-2.19.so
7fbbd1a03000-7fbbd1a05000 rw-p 001be000 08:02 4329692                    /lib/x86_64-linux-gnu/libc-2.19.so
7fbbd1a05000-7fbbd1a0a000 rw-p 00000000 00:00 0 
7fbbd1a0a000-7fbbd1a0d000 r-xp 00000000 08:02 4329709                    /lib/x86_64-linux-gnu/libdl-2.19.so
7fbbd1a0d000-7fbbd1c0c000 ---p 00003000 08:02 4329709                    /lib/x86_64-linux-gnu/libdl-2.19.so
7fbbd1c0c000-7fbbd1c0d000 r--p 00002000 08:02 4329709                    /lib/x86_64-linux-gnu/libdl-2.19.so
7fbbd1c0d000-7fbbd1c0e000 rw-p 00003000 08:02 4329709                    /lib/x86_64-linux-gnu/libdl-2.19.so
7fbbd1c0e000-7fbbd1c23000 r-xp 00000000 08:02 4850898                    /usr/local/jdk1.8.0_60/lib/amd64/jli/libjli.so
7fbbd1c23000-7fbbd1e23000 ---p 00015000 08:02 4850898                    /usr/local/jdk1.8.0_60/lib/amd64/jli/libjli.so
7fbbd1e23000-7fbbd1e24000 rw-p 00015000 08:02 4850898                    /usr/local/jdk1.8.0_60/lib/amd64/jli/libjli.so
7fbbd1e24000-7fbbd1e3d000 r-xp 00000000 08:02 4329813                    /lib/x86_64-linux-gnu/libpthread-2.19.so
7fbbd1e3d000-7fbbd203c000 ---p 00019000 08:02 4329813                    /lib/x86_64-linux-gnu/libpthread-2.19.so
7fbbd203c000-7fbbd203d000 r--p 00018000 08:02 4329813                    /lib/x86_64-linux-gnu/libpthread-2.19.so
7fbbd203d000-7fbbd203e000 rw-p 00019000 08:02 4329813                    /lib/x86_64-linux-gnu/libpthread-2.19.so
7fbbd203e000-7fbbd2042000 rw-p 00000000 00:00 0 
7fbbd2042000-7fbbd2065000 r-xp 00000000 08:02 4329666                    /lib/x86_64-linux-gnu/ld-2.19.so
7fbbd2067000-7fbbd2139000 rw-p 00000000 00:00 0 
7fbbd2139000-7fbbd213c000 ---p 00000000 00:00 0 
7fbbd213c000-7fbbd223e000 rw-p 00000000 00:00 0                          [stack:9733]
7fbbd223f000-7fbbd2240000 rw-p 00000000 00:00 0 
7fbbd2240000-7fbbd2244000 r--s 00095000 08:02 4598721                    /usr/local/jdk1.8.0_60/jre/lib/jsse.jar
7fbbd2244000-7fbbd2258000 rw-p 00000000 00:00 0 
7fbbd2258000-7fbbd2260000 rw-s 00000000 08:02 4205948                    /tmp/hsperfdata_amr/9731
7fbbd2260000-7fbbd2261000 rw-p 00000000 00:00 0 
7fbbd2261000-7fbbd2262000 ---p 00000000 00:00 0 
7fbbd2262000-7fbbd2264000 rw-p 00000000 00:00 0 
7fbbd2264000-7fbbd2265000 r--p 00022000 08:02 4329666                    /lib/x86_64-linux-gnu/ld-2.19.so
7fbbd2265000-7fbbd2266000 rw-p 00023000 08:02 4329666                    /lib/x86_64-linux-gnu/ld-2.19.so
7fbbd2266000-7fbbd2267000 rw-p 00000000 00:00 0 
7ffca3077000-7ffca3098000 rw-p 00000000 00:00 0                          [stack]
7ffca31a2000-7ffca31a4000 r-xp 00000000 00:00 0                          [vdso]
7ffca31a4000-7ffca31a6000 r--p 00000000 00:00 0                          [vvar]
ffffffffff600000-ffffffffff601000 r-xp 00000000 00:00 0                  [vsyscall]

VM Arguments:
jvm_args: -Djava.awt.headless=true -Xmx1024M -Dfile.encoding=UTF-8 -Duser.country=US -Duser.language=en -Duser.variant 
java_command: com.android.dx.command.Main --dex --num-threads=4 --output /home/amr/Downloads/Consort/app/build/intermediates/pre-dexed/debug/com.google.android.gms-play-services-games-8.4.0_78bb799976d0f42a0e81b2cdce2a46fc09b313e8.jar /home/amr/Downloads/Consort/app/build/intermediates/exploded-aar/com.google.android.gms/play-services-games/8.4.0/jars/classes.jar
java_class_path (initial): /home/amr/android-sdk-linux/build-tools/23.0.2/lib/dx.jar
Launcher Type: SUN_STANDARD

Environment Variables:
JAVA_HOME=/usr/local/jdk1.8.0_60
PATH=/usr/local/sbin:/usr/local/bin:/usr/sbin:/usr/bin:/sbin:/bin:/usr/games:/usr/local/games:/usr/local/jdk1.8.0_60/bin:$/home/amr/android-studio/bin
USERNAME=amr
LD_LIBRARY_PATH=android-studio/bin:
SHELL=/bin/bash
DISPLAY=:0

Signal Handlers:
SIGSEGV: [libjvm.so+0xaba070], sa_mask[0]=11111111011111111101111111111110, sa_flags=SA_RESTART|SA_SIGINFO
SIGBUS: [libjvm.so+0xaba070], sa_mask[0]=11111111011111111101111111111110, sa_flags=SA_RESTART|SA_SIGINFO
SIGFPE: [libjvm.so+0x917630], sa_mask[0]=11111111011111111101111111111110, sa_flags=SA_RESTART|SA_SIGINFO
SIGPIPE: [libjvm.so+0x917630], sa_mask[0]=11111111011111111101111111111110, sa_flags=SA_RESTART|SA_SIGINFO
SIGXFSZ: [libjvm.so+0x917630], sa_mask[0]=11111111011111111101111111111110, sa_flags=SA_RESTART|SA_SIGINFO
SIGILL: [libjvm.so+0x917630], sa_mask[0]=11111111011111111101111111111110, sa_flags=SA_RESTART|SA_SIGINFO
SIGUSR1: SIG_DFL, sa_mask[0]=00000000000000000000000000000000, sa_flags=none
SIGUSR2: [libjvm.so+0x918c60], sa_mask[0]=00100000000000000000000000000000, sa_flags=SA_RESTART|SA_SIGINFO
SIGHUP: [libjvm.so+0x91a060], sa_mask[0]=11111111011111111101111111111110, sa_flags=SA_RESTART|SA_SIGINFO
SIGINT: [libjvm.so+0x91a060], sa_mask[0]=11111111011111111101111111111110, sa_flags=SA_RESTART|SA_SIGINFO
SIGTERM: [libjvm.so+0x91a060], sa_mask[0]=11111111011111111101111111111110, sa_flags=SA_RESTART|SA_SIGINFO
SIGQUIT: [libjvm.so+0x91a060], sa_mask[0]=11111111011111111101111111111110, sa_flags=SA_RESTART|SA_SIGINFO


---------------  S Y S T E M  ---------------

OS:DISTRIB_ID=LinuxMint
DISTRIB_RELEASE=17.2
DISTRIB_CODENAME=rafaela
DISTRIB_DESCRIPTION="Linux Mint 17.2 Rafaela"

uname:Linux 3.16.0-38-generic #52~14.04.1-Ubuntu SMP Fri May 8 09:43:57 UTC 2015 x86_64
libc:glibc 2.19 NPTL 2.19 
rlimit: STACK 8192k, CORE 0k, NPROC 14876, NOFILE 4096, AS infinity
load average:44.34 31.52 16.11

/proc/meminfo:
MemTotal:        3839576 kB
MemFree:          399636 kB
MemAvailable:     351164 kB
Buffers:            2224 kB
Cached:           253348 kB
SwapCached:            0 kB
Active:          3063812 kB
Inactive:         230416 kB
Active(anon):    3052580 kB
Inactive(anon):   201060 kB
Active(file):      11232 kB
Inactive(file):    29356 kB
Unevictable:           0 kB
Mlocked:               0 kB
SwapTotal:             0 kB
SwapFree:              0 kB
Dirty:               908 kB
Writeback:             0 kB
AnonPages:       3039472 kB
Mapped:            87564 kB
Shmem:            214176 kB
Slab:              59276 kB
SReclaimable:      31404 kB
SUnreclaim:        27872 kB
KernelStack:       10320 kB
PageTables:        29700 kB
NFS_Unstable:          0 kB
Bounce:                0 kB
WritebackTmp:          0 kB
CommitLimit:     1919788 kB
Committed_AS:    5674268 kB
VmallocTotal:   34359738367 kB
VmallocUsed:      543616 kB
VmallocChunk:   34359186908 kB
HardwareCorrupted:     0 kB
AnonHugePages:   2070528 kB
HugePages_Total:       0
HugePages_Free:        0
HugePages_Rsvd:        0
HugePages_Surp:        0
Hugepagesize:       2048 kB
DirectMap4k:       68672 kB
DirectMap2M:     3915776 kB


CPU:total 4 (2 cores per cpu, 2 threads per core) family 6 model 37 stepping 5, cmov, cx8, fxsr, mmx, sse, sse2, sse3, ssse3, sse4.1, sse4.2, popcnt, ht, tsc, tscinvbit

/proc/cpuinfo:
processor	: 0
vendor_id	: GenuineIntel
cpu family	: 6
model		: 37
model name	: Intel(R) Core(TM) i3 CPU       M 380  @ 2.53GHz
stepping	: 5
microcode	: 0x2
cpu MHz		: 2533.000
cache size	: 3072 KB
physical id	: 0
siblings	: 4
core id		: 0
cpu cores	: 2
apicid		: 0
initial apicid	: 0
fpu		: yes
fpu_exception	: yes
cpuid level	: 11
wp		: yes
flags		: fpu vme de pse tsc msr pae mce cx8 apic sep mtrr pge mca cmov pat pse36 clflush dts acpi mmx fxsr sse sse2 ss ht tm pbe syscall nx rdtscp lm constant_tsc arch_perfmon pebs bts nopl xtopology nonstop_tsc aperfmperf pni dtes64 monitor ds_cpl vmx est tm2 ssse3 cx16 xtpr pdcm pcid sse4_1 sse4_2 popcnt lahf_lm arat dtherm tpr_shadow vnmi flexpriority ept vpid
bogomips	: 5055.31
clflush size	: 64
cache_alignment	: 64
address sizes	: 36 bits physical, 48 bits virtual
power management:

processor	: 1
vendor_id	: GenuineIntel
cpu family	: 6
model		: 37
model name	: Intel(R) Core(TM) i3 CPU       M 380  @ 2.53GHz
stepping	: 5
microcode	: 0x2
cpu MHz		: 2533.000
cache size	: 3072 KB
physical id	: 0
siblings	: 4
core id		: 0
cpu cores	: 2
apicid		: 1
initial apicid	: 1
fpu		: yes
fpu_exception	: yes
cpuid level	: 11
wp		: yes
flags		: fpu vme de pse tsc msr pae mce cx8 apic sep mtrr pge mca cmov pat pse36 clflush dts acpi mmx fxsr sse sse2 ss ht tm pbe syscall nx rdtscp lm constant_tsc arch_perfmon pebs bts nopl xtopology nonstop_tsc aperfmperf pni dtes64 monitor ds_cpl vmx est tm2 ssse3 cx16 xtpr pdcm pcid sse4_1 sse4_2 popcnt lahf_lm arat dtherm tpr_shadow vnmi flexpriority ept vpid
bogomips	: 5055.31
clflush size	: 64
cache_alignment	: 64
address sizes	: 36 bits physical, 48 bits virtual
power management:

processor	: 2
vendor_id	: GenuineIntel
cpu family	: 6
model		: 37
model name	: Intel(R) Core(TM) i3 CPU       M 380  @ 2.53GHz
stepping	: 5
microcode	: 0x2
cpu MHz		: 2533.000
cache size	: 3072 KB
physical id	: 0
siblings	: 4
core id		: 2
cpu cores	: 2
apicid		: 4
initial apicid	: 4
fpu		: yes
fpu_exception	: yes
cpuid level	: 11
wp		: yes
flags		: fpu vme de pse tsc msr pae mce cx8 apic sep mtrr pge mca cmov pat pse36 clflush dts acpi mmx fxsr sse sse2 ss ht tm pbe syscall nx rdtscp lm constant_tsc arch_perfmon pebs bts nopl xtopology nonstop_tsc aperfmperf pni dtes64 monitor ds_cpl vmx est tm2 ssse3 cx16 xtpr pdcm pcid sse4_1 sse4_2 popcnt lahf_lm arat dtherm tpr_shadow vnmi flexpriority ept vpid
bogomips	: 5055.31
clflush size	: 64
cache_alignment	: 64
address sizes	: 36 bits physical, 48 bits virtual
power management:

processor	: 3
vendor_id	: GenuineIntel
cpu family	: 6
model		: 37
model name	: Intel(R) Core(TM) i3 CPU       M 380  @ 2.53GHz
stepping	: 5
microcode	: 0x2
cpu MHz		: 2533.000
cache size	: 3072 KB
physical id	: 0
siblings	: 4
core id		: 2
cpu cores	: 2
apicid		: 5
initial apicid	: 5
fpu		: yes
fpu_exception	: yes
cpuid level	: 11
wp		: yes
flags		: fpu vme de pse tsc msr pae mce cx8 apic sep mtrr pge mca cmov pat pse36 clflush dts acpi mmx fxsr sse sse2 ss ht tm pbe syscall nx rdtscp lm constant_tsc arch_perfmon pebs bts nopl xtopology nonstop_tsc aperfmperf pni dtes64 monitor ds_cpl vmx est tm2 ssse3 cx16 xtpr pdcm pcid sse4_1 sse4_2 popcnt lahf_lm arat dtherm tpr_shadow vnmi flexpriority ept vpid
bogomips	: 5055.31
clflush size	: 64
cache_alignment	: 64
address sizes	: 36 bits physical, 48 bits virtual
power management:



Memory: 4k page, physical 3839576k(399636k free), swap 0k(0k free)

vm_info: Java HotSpot(TM) 64-Bit Server VM (25.60-b23) for linux-amd64 JRE (1.8.0_60-b27), built on Aug  4 2015 12:19:40 by "java_re" with gcc 4.3.0 20080428 (Red Hat 4.3.0-8)

time: Sun Mar 13 17:59:51 2016
elapsed time: 229 seconds (0d 0h 3m 49s)

