#
# There is insufficient memory for the Java Runtime Environment to continue.
# Native memory allocation (mmap) failed to map 84410368 bytes for committing reserved memory.
# Possible reasons:
#   The system is out of physical RAM or swap space
#   In 32 bit mode, the process size limit was hit
# Possible solutions:
#   Reduce memory load on the system
#   Increase physical memory or swap space
#   Check if swap backing store is full
#   Use 64 bit Java on a 64 bit OS
#   Decrease Java heap size (-Xmx/-Xms)
#   Decrease number of Java threads
#   Decrease Java thread stack sizes (-Xss)
#   Set larger code cache with -XX:ReservedCodeCacheSize=
# This output file may be truncated or incomplete.
#
#  Out of Memory Error (os_linux.cpp:2627), pid=11774, tid=140333965170432
#
# JRE version: Java(TM) SE Runtime Environment (8.0_60-b27) (build 1.8.0_60-b27)
# Java VM: Java HotSpot(TM) 64-Bit Server VM (25.60-b23 mixed mode linux-amd64 compressed oops)
# Failed to write core dump. Core dumps have been disabled. To enable core dumping, try "ulimit -c unlimited" before starting Java again
#

---------------  T H R E A D  ---------------

Current thread (0x00007fa21c077800):  VMThread [stack: 0x00007fa20c14d000,0x00007fa20c24e000] [id=11784]

Stack: [0x00007fa20c14d000,0x00007fa20c24e000],  sp=0x00007fa20c24c1e0,  free space=1020k
Native frames: (J=compiled Java code, j=interpreted, Vv=VM code, C=native code)
V  [libjvm.so+0xab97ea]  VMError::report_and_die()+0x2ba
V  [libjvm.so+0x4f9dab]  report_vm_out_of_memory(char const*, int, unsigned long, VMErrorType, char const*)+0x8b
V  [libjvm.so+0x91a7c3]  os::Linux::commit_memory_impl(char*, unsigned long, bool)+0x103
V  [libjvm.so+0x91ad19]  os::pd_commit_memory(char*, unsigned long, unsigned long, bool)+0x29
V  [libjvm.so+0x91502a]  os::commit_memory(char*, unsigned long, unsigned long, bool)+0x2a
V  [libjvm.so+0x9886d3]  PSVirtualSpace::expand_by(unsigned long)+0x53
V  [libjvm.so+0x989ad8]  PSYoungGen::resize_generation(unsigned long, unsigned long)+0xf8
V  [libjvm.so+0x988c32]  PSYoungGen::resize(unsigned long, unsigned long)+0x22
V  [libjvm.so+0x985f0b]  PSScavenge::invoke_no_policy()+0xf3b
V  [libjvm.so+0x986691]  PSScavenge::invoke()+0x41
V  [libjvm.so+0x93e430]  ParallelScavengeHeap::failed_mem_allocate(unsigned long)+0x70
V  [libjvm.so+0xabb207]  VM_ParallelGCFailedAllocation::doit()+0x97
V  [libjvm.so+0xac2c35]  VM_Operation::evaluate()+0x55
V  [libjvm.so+0xac100a]  VMThread::evaluate_operation(VM_Operation*)+0xba
V  [libjvm.so+0xac138e]  VMThread::loop()+0x1ce
V  [libjvm.so+0xac1800]  VMThread::run()+0x70
V  [libjvm.so+0x91cb88]  java_start(Thread*)+0x108

VM_Operation (0x00007fa2248e6c10): ParallelGCFailedAllocation, mode: safepoint, requested by thread 0x00007fa21c00a000


---------------  P R O C E S S  ---------------

Java Threads: ( => current thread )
  0x00007fa21c17f800 JavaThread "pool-1-thread-4" [_thread_blocked, id=11810, stack(0x00007fa2050dd000,0x00007fa2051de000)]
  0x00007fa21c17e000 JavaThread "pool-1-thread-3" [_thread_blocked, id=11809, stack(0x00007fa2051de000,0x00007fa2052df000)]
  0x00007fa21c17d000 JavaThread "pool-1-thread-2" [_thread_blocked, id=11808, stack(0x00007fa2052df000,0x00007fa2053e0000)]
  0x00007fa21c17a000 JavaThread "pool-2-thread-1" [_thread_blocked, id=11806, stack(0x00007fa2053e0000,0x00007fa2054e1000)]
  0x00007fa21c178000 JavaThread "pool-1-thread-1" [_thread_blocked, id=11805, stack(0x00007fa2054e1000,0x00007fa2055e2000)]
  0x00007fa21c0db000 JavaThread "Service Thread" daemon [_thread_blocked, id=11791, stack(0x00007fa2056e3000,0x00007fa2057e4000)]
  0x00007fa21c0be000 JavaThread "C1 CompilerThread2" daemon [_thread_blocked, id=11790, stack(0x00007fa2057e4000,0x00007fa2058e5000)]
  0x00007fa21c0bc000 JavaThread "C2 CompilerThread1" daemon [_thread_blocked, id=11789, stack(0x00007fa2058e5000,0x00007fa2059e6000)]
  0x00007fa21c0b9800 JavaThread "C2 CompilerThread0" daemon [_thread_blocked, id=11788, stack(0x00007fa2059e6000,0x00007fa205ae7000)]
  0x00007fa21c0b8000 JavaThread "Signal Dispatcher" daemon [_thread_blocked, id=11787, stack(0x00007fa205ae7000,0x00007fa205be8000)]
  0x00007fa21c07f000 JavaThread "Finalizer" daemon [_thread_blocked, id=11786, stack(0x00007fa205eff000,0x00007fa206000000)]
  0x00007fa21c07d000 JavaThread "Reference Handler" daemon [_thread_blocked, id=11785, stack(0x00007fa20c04c000,0x00007fa20c14d000)]
  0x00007fa21c00a000 JavaThread "main" [_thread_blocked, id=11779, stack(0x00007fa2247e9000,0x00007fa2248ea000)]

Other Threads:
=>0x00007fa21c077800 VMThread [stack: 0x00007fa20c14d000,0x00007fa20c24e000] [id=11784]
  0x00007fa21c0f6000 WatcherThread [stack: 0x00007fa2055e2000,0x00007fa2056e3000] [id=11792]

VM state:at safepoint (normal execution)

VM Mutex/Monitor currently owned by a thread:  ([mutex/lock_event])
[0x00007fa21c006470] Threads_lock - owner thread: 0x00007fa21c077800
[0x00007fa21c006970] Heap_lock - owner thread: 0x00007fa21c00a000

Heap:
 PSYoungGen      total 136704K, used 19424K [0x00000000eab00000, 0x00000000f4800000, 0x0000000100000000)
  eden space 117248K, 0% used [0x00000000eab00000,0x00000000eab00000,0x00000000f1d80000)
  from space 19456K, 99% used [0x00000000f1d80000,0x00000000f3078310,0x00000000f3080000)
  to   space 14848K, 0% used [0x00000000f3080000,0x00000000f3080000,0x00000000f3f00000)
 ParOldGen       total 40960K, used 35443K [0x00000000c0000000, 0x00000000c2800000, 0x00000000eab00000)
  object space 40960K, 86% used [0x00000000c0000000,0x00000000c229cdb0,0x00000000c2800000)
 Metaspace       used 6315K, capacity 7192K, committed 7424K, reserved 1056768K
  class space    used 613K, capacity 656K, committed 768K, reserved 1048576K

Card table byte_map: [0x00007fa2213ba000,0x00007fa2215bb000] byte_map_base: 0x00007fa220dba000

Marking Bits: (ParMarkBitMap*) 0x00007fa223cc9de0
 Begin Bits: [0x00007fa206000000, 0x00007fa207000000)
 End Bits:   [0x00007fa207000000, 0x00007fa208000000)

Polling page: 0x00007fa224911000

CodeCache: size=245760Kb used=6505Kb max_used=6505Kb free=239254Kb
 bounds [0x00007fa20d000000, 0x00007fa20d670000, 0x00007fa21c000000]
 total_blobs=1990 nmethods=1720 adapters=182
 compilation: enabled

Compilation events (10 events):
Event: 30.739 Thread 0x00007fa21c0be000 nmethod 2744 0x00007fa20d6494d0 code [0x00007fa20d649680, 0x00007fa20d6499d8]
Event: 30.742 Thread 0x00007fa21c0be000 2745       2       com.android.dx.cf.direct.StdAttributeFactory::constantValue (94 bytes)
Event: 30.755 Thread 0x00007fa21c0be000 nmethod 2745 0x00007fa20d649c10 code [0x00007fa20d649f00, 0x00007fa20d64ad88]
Event: 30.778 Thread 0x00007fa21c0be000 2746       3       com.android.dx.cf.code.RopperMachine::jopToRopOpcode (1103 bytes)
Event: 30.811 Thread 0x00007fa21c0be000 nmethod 2746 0x00007fa20d64c750 code [0x00007fa20d64ca80, 0x00007fa20d64ec78]
Event: 30.831 Thread 0x00007fa21c0be000 2747       2       com.android.dx.ssa.back.FirstFitLocalCombiningAllocator::rangeContainsReserved (30 bytes)
Event: 30.832 Thread 0x00007fa21c0be000 nmethod 2747 0x00007fa20d64f5d0 code [0x00007fa20d64f740, 0x00007fa20d64f968]
Event: 30.869 Thread 0x00007fa21c0be000 2749       2       com.android.dx.dex.file.AnnotationUtils::makeSignature (251 bytes)
Event: 30.890 Thread 0x00007fa21c0be000 nmethod 2749 0x00007fa20d64fa90 code [0x00007fa20d64fda0, 0x00007fa20d650e28]
Event: 30.890 Thread 0x00007fa21c0be000 2751       2       com.android.dx.dex.cf.AttributeTranslator::translateInnerClasses (356 bytes)

GC Heap History (10 events):
Event: 12.475 GC heap after
Heap after GC invocations=4 (full 0):
 PSYoungGen      total 33280K, used 2539K [0x00000000eab00000, 0x00000000ece00000, 0x0000000100000000)
  eden space 30720K, 0% used [0x00000000eab00000,0x00000000eab00000,0x00000000ec900000)
  from space 2560K, 99% used [0x00000000ecb80000,0x00000000ecdfaf80,0x00000000ece00000)
  to   space 2560K, 0% used [0x00000000ec900000,0x00000000ec900000,0x00000000ecb80000)
 ParOldGen       total 40960K, used 7221K [0x00000000c0000000, 0x00000000c2800000, 0x00000000eab00000)
  object space 40960K, 17% used [0x00000000c0000000,0x00000000c070d6c8,0x00000000c2800000)
 Metaspace       used 5842K, capacity 6832K, committed 7040K, reserved 1056768K
  class space    used 592K, capacity 616K, committed 640K, reserved 1048576K
}
Event: 15.532 GC heap before
{Heap before GC invocations=5 (full 0):
 PSYoungGen      total 33280K, used 33259K [0x00000000eab00000, 0x00000000ece00000, 0x0000000100000000)
  eden space 30720K, 100% used [0x00000000eab00000,0x00000000ec900000,0x00000000ec900000)
  from space 2560K, 99% used [0x00000000ecb80000,0x00000000ecdfaf80,0x00000000ece00000)
  to   space 2560K, 0% used [0x00000000ec900000,0x00000000ec900000,0x00000000ecb80000)
 ParOldGen       total 40960K, used 7221K [0x00000000c0000000, 0x00000000c2800000, 0x00000000eab00000)
  object space 40960K, 17% used [0x00000000c0000000,0x00000000c070d6c8,0x00000000c2800000)
 Metaspace       used 5876K, capacity 6832K, committed 7040K, reserved 1056768K
  class space    used 593K, capacity 616K, committed 640K, reserved 1048576K
Event: 15.692 GC heap after
Heap after GC invocations=5 (full 0):
 PSYoungGen      total 33280K, used 2555K [0x00000000eab00000, 0x00000000ef900000, 0x0000000100000000)
  eden space 30720K, 0% used [0x00000000eab00000,0x00000000eab00000,0x00000000ec900000)
  from space 2560K, 99% used [0x00000000ec900000,0x00000000ecb7ef70,0x00000000ecb80000)
  to   space 9216K, 0% used [0x00000000ef000000,0x00000000ef000000,0x00000000ef900000)
 ParOldGen       total 40960K, used 12325K [0x00000000c0000000, 0x00000000c2800000, 0x00000000eab00000)
  object space 40960K, 30% used [0x00000000c0000000,0x00000000c0c09640,0x00000000c2800000)
 Metaspace       used 5876K, capacity 6832K, committed 7040K, reserved 1056768K
  class space    used 593K, capacity 616K, committed 640K, reserved 1048576K
}
Event: 17.510 GC heap before
{Heap before GC invocations=6 (full 0):
 PSYoungGen      total 33280K, used 33275K [0x00000000eab00000, 0x00000000ef900000, 0x0000000100000000)
  eden space 30720K, 100% used [0x00000000eab00000,0x00000000ec900000,0x00000000ec900000)
  from space 2560K, 99% used [0x00000000ec900000,0x00000000ecb7ef70,0x00000000ecb80000)
  to   space 9216K, 0% used [0x00000000ef000000,0x00000000ef000000,0x00000000ef900000)
 ParOldGen       total 40960K, used 12325K [0x00000000c0000000, 0x00000000c2800000, 0x00000000eab00000)
  object space 40960K, 30% used [0x00000000c0000000,0x00000000c0c09640,0x00000000c2800000)
 Metaspace       used 5911K, capacity 6896K, committed 7040K, reserved 1056768K
  class space    used 593K, capacity 616K, committed 640K, reserved 1048576K
Event: 17.680 GC heap after
Heap after GC invocations=6 (full 0):
 PSYoungGen      total 70144K, used 7291K [0x00000000eab00000, 0x00000000efa00000, 0x0000000100000000)
  eden space 60928K, 0% used [0x00000000eab00000,0x00000000eab00000,0x00000000ee680000)
  from space 9216K, 79% used [0x00000000ef000000,0x00000000ef71ef80,0x00000000ef900000)
  to   space 9728K, 0% used [0x00000000ee680000,0x00000000ee680000,0x00000000ef000000)
 ParOldGen       total 40960K, used 12333K [0x00000000c0000000, 0x00000000c2800000, 0x00000000eab00000)
  object space 40960K, 30% used [0x00000000c0000000,0x00000000c0c0b640,0x00000000c2800000)
 Metaspace       used 5911K, capacity 6896K, committed 7040K, reserved 1056768K
  class space    used 593K, capacity 616K, committed 640K, reserved 1048576K
}
Event: 21.167 GC heap before
{Heap before GC invocations=7 (full 0):
 PSYoungGen      total 70144K, used 68219K [0x00000000eab00000, 0x00000000efa00000, 0x0000000100000000)
  eden space 60928K, 100% used [0x00000000eab00000,0x00000000ee680000,0x00000000ee680000)
  from space 9216K, 79% used [0x00000000ef000000,0x00000000ef71ef80,0x00000000ef900000)
  to   space 9728K, 0% used [0x00000000ee680000,0x00000000ee680000,0x00000000ef000000)
 ParOldGen       total 40960K, used 12333K [0x00000000c0000000, 0x00000000c2800000, 0x00000000eab00000)
  object space 40960K, 30% used [0x00000000c0000000,0x00000000c0c0b640,0x00000000c2800000)
 Metaspace       used 5978K, capacity 6960K, committed 7040K, reserved 1056768K
  class space    used 593K, capacity 616K, committed 640K, reserved 1048576K
Event: 21.613 GC heap after
Heap after GC invocations=7 (full 0):
 PSYoungGen      total 70656K, used 9708K [0x00000000eab00000, 0x00000000f3f00000, 0x0000000100000000)
  eden space 60928K, 0% used [0x00000000eab00000,0x00000000eab00000,0x00000000ee680000)
  from space 9728K, 99% used [0x00000000ee680000,0x00000000eeffb228,0x00000000ef000000)
  to   space 14848K, 0% used [0x00000000f3080000,0x00000000f3080000,0x00000000f3f00000)
 ParOldGen       total 40960K, used 18482K [0x00000000c0000000, 0x00000000c2800000, 0x00000000eab00000)
  object space 40960K, 45% used [0x00000000c0000000,0x00000000c120c910,0x00000000c2800000)
 Metaspace       used 5978K, capacity 6960K, committed 7040K, reserved 1056768K
  class space    used 593K, capacity 616K, committed 640K, reserved 1048576K
}
Event: 24.864 GC heap before
{Heap before GC invocations=8 (full 0):
 PSYoungGen      total 70656K, used 70636K [0x00000000eab00000, 0x00000000f3f00000, 0x0000000100000000)
  eden space 60928K, 100% used [0x00000000eab00000,0x00000000ee680000,0x00000000ee680000)
  from space 9728K, 99% used [0x00000000ee680000,0x00000000eeffb228,0x00000000ef000000)
  to   space 14848K, 0% used [0x00000000f3080000,0x00000000f3080000,0x00000000f3f00000)
 ParOldGen       total 40960K, used 18482K [0x00000000c0000000, 0x00000000c2800000, 0x00000000eab00000)
  object space 40960K, 45% used [0x00000000c0000000,0x00000000c120c910,0x00000000c2800000)
 Metaspace       used 6021K, capacity 6960K, committed 7040K, reserved 1056768K
  class space    used 593K, capacity 616K, committed 640K, reserved 1048576K
Event: 25.441 GC heap after
Heap after GC invocations=8 (full 0):
 PSYoungGen      total 132096K, used 14819K [0x00000000eab00000, 0x00000000f4800000, 0x0000000100000000)
  eden space 117248K, 0% used [0x00000000eab00000,0x00000000eab00000,0x00000000f1d80000)
  from space 14848K, 99% used [0x00000000f3080000,0x00000000f3ef8c10,0x00000000f3f00000)
  to   space 19456K, 0% used [0x00000000f1d80000,0x00000000f1d80000,0x00000000f3080000)
 ParOldGen       total 40960K, used 23050K [0x00000000c0000000, 0x00000000c2800000, 0x00000000eab00000)
  object space 40960K, 56% used [0x00000000c0000000,0x00000000c16828d8,0x00000000c2800000)
 Metaspace       used 6021K, capacity 6960K, committed 7040K, reserved 1056768K
  class space    used 593K, capacity 616K, committed 640K, reserved 1048576K
}
Event: 30.994 GC heap before
{Heap before GC invocations=9 (full 0):
 PSYoungGen      total 132096K, used 132067K [0x00000000eab00000, 0x00000000f4800000, 0x0000000100000000)
  eden space 117248K, 100% used [0x00000000eab00000,0x00000000f1d80000,0x00000000f1d80000)
  from space 14848K, 99% used [0x00000000f3080000,0x00000000f3ef8c10,0x00000000f3f00000)
  to   space 19456K, 0% used [0x00000000f1d80000,0x00000000f1d80000,0x00000000f3080000)
 ParOldGen       total 40960K, used 23050K [0x00000000c0000000, 0x00000000c2800000, 0x00000000eab00000)
  object space 40960K, 56% used [0x00000000c0000000,0x00000000c16828d8,0x00000000c2800000)
 Metaspace       used 6315K, capacity 7192K, committed 7424K, reserved 1056768K
  class space    used 613K, capacity 656K, committed 768K, reserved 1048576K

Deoptimization events (10 events):
Event: 14.564 Thread 0x00007fa21c178000 Uncommon trap: reason=bimorphic action=maybe_recompile pc=0x00007fa20d24e96c method=java.util.HashMap.getNode(ILjava/lang/Object;)Ljava/util/HashMap$Node; @ 126
Event: 14.565 Thread 0x00007fa21c178000 Uncommon trap: reason=bimorphic action=maybe_recompile pc=0x00007fa20d24e96c method=java.util.HashMap.getNode(ILjava/lang/Object;)Ljava/util/HashMap$Node; @ 126
Event: 14.565 Thread 0x00007fa21c178000 Uncommon trap: reason=bimorphic action=maybe_recompile pc=0x00007fa20d24e96c method=java.util.HashMap.getNode(ILjava/lang/Object;)Ljava/util/HashMap$Node; @ 126
Event: 14.565 Thread 0x00007fa21c178000 Uncommon trap: reason=bimorphic action=maybe_recompile pc=0x00007fa20d24e96c method=java.util.HashMap.getNode(ILjava/lang/Object;)Ljava/util/HashMap$Node; @ 126
Event: 14.566 Thread 0x00007fa21c178000 Uncommon trap: reason=bimorphic action=maybe_recompile pc=0x00007fa20d22cbb0 method=java.util.HashMap.getNode(ILjava/lang/Object;)Ljava/util/HashMap$Node; @ 126
Event: 18.099 Thread 0x00007fa21c17e000 Uncommon trap: reason=unstable_if action=reinterpret pc=0x00007fa20d402244 method=com.android.dx.util.IntList.binarysearch(I)I @ 105
Event: 20.888 Thread 0x00007fa21c17e000 Uncommon trap: reason=bimorphic action=maybe_recompile pc=0x00007fa20d4a0194 method=java.util.HashMap.putVal(ILjava/lang/Object;Ljava/lang/Object;ZZ)Ljava/lang/Object; @ 203
Event: 27.780 Thread 0x00007fa21c00a000 Uncommon trap: reason=unstable_if action=reinterpret pc=0x00007fa20d49fb74 method=java.util.HashMap.putVal(ILjava/lang/Object;Ljava/lang/Object;ZZ)Ljava/lang/Object; @ 94
Event: 28.136 Thread 0x00007fa21c178000 Uncommon trap: reason=unstable_if action=reinterpret pc=0x00007fa20d5d0ebc method=com.android.dx.ssa.SCCP.simulateStmt(Lcom/android/dx/ssa/SsaInsn;)V @ 59
Event: 28.352 Thread 0x00007fa21c17e000 Uncommon trap: reason=unstable_if action=reinterpret pc=0x00007fa20d39b338 method=java.util.HashMap.putVal(ILjava/lang/Object;Ljava/lang/Object;ZZ)Ljava/lang/Object; @ 162

Internal exceptions (5 events):
Event: 0.713 Thread 0x00007fa21c00a000 Exception <a 'java/lang/NoSuchMethodError': Method sun.misc.Unsafe.defineClass(Ljava/lang/String;[BII)Ljava/lang/Class; name or signature does not match> (0x00000000eab12b98) thrown at [/HUDSON/workspace/8-2-build-linux-amd64/jdk8u60/4407/hotspot/src/shar
Event: 0.713 Thread 0x00007fa21c00a000 Exception <a 'java/lang/NoSuchMethodError': Method sun.misc.Unsafe.prefetchRead(Ljava/lang/Object;J)V name or signature does not match> (0x00000000eab12e80) thrown at [/HUDSON/workspace/8-2-build-linux-amd64/jdk8u60/4407/hotspot/src/share/vm/prims/jni.cpp
Event: 28.381 Thread 0x00007fa21c17e000 Exception <a 'java/lang/ArrayIndexOutOfBoundsException': 18> (0x00000000ee6bc138) thrown at [/HUDSON/workspace/8-2-build-linux-amd64/jdk8u60/4407/hotspot/src/share/vm/interpreter/interpreterRuntime.cpp, line 366]
Event: 28.382 Thread 0x00007fa21c17e000 Exception <a 'java/lang/ArrayIndexOutOfBoundsException': 145> (0x00000000ee6bdcb8) thrown at [/HUDSON/workspace/8-2-build-linux-amd64/jdk8u60/4407/hotspot/src/share/vm/interpreter/interpreterRuntime.cpp, line 366]
Event: 28.441 Thread 0x00007fa21c17e000 Exception <a 'java/lang/ArrayIndexOutOfBoundsException': 40> (0x00000000ee6befa0) thrown at [/HUDSON/workspace/8-2-build-linux-amd64/jdk8u60/4407/hotspot/src/share/vm/interpreter/interpreterRuntime.cpp, line 366]

Events (10 events):
Event: 29.506 Thread 0x00007fa21c00a000 DEOPT UNPACKING pc=0x00007fa20d047233 sp=0x00007fa2248e74a0 mode 0
Event: 29.642 Thread 0x00007fa21c17e000 DEOPT PACKING pc=0x00007fa20d46252c sp=0x00007fa2052dcd70
Event: 29.642 Thread 0x00007fa21c17e000 DEOPT UNPACKING pc=0x00007fa20d047233 sp=0x00007fa2052dcb58 mode 0
Event: 30.223 Thread 0x00007fa21c178000 DEOPT PACKING pc=0x00007fa20d369bec sp=0x00007fa2055dfff0
Event: 30.223 Thread 0x00007fa21c178000 DEOPT UNPACKING pc=0x00007fa20d047233 sp=0x00007fa2055dfcf0 mode 0
Event: 30.255 Thread 0x00007fa21c17f800 DEOPT PACKING pc=0x00007fa20d2f64c8 sp=0x00007fa2051dbb80
Event: 30.255 Thread 0x00007fa21c17f800 DEOPT UNPACKING pc=0x00007fa20d047233 sp=0x00007fa2051db968 mode 0
Event: 30.645 Thread 0x00007fa21c178000 DEOPT PACKING pc=0x00007fa20d2f64c8 sp=0x00007fa2055dfc50
Event: 30.645 Thread 0x00007fa21c178000 DEOPT UNPACKING pc=0x00007fa20d047233 sp=0x00007fa2055dfa38 mode 0
Event: 30.959 Executing VM operation: ParallelGCFailedAllocation


Dynamic libraries:
00400000-00401000 r-xp 00000000 08:02 4071875                            /usr/local/jdk1.8.0_60/bin/java
00600000-00601000 rw-p 00000000 08:02 4071875                            /usr/local/jdk1.8.0_60/bin/java
010ac000-010cd000 rw-p 00000000 00:00 0                                  [heap]
c0000000-c2800000 rw-p 00000000 00:00 0 
c2800000-eab00000 ---p 00000000 00:00 0 
eab00000-f4800000 rw-p 00000000 00:00 0 
f9880000-100000000 ---p 00000000 00:00 0 
100000000-1000c0000 rw-p 00000000 00:00 0 
1000c0000-140000000 ---p 00000000 00:00 0 
7fa1b8000000-7fa1b802d000 rw-p 00000000 00:00 0 
7fa1b802d000-7fa1bc000000 ---p 00000000 00:00 0 
7fa1c0000000-7fa1c0039000 rw-p 00000000 00:00 0 
7fa1c0039000-7fa1c4000000 ---p 00000000 00:00 0 
7fa1c4000000-7fa1c4021000 rw-p 00000000 00:00 0 
7fa1c4021000-7fa1c8000000 ---p 00000000 00:00 0 
7fa1c8000000-7fa1c803a000 rw-p 00000000 00:00 0 
7fa1c803a000-7fa1cc000000 ---p 00000000 00:00 0 
7fa1cc000000-7fa1cc021000 rw-p 00000000 00:00 0 
7fa1cc021000-7fa1d0000000 ---p 00000000 00:00 0 
7fa1d0000000-7fa1d0021000 rw-p 00000000 00:00 0 
7fa1d0021000-7fa1d4000000 ---p 00000000 00:00 0 
7fa1d4000000-7fa1d4021000 rw-p 00000000 00:00 0 
7fa1d4021000-7fa1d8000000 ---p 00000000 00:00 0 
7fa1d8000000-7fa1d8cc4000 rw-p 00000000 00:00 0 
7fa1d8cc4000-7fa1dc000000 ---p 00000000 00:00 0 
7fa1dc000000-7fa1dcd69000 rw-p 00000000 00:00 0 
7fa1dcd69000-7fa1e0000000 ---p 00000000 00:00 0 
7fa1e0000000-7fa1e0021000 rw-p 00000000 00:00 0 
7fa1e0021000-7fa1e4000000 ---p 00000000 00:00 0 
7fa1e4000000-7fa1e582a000 rw-p 00000000 00:00 0 
7fa1e582a000-7fa1e8000000 ---p 00000000 00:00 0 
7fa1e8000000-7fa1e8021000 rw-p 00000000 00:00 0 
7fa1e8021000-7fa1ec000000 ---p 00000000 00:00 0 
7fa1ec000000-7fa1ec021000 rw-p 00000000 00:00 0 
7fa1ec021000-7fa1f0000000 ---p 00000000 00:00 0 
7fa1f0000000-7fa1f0021000 rw-p 00000000 00:00 0 
7fa1f0021000-7fa1f4000000 ---p 00000000 00:00 0 
7fa1f4000000-7fa1f428c000 rw-p 00000000 00:00 0 
7fa1f428c000-7fa1f8000000 ---p 00000000 00:00 0 
7fa1f8000000-7fa1f8021000 rw-p 00000000 00:00 0 
7fa1f8021000-7fa1fc000000 ---p 00000000 00:00 0 
7fa200000000-7fa200021000 rw-p 00000000 00:00 0 
7fa200021000-7fa204000000 ---p 00000000 00:00 0 
7fa2050dd000-7fa2050e0000 ---p 00000000 00:00 0 
7fa2050e0000-7fa2051de000 rw-p 00000000 00:00 0                          [stack:11810]
7fa2051de000-7fa2051e1000 ---p 00000000 00:00 0 
7fa2051e1000-7fa2052df000 rw-p 00000000 00:00 0                          [stack:11809]
7fa2052df000-7fa2052e2000 ---p 00000000 00:00 0 
7fa2052e2000-7fa2053e0000 rw-p 00000000 00:00 0                          [stack:11808]
7fa2053e0000-7fa2053e3000 ---p 00000000 00:00 0 
7fa2053e3000-7fa2054e1000 rw-p 00000000 00:00 0                          [stack:11806]
7fa2054e1000-7fa2054e4000 ---p 00000000 00:00 0 
7fa2054e4000-7fa2055e2000 rw-p 00000000 00:00 0                          [stack:11805]
7fa2055e2000-7fa2055e3000 ---p 00000000 00:00 0 
7fa2055e3000-7fa2056e3000 rw-p 00000000 00:00 0                          [stack:11792]
7fa2056e3000-7fa2056e6000 ---p 00000000 00:00 0 
7fa2056e6000-7fa2057e4000 rw-p 00000000 00:00 0                          [stack:11791]
7fa2057e4000-7fa2057e7000 ---p 00000000 00:00 0 
7fa2057e7000-7fa2058e5000 rw-p 00000000 00:00 0                          [stack:11790]
7fa2058e5000-7fa2058e8000 ---p 00000000 00:00 0 
7fa2058e8000-7fa2059e6000 rw-p 00000000 00:00 0                          [stack:11789]
7fa2059e6000-7fa2059e9000 ---p 00000000 00:00 0 
7fa2059e9000-7fa205ae7000 rw-p 00000000 00:00 0                          [stack:11788]
7fa205ae7000-7fa205aea000 ---p 00000000 00:00 0 
7fa205aea000-7fa205be8000 rw-p 00000000 00:00 0                          [stack:11787]
7fa205be8000-7fa205eff000 r--p 00000000 08:02 3939108                    /usr/lib/locale/locale-archive
7fa205eff000-7fa205f02000 ---p 00000000 00:00 0 
7fa205f02000-7fa208000000 rw-p 00000000 00:00 0                          [stack:11786]
7fa208000000-7fa208021000 rw-p 00000000 00:00 0 
7fa208021000-7fa20c000000 ---p 00000000 00:00 0 
7fa20c037000-7fa20c04c000 r--s 000e5000 08:02 5255965                    /home/amr/Downloads/Consort/app/build/intermediates/exploded-aar/com.android.support/support-v4/23.1.1/jars/classes.jar
7fa20c04c000-7fa20c04f000 ---p 00000000 00:00 0 
7fa20c04f000-7fa20c14d000 rw-p 00000000 00:00 0                          [stack:11785]
7fa20c14d000-7fa20c14e000 ---p 00000000 00:00 0 
7fa20c14e000-7fa20d000000 rw-p 00000000 00:00 0                          [stack:11784]
7fa20d000000-7fa20d670000 rwxp 00000000 00:00 0 
7fa20d670000-7fa21c000000 ---p 00000000 00:00 0 
7fa21c000000-7fa21c3bc000 rw-p 00000000 00:00 0 
7fa21c3bc000-7fa220000000 ---p 00000000 00:00 0 
7fa220001000-7fa220010000 r--s 000df000 08:02 1049192                    /home/amr/android-sdk-linux/build-tools/23.0.2/lib/dx.jar
7fa220010000-7fa220212000 rw-p 00000000 00:00 0 
7fa220212000-7fa2203ea000 r--s 03d17000 08:02 4598728                    /usr/local/jdk1.8.0_60/jre/lib/rt.jar
7fa2203ea000-7fa220ae0000 rw-p 00000000 00:00 0 
7fa220ae0000-7fa220c60000 ---p 00000000 00:00 0 
7fa220c60000-7fa220e60000 rw-p 00000000 00:00 0 
7fa220e60000-7fa220e61000 ---p 00000000 00:00 0 
7fa220e61000-7fa220f61000 rw-p 00000000 00:00 0                          [stack:11783]
7fa220f61000-7fa220f62000 ---p 00000000 00:00 0 
7fa220f62000-7fa221062000 rw-p 00000000 00:00 0                          [stack:11782]
7fa221062000-7fa221063000 ---p 00000000 00:00 0 
7fa221063000-7fa221163000 rw-p 00000000 00:00 0                          [stack:11781]
7fa221163000-7fa221164000 ---p 00000000 00:00 0 
7fa221164000-7fa221278000 rw-p 00000000 00:00 0                          [stack:11780]
7fa221278000-7fa2213ba000 ---p 00000000 00:00 0 
7fa2213ba000-7fa2213ce000 rw-p 00000000 00:00 0 
7fa2213ce000-7fa22150f000 ---p 00000000 00:00 0 
7fa22150f000-7fa22155e000 rw-p 00000000 00:00 0 
7fa22155e000-7fa2215ba000 ---p 00000000 00:00 0 
7fa2215ba000-7fa2215d5000 rw-p 00000000 00:00 0 
7fa2215d5000-7fa22197b000 ---p 00000000 00:00 0 
7fa22197b000-7fa221995000 r-xp 00000000 08:02 4727989                    /usr/local/jdk1.8.0_60/jre/lib/amd64/libzip.so
7fa221995000-7fa221b95000 ---p 0001a000 08:02 4727989                    /usr/local/jdk1.8.0_60/jre/lib/amd64/libzip.so
7fa221b95000-7fa221b96000 rw-p 0001a000 08:02 4727989                    /usr/local/jdk1.8.0_60/jre/lib/amd64/libzip.so
7fa221b96000-7fa221ba1000 r-xp 00000000 08:02 4329768                    /lib/x86_64-linux-gnu/libnss_files-2.19.so
7fa221ba1000-7fa221da0000 ---p 0000b000 08:02 4329768                    /lib/x86_64-linux-gnu/libnss_files-2.19.so
7fa221da0000-7fa221da1000 r--p 0000a000 08:02 4329768                    /lib/x86_64-linux-gnu/libnss_files-2.19.so
7fa221da1000-7fa221da2000 rw-p 0000b000 08:02 4329768                    /lib/x86_64-linux-gnu/libnss_files-2.19.so
7fa221da2000-7fa221dad000 r-xp 00000000 08:02 4329778                    /lib/x86_64-linux-gnu/libnss_nis-2.19.so
7fa221dad000-7fa221fac000 ---p 0000b000 08:02 4329778                    /lib/x86_64-linux-gnu/libnss_nis-2.19.so
7fa221fac000-7fa221fad000 r--p 0000a000 08:02 4329778                    /lib/x86_64-linux-gnu/libnss_nis-2.19.so
7fa221fad000-7fa221fae000 rw-p 0000b000 08:02 4329778                    /lib/x86_64-linux-gnu/libnss_nis-2.19.so
7fa221fae000-7fa221fc5000 r-xp 00000000 08:02 4329762                    /lib/x86_64-linux-gnu/libnsl-2.19.so
7fa221fc5000-7fa2221c4000 ---p 00017000 08:02 4329762                    /lib/x86_64-linux-gnu/libnsl-2.19.so
7fa2221c4000-7fa2221c5000 r--p 00016000 08:02 4329762                    /lib/x86_64-linux-gnu/libnsl-2.19.so
7fa2221c5000-7fa2221c6000 rw-p 00017000 08:02 4329762                    /lib/x86_64-linux-gnu/libnsl-2.19.so
7fa2221c6000-7fa2221c8000 rw-p 00000000 00:00 0 
7fa2221c8000-7fa2221d1000 r-xp 00000000 08:02 4329764                    /lib/x86_64-linux-gnu/libnss_compat-2.19.so
7fa2221d1000-7fa2223d0000 ---p 00009000 08:02 4329764                    /lib/x86_64-linux-gnu/libnss_compat-2.19.so
7fa2223d0000-7fa2223d1000 r--p 00008000 08:02 4329764                    /lib/x86_64-linux-gnu/libnss_compat-2.19.so
7fa2223d1000-7fa2223d2000 rw-p 00009000 08:02 4329764                    /lib/x86_64-linux-gnu/libnss_compat-2.19.so
7fa2223d2000-7fa2223fc000 r-xp 00000000 08:02 4727966                    /usr/local/jdk1.8.0_60/jre/lib/amd64/libjava.so
7fa2223fc000-7fa2225fc000 ---p 0002a000 08:02 4727966                    /usr/local/jdk1.8.0_60/jre/lib/amd64/libjava.so
7fa2225fc000-7fa2225fe000 rw-p 0002a000 08:02 4727966                    /usr/local/jdk1.8.0_60/jre/lib/amd64/libjava.so
7fa2225fe000-7fa22260b000 r-xp 00000000 08:02 4727936                    /usr/local/jdk1.8.0_60/jre/lib/amd64/libverify.so
7fa22260b000-7fa22280b000 ---p 0000d000 08:02 4727936                    /usr/local/jdk1.8.0_60/jre/lib/amd64/libverify.so
7fa22280b000-7fa22280d000 rw-p 0000d000 08:02 4727936                    /usr/local/jdk1.8.0_60/jre/lib/amd64/libverify.so
7fa22280d000-7fa222814000 r-xp 00000000 08:02 4329821                    /lib/x86_64-linux-gnu/librt-2.19.so
7fa222814000-7fa222a13000 ---p 00007000 08:02 4329821                    /lib/x86_64-linux-gnu/librt-2.19.so
7fa222a13000-7fa222a14000 r--p 00006000 08:02 4329821                    /lib/x86_64-linux-gnu/librt-2.19.so
7fa222a14000-7fa222a15000 rw-p 00007000 08:02 4329821                    /lib/x86_64-linux-gnu/librt-2.19.so
7fa222a15000-7fa222b1a000 r-xp 00000000 08:02 4329743                    /lib/x86_64-linux-gnu/libm-2.19.so
7fa222b1a000-7fa222d19000 ---p 00105000 08:02 4329743                    /lib/x86_64-linux-gnu/libm-2.19.so
7fa222d19000-7fa222d1a000 r--p 00104000 08:02 4329743                    /lib/x86_64-linux-gnu/libm-2.19.so
7fa222d1a000-7fa222d1b000 rw-p 00105000 08:02 4329743                    /lib/x86_64-linux-gnu/libm-2.19.so
7fa222d1b000-7fa2239d9000 r-xp 00000000 08:02 4727868                    /usr/local/jdk1.8.0_60/jre/lib/amd64/server/libjvm.so
7fa2239d9000-7fa223bd8000 ---p 00cbe000 08:02 4727868                    /usr/local/jdk1.8.0_60/jre/lib/amd64/server/libjvm.so
7fa223bd8000-7fa223cb0000 rw-p 00cbd000 08:02 4727868                    /usr/local/jdk1.8.0_60/jre/lib/amd64/server/libjvm.so
7fa223cb0000-7fa223cf5000 rw-p 00000000 00:00 0 
7fa223cf5000-7fa223eb0000 r-xp 00000000 08:02 4329692                    /lib/x86_64-linux-gnu/libc-2.19.so
7fa223eb0000-7fa2240af000 ---p 001bb000 08:02 4329692                    /lib/x86_64-linux-gnu/libc-2.19.so
7fa2240af000-7fa2240b3000 r--p 001ba000 08:02 4329692                    /lib/x86_64-linux-gnu/libc-2.19.so
7fa2240b3000-7fa2240b5000 rw-p 001be000 08:02 4329692                    /lib/x86_64-linux-gnu/libc-2.19.so
7fa2240b5000-7fa2240ba000 rw-p 00000000 00:00 0 
7fa2240ba000-7fa2240bd000 r-xp 00000000 08:02 4329709                    /lib/x86_64-linux-gnu/libdl-2.19.so
7fa2240bd000-7fa2242bc000 ---p 00003000 08:02 4329709                    /lib/x86_64-linux-gnu/libdl-2.19.so
7fa2242bc000-7fa2242bd000 r--p 00002000 08:02 4329709                    /lib/x86_64-linux-gnu/libdl-2.19.so
7fa2242bd000-7fa2242be000 rw-p 00003000 08:02 4329709                    /lib/x86_64-linux-gnu/libdl-2.19.so
7fa2242be000-7fa2242d3000 r-xp 00000000 08:02 4850898                    /usr/local/jdk1.8.0_60/lib/amd64/jli/libjli.so
7fa2242d3000-7fa2244d3000 ---p 00015000 08:02 4850898                    /usr/local/jdk1.8.0_60/lib/amd64/jli/libjli.so
7fa2244d3000-7fa2244d4000 rw-p 00015000 08:02 4850898                    /usr/local/jdk1.8.0_60/lib/amd64/jli/libjli.so
7fa2244d4000-7fa2244ed000 r-xp 00000000 08:02 4329813                    /lib/x86_64-linux-gnu/libpthread-2.19.so
7fa2244ed000-7fa2246ec000 ---p 00019000 08:02 4329813                    /lib/x86_64-linux-gnu/libpthread-2.19.so
7fa2246ec000-7fa2246ed000 r--p 00018000 08:02 4329813                    /lib/x86_64-linux-gnu/libpthread-2.19.so
7fa2246ed000-7fa2246ee000 rw-p 00019000 08:02 4329813                    /lib/x86_64-linux-gnu/libpthread-2.19.so
7fa2246ee000-7fa2246f2000 rw-p 00000000 00:00 0 
7fa2246f2000-7fa224715000 r-xp 00000000 08:02 4329666                    /lib/x86_64-linux-gnu/ld-2.19.so
7fa224717000-7fa2247e9000 rw-p 00000000 00:00 0 
7fa2247e9000-7fa2247ec000 ---p 00000000 00:00 0 
7fa2247ec000-7fa2248ee000 rw-p 00000000 00:00 0                          [stack:11779]
7fa2248f3000-7fa224908000 rw-p 00000000 00:00 0 
7fa224908000-7fa224910000 rw-s 00000000 08:02 4205952                    /tmp/hsperfdata_amr/11774
7fa224910000-7fa224911000 rw-p 00000000 00:00 0 
7fa224911000-7fa224912000 ---p 00000000 00:00 0 
7fa224912000-7fa224914000 rw-p 00000000 00:00 0 
7fa224914000-7fa224915000 r--p 00022000 08:02 4329666                    /lib/x86_64-linux-gnu/ld-2.19.so
7fa224915000-7fa224916000 rw-p 00023000 08:02 4329666                    /lib/x86_64-linux-gnu/ld-2.19.so
7fa224916000-7fa224917000 rw-p 00000000 00:00 0 
7ffe6adcd000-7ffe6adee000 rw-p 00000000 00:00 0                          [stack]
7ffe6adee000-7ffe6adf0000 r-xp 00000000 00:00 0                          [vdso]
7ffe6adf0000-7ffe6adf2000 r--p 00000000 00:00 0                          [vvar]
ffffffffff600000-ffffffffff601000 r-xp 00000000 00:00 0                  [vsyscall]

VM Arguments:
jvm_args: -Djava.awt.headless=true -Xmx1024M -Dfile.encoding=UTF-8 -Duser.country=US -Duser.language=en -Duser.variant 
java_command: com.android.dx.command.Main --dex --num-threads=4 --output /home/amr/Downloads/Consort/app/build/intermediates/pre-dexed/debug/com.android.support-support-v4-23.1.1_3b96010ff8cded797812199644a0c3bc2016778f.jar /home/amr/Downloads/Consort/app/build/intermediates/exploded-aar/com.android.support/support-v4/23.1.1/jars/classes.jar
java_class_path (initial): /home/amr/android-sdk-linux/build-tools/23.0.2/lib/dx.jar
Launcher Type: SUN_STANDARD

Environment Variables:
JAVA_HOME=/usr/local/jdk1.8.0_60
PATH=/usr/local/sbin:/usr/local/bin:/usr/sbin:/usr/bin:/sbin:/bin:/usr/games:/usr/local/games:/usr/local/jdk1.8.0_60/bin:$/home/amr/android-studio/bin
USERNAME=amr
LD_LIBRARY_PATH=android-studio/bin:
SHELL=/bin/bash
DISPLAY=:0

Signal Handlers:
SIGSEGV: [libjvm.so+0xaba070], sa_mask[0]=11111111011111111101111111111110, sa_flags=SA_RESTART|SA_SIGINFO
SIGBUS: [libjvm.so+0xaba070], sa_mask[0]=11111111011111111101111111111110, sa_flags=SA_RESTART|SA_SIGINFO
SIGFPE: [libjvm.so+0x917630], sa_mask[0]=11111111011111111101111111111110, sa_flags=SA_RESTART|SA_SIGINFO
SIGPIPE: [libjvm.so+0x917630], sa_mask[0]=11111111011111111101111111111110, sa_flags=SA_RESTART|SA_SIGINFO
SIGXFSZ: [libjvm.so+0x917630], sa_mask[0]=11111111011111111101111111111110, sa_flags=SA_RESTART|SA_SIGINFO
SIGILL: [libjvm.so+0x917630], sa_mask[0]=11111111011111111101111111111110, sa_flags=SA_RESTART|SA_SIGINFO
SIGUSR1: SIG_DFL, sa_mask[0]=00000000000000000000000000000000, sa_flags=none
SIGUSR2: [libjvm.so+0x918c60], sa_mask[0]=00100000000000000000000000000000, sa_flags=SA_RESTART|SA_SIGINFO
SIGHUP: [libjvm.so+0x91a060], sa_mask[0]=11111111011111111101111111111110, sa_flags=SA_RESTART|SA_SIGINFO
SIGINT: [libjvm.so+0x91a060], sa_mask[0]=11111111011111111101111111111110, sa_flags=SA_RESTART|SA_SIGINFO
SIGTERM: [libjvm.so+0x91a060], sa_mask[0]=11111111011111111101111111111110, sa_flags=SA_RESTART|SA_SIGINFO
SIGQUIT: [libjvm.so+0x91a060], sa_mask[0]=11111111011111111101111111111110, sa_flags=SA_RESTART|SA_SIGINFO


---------------  S Y S T E M  ---------------

OS:DISTRIB_ID=LinuxMint
DISTRIB_RELEASE=17.2
DISTRIB_CODENAME=rafaela
DISTRIB_DESCRIPTION="Linux Mint 17.2 Rafaela"

uname:Linux 3.16.0-38-generic #52~14.04.1-Ubuntu SMP Fri May 8 09:43:57 UTC 2015 x86_64
libc:glibc 2.19 NPTL 2.19 
rlimit: STACK 8192k, CORE 0k, NPROC 14876, NOFILE 4096, AS infinity
load average:18.92 7.68 6.79

/proc/meminfo:
MemTotal:        3839576 kB
MemFree:          198244 kB
MemAvailable:     159008 kB
Buffers:           11828 kB
Cached:           198392 kB
SwapCached:            0 kB
Active:          3321524 kB
Inactive:         176464 kB
Active(anon):    3292888 kB
Inactive(anon):   147168 kB
Active(file):      28636 kB
Inactive(file):    29296 kB
Unevictable:           0 kB
Mlocked:               0 kB
SwapTotal:             0 kB
SwapFree:              0 kB
Dirty:               280 kB
Writeback:             0 kB
AnonPages:       3287876 kB
Mapped:            77744 kB
Shmem:            152188 kB
Slab:              60416 kB
SReclaimable:      32536 kB
SUnreclaim:        27880 kB
KernelStack:        9536 kB
PageTables:        27424 kB
NFS_Unstable:          0 kB
Bounce:                0 kB
WritebackTmp:          0 kB
CommitLimit:     1919788 kB
Committed_AS:    5343376 kB
VmallocTotal:   34359738367 kB
VmallocUsed:      543616 kB
VmallocChunk:   34359186908 kB
HardwareCorrupted:     0 kB
AnonHugePages:   2324480 kB
HugePages_Total:       0
HugePages_Free:        0
HugePages_Rsvd:        0
HugePages_Surp:        0
Hugepagesize:       2048 kB
DirectMap4k:       68672 kB
DirectMap2M:     3915776 kB


CPU:total 4 (2 cores per cpu, 2 threads per core) family 6 model 37 stepping 5, cmov, cx8, fxsr, mmx, sse, sse2, sse3, ssse3, sse4.1, sse4.2, popcnt, ht, tsc, tscinvbit

/proc/cpuinfo:
processor	: 0
vendor_id	: GenuineIntel
cpu family	: 6
model		: 37
model name	: Intel(R) Core(TM) i3 CPU       M 380  @ 2.53GHz
stepping	: 5
microcode	: 0x2
cpu MHz		: 2533.000
cache size	: 3072 KB
physical id	: 0
siblings	: 4
core id		: 0
cpu cores	: 2
apicid		: 0
initial apicid	: 0
fpu		: yes
fpu_exception	: yes
cpuid level	: 11
wp		: yes
flags		: fpu vme de pse tsc msr pae mce cx8 apic sep mtrr pge mca cmov pat pse36 clflush dts acpi mmx fxsr sse sse2 ss ht tm pbe syscall nx rdtscp lm constant_tsc arch_perfmon pebs bts nopl xtopology nonstop_tsc aperfmperf pni dtes64 monitor ds_cpl vmx est tm2 ssse3 cx16 xtpr pdcm pcid sse4_1 sse4_2 popcnt lahf_lm arat dtherm tpr_shadow vnmi flexpriority ept vpid
bogomips	: 5055.31
clflush size	: 64
cache_alignment	: 64
address sizes	: 36 bits physical, 48 bits virtual
power management:

processor	: 1
vendor_id	: GenuineIntel
cpu family	: 6
model		: 37
model name	: Intel(R) Core(TM) i3 CPU       M 380  @ 2.53GHz
stepping	: 5
microcode	: 0x2
cpu MHz		: 2533.000
cache size	: 3072 KB
physical id	: 0
siblings	: 4
core id		: 0
cpu cores	: 2
apicid		: 1
initial apicid	: 1
fpu		: yes
fpu_exception	: yes
cpuid level	: 11
wp		: yes
flags		: fpu vme de pse tsc msr pae mce cx8 apic sep mtrr pge mca cmov pat pse36 clflush dts acpi mmx fxsr sse sse2 ss ht tm pbe syscall nx rdtscp lm constant_tsc arch_perfmon pebs bts nopl xtopology nonstop_tsc aperfmperf pni dtes64 monitor ds_cpl vmx est tm2 ssse3 cx16 xtpr pdcm pcid sse4_1 sse4_2 popcnt lahf_lm arat dtherm tpr_shadow vnmi flexpriority ept vpid
bogomips	: 5055.31
clflush size	: 64
cache_alignment	: 64
address sizes	: 36 bits physical, 48 bits virtual
power management:

processor	: 2
vendor_id	: GenuineIntel
cpu family	: 6
model		: 37
model name	: Intel(R) Core(TM) i3 CPU       M 380  @ 2.53GHz
stepping	: 5
microcode	: 0x2
cpu MHz		: 2533.000
cache size	: 3072 KB
physical id	: 0
siblings	: 4
core id		: 2
cpu cores	: 2
apicid		: 4
initial apicid	: 4
fpu		: yes
fpu_exception	: yes
cpuid level	: 11
wp		: yes
flags		: fpu vme de pse tsc msr pae mce cx8 apic sep mtrr pge mca cmov pat pse36 clflush dts acpi mmx fxsr sse sse2 ss ht tm pbe syscall nx rdtscp lm constant_tsc arch_perfmon pebs bts nopl xtopology nonstop_tsc aperfmperf pni dtes64 monitor ds_cpl vmx est tm2 ssse3 cx16 xtpr pdcm pcid sse4_1 sse4_2 popcnt lahf_lm arat dtherm tpr_shadow vnmi flexpriority ept vpid
bogomips	: 5055.31
clflush size	: 64
cache_alignment	: 64
address sizes	: 36 bits physical, 48 bits virtual
power management:

processor	: 3
vendor_id	: GenuineIntel
cpu family	: 6
model		: 37
model name	: Intel(R) Core(TM) i3 CPU       M 380  @ 2.53GHz
stepping	: 5
microcode	: 0x2
cpu MHz		: 2533.000
cache size	: 3072 KB
physical id	: 0
siblings	: 4
core id		: 2
cpu cores	: 2
apicid		: 5
initial apicid	: 5
fpu		: yes
fpu_exception	: yes
cpuid level	: 11
wp		: yes
flags		: fpu vme de pse tsc msr pae mce cx8 apic sep mtrr pge mca cmov pat pse36 clflush dts acpi mmx fxsr sse sse2 ss ht tm pbe syscall nx rdtscp lm constant_tsc arch_perfmon pebs bts nopl xtopology nonstop_tsc aperfmperf pni dtes64 monitor ds_cpl vmx est tm2 ssse3 cx16 xtpr pdcm pcid sse4_1 sse4_2 popcnt lahf_lm arat dtherm tpr_shadow vnmi flexpriority ept vpid
bogomips	: 5055.31
clflush size	: 64
cache_alignment	: 64
address sizes	: 36 bits physical, 48 bits virtual
power management:



Memory: 4k page, physical 3839576k(198244k free), swap 0k(0k free)

vm_info: Java HotSpot(TM) 64-Bit Server VM (25.60-b23) for linux-amd64 JRE (1.8.0_60-b27), built on Aug  4 2015 12:19:40 by "java_re" with gcc 4.3.0 20080428 (Red Hat 4.3.0-8)

time: Sun Mar 13 18:27:39 2016
elapsed time: 32 seconds (0d 0h 0m 32s)

