#
# There is insufficient memory for the Java Runtime Environment to continue.
# Native memory allocation (mmap) failed to map 5242880 bytes for committing reserved memory.
# Possible reasons:
#   The system is out of physical RAM or swap space
#   In 32 bit mode, the process size limit was hit
# Possible solutions:
#   Reduce memory load on the system
#   Increase physical memory or swap space
#   Check if swap backing store is full
#   Use 64 bit Java on a 64 bit OS
#   Decrease Java heap size (-Xmx/-Xms)
#   Decrease number of Java threads
#   Decrease Java thread stack sizes (-Xss)
#   Set larger code cache with -XX:ReservedCodeCacheSize=
# This output file may be truncated or incomplete.
#
#  Out of Memory Error (os_linux.cpp:2627), pid=9778, tid=139957382207232
#
# JRE version: Java(TM) SE Runtime Environment (8.0_60-b27) (build 1.8.0_60-b27)
# Java VM: Java HotSpot(TM) 64-Bit Server VM (25.60-b23 mixed mode linux-amd64 compressed oops)
# Failed to write core dump. Core dumps have been disabled. To enable core dumping, try "ulimit -c unlimited" before starting Java again
#

---------------  T H R E A D  ---------------

Current thread (0x00007f4a70077800):  VMThread [stack: 0x00007f4a5dfcd000,0x00007f4a5e0ce000] [id=9788]

Stack: [0x00007f4a5dfcd000,0x00007f4a5e0ce000],  sp=0x00007f4a5e0cbfe0,  free space=1019k
Native frames: (J=compiled Java code, j=interpreted, Vv=VM code, C=native code)
V  [libjvm.so+0xab97ea]  VMError::report_and_die()+0x2ba
V  [libjvm.so+0x4f9dab]  report_vm_out_of_memory(char const*, int, unsigned long, VMErrorType, char const*)+0x8b
V  [libjvm.so+0x91a7c3]  os::Linux::commit_memory_impl(char*, unsigned long, bool)+0x103
V  [libjvm.so+0x91ad19]  os::pd_commit_memory(char*, unsigned long, unsigned long, bool)+0x29
V  [libjvm.so+0x91502a]  os::commit_memory(char*, unsigned long, unsigned long, bool)+0x2a
V  [libjvm.so+0x9886d3]  PSVirtualSpace::expand_by(unsigned long)+0x53
V  [libjvm.so+0x989ad8]  PSYoungGen::resize_generation(unsigned long, unsigned long)+0xf8
V  [libjvm.so+0x988c32]  PSYoungGen::resize(unsigned long, unsigned long)+0x22
V  [libjvm.so+0x985f0b]  PSScavenge::invoke_no_policy()+0xf3b
V  [libjvm.so+0x986691]  PSScavenge::invoke()+0x41
V  [libjvm.so+0x93e430]  ParallelScavengeHeap::failed_mem_allocate(unsigned long)+0x70
V  [libjvm.so+0xabb207]  VM_ParallelGCFailedAllocation::doit()+0x97
V  [libjvm.so+0xac2c35]  VM_Operation::evaluate()+0x55
V  [libjvm.so+0xac100a]  VMThread::evaluate_operation(VM_Operation*)+0xba
V  [libjvm.so+0xac138e]  VMThread::loop()+0x1ce
V  [libjvm.so+0xac1800]  VMThread::run()+0x70
V  [libjvm.so+0x91cb88]  java_start(Thread*)+0x108

VM_Operation (0x00007f4a5d4abad0): ParallelGCFailedAllocation, mode: safepoint, requested by thread 0x00007f4a70158000


---------------  P R O C E S S  ---------------

Java Threads: ( => current thread )
  0x00007f4a70169000 JavaThread "pool-1-thread-4" [_thread_blocked, id=9816, stack(0x00007f4a5cfa9000,0x00007f4a5d0aa000)]
  0x00007f4a70167800 JavaThread "pool-1-thread-3" [_thread_blocked, id=9815, stack(0x00007f4a5d0aa000,0x00007f4a5d1ab000)]
  0x00007f4a70165800 JavaThread "pool-1-thread-2" [_thread_blocked, id=9814, stack(0x00007f4a5d1ab000,0x00007f4a5d2ac000)]
  0x00007f4a70164000 JavaThread "pool-2-thread-1" [_thread_blocked, id=9813, stack(0x00007f4a5d2ac000,0x00007f4a5d3ad000)]
  0x00007f4a70158000 JavaThread "pool-1-thread-1" [_thread_blocked, id=9812, stack(0x00007f4a5d3ad000,0x00007f4a5d4ae000)]
  0x00007f4a700c3000 JavaThread "Service Thread" daemon [_thread_blocked, id=9795, stack(0x00007f4a5d5af000,0x00007f4a5d6b0000)]
  0x00007f4a700be000 JavaThread "C1 CompilerThread2" daemon [_thread_blocked, id=9794, stack(0x00007f4a5d6b0000,0x00007f4a5d7b1000)]
  0x00007f4a700bc000 JavaThread "C2 CompilerThread1" daemon [_thread_blocked, id=9793, stack(0x00007f4a5d7b1000,0x00007f4a5d8b2000)]
  0x00007f4a700b9800 JavaThread "C2 CompilerThread0" daemon [_thread_blocked, id=9792, stack(0x00007f4a5d8b2000,0x00007f4a5d9b3000)]
  0x00007f4a700b8000 JavaThread "Signal Dispatcher" daemon [_thread_blocked, id=9791, stack(0x00007f4a5d9b3000,0x00007f4a5dab4000)]
  0x00007f4a7007f000 JavaThread "Finalizer" daemon [_thread_blocked, id=9790, stack(0x00007f4a5ddcb000,0x00007f4a5decc000)]
  0x00007f4a7007d000 JavaThread "Reference Handler" daemon [_thread_blocked, id=9789, stack(0x00007f4a5decc000,0x00007f4a5dfcd000)]
  0x00007f4a7000a000 JavaThread "main" [_thread_blocked, id=9783, stack(0x00007f4a7647c000,0x00007f4a7657d000)]

Other Threads:
=>0x00007f4a70077800 VMThread [stack: 0x00007f4a5dfcd000,0x00007f4a5e0ce000] [id=9788]
  0x00007f4a700c6000 WatcherThread [stack: 0x00007f4a5d4ae000,0x00007f4a5d5af000] [id=9796]

VM state:at safepoint (normal execution)

VM Mutex/Monitor currently owned by a thread:  ([mutex/lock_event])
[0x00007f4a700064d0] Threads_lock - owner thread: 0x00007f4a70077800
[0x00007f4a700069d0] Heap_lock - owner thread: 0x00007f4a70158000

Heap:
 PSYoungGen      total 38400K, used 7653K [0x00000000eab00000, 0x00000000ef600000, 0x0000000100000000)
  eden space 30720K, 0% used [0x00000000eab00000,0x00000000eab00000,0x00000000ec900000)
  from space 7680K, 99% used [0x00000000eee80000,0x00000000ef5f9650,0x00000000ef600000)
  to   space 2560K, 0% used [0x00000000ec900000,0x00000000ec900000,0x00000000ecb80000)
 ParOldGen       total 40960K, used 13409K [0x00000000c0000000, 0x00000000c2800000, 0x00000000eab00000)
  object space 40960K, 32% used [0x00000000c0000000,0x00000000c0d18700,0x00000000c2800000)
 Metaspace       used 5877K, capacity 6896K, committed 7040K, reserved 1056768K
  class space    used 587K, capacity 616K, committed 640K, reserved 1048576K

Card table byte_map: [0x00007f4a5ffe8000,0x00007f4a601e9000] byte_map_base: 0x00007f4a5f9e8000

Marking Bits: (ParMarkBitMap*) 0x00007f4a75958de0
 Begin Bits: [0x00007f4a4e000000, 0x00007f4a4f000000)
 End Bits:   [0x00007f4a4f000000, 0x00007f4a50000000)

Polling page: 0x00007f4a765a0000

CodeCache: size=245760Kb used=4374Kb max_used=4374Kb free=241385Kb
 bounds [0x00007f4a605a9000, 0x00007f4a609f9000, 0x00007f4a6f5a9000]
 total_blobs=1399 nmethods=1132 adapters=182
 compilation: enabled

Compilation events (10 events):
Event: 23.514 Thread 0x00007f4a700be000 nmethod 1789 0x00007f4a609e5cd0 code [0x00007f4a609e5f20, 0x00007f4a609e6a78]
Event: 23.514 Thread 0x00007f4a700be000 1806       2       com.android.dx.ssa.SsaConverter::edgeSplitMoveExceptionsAndResults (157 bytes)
Event: 23.558 Thread 0x00007f4a700be000 nmethod 1806 0x00007f4a609e7950 code [0x00007f4a609e7c00, 0x00007f4a609e8548]
Event: 23.559 Thread 0x00007f4a700be000 1819 %     3       com.android.dx.ssa.DomFront::<init> @ 35 (60 bytes)
Event: 23.565 Thread 0x00007f4a700be000 nmethod 1819% 0x00007f4a609e9550 code [0x00007f4a609e9700, 0x00007f4a609e9d90]
Event: 23.565 Thread 0x00007f4a700be000 1826 %     3       com.android.dx.ssa.Dominators::run @ 89 (506 bytes)
Event: 23.692 Thread 0x00007f4a700be000 nmethod 1826% 0x00007f4a609ea090 code [0x00007f4a609ea680, 0x00007f4a609ee838]
Event: 23.692 Thread 0x00007f4a700be000 1820 % !   3       com.android.dx.cf.code.Simulator::simulate @ 19 (74 bytes)
Event: 23.695 Thread 0x00007f4a700be000 nmethod 1820% 0x00007f4a609f2250 code [0x00007f4a609f2440, 0x00007f4a609f2d98]
Event: 23.723 Thread 0x00007f4a700be000 1836 %     3       com.android.dx.cf.code.Ropper::addExceptionSetupBlocks @ 8 (203 bytes)

GC Heap History (10 events):
Event: 7.288 GC heap after
Heap after GC invocations=1 (full 0):
 PSYoungGen      total 17920K, used 2544K [0x00000000eab00000, 0x00000000ebf00000, 0x0000000100000000)
  eden space 15360K, 0% used [0x00000000eab00000,0x00000000eab00000,0x00000000eba00000)
  from space 2560K, 99% used [0x00000000eba00000,0x00000000ebc7c3b0,0x00000000ebc80000)
  to   space 2560K, 0% used [0x00000000ebc80000,0x00000000ebc80000,0x00000000ebf00000)
 ParOldGen       total 40960K, used 657K [0x00000000c0000000, 0x00000000c2800000, 0x00000000eab00000)
  object space 40960K, 1% used [0x00000000c0000000,0x00000000c00a47f8,0x00000000c2800000)
 Metaspace       used 5297K, capacity 6384K, committed 6528K, reserved 1056768K
  class space    used 579K, capacity 616K, committed 640K, reserved 1048576K
}
Event: 11.867 GC heap before
{Heap before GC invocations=2 (full 0):
 PSYoungGen      total 17920K, used 17904K [0x00000000eab00000, 0x00000000ebf00000, 0x0000000100000000)
  eden space 15360K, 100% used [0x00000000eab00000,0x00000000eba00000,0x00000000eba00000)
  from space 2560K, 99% used [0x00000000eba00000,0x00000000ebc7c3b0,0x00000000ebc80000)
  to   space 2560K, 0% used [0x00000000ebc80000,0x00000000ebc80000,0x00000000ebf00000)
 ParOldGen       total 40960K, used 657K [0x00000000c0000000, 0x00000000c2800000, 0x00000000eab00000)
  object space 40960K, 1% used [0x00000000c0000000,0x00000000c00a47f8,0x00000000c2800000)
 Metaspace       used 5706K, capacity 6704K, committed 6784K, reserved 1056768K
  class space    used 586K, capacity 616K, committed 640K, reserved 1048576K
Event: 11.955 GC heap after
Heap after GC invocations=2 (full 0):
 PSYoungGen      total 17920K, used 2551K [0x00000000eab00000, 0x00000000ece00000, 0x0000000100000000)
  eden space 15360K, 0% used [0x00000000eab00000,0x00000000eab00000,0x00000000eba00000)
  from space 2560K, 99% used [0x00000000ebc80000,0x00000000ebefdc78,0x00000000ebf00000)
  to   space 2560K, 0% used [0x00000000eba00000,0x00000000eba00000,0x00000000ebc80000)
 ParOldGen       total 40960K, used 1835K [0x00000000c0000000, 0x00000000c2800000, 0x00000000eab00000)
  object space 40960K, 4% used [0x00000000c0000000,0x00000000c01cac60,0x00000000c2800000)
 Metaspace       used 5706K, capacity 6704K, committed 6784K, reserved 1056768K
  class space    used 586K, capacity 616K, committed 640K, reserved 1048576K
}
Event: 15.355 GC heap before
{Heap before GC invocations=3 (full 0):
 PSYoungGen      total 17920K, used 17911K [0x00000000eab00000, 0x00000000ece00000, 0x0000000100000000)
  eden space 15360K, 100% used [0x00000000eab00000,0x00000000eba00000,0x00000000eba00000)
  from space 2560K, 99% used [0x00000000ebc80000,0x00000000ebefdc78,0x00000000ebf00000)
  to   space 2560K, 0% used [0x00000000eba00000,0x00000000eba00000,0x00000000ebc80000)
 ParOldGen       total 40960K, used 1835K [0x00000000c0000000, 0x00000000c2800000, 0x00000000eab00000)
  object space 40960K, 4% used [0x00000000c0000000,0x00000000c01cac60,0x00000000c2800000)
 Metaspace       used 5783K, capacity 6768K, committed 7040K, reserved 1056768K
  class space    used 587K, capacity 616K, committed 640K, reserved 1048576K
Event: 15.703 GC heap after
Heap after GC invocations=3 (full 0):
 PSYoungGen      total 17920K, used 2528K [0x00000000eab00000, 0x00000000ece00000, 0x0000000100000000)
  eden space 15360K, 0% used [0x00000000eab00000,0x00000000eab00000,0x00000000eba00000)
  from space 2560K, 98% used [0x00000000eba00000,0x00000000ebc78028,0x00000000ebc80000)
  to   space 2560K, 0% used [0x00000000ecb80000,0x00000000ecb80000,0x00000000ece00000)
 ParOldGen       total 40960K, used 4401K [0x00000000c0000000, 0x00000000c2800000, 0x00000000eab00000)
  object space 40960K, 10% used [0x00000000c0000000,0x00000000c044c520,0x00000000c2800000)
 Metaspace       used 5783K, capacity 6768K, committed 7040K, reserved 1056768K
  class space    used 587K, capacity 616K, committed 640K, reserved 1048576K
}
Event: 17.383 GC heap before
{Heap before GC invocations=4 (full 0):
 PSYoungGen      total 17920K, used 17888K [0x00000000eab00000, 0x00000000ece00000, 0x0000000100000000)
  eden space 15360K, 100% used [0x00000000eab00000,0x00000000eba00000,0x00000000eba00000)
  from space 2560K, 98% used [0x00000000eba00000,0x00000000ebc78028,0x00000000ebc80000)
  to   space 2560K, 0% used [0x00000000ecb80000,0x00000000ecb80000,0x00000000ece00000)
 ParOldGen       total 40960K, used 4401K [0x00000000c0000000, 0x00000000c2800000, 0x00000000eab00000)
  object space 40960K, 10% used [0x00000000c0000000,0x00000000c044c520,0x00000000c2800000)
 Metaspace       used 5799K, capacity 6832K, committed 7040K, reserved 1056768K
  class space    used 587K, capacity 616K, committed 640K, reserved 1048576K
Event: 17.579 GC heap after
Heap after GC invocations=4 (full 0):
 PSYoungGen      total 33280K, used 2528K [0x00000000eab00000, 0x00000000ece00000, 0x0000000100000000)
  eden space 30720K, 0% used [0x00000000eab00000,0x00000000eab00000,0x00000000ec900000)
  from space 2560K, 98% used [0x00000000ecb80000,0x00000000ecdf8028,0x00000000ece00000)
  to   space 2560K, 0% used [0x00000000ec900000,0x00000000ec900000,0x00000000ecb80000)
 ParOldGen       total 40960K, used 6612K [0x00000000c0000000, 0x00000000c2800000, 0x00000000eab00000)
  object space 40960K, 16% used [0x00000000c0000000,0x00000000c06752c8,0x00000000c2800000)
 Metaspace       used 5799K, capacity 6832K, committed 7040K, reserved 1056768K
  class space    used 587K, capacity 616K, committed 640K, reserved 1048576K
}
Event: 21.060 GC heap before
{Heap before GC invocations=5 (full 0):
 PSYoungGen      total 33280K, used 33248K [0x00000000eab00000, 0x00000000ece00000, 0x0000000100000000)
  eden space 30720K, 100% used [0x00000000eab00000,0x00000000ec900000,0x00000000ec900000)
  from space 2560K, 98% used [0x00000000ecb80000,0x00000000ecdf8028,0x00000000ece00000)
  to   space 2560K, 0% used [0x00000000ec900000,0x00000000ec900000,0x00000000ecb80000)
 ParOldGen       total 40960K, used 6612K [0x00000000c0000000, 0x00000000c2800000, 0x00000000eab00000)
  object space 40960K, 16% used [0x00000000c0000000,0x00000000c06752c8,0x00000000c2800000)
 Metaspace       used 5839K, capacity 6832K, committed 7040K, reserved 1056768K
  class space    used 587K, capacity 616K, committed 640K, reserved 1048576K
Event: 21.353 GC heap after
Heap after GC invocations=5 (full 0):
 PSYoungGen      total 33280K, used 2546K [0x00000000eab00000, 0x00000000ef600000, 0x0000000100000000)
  eden space 30720K, 0% used [0x00000000eab00000,0x00000000eab00000,0x00000000ec900000)
  from space 2560K, 99% used [0x00000000ec900000,0x00000000ecb7cbc0,0x00000000ecb80000)
  to   space 7680K, 0% used [0x00000000eee80000,0x00000000eee80000,0x00000000ef600000)
 ParOldGen       total 40960K, used 11510K [0x00000000c0000000, 0x00000000c2800000, 0x00000000eab00000)
  object space 40960K, 28% used [0x00000000c0000000,0x00000000c0b3d8f0,0x00000000c2800000)
 Metaspace       used 5839K, capacity 6832K, committed 7040K, reserved 1056768K
  class space    used 587K, capacity 616K, committed 640K, reserved 1048576K
}
Event: 23.724 GC heap before
{Heap before GC invocations=6 (full 0):
 PSYoungGen      total 33280K, used 33266K [0x00000000eab00000, 0x00000000ef600000, 0x0000000100000000)
  eden space 30720K, 100% used [0x00000000eab00000,0x00000000ec900000,0x00000000ec900000)
  from space 2560K, 99% used [0x00000000ec900000,0x00000000ecb7cbc0,0x00000000ecb80000)
  to   space 7680K, 0% used [0x00000000eee80000,0x00000000eee80000,0x00000000ef600000)
 ParOldGen       total 40960K, used 11510K [0x00000000c0000000, 0x00000000c2800000, 0x00000000eab00000)
  object space 40960K, 28% used [0x00000000c0000000,0x00000000c0b3d8f0,0x00000000c2800000)
 Metaspace       used 5877K, capacity 6896K, committed 7040K, reserved 1056768K
  class space    used 587K, capacity 616K, committed 640K, reserved 1048576K

Deoptimization events (10 events):
Event: 13.732 Thread 0x00007f4a70158000 Uncommon trap: reason=class_check action=maybe_recompile pc=0x00007f4a6086fe3c method=com.android.dx.ssa.NormalSsaInsn.accept(Lcom/android/dx/ssa/SsaInsn$Visitor;)V @ 9
Event: 13.941 Thread 0x00007f4a70165800 Uncommon trap: reason=class_check action=maybe_recompile pc=0x00007f4a6086fe3c method=com.android.dx.ssa.NormalSsaInsn.accept(Lcom/android/dx/ssa/SsaInsn$Visitor;)V @ 9
Event: 13.941 Thread 0x00007f4a70165800 Uncommon trap: reason=class_check action=maybe_recompile pc=0x00007f4a607ac490 method=com.android.dx.ssa.NormalSsaInsn.accept(Lcom/android/dx/ssa/SsaInsn$Visitor;)V @ 9
Event: 13.967 Thread 0x00007f4a70165800 Uncommon trap: reason=class_check action=maybe_recompile pc=0x00007f4a6086fe3c method=com.android.dx.ssa.NormalSsaInsn.accept(Lcom/android/dx/ssa/SsaInsn$Visitor;)V @ 9
Event: 14.579 Thread 0x00007f4a70165800 Uncommon trap: reason=unstable_if action=reinterpret pc=0x00007f4a6083c99c method=com.android.dx.rop.cst.Constant.compareTo(Lcom/android/dx/rop/cst/Constant;)I @ 12
Event: 19.365 Thread 0x00007f4a70165800 Uncommon trap: reason=bimorphic action=maybe_recompile pc=0x00007f4a607a5d58 method=java.util.HashMap.getNode(ILjava/lang/Object;)Ljava/util/HashMap$Node; @ 126
Event: 21.755 Thread 0x00007f4a70167800 Uncommon trap: reason=bimorphic action=maybe_recompile pc=0x00007f4a607a5d58 method=java.util.HashMap.getNode(ILjava/lang/Object;)Ljava/util/HashMap$Node; @ 126
Event: 21.800 Thread 0x00007f4a70167800 Uncommon trap: reason=class_check action=maybe_recompile pc=0x00007f4a6096d6f0 method=java.util.HashMap.putVal(ILjava/lang/Object;Ljava/lang/Object;ZZ)Ljava/lang/Object; @ 203
Event: 21.801 Thread 0x00007f4a70167800 Uncommon trap: reason=bimorphic action=maybe_recompile pc=0x00007f4a607a5d58 method=java.util.HashMap.getNode(ILjava/lang/Object;)Ljava/util/HashMap$Node; @ 126
Event: 22.896 Thread 0x00007f4a70158000 Uncommon trap: reason=unstable_if action=reinterpret pc=0x00007f4a608f0a7c method=com.android.dx.ssa.SsaMethod.updateOneDefinition(Lcom/android/dx/ssa/SsaInsn;Lcom/android/dx/rop/code/RegisterSpec;)V @ 4

Internal exceptions (2 events):
Event: 0.534 Thread 0x00007f4a7000a000 Exception <a 'java/lang/NoSuchMethodError': Method sun.misc.Unsafe.defineClass(Ljava/lang/String;[BII)Ljava/lang/Class; name or signature does not match> (0x00000000eab12b98) thrown at [/HUDSON/workspace/8-2-build-linux-amd64/jdk8u60/4407/hotspot/src/shar
Event: 0.535 Thread 0x00007f4a7000a000 Exception <a 'java/lang/NoSuchMethodError': Method sun.misc.Unsafe.prefetchRead(Ljava/lang/Object;J)V name or signature does not match> (0x00000000eab12e80) thrown at [/HUDSON/workspace/8-2-build-linux-amd64/jdk8u60/4407/hotspot/src/share/vm/prims/jni.cpp

Events (10 events):
Event: 21.800 Thread 0x00007f4a70167800 DEOPT UNPACKING pc=0x00007f4a605ae229 sp=0x00007f4a5d1a8e98 mode 2
Event: 21.801 Thread 0x00007f4a70167800 Uncommon trap: trap_request=0xffffffc6 fr.pc=0x00007f4a607a5d58
Event: 21.801 Thread 0x00007f4a70167800 DEOPT PACKING pc=0x00007f4a607a5d58 sp=0x00007f4a5d1a8fb0
Event: 21.801 Thread 0x00007f4a70167800 DEOPT UNPACKING pc=0x00007f4a605ae229 sp=0x00007f4a5d1a8ee8 mode 2
Event: 22.896 Thread 0x00007f4a70158000 Uncommon trap: trap_request=0xffffff65 fr.pc=0x00007f4a608f0a7c
Event: 22.896 Thread 0x00007f4a70158000 DEOPT PACKING pc=0x00007f4a608f0a7c sp=0x00007f4a5d4ab9d0
Event: 22.896 Thread 0x00007f4a70158000 DEOPT UNPACKING pc=0x00007f4a605ae229 sp=0x00007f4a5d4ab998 mode 2
Event: 23.554 Thread 0x00007f4a7000a000 DEOPT PACKING pc=0x00007f4a609181ec sp=0x00007f4a7657a880
Event: 23.554 Thread 0x00007f4a7000a000 DEOPT UNPACKING pc=0x00007f4a605f0233 sp=0x00007f4a7657a580 mode 0
Event: 23.701 Executing VM operation: ParallelGCFailedAllocation


Dynamic libraries:
00400000-00401000 r-xp 00000000 08:02 4071875                            /usr/local/jdk1.8.0_60/bin/java
00600000-00601000 rw-p 00000000 08:02 4071875                            /usr/local/jdk1.8.0_60/bin/java
008d7000-008f8000 rw-p 00000000 00:00 0                                  [heap]
c0000000-c2800000 rw-p 00000000 00:00 0 
c2800000-eab00000 ---p 00000000 00:00 0 
eab00000-ef600000 rw-p 00000000 00:00 0 
efb00000-100000000 ---p 00000000 00:00 0 
100000000-1000a0000 rw-p 00000000 00:00 0 
1000a0000-140000000 ---p 00000000 00:00 0 
7f4a08000000-7f4a08021000 rw-p 00000000 00:00 0 
7f4a08021000-7f4a0c000000 ---p 00000000 00:00 0 
7f4a10000000-7f4a10023000 rw-p 00000000 00:00 0 
7f4a10023000-7f4a14000000 ---p 00000000 00:00 0 
7f4a14000000-7f4a14021000 rw-p 00000000 00:00 0 
7f4a14021000-7f4a18000000 ---p 00000000 00:00 0 
7f4a18000000-7f4a18029000 rw-p 00000000 00:00 0 
7f4a18029000-7f4a1c000000 ---p 00000000 00:00 0 
7f4a1c000000-7f4a1c021000 rw-p 00000000 00:00 0 
7f4a1c021000-7f4a20000000 ---p 00000000 00:00 0 
7f4a20000000-7f4a20021000 rw-p 00000000 00:00 0 
7f4a20021000-7f4a24000000 ---p 00000000 00:00 0 
7f4a24000000-7f4a24021000 rw-p 00000000 00:00 0 
7f4a24021000-7f4a28000000 ---p 00000000 00:00 0 
7f4a28000000-7f4a289f5000 rw-p 00000000 00:00 0 
7f4a289f5000-7f4a2c000000 ---p 00000000 00:00 0 
7f4a2c000000-7f4a2c5e8000 rw-p 00000000 00:00 0 
7f4a2c5e8000-7f4a30000000 ---p 00000000 00:00 0 
7f4a30000000-7f4a30021000 rw-p 00000000 00:00 0 
7f4a30021000-7f4a34000000 ---p 00000000 00:00 0 
7f4a34000000-7f4a3463a000 rw-p 00000000 00:00 0 
7f4a3463a000-7f4a38000000 ---p 00000000 00:00 0 
7f4a38000000-7f4a38021000 rw-p 00000000 00:00 0 
7f4a38021000-7f4a3c000000 ---p 00000000 00:00 0 
7f4a3c000000-7f4a3c021000 rw-p 00000000 00:00 0 
7f4a3c021000-7f4a40000000 ---p 00000000 00:00 0 
7f4a40000000-7f4a40021000 rw-p 00000000 00:00 0 
7f4a40021000-7f4a44000000 ---p 00000000 00:00 0 
7f4a44000000-7f4a44295000 rw-p 00000000 00:00 0 
7f4a44295000-7f4a48000000 ---p 00000000 00:00 0 
7f4a48000000-7f4a48021000 rw-p 00000000 00:00 0 
7f4a48021000-7f4a4c000000 ---p 00000000 00:00 0 
7f4a4e000000-7f4a50000000 rw-p 00000000 00:00 0 
7f4a50000000-7f4a50021000 rw-p 00000000 00:00 0 
7f4a50021000-7f4a54000000 ---p 00000000 00:00 0 
7f4a57e00000-7f4a58000000 rw-p 00000000 00:00 0 
7f4a58000000-7f4a58021000 rw-p 00000000 00:00 0 
7f4a58021000-7f4a5c000000 ---p 00000000 00:00 0 
7f4a5cfa9000-7f4a5cfac000 ---p 00000000 00:00 0 
7f4a5cfac000-7f4a5d0aa000 rw-p 00000000 00:00 0                          [stack:9816]
7f4a5d0aa000-7f4a5d0ad000 ---p 00000000 00:00 0 
7f4a5d0ad000-7f4a5d1ab000 rw-p 00000000 00:00 0                          [stack:9815]
7f4a5d1ab000-7f4a5d1ae000 ---p 00000000 00:00 0 
7f4a5d1ae000-7f4a5d2ac000 rw-p 00000000 00:00 0                          [stack:9814]
7f4a5d2ac000-7f4a5d2af000 ---p 00000000 00:00 0 
7f4a5d2af000-7f4a5d3ad000 rw-p 00000000 00:00 0                          [stack:9813]
7f4a5d3ad000-7f4a5d3b0000 ---p 00000000 00:00 0 
7f4a5d3b0000-7f4a5d4ae000 rw-p 00000000 00:00 0                          [stack:9812]
7f4a5d4ae000-7f4a5d4af000 ---p 00000000 00:00 0 
7f4a5d4af000-7f4a5d5af000 rw-p 00000000 00:00 0                          [stack:9796]
7f4a5d5af000-7f4a5d5b2000 ---p 00000000 00:00 0 
7f4a5d5b2000-7f4a5d6b0000 rw-p 00000000 00:00 0                          [stack:9795]
7f4a5d6b0000-7f4a5d6b3000 ---p 00000000 00:00 0 
7f4a5d6b3000-7f4a5d7b1000 rw-p 00000000 00:00 0                          [stack:9794]
7f4a5d7b1000-7f4a5d7b4000 ---p 00000000 00:00 0 
7f4a5d7b4000-7f4a5d8b2000 rw-p 00000000 00:00 0                          [stack:9793]
7f4a5d8b2000-7f4a5d8b5000 ---p 00000000 00:00 0 
7f4a5d8b5000-7f4a5d9b3000 rw-p 00000000 00:00 0                          [stack:9792]
7f4a5d9b3000-7f4a5d9b6000 ---p 00000000 00:00 0 
7f4a5d9b6000-7f4a5dab4000 rw-p 00000000 00:00 0                          [stack:9791]
7f4a5dab4000-7f4a5ddcb000 r--p 00000000 08:02 3939108                    /usr/lib/locale/locale-archive
7f4a5ddcb000-7f4a5ddce000 ---p 00000000 00:00 0 
7f4a5ddce000-7f4a5decc000 rw-p 00000000 00:00 0                          [stack:9790]
7f4a5decc000-7f4a5decf000 ---p 00000000 00:00 0 
7f4a5decf000-7f4a5dfcd000 rw-p 00000000 00:00 0                          [stack:9789]
7f4a5dfcd000-7f4a5dfce000 ---p 00000000 00:00 0 
7f4a5dfce000-7f4a5f040000 rw-p 00000000 00:00 0                          [stack:9788]
7f4a5f040000-7f4a5f218000 r--s 03d17000 08:02 4598728                    /usr/local/jdk1.8.0_60/jre/lib/rt.jar
7f4a5f218000-7f4a5f8ce000 rw-p 00000000 00:00 0 
7f4a5f8ce000-7f4a5fa8e000 ---p 00000000 00:00 0 
7f4a5fa8e000-7f4a5fa8f000 ---p 00000000 00:00 0 
7f4a5fa8f000-7f4a5fb8f000 rw-p 00000000 00:00 0                          [stack:9787]
7f4a5fb8f000-7f4a5fb90000 ---p 00000000 00:00 0 
7f4a5fb90000-7f4a5fc90000 rw-p 00000000 00:00 0                          [stack:9786]
7f4a5fc90000-7f4a5fc91000 ---p 00000000 00:00 0 
7f4a5fc91000-7f4a5fd91000 rw-p 00000000 00:00 0                          [stack:9785]
7f4a5fd91000-7f4a5fd92000 ---p 00000000 00:00 0 
7f4a5fd92000-7f4a5fea6000 rw-p 00000000 00:00 0                          [stack:9784]
7f4a5fea6000-7f4a5ffe8000 ---p 00000000 00:00 0 
7f4a5ffe8000-7f4a5fffc000 rw-p 00000000 00:00 0 
7f4a5fffc000-7f4a6013d000 ---p 00000000 00:00 0 
7f4a6013d000-7f4a60163000 rw-p 00000000 00:00 0 
7f4a60163000-7f4a601e8000 ---p 00000000 00:00 0 
7f4a601e8000-7f4a601fb000 rw-p 00000000 00:00 0 
7f4a601fb000-7f4a605a9000 ---p 00000000 00:00 0 
7f4a605a9000-7f4a609f9000 rwxp 00000000 00:00 0 
7f4a609f9000-7f4a6f5a9000 ---p 00000000 00:00 0 
7f4a6f5a9000-7f4a6f5c3000 r-xp 00000000 08:02 4727989                    /usr/local/jdk1.8.0_60/jre/lib/amd64/libzip.so
7f4a6f5c3000-7f4a6f7c3000 ---p 0001a000 08:02 4727989                    /usr/local/jdk1.8.0_60/jre/lib/amd64/libzip.so
7f4a6f7c3000-7f4a6f7c4000 rw-p 0001a000 08:02 4727989                    /usr/local/jdk1.8.0_60/jre/lib/amd64/libzip.so
7f4a6f7c4000-7f4a6f7cf000 r-xp 00000000 08:02 4329768                    /lib/x86_64-linux-gnu/libnss_files-2.19.so
7f4a6f7cf000-7f4a6f9ce000 ---p 0000b000 08:02 4329768                    /lib/x86_64-linux-gnu/libnss_files-2.19.so
7f4a6f9ce000-7f4a6f9cf000 r--p 0000a000 08:02 4329768                    /lib/x86_64-linux-gnu/libnss_files-2.19.so
7f4a6f9cf000-7f4a6f9d0000 rw-p 0000b000 08:02 4329768                    /lib/x86_64-linux-gnu/libnss_files-2.19.so
7f4a6f9d0000-7f4a6f9db000 r-xp 00000000 08:02 4329778                    /lib/x86_64-linux-gnu/libnss_nis-2.19.so
7f4a6f9db000-7f4a6fbda000 ---p 0000b000 08:02 4329778                    /lib/x86_64-linux-gnu/libnss_nis-2.19.so
7f4a6fbda000-7f4a6fbdb000 r--p 0000a000 08:02 4329778                    /lib/x86_64-linux-gnu/libnss_nis-2.19.so
7f4a6fbdb000-7f4a6fbdc000 rw-p 0000b000 08:02 4329778                    /lib/x86_64-linux-gnu/libnss_nis-2.19.so
7f4a6fbdc000-7f4a6fbf3000 r-xp 00000000 08:02 4329762                    /lib/x86_64-linux-gnu/libnsl-2.19.so
7f4a6fbf3000-7f4a6fdf2000 ---p 00017000 08:02 4329762                    /lib/x86_64-linux-gnu/libnsl-2.19.so
7f4a6fdf2000-7f4a6fdf3000 r--p 00016000 08:02 4329762                    /lib/x86_64-linux-gnu/libnsl-2.19.so
7f4a6fdf3000-7f4a6fdf4000 rw-p 00017000 08:02 4329762                    /lib/x86_64-linux-gnu/libnsl-2.19.so
7f4a6fdf4000-7f4a6fdf6000 rw-p 00000000 00:00 0 
7f4a6fdf6000-7f4a6fdff000 r-xp 00000000 08:02 4329764                    /lib/x86_64-linux-gnu/libnss_compat-2.19.so
7f4a6fdff000-7f4a6fffe000 ---p 00009000 08:02 4329764                    /lib/x86_64-linux-gnu/libnss_compat-2.19.so
7f4a6fffe000-7f4a6ffff000 r--p 00008000 08:02 4329764                    /lib/x86_64-linux-gnu/libnss_compat-2.19.so
7f4a6ffff000-7f4a70000000 rw-p 00009000 08:02 4329764                    /lib/x86_64-linux-gnu/libnss_compat-2.19.so
7f4a70000000-7f4a7038c000 rw-p 00000000 00:00 0 
7f4a7038c000-7f4a74000000 ---p 00000000 00:00 0 
7f4a74007000-7f4a74010000 r--s 0005a000 08:02 5644005                    /home/amr/AndroidStudioProjects/Consort/app/build/intermediates/exploded-aar/com.google.android.gms/play-services-analytics/8.4.0/jars/classes.jar
7f4a74010000-7f4a7401f000 r--s 000df000 08:02 1049192                    /home/amr/android-sdk-linux/build-tools/23.0.2/lib/dx.jar
7f4a7401f000-7f4a74061000 rw-p 00000000 00:00 0 
7f4a74061000-7f4a7408b000 r-xp 00000000 08:02 4727966                    /usr/local/jdk1.8.0_60/jre/lib/amd64/libjava.so
7f4a7408b000-7f4a7428b000 ---p 0002a000 08:02 4727966                    /usr/local/jdk1.8.0_60/jre/lib/amd64/libjava.so
7f4a7428b000-7f4a7428d000 rw-p 0002a000 08:02 4727966                    /usr/local/jdk1.8.0_60/jre/lib/amd64/libjava.so
7f4a7428d000-7f4a7429a000 r-xp 00000000 08:02 4727936                    /usr/local/jdk1.8.0_60/jre/lib/amd64/libverify.so
7f4a7429a000-7f4a7449a000 ---p 0000d000 08:02 4727936                    /usr/local/jdk1.8.0_60/jre/lib/amd64/libverify.so
7f4a7449a000-7f4a7449c000 rw-p 0000d000 08:02 4727936                    /usr/local/jdk1.8.0_60/jre/lib/amd64/libverify.so
7f4a7449c000-7f4a744a3000 r-xp 00000000 08:02 4329821                    /lib/x86_64-linux-gnu/librt-2.19.so
7f4a744a3000-7f4a746a2000 ---p 00007000 08:02 4329821                    /lib/x86_64-linux-gnu/librt-2.19.so
7f4a746a2000-7f4a746a3000 r--p 00006000 08:02 4329821                    /lib/x86_64-linux-gnu/librt-2.19.so
7f4a746a3000-7f4a746a4000 rw-p 00007000 08:02 4329821                    /lib/x86_64-linux-gnu/librt-2.19.so
7f4a746a4000-7f4a747a9000 r-xp 00000000 08:02 4329743                    /lib/x86_64-linux-gnu/libm-2.19.so
7f4a747a9000-7f4a749a8000 ---p 00105000 08:02 4329743                    /lib/x86_64-linux-gnu/libm-2.19.so
7f4a749a8000-7f4a749a9000 r--p 00104000 08:02 4329743                    /lib/x86_64-linux-gnu/libm-2.19.so
7f4a749a9000-7f4a749aa000 rw-p 00105000 08:02 4329743                    /lib/x86_64-linux-gnu/libm-2.19.so
7f4a749aa000-7f4a75668000 r-xp 00000000 08:02 4727868                    /usr/local/jdk1.8.0_60/jre/lib/amd64/server/libjvm.so
7f4a75668000-7f4a75867000 ---p 00cbe000 08:02 4727868                    /usr/local/jdk1.8.0_60/jre/lib/amd64/server/libjvm.so
7f4a75867000-7f4a7593f000 rw-p 00cbd000 08:02 4727868                    /usr/local/jdk1.8.0_60/jre/lib/amd64/server/libjvm.so
7f4a7593f000-7f4a75984000 rw-p 00000000 00:00 0 
7f4a75984000-7f4a75b3f000 r-xp 00000000 08:02 4329692                    /lib/x86_64-linux-gnu/libc-2.19.so
7f4a75b3f000-7f4a75d3e000 ---p 001bb000 08:02 4329692                    /lib/x86_64-linux-gnu/libc-2.19.so
7f4a75d3e000-7f4a75d42000 r--p 001ba000 08:02 4329692                    /lib/x86_64-linux-gnu/libc-2.19.so
7f4a75d42000-7f4a75d44000 rw-p 001be000 08:02 4329692                    /lib/x86_64-linux-gnu/libc-2.19.so
7f4a75d44000-7f4a75d49000 rw-p 00000000 00:00 0 
7f4a75d49000-7f4a75d4c000 r-xp 00000000 08:02 4329709                    /lib/x86_64-linux-gnu/libdl-2.19.so
7f4a75d4c000-7f4a75f4b000 ---p 00003000 08:02 4329709                    /lib/x86_64-linux-gnu/libdl-2.19.so
7f4a75f4b000-7f4a75f4c000 r--p 00002000 08:02 4329709                    /lib/x86_64-linux-gnu/libdl-2.19.so
7f4a75f4c000-7f4a75f4d000 rw-p 00003000 08:02 4329709                    /lib/x86_64-linux-gnu/libdl-2.19.so
7f4a75f4d000-7f4a75f62000 r-xp 00000000 08:02 4850898                    /usr/local/jdk1.8.0_60/lib/amd64/jli/libjli.so
7f4a75f62000-7f4a76162000 ---p 00015000 08:02 4850898                    /usr/local/jdk1.8.0_60/lib/amd64/jli/libjli.so
7f4a76162000-7f4a76163000 rw-p 00015000 08:02 4850898                    /usr/local/jdk1.8.0_60/lib/amd64/jli/libjli.so
7f4a76163000-7f4a7617c000 r-xp 00000000 08:02 4329813                    /lib/x86_64-linux-gnu/libpthread-2.19.so
7f4a7617c000-7f4a7637b000 ---p 00019000 08:02 4329813                    /lib/x86_64-linux-gnu/libpthread-2.19.so
7f4a7637b000-7f4a7637c000 r--p 00018000 08:02 4329813                    /lib/x86_64-linux-gnu/libpthread-2.19.so
7f4a7637c000-7f4a7637d000 rw-p 00019000 08:02 4329813                    /lib/x86_64-linux-gnu/libpthread-2.19.so
7f4a7637d000-7f4a76381000 rw-p 00000000 00:00 0 
7f4a76381000-7f4a763a4000 r-xp 00000000 08:02 4329666                    /lib/x86_64-linux-gnu/ld-2.19.so
7f4a763aa000-7f4a7647c000 rw-p 00000000 00:00 0 
7f4a7647c000-7f4a7647f000 ---p 00000000 00:00 0 
7f4a7647f000-7f4a76581000 rw-p 00000000 00:00 0                          [stack:9783]
7f4a76582000-7f4a76597000 rw-p 00000000 00:00 0 
7f4a76597000-7f4a7659f000 rw-s 00000000 08:02 4202935                    /tmp/hsperfdata_amr/9778
7f4a7659f000-7f4a765a0000 rw-p 00000000 00:00 0 
7f4a765a0000-7f4a765a1000 ---p 00000000 00:00 0 
7f4a765a1000-7f4a765a3000 rw-p 00000000 00:00 0 
7f4a765a3000-7f4a765a4000 r--p 00022000 08:02 4329666                    /lib/x86_64-linux-gnu/ld-2.19.so
7f4a765a4000-7f4a765a5000 rw-p 00023000 08:02 4329666                    /lib/x86_64-linux-gnu/ld-2.19.so
7f4a765a5000-7f4a765a6000 rw-p 00000000 00:00 0 
7ffc41082000-7ffc410a3000 rw-p 00000000 00:00 0                          [stack]
7ffc41166000-7ffc41168000 r-xp 00000000 00:00 0                          [vdso]
7ffc41168000-7ffc4116a000 r--p 00000000 00:00 0                          [vvar]
ffffffffff600000-ffffffffff601000 r-xp 00000000 00:00 0                  [vsyscall]

VM Arguments:
jvm_args: -Djava.awt.headless=true -Xmx1024M -Dfile.encoding=UTF-8 -Duser.country=US -Duser.language=en -Duser.variant 
java_command: com.android.dx.command.Main --dex --num-threads=4 --output /home/amr/AndroidStudioProjects/Consort/app/build/intermediates/pre-dexed/debug/com.google.android.gms-play-services-analytics-8.4.0_2244ab92c3b200b011166bbe2cd4313dd08b51e9.jar /home/amr/AndroidStudioProjects/Consort/app/build/intermediates/exploded-aar/com.google.android.gms/play-services-analytics/8.4.0/jars/classes.jar
java_class_path (initial): /home/amr/android-sdk-linux/build-tools/23.0.2/lib/dx.jar
Launcher Type: SUN_STANDARD

Environment Variables:
JAVA_HOME=/usr/local/jdk1.8.0_60
PATH=/usr/local/sbin:/usr/local/bin:/usr/sbin:/usr/bin:/sbin:/bin:/usr/games:/usr/local/games:/usr/local/jdk1.8.0_60/bin:$/home/amr/android-studio/bin
USERNAME=amr
LD_LIBRARY_PATH=android-studio/bin:
SHELL=/bin/bash
DISPLAY=:0

Signal Handlers:
SIGSEGV: [libjvm.so+0xaba070], sa_mask[0]=11111111011111111101111111111110, sa_flags=SA_RESTART|SA_SIGINFO
SIGBUS: [libjvm.so+0xaba070], sa_mask[0]=11111111011111111101111111111110, sa_flags=SA_RESTART|SA_SIGINFO
SIGFPE: [libjvm.so+0x917630], sa_mask[0]=11111111011111111101111111111110, sa_flags=SA_RESTART|SA_SIGINFO
SIGPIPE: [libjvm.so+0x917630], sa_mask[0]=11111111011111111101111111111110, sa_flags=SA_RESTART|SA_SIGINFO
SIGXFSZ: [libjvm.so+0x917630], sa_mask[0]=11111111011111111101111111111110, sa_flags=SA_RESTART|SA_SIGINFO
SIGILL: [libjvm.so+0x917630], sa_mask[0]=11111111011111111101111111111110, sa_flags=SA_RESTART|SA_SIGINFO
SIGUSR1: SIG_DFL, sa_mask[0]=00000000000000000000000000000000, sa_flags=none
SIGUSR2: [libjvm.so+0x918c60], sa_mask[0]=00100000000000000000000000000000, sa_flags=SA_RESTART|SA_SIGINFO
SIGHUP: [libjvm.so+0x91a060], sa_mask[0]=11111111011111111101111111111110, sa_flags=SA_RESTART|SA_SIGINFO
SIGINT: [libjvm.so+0x91a060], sa_mask[0]=11111111011111111101111111111110, sa_flags=SA_RESTART|SA_SIGINFO
SIGTERM: [libjvm.so+0x91a060], sa_mask[0]=11111111011111111101111111111110, sa_flags=SA_RESTART|SA_SIGINFO
SIGQUIT: [libjvm.so+0x91a060], sa_mask[0]=11111111011111111101111111111110, sa_flags=SA_RESTART|SA_SIGINFO


---------------  S Y S T E M  ---------------

OS:DISTRIB_ID=LinuxMint
DISTRIB_RELEASE=17.2
DISTRIB_CODENAME=rafaela
DISTRIB_DESCRIPTION="Linux Mint 17.2 Rafaela"

uname:Linux 3.16.0-38-generic #52~14.04.1-Ubuntu SMP Fri May 8 09:43:57 UTC 2015 x86_64
libc:glibc 2.19 NPTL 2.19 
rlimit: STACK 8192k, CORE 0k, NPROC 14876, NOFILE 4096, AS infinity
load average:54.81 39.99 21.25

/proc/meminfo:
MemTotal:        3839576 kB
MemFree:          794076 kB
MemAvailable:     755272 kB
Buffers:            2204 kB
Cached:           279036 kB
SwapCached:            0 kB
Active:          2622548 kB
Inactive:         263040 kB
Active(anon):    2614440 kB
Inactive(anon):   214960 kB
Active(file):       8108 kB
Inactive(file):    48080 kB
Unevictable:           0 kB
Mlocked:               0 kB
SwapTotal:             0 kB
SwapFree:              0 kB
Dirty:               308 kB
Writeback:             0 kB
AnonPages:       2591556 kB
Mapped:           165880 kB
Shmem:            224772 kB
Slab:              64888 kB
SReclaimable:      35140 kB
SUnreclaim:        29748 kB
KernelStack:       10288 kB
PageTables:        28480 kB
NFS_Unstable:          0 kB
Bounce:                0 kB
WritebackTmp:          0 kB
CommitLimit:     1919788 kB
Committed_AS:    5482564 kB
VmallocTotal:   34359738367 kB
VmallocUsed:      543552 kB
VmallocChunk:   34359186908 kB
HardwareCorrupted:     0 kB
AnonHugePages:   1185792 kB
HugePages_Total:       0
HugePages_Free:        0
HugePages_Rsvd:        0
HugePages_Surp:        0
Hugepagesize:       2048 kB
DirectMap4k:       70720 kB
DirectMap2M:     3913728 kB


CPU:total 4 (2 cores per cpu, 2 threads per core) family 6 model 37 stepping 5, cmov, cx8, fxsr, mmx, sse, sse2, sse3, ssse3, sse4.1, sse4.2, popcnt, ht, tsc, tscinvbit

/proc/cpuinfo:
processor	: 0
vendor_id	: GenuineIntel
cpu family	: 6
model		: 37
model name	: Intel(R) Core(TM) i3 CPU       M 380  @ 2.53GHz
stepping	: 5
microcode	: 0x2
cpu MHz		: 2533.000
cache size	: 3072 KB
physical id	: 0
siblings	: 4
core id		: 0
cpu cores	: 2
apicid		: 0
initial apicid	: 0
fpu		: yes
fpu_exception	: yes
cpuid level	: 11
wp		: yes
flags		: fpu vme de pse tsc msr pae mce cx8 apic sep mtrr pge mca cmov pat pse36 clflush dts acpi mmx fxsr sse sse2 ss ht tm pbe syscall nx rdtscp lm constant_tsc arch_perfmon pebs bts nopl xtopology nonstop_tsc aperfmperf pni dtes64 monitor ds_cpl vmx est tm2 ssse3 cx16 xtpr pdcm pcid sse4_1 sse4_2 popcnt lahf_lm arat dtherm tpr_shadow vnmi flexpriority ept vpid
bogomips	: 5055.06
clflush size	: 64
cache_alignment	: 64
address sizes	: 36 bits physical, 48 bits virtual
power management:

processor	: 1
vendor_id	: GenuineIntel
cpu family	: 6
model		: 37
model name	: Intel(R) Core(TM) i3 CPU       M 380  @ 2.53GHz
stepping	: 5
microcode	: 0x2
cpu MHz		: 2533.000
cache size	: 3072 KB
physical id	: 0
siblings	: 4
core id		: 0
cpu cores	: 2
apicid		: 1
initial apicid	: 1
fpu		: yes
fpu_exception	: yes
cpuid level	: 11
wp		: yes
flags		: fpu vme de pse tsc msr pae mce cx8 apic sep mtrr pge mca cmov pat pse36 clflush dts acpi mmx fxsr sse sse2 ss ht tm pbe syscall nx rdtscp lm constant_tsc arch_perfmon pebs bts nopl xtopology nonstop_tsc aperfmperf pni dtes64 monitor ds_cpl vmx est tm2 ssse3 cx16 xtpr pdcm pcid sse4_1 sse4_2 popcnt lahf_lm arat dtherm tpr_shadow vnmi flexpriority ept vpid
bogomips	: 5055.06
clflush size	: 64
cache_alignment	: 64
address sizes	: 36 bits physical, 48 bits virtual
power management:

processor	: 2
vendor_id	: GenuineIntel
cpu family	: 6
model		: 37
model name	: Intel(R) Core(TM) i3 CPU       M 380  @ 2.53GHz
stepping	: 5
microcode	: 0x2
cpu MHz		: 2533.000
cache size	: 3072 KB
physical id	: 0
siblings	: 4
core id		: 2
cpu cores	: 2
apicid		: 4
initial apicid	: 4
fpu		: yes
fpu_exception	: yes
cpuid level	: 11
wp		: yes
flags		: fpu vme de pse tsc msr pae mce cx8 apic sep mtrr pge mca cmov pat pse36 clflush dts acpi mmx fxsr sse sse2 ss ht tm pbe syscall nx rdtscp lm constant_tsc arch_perfmon pebs bts nopl xtopology nonstop_tsc aperfmperf pni dtes64 monitor ds_cpl vmx est tm2 ssse3 cx16 xtpr pdcm pcid sse4_1 sse4_2 popcnt lahf_lm arat dtherm tpr_shadow vnmi flexpriority ept vpid
bogomips	: 5055.06
clflush size	: 64
cache_alignment	: 64
address sizes	: 36 bits physical, 48 bits virtual
power management:

processor	: 3
vendor_id	: GenuineIntel
cpu family	: 6
model		: 37
model name	: Intel(R) Core(TM) i3 CPU       M 380  @ 2.53GHz
stepping	: 5
microcode	: 0x2
cpu MHz		: 2533.000
cache size	: 3072 KB
physical id	: 0
siblings	: 4
core id		: 2
cpu cores	: 2
apicid		: 5
initial apicid	: 5
fpu		: yes
fpu_exception	: yes
cpuid level	: 11
wp		: yes
flags		: fpu vme de pse tsc msr pae mce cx8 apic sep mtrr pge mca cmov pat pse36 clflush dts acpi mmx fxsr sse sse2 ss ht tm pbe syscall nx rdtscp lm constant_tsc arch_perfmon pebs bts nopl xtopology nonstop_tsc aperfmperf pni dtes64 monitor ds_cpl vmx est tm2 ssse3 cx16 xtpr pdcm pcid sse4_1 sse4_2 popcnt lahf_lm arat dtherm tpr_shadow vnmi flexpriority ept vpid
bogomips	: 5055.06
clflush size	: 64
cache_alignment	: 64
address sizes	: 36 bits physical, 48 bits virtual
power management:



Memory: 4k page, physical 3839576k(807844k free), swap 0k(0k free)

vm_info: Java HotSpot(TM) 64-Bit Server VM (25.60-b23) for linux-amd64 JRE (1.8.0_60-b27), built on Aug  4 2015 12:19:40 by "java_re" with gcc 4.3.0 20080428 (Red Hat 4.3.0-8)

time: Wed Feb 24 14:17:44 2016
elapsed time: 250 seconds (0d 0h 4m 10s)

