#
# There is insufficient memory for the Java Runtime Environment to continue.
# Native memory allocation (mmap) failed to map 61865984 bytes for committing reserved memory.
# Possible reasons:
#   The system is out of physical RAM or swap space
#   In 32 bit mode, the process size limit was hit
# Possible solutions:
#   Reduce memory load on the system
#   Increase physical memory or swap space
#   Check if swap backing store is full
#   Use 64 bit Java on a 64 bit OS
#   Decrease Java heap size (-Xmx/-Xms)
#   Decrease number of Java threads
#   Decrease Java thread stack sizes (-Xss)
#   Set larger code cache with -XX:ReservedCodeCacheSize=
# This output file may be truncated or incomplete.
#
#  Out of Memory Error (os_linux.cpp:2627), pid=8290, tid=139882572744448
#
# JRE version: Java(TM) SE Runtime Environment (8.0_60-b27) (build 1.8.0_60-b27)
# Java VM: Java HotSpot(TM) 64-Bit Server VM (25.60-b23 mixed mode linux-amd64 compressed oops)
# Failed to write core dump. Core dumps have been disabled. To enable core dumping, try "ulimit -c unlimited" before starting Java again
#

---------------  T H R E A D  ---------------

Current thread (0x00007f390807a800):  VMThread [stack: 0x00007f38f2ff0000,0x00007f38f30f1000] [id=8300]

Stack: [0x00007f38f2ff0000,0x00007f38f30f1000],  sp=0x00007f38f30eefe0,  free space=1019k
Native frames: (J=compiled Java code, j=interpreted, Vv=VM code, C=native code)
V  [libjvm.so+0xab97ea]  VMError::report_and_die()+0x2ba
V  [libjvm.so+0x4f9dab]  report_vm_out_of_memory(char const*, int, unsigned long, VMErrorType, char const*)+0x8b
V  [libjvm.so+0x91a7c3]  os::Linux::commit_memory_impl(char*, unsigned long, bool)+0x103
V  [libjvm.so+0x91ad19]  os::pd_commit_memory(char*, unsigned long, unsigned long, bool)+0x29
V  [libjvm.so+0x91502a]  os::commit_memory(char*, unsigned long, unsigned long, bool)+0x2a
V  [libjvm.so+0x9886d3]  PSVirtualSpace::expand_by(unsigned long)+0x53
V  [libjvm.so+0x989ad8]  PSYoungGen::resize_generation(unsigned long, unsigned long)+0xf8
V  [libjvm.so+0x988c32]  PSYoungGen::resize(unsigned long, unsigned long)+0x22
V  [libjvm.so+0x985f0b]  PSScavenge::invoke_no_policy()+0xf3b
V  [libjvm.so+0x986691]  PSScavenge::invoke()+0x41
V  [libjvm.so+0x93e430]  ParallelScavengeHeap::failed_mem_allocate(unsigned long)+0x70
V  [libjvm.so+0xabb207]  VM_ParallelGCFailedAllocation::doit()+0x97
V  [libjvm.so+0xac2c35]  VM_Operation::evaluate()+0x55
V  [libjvm.so+0xac100a]  VMThread::evaluate_operation(VM_Operation*)+0xba
V  [libjvm.so+0xac138e]  VMThread::loop()+0x1ce
V  [libjvm.so+0xac1800]  VMThread::run()+0x70
V  [libjvm.so+0x91cb88]  java_start(Thread*)+0x108

VM_Operation (0x00007f390f832de0): ParallelGCFailedAllocation, mode: safepoint, requested by thread 0x00007f390800c800


---------------  P R O C E S S  ---------------

Java Threads: ( => current thread )
  0x00007f39080c3800 JavaThread "Service Thread" daemon [_thread_blocked, id=8307, stack(0x00007f38f25d2000,0x00007f38f26d3000)]
  0x00007f39080be800 JavaThread "C1 CompilerThread2" daemon [_thread_blocked, id=8306, stack(0x00007f38f26d3000,0x00007f38f27d4000)]
  0x00007f39080bc800 JavaThread "C2 CompilerThread1" daemon [_thread_blocked, id=8305, stack(0x00007f38f27d4000,0x00007f38f28d5000)]
  0x00007f39080b9800 JavaThread "C2 CompilerThread0" daemon [_thread_blocked, id=8304, stack(0x00007f38f28d5000,0x00007f38f29d6000)]
  0x00007f39080b8800 JavaThread "Signal Dispatcher" daemon [_thread_blocked, id=8303, stack(0x00007f38f29d6000,0x00007f38f2ad7000)]
  0x00007f3908081800 JavaThread "Finalizer" daemon [_thread_blocked, id=8302, stack(0x00007f38f2dee000,0x00007f38f2eef000)]
  0x00007f390807f800 JavaThread "Reference Handler" daemon [_thread_blocked, id=8301, stack(0x00007f38f2eef000,0x00007f38f2ff0000)]
  0x00007f390800c800 JavaThread "main" [_thread_blocked, id=8295, stack(0x00007f390f734000,0x00007f390f835000)]

Other Threads:
=>0x00007f390807a800 VMThread [stack: 0x00007f38f2ff0000,0x00007f38f30f1000] [id=8300]
  0x00007f39080c6800 WatcherThread [stack: 0x00007f38f24d1000,0x00007f38f25d2000] [id=8308]

VM state:at safepoint (normal execution)

VM Mutex/Monitor currently owned by a thread:  ([mutex/lock_event])
[0x00007f3908008eb0] Threads_lock - owner thread: 0x00007f390807a800
[0x00007f39080093b0] Heap_lock - owner thread: 0x00007f390800c800

Heap:
 PSYoungGen      total 119808K, used 34771K [0x00000000eab00000, 0x00000000f4e00000, 0x0000000100000000)
  eden space 82432K, 0% used [0x00000000eab00000,0x00000000eab00000,0x00000000efb80000)
  from space 37376K, 93% used [0x00000000efb80000,0x00000000f1d74c98,0x00000000f2000000)
  to   space 39424K, 0% used [0x00000000f2000000,0x00000000f2000000,0x00000000f4680000)
 ParOldGen       total 81408K, used 21405K [0x00000000c0000000, 0x00000000c4f80000, 0x00000000eab00000)
  object space 81408K, 26% used [0x00000000c0000000,0x00000000c14e75a0,0x00000000c4f80000)
 Metaspace       used 4766K, capacity 5464K, committed 5760K, reserved 1056768K
  class space    used 495K, capacity 528K, committed 640K, reserved 1048576K

Card table byte_map: [0x00007f390c309000,0x00007f390c50a000] byte_map_base: 0x00007f390bd09000

Marking Bits: (ParMarkBitMap*) 0x00007f390ec18de0
 Begin Bits: [0x00007f38eecfd000, 0x00007f38efcfd000)
 End Bits:   [0x00007f38efcfd000, 0x00007f38f0cfd000)

Polling page: 0x00007f390f860000

CodeCache: size=245760Kb used=3855Kb max_used=3855Kb free=241904Kb
 bounds [0x00007f38f9000000, 0x00007f38f93d0000, 0x00007f3908000000]
 total_blobs=1403 nmethods=1128 adapters=188
 compilation: enabled

Compilation events (10 events):
Event: 5.737 Thread 0x00007f39080be800 1168       3       com.android.dx.io.instructions.ShortArrayCodeOutput::write (33 bytes)
Event: 5.739 Thread 0x00007f39080be800 nmethod 1168 0x00007f38f938e490 code [0x00007f38f938e640, 0x00007f38f938ee30]
Event: 5.796 Thread 0x00007f39080bc800 nmethod 1119% 0x00007f38f93c1150 code [0x00007f38f93c12c0, 0x00007f38f93c1db8]
Event: 5.796 Thread 0x00007f39080bc800 1171       4       com.android.dex.Dex$Section::readMethods (59 bytes)
Event: 5.848 Thread 0x00007f39080be800 1172       3       com.android.dx.io.instructions.InstructionCodec$34::encode (192 bytes)
Event: 5.849 Thread 0x00007f39080bc800 nmethod 1171 0x00007f38f93b8c10 code [0x00007f38f93b8dc0, 0x00007f38f93b9dd8]
Event: 5.850 Thread 0x00007f39080bc800 1169       4       com.android.dex.Dex$Section::readCode (136 bytes)
Event: 5.896 Thread 0x00007f39080be800 nmethod 1172 0x00007f38f93c4810 code [0x00007f38f93c4b80, 0x00007f38f93c73c8]
Event: 5.896 Thread 0x00007f39080be800 1173       3       com.android.dx.io.instructions.FillArrayDataPayloadDecodedInstruction::getElementWidthUnit (6 bytes)
Event: 5.896 Thread 0x00007f39080be800 nmethod 1173 0x00007f38f938e150 code [0x00007f38f938e2a0, 0x00007f38f938e3f0]

GC Heap History (10 events):
Event: 2.161 GC heap after
Heap after GC invocations=3 (full 0):
 PSYoungGen      total 33280K, used 2537K [0x00000000eab00000, 0x00000000eec00000, 0x0000000100000000)
  eden space 30720K, 0% used [0x00000000eab00000,0x00000000eab00000,0x00000000ec900000)
  from space 2560K, 99% used [0x00000000ec900000,0x00000000ecb7a7b8,0x00000000ecb80000)
  to   space 2560K, 0% used [0x00000000ee980000,0x00000000ee980000,0x00000000eec00000)
 ParOldGen       total 50688K, used 46319K [0x00000000c0000000, 0x00000000c3180000, 0x00000000eab00000)
  object space 50688K, 91% used [0x00000000c0000000,0x00000000c2d3be10,0x00000000c3180000)
 Metaspace       used 3845K, capacity 4944K, committed 5120K, reserved 1056768K
  class space    used 405K, capacity 456K, committed 512K, reserved 1048576K
}
Event: 2.161 GC heap before
{Heap before GC invocations=4 (full 1):
 PSYoungGen      total 33280K, used 2537K [0x00000000eab00000, 0x00000000eec00000, 0x0000000100000000)
  eden space 30720K, 0% used [0x00000000eab00000,0x00000000eab00000,0x00000000ec900000)
  from space 2560K, 99% used [0x00000000ec900000,0x00000000ecb7a7b8,0x00000000ecb80000)
  to   space 2560K, 0% used [0x00000000ee980000,0x00000000ee980000,0x00000000eec00000)
 ParOldGen       total 50688K, used 46319K [0x00000000c0000000, 0x00000000c3180000, 0x00000000eab00000)
  object space 50688K, 91% used [0x00000000c0000000,0x00000000c2d3be10,0x00000000c3180000)
 Metaspace       used 3845K, capacity 4944K, committed 5120K, reserved 1056768K
  class space    used 405K, capacity 456K, committed 512K, reserved 1048576K
Event: 2.251 GC heap after
Heap after GC invocations=4 (full 1):
 PSYoungGen      total 33280K, used 0K [0x00000000eab00000, 0x00000000eec00000, 0x0000000100000000)
  eden space 30720K, 0% used [0x00000000eab00000,0x00000000eab00000,0x00000000ec900000)
  from space 2560K, 0% used [0x00000000ec900000,0x00000000ec900000,0x00000000ecb80000)
  to   space 2560K, 0% used [0x00000000ee980000,0x00000000ee980000,0x00000000eec00000)
 ParOldGen       total 81408K, used 19879K [0x00000000c0000000, 0x00000000c4f80000, 0x00000000eab00000)
  object space 81408K, 24% used [0x00000000c0000000,0x00000000c1369c60,0x00000000c4f80000)
 Metaspace       used 3845K, capacity 4944K, committed 5120K, reserved 1056768K
  class space    used 405K, capacity 456K, committed 512K, reserved 1048576K
}
Event: 2.824 GC heap before
{Heap before GC invocations=5 (full 1):
 PSYoungGen      total 33280K, used 30720K [0x00000000eab00000, 0x00000000eec00000, 0x0000000100000000)
  eden space 30720K, 100% used [0x00000000eab00000,0x00000000ec900000,0x00000000ec900000)
  from space 2560K, 0% used [0x00000000ec900000,0x00000000ec900000,0x00000000ecb80000)
  to   space 2560K, 0% used [0x00000000ee980000,0x00000000ee980000,0x00000000eec00000)
 ParOldGen       total 81408K, used 19879K [0x00000000c0000000, 0x00000000c4f80000, 0x00000000eab00000)
  object space 81408K, 24% used [0x00000000c0000000,0x00000000c1369c60,0x00000000c4f80000)
 Metaspace       used 3947K, capacity 5008K, committed 5120K, reserved 1056768K
  class space    used 411K, capacity 456K, committed 512K, reserved 1048576K
Event: 2.838 GC heap after
Heap after GC invocations=5 (full 1):
 PSYoungGen      total 51200K, used 960K [0x00000000eab00000, 0x00000000eea80000, 0x0000000100000000)
  eden space 50176K, 0% used [0x00000000eab00000,0x00000000eab00000,0x00000000edc00000)
  from space 1024K, 93% used [0x00000000ee980000,0x00000000eea70000,0x00000000eea80000)
  to   space 2560K, 0% used [0x00000000ee580000,0x00000000ee580000,0x00000000ee800000)
 ParOldGen       total 81408K, used 19887K [0x00000000c0000000, 0x00000000c4f80000, 0x00000000eab00000)
  object space 81408K, 24% used [0x00000000c0000000,0x00000000c136bc60,0x00000000c4f80000)
 Metaspace       used 3947K, capacity 5008K, committed 5120K, reserved 1056768K
  class space    used 411K, capacity 456K, committed 512K, reserved 1048576K
}
Event: 4.014 GC heap before
{Heap before GC invocations=6 (full 1):
 PSYoungGen      total 51200K, used 51136K [0x00000000eab00000, 0x00000000eea80000, 0x0000000100000000)
  eden space 50176K, 100% used [0x00000000eab00000,0x00000000edc00000,0x00000000edc00000)
  from space 1024K, 93% used [0x00000000ee980000,0x00000000eea70000,0x00000000eea80000)
  to   space 2560K, 0% used [0x00000000ee580000,0x00000000ee580000,0x00000000ee800000)
 ParOldGen       total 81408K, used 19887K [0x00000000c0000000, 0x00000000c4f80000, 0x00000000eab00000)
  object space 81408K, 24% used [0x00000000c0000000,0x00000000c136bc60,0x00000000c4f80000)
 Metaspace       used 4430K, capacity 5424K, committed 5632K, reserved 1056768K
  class space    used 458K, capacity 488K, committed 512K, reserved 1048576K
Event: 4.053 GC heap after
Heap after GC invocations=6 (full 1):
 PSYoungGen      total 62464K, used 2558K [0x00000000eab00000, 0x00000000f4680000, 0x0000000100000000)
  eden space 59904K, 0% used [0x00000000eab00000,0x00000000eab00000,0x00000000ee580000)
  from space 2560K, 99% used [0x00000000ee580000,0x00000000ee7ff970,0x00000000ee800000)
  to   space 39424K, 0% used [0x00000000f2000000,0x00000000f2000000,0x00000000f4680000)
 ParOldGen       total 81408K, used 21397K [0x00000000c0000000, 0x00000000c4f80000, 0x00000000eab00000)
  object space 81408K, 26% used [0x00000000c0000000,0x00000000c14e55a0,0x00000000c4f80000)
 Metaspace       used 4430K, capacity 5424K, committed 5632K, reserved 1056768K
  class space    used 458K, capacity 488K, committed 512K, reserved 1048576K
}
Event: 5.220 GC heap before
{Heap before GC invocations=7 (full 1):
 PSYoungGen      total 62464K, used 59482K [0x00000000eab00000, 0x00000000f4680000, 0x0000000100000000)
  eden space 59904K, 95% used [0x00000000eab00000,0x00000000ee297148,0x00000000ee580000)
  from space 2560K, 99% used [0x00000000ee580000,0x00000000ee7ff970,0x00000000ee800000)
  to   space 39424K, 0% used [0x00000000f2000000,0x00000000f2000000,0x00000000f4680000)
 ParOldGen       total 81408K, used 21397K [0x00000000c0000000, 0x00000000c4f80000, 0x00000000eab00000)
  object space 81408K, 26% used [0x00000000c0000000,0x00000000c14e55a0,0x00000000c4f80000)
 Metaspace       used 4753K, capacity 5432K, committed 5632K, reserved 1056768K
  class space    used 494K, capacity 496K, committed 512K, reserved 1048576K
Event: 5.230 GC heap after
Heap after GC invocations=7 (full 1):
 PSYoungGen      total 121856K, used 2048K [0x00000000eab00000, 0x00000000f4e00000, 0x0000000100000000)
  eden space 82432K, 0% used [0x00000000eab00000,0x00000000eab00000,0x00000000efb80000)
  from space 39424K, 5% used [0x00000000f2000000,0x00000000f2200018,0x00000000f4680000)
  to   space 37376K, 0% used [0x00000000efb80000,0x00000000efb80000,0x00000000f2000000)
 ParOldGen       total 81408K, used 21405K [0x00000000c0000000, 0x00000000c4f80000, 0x00000000eab00000)
  object space 81408K, 26% used [0x00000000c0000000,0x00000000c14e75a0,0x00000000c4f80000)
 Metaspace       used 4753K, capacity 5432K, committed 5632K, reserved 1056768K
  class space    used 494K, capacity 496K, committed 512K, reserved 1048576K
}
Event: 6.072 GC heap before
{Heap before GC invocations=8 (full 1):
 PSYoungGen      total 121856K, used 84480K [0x00000000eab00000, 0x00000000f4e00000, 0x0000000100000000)
  eden space 82432K, 100% used [0x00000000eab00000,0x00000000efb80000,0x00000000efb80000)
  from space 39424K, 5% used [0x00000000f2000000,0x00000000f2200018,0x00000000f4680000)
  to   space 37376K, 0% used [0x00000000efb80000,0x00000000efb80000,0x00000000f2000000)
 ParOldGen       total 81408K, used 21405K [0x00000000c0000000, 0x00000000c4f80000, 0x00000000eab00000)
  object space 81408K, 26% used [0x00000000c0000000,0x00000000c14e75a0,0x00000000c4f80000)
 Metaspace       used 4766K, capacity 5464K, committed 5760K, reserved 1056768K
  class space    used 495K, capacity 528K, committed 640K, reserved 1048576K

Deoptimization events (10 events):
Event: 3.515 Thread 0x00007f390800c800 Uncommon trap: reason=unstable_if action=reinterpret pc=0x00007f38f9243e18 method=java.util.HashMap.getNode(ILjava/lang/Object;)Ljava/util/HashMap$Node; @ 84
Event: 4.596 Thread 0x00007f390800c800 Uncommon trap: reason=unstable_if action=reinterpret pc=0x00007f38f915fec8 method=java.lang.String.replace(CC)Ljava/lang/String; @ 2
Event: 4.600 Thread 0x00007f390800c800 Uncommon trap: reason=unstable_if action=reinterpret pc=0x00007f38f914f408 method=java.lang.String.indexOf(II)I @ 49
Event: 4.602 Thread 0x00007f390800c800 Uncommon trap: reason=class_check action=maybe_recompile pc=0x00007f38f9324134 method=java.util.HashMap.putVal(ILjava/lang/Object;Ljava/lang/Object;ZZ)Ljava/lang/Object; @ 56
Event: 4.602 Thread 0x00007f390800c800 Uncommon trap: reason=class_check action=maybe_recompile pc=0x00007f38f9324134 method=java.util.HashMap.putVal(ILjava/lang/Object;Ljava/lang/Object;ZZ)Ljava/lang/Object; @ 56
Event: 4.603 Thread 0x00007f390800c800 Uncommon trap: reason=class_check action=maybe_recompile pc=0x00007f38f9324134 method=java.util.HashMap.putVal(ILjava/lang/Object;Ljava/lang/Object;ZZ)Ljava/lang/Object; @ 56
Event: 4.603 Thread 0x00007f390800c800 Uncommon trap: reason=class_check action=maybe_recompile pc=0x00007f38f932419c method=java.util.HashMap.putVal(ILjava/lang/Object;Ljava/lang/Object;ZZ)Ljava/lang/Object; @ 152
Event: 4.603 Thread 0x00007f390800c800 Uncommon trap: reason=class_check action=maybe_recompile pc=0x00007f38f932419c method=java.util.HashMap.putVal(ILjava/lang/Object;Ljava/lang/Object;ZZ)Ljava/lang/Object; @ 152
Event: 5.235 Thread 0x00007f390800c800 Uncommon trap: reason=unstable_if action=reinterpret pc=0x00007f38f9271274 method=com.android.dx.merge.DexMerger$IdMerger.mergeSorted()V @ 103
Event: 5.235 Thread 0x00007f390800c800 Uncommon trap: reason=unstable_if action=reinterpret pc=0x00007f38f9246eac method=com.android.dx.merge.DexMerger$IdMerger.readIntoMap(Lcom/android/dex/Dex$Section;Lcom/android/dex/TableOfContents$Section;Lcom/android/dx/merge/IndexMap;ILjava/util/TreeMap;

Internal exceptions (3 events):
Event: 0.359 Thread 0x00007f390800c800 Exception <a 'java/lang/NoSuchMethodError': Method sun.misc.Unsafe.defineClass(Ljava/lang/String;[BII)Ljava/lang/Class; name or signature does not match> (0x00000000eab129f8) thrown at [/HUDSON/workspace/8-2-build-linux-amd64/jdk8u60/4407/hotspot/src/shar
Event: 0.359 Thread 0x00007f390800c800 Exception <a 'java/lang/NoSuchMethodError': Method sun.misc.Unsafe.prefetchRead(Ljava/lang/Object;J)V name or signature does not match> (0x00000000eab12ce0) thrown at [/HUDSON/workspace/8-2-build-linux-amd64/jdk8u60/4407/hotspot/src/share/vm/prims/jni.cpp
Event: 5.235 Thread 0x00007f390800c800 Implicit null exception at 0x00007f38f9246052 to 0x00007f38f9246e89

Events (10 events):
Event: 5.235 Thread 0x00007f390800c800 Uncommon trap: trap_request=0xffffff65 fr.pc=0x00007f38f9246eac
Event: 5.235 Thread 0x00007f390800c800 DEOPT PACKING pc=0x00007f38f9246eac sp=0x00007f390f833470
Event: 5.235 Thread 0x00007f390800c800 DEOPT UNPACKING pc=0x00007f38f9005229 sp=0x00007f390f833450 mode 2
Event: 5.255 Thread 0x00007f390800c800 DEOPT PACKING pc=0x00007f38f9389c97 sp=0x00007f390f833310
Event: 5.255 Thread 0x00007f390800c800 DEOPT UNPACKING pc=0x00007f38f9047233 sp=0x00007f390f833078 mode 0
Event: 5.607 loading class java/util/Collections$EmptyIterator
Event: 5.666 loading class java/util/Collections$EmptyIterator done
Event: 5.730 Thread 0x00007f390800c800 DEOPT PACKING pc=0x00007f38f92bb00f sp=0x00007f390f833360
Event: 5.730 Thread 0x00007f390800c800 DEOPT UNPACKING pc=0x00007f38f9047233 sp=0x00007f390f8330d0 mode 0
Event: 6.072 Executing VM operation: ParallelGCFailedAllocation


Dynamic libraries:
00400000-00401000 r-xp 00000000 08:02 4071875                            /usr/local/jdk1.8.0_60/bin/java
00600000-00601000 rw-p 00000000 08:02 4071875                            /usr/local/jdk1.8.0_60/bin/java
0128b000-012ac000 rw-p 00000000 00:00 0                                  [heap]
c0000000-c4f80000 rw-p 00000000 00:00 0 
c4f80000-eab00000 ---p 00000000 00:00 0 
eab00000-f4e00000 rw-p 00000000 00:00 0 
f8900000-100000000 ---p 00000000 00:00 0 
100000000-1000a0000 rw-p 00000000 00:00 0 
1000a0000-140000000 ---p 00000000 00:00 0 
7f38b8000000-7f38b8021000 rw-p 00000000 00:00 0 
7f38b8021000-7f38bc000000 ---p 00000000 00:00 0 
7f38c0000000-7f38c057c000 rw-p 00000000 00:00 0 
7f38c057c000-7f38c4000000 ---p 00000000 00:00 0 
7f38c4000000-7f38c4021000 rw-p 00000000 00:00 0 
7f38c4021000-7f38c8000000 ---p 00000000 00:00 0 
7f38c8000000-7f38c91bb000 rw-p 00000000 00:00 0 
7f38c91bb000-7f38cc000000 ---p 00000000 00:00 0 
7f38cc000000-7f38ccbc0000 rw-p 00000000 00:00 0 
7f38ccbc0000-7f38d0000000 ---p 00000000 00:00 0 
7f38d0000000-7f38d0021000 rw-p 00000000 00:00 0 
7f38d0021000-7f38d4000000 ---p 00000000 00:00 0 
7f38d4000000-7f38d4021000 rw-p 00000000 00:00 0 
7f38d4021000-7f38d8000000 ---p 00000000 00:00 0 
7f38d8000000-7f38d828c000 rw-p 00000000 00:00 0 
7f38d828c000-7f38dc000000 ---p 00000000 00:00 0 
7f38dc000000-7f38dc021000 rw-p 00000000 00:00 0 
7f38dc021000-7f38e0000000 ---p 00000000 00:00 0 
7f38e0000000-7f38e0021000 rw-p 00000000 00:00 0 
7f38e0021000-7f38e4000000 ---p 00000000 00:00 0 
7f38e4000000-7f38e4021000 rw-p 00000000 00:00 0 
7f38e4021000-7f38e8000000 ---p 00000000 00:00 0 
7f38e8000000-7f38e8021000 rw-p 00000000 00:00 0 
7f38e8021000-7f38ec000000 ---p 00000000 00:00 0 
7f38eecfd000-7f38f0cfd000 rw-p 00000000 00:00 0 
7f38f24d1000-7f38f24d2000 ---p 00000000 00:00 0 
7f38f24d2000-7f38f25d2000 rw-p 00000000 00:00 0                          [stack:8308]
7f38f25d2000-7f38f25d5000 ---p 00000000 00:00 0 
7f38f25d5000-7f38f26d3000 rw-p 00000000 00:00 0                          [stack:8307]
7f38f26d3000-7f38f26d6000 ---p 00000000 00:00 0 
7f38f26d6000-7f38f27d4000 rw-p 00000000 00:00 0                          [stack:8306]
7f38f27d4000-7f38f27d7000 ---p 00000000 00:00 0 
7f38f27d7000-7f38f28d5000 rw-p 00000000 00:00 0                          [stack:8305]
7f38f28d5000-7f38f28d8000 ---p 00000000 00:00 0 
7f38f28d8000-7f38f29d6000 rw-p 00000000 00:00 0                          [stack:8304]
7f38f29d6000-7f38f29d9000 ---p 00000000 00:00 0 
7f38f29d9000-7f38f2ad7000 rw-p 00000000 00:00 0                          [stack:8303]
7f38f2ad7000-7f38f2dee000 r--p 00000000 08:02 3939108                    /usr/lib/locale/locale-archive
7f38f2dee000-7f38f2df1000 ---p 00000000 00:00 0 
7f38f2df1000-7f38f2eef000 rw-p 00000000 00:00 0                          [stack:8302]
7f38f2eef000-7f38f2ef2000 ---p 00000000 00:00 0 
7f38f2ef2000-7f38f2ff0000 rw-p 00000000 00:00 0                          [stack:8301]
7f38f2ff0000-7f38f2ff1000 ---p 00000000 00:00 0 
7f38f2ff1000-7f38f4000000 rw-p 00000000 00:00 0                          [stack:8300]
7f38f4000000-7f38f4021000 rw-p 00000000 00:00 0 
7f38f4021000-7f38f8000000 ---p 00000000 00:00 0 
7f38f8094000-7f38f8125000 rw-p 00000000 00:00 0 
7f38f8125000-7f38f82fd000 r--s 03d17000 08:02 4598728                    /usr/local/jdk1.8.0_60/jre/lib/rt.jar
7f38f82fd000-7f38f87fd000 rw-p 00000000 00:00 0 
7f38f87fd000-7f38f8afd000 ---p 00000000 00:00 0 
7f38f8afd000-7f38f8cfd000 rw-p 00000000 00:00 0 
7f38f8cfd000-7f38f8cfe000 ---p 00000000 00:00 0 
7f38f8cfe000-7f38f8dfe000 rw-p 00000000 00:00 0                          [stack:8299]
7f38f8dfe000-7f38f8dff000 ---p 00000000 00:00 0 
7f38f8dff000-7f38f8eff000 rw-p 00000000 00:00 0                          [stack:8298]
7f38f8eff000-7f38f8f00000 ---p 00000000 00:00 0 
7f38f8f00000-7f38f9000000 rw-p 00000000 00:00 0                          [stack:8297]
7f38f9000000-7f38f93d0000 rwxp 00000000 00:00 0 
7f38f93d0000-7f3908000000 ---p 00000000 00:00 0 
7f3908000000-7f39083ac000 rw-p 00000000 00:00 0 
7f39083ac000-7f390c000000 ---p 00000000 00:00 0 
7f390c00c000-7f390c01b000 r--s 000df000 08:02 1049192                    /home/amr/android-sdk-linux/build-tools/23.0.2/lib/dx.jar
7f390c01b000-7f390c0b2000 rw-p 00000000 00:00 0 
7f390c0b2000-7f390c0b3000 ---p 00000000 00:00 0 
7f390c0b3000-7f390c1db000 rw-p 00000000 00:00 0                          [stack:8296]
7f390c1db000-7f390c309000 ---p 00000000 00:00 0 
7f390c309000-7f390c331000 rw-p 00000000 00:00 0 
7f390c331000-7f390c45e000 ---p 00000000 00:00 0 
7f390c45e000-7f390c4b0000 rw-p 00000000 00:00 0 
7f390c4b0000-7f390c509000 ---p 00000000 00:00 0 
7f390c509000-7f390c51a000 rw-p 00000000 00:00 0 
7f390c51a000-7f390c8ca000 ---p 00000000 00:00 0 
7f390c8ca000-7f390c8e4000 r-xp 00000000 08:02 4727989                    /usr/local/jdk1.8.0_60/jre/lib/amd64/libzip.so
7f390c8e4000-7f390cae4000 ---p 0001a000 08:02 4727989                    /usr/local/jdk1.8.0_60/jre/lib/amd64/libzip.so
7f390cae4000-7f390cae5000 rw-p 0001a000 08:02 4727989                    /usr/local/jdk1.8.0_60/jre/lib/amd64/libzip.so
7f390cae5000-7f390caf0000 r-xp 00000000 08:02 4333097                    /lib/x86_64-linux-gnu/libnss_files-2.19.so
7f390caf0000-7f390ccef000 ---p 0000b000 08:02 4333097                    /lib/x86_64-linux-gnu/libnss_files-2.19.so
7f390ccef000-7f390ccf0000 r--p 0000a000 08:02 4333097                    /lib/x86_64-linux-gnu/libnss_files-2.19.so
7f390ccf0000-7f390ccf1000 rw-p 0000b000 08:02 4333097                    /lib/x86_64-linux-gnu/libnss_files-2.19.so
7f390ccf1000-7f390ccfc000 r-xp 00000000 08:02 4333079                    /lib/x86_64-linux-gnu/libnss_nis-2.19.so
7f390ccfc000-7f390cefb000 ---p 0000b000 08:02 4333079                    /lib/x86_64-linux-gnu/libnss_nis-2.19.so
7f390cefb000-7f390cefc000 r--p 0000a000 08:02 4333079                    /lib/x86_64-linux-gnu/libnss_nis-2.19.so
7f390cefc000-7f390cefd000 rw-p 0000b000 08:02 4333079                    /lib/x86_64-linux-gnu/libnss_nis-2.19.so
7f390cefd000-7f390cf14000 r-xp 00000000 08:02 4333071                    /lib/x86_64-linux-gnu/libnsl-2.19.so
7f390cf14000-7f390d113000 ---p 00017000 08:02 4333071                    /lib/x86_64-linux-gnu/libnsl-2.19.so
7f390d113000-7f390d114000 r--p 00016000 08:02 4333071                    /lib/x86_64-linux-gnu/libnsl-2.19.so
7f390d114000-7f390d115000 rw-p 00017000 08:02 4333071                    /lib/x86_64-linux-gnu/libnsl-2.19.so
7f390d115000-7f390d117000 rw-p 00000000 00:00 0 
7f390d117000-7f390d120000 r-xp 00000000 08:02 4333070                    /lib/x86_64-linux-gnu/libnss_compat-2.19.so
7f390d120000-7f390d31f000 ---p 00009000 08:02 4333070                    /lib/x86_64-linux-gnu/libnss_compat-2.19.so
7f390d31f000-7f390d320000 r--p 00008000 08:02 4333070                    /lib/x86_64-linux-gnu/libnss_compat-2.19.so
7f390d320000-7f390d321000 rw-p 00009000 08:02 4333070                    /lib/x86_64-linux-gnu/libnss_compat-2.19.so
7f390d321000-7f390d34b000 r-xp 00000000 08:02 4727966                    /usr/local/jdk1.8.0_60/jre/lib/amd64/libjava.so
7f390d34b000-7f390d54b000 ---p 0002a000 08:02 4727966                    /usr/local/jdk1.8.0_60/jre/lib/amd64/libjava.so
7f390d54b000-7f390d54d000 rw-p 0002a000 08:02 4727966                    /usr/local/jdk1.8.0_60/jre/lib/amd64/libjava.so
7f390d54d000-7f390d55a000 r-xp 00000000 08:02 4727936                    /usr/local/jdk1.8.0_60/jre/lib/amd64/libverify.so
7f390d55a000-7f390d75a000 ---p 0000d000 08:02 4727936                    /usr/local/jdk1.8.0_60/jre/lib/amd64/libverify.so
7f390d75a000-7f390d75c000 rw-p 0000d000 08:02 4727936                    /usr/local/jdk1.8.0_60/jre/lib/amd64/libverify.so
7f390d75c000-7f390d763000 r-xp 00000000 08:02 4333093                    /lib/x86_64-linux-gnu/librt-2.19.so
7f390d763000-7f390d962000 ---p 00007000 08:02 4333093                    /lib/x86_64-linux-gnu/librt-2.19.so
7f390d962000-7f390d963000 r--p 00006000 08:02 4333093                    /lib/x86_64-linux-gnu/librt-2.19.so
7f390d963000-7f390d964000 rw-p 00007000 08:02 4333093                    /lib/x86_64-linux-gnu/librt-2.19.so
7f390d964000-7f390da69000 r-xp 00000000 08:02 4333065                    /lib/x86_64-linux-gnu/libm-2.19.so
7f390da69000-7f390dc68000 ---p 00105000 08:02 4333065                    /lib/x86_64-linux-gnu/libm-2.19.so
7f390dc68000-7f390dc69000 r--p 00104000 08:02 4333065                    /lib/x86_64-linux-gnu/libm-2.19.so
7f390dc69000-7f390dc6a000 rw-p 00105000 08:02 4333065                    /lib/x86_64-linux-gnu/libm-2.19.so
7f390dc6a000-7f390e928000 r-xp 00000000 08:02 4727868                    /usr/local/jdk1.8.0_60/jre/lib/amd64/server/libjvm.so
7f390e928000-7f390eb27000 ---p 00cbe000 08:02 4727868                    /usr/local/jdk1.8.0_60/jre/lib/amd64/server/libjvm.so
7f390eb27000-7f390ebff000 rw-p 00cbd000 08:02 4727868                    /usr/local/jdk1.8.0_60/jre/lib/amd64/server/libjvm.so
7f390ebff000-7f390ec44000 rw-p 00000000 00:00 0 
7f390ec44000-7f390edff000 r-xp 00000000 08:02 4333094                    /lib/x86_64-linux-gnu/libc-2.19.so
7f390edff000-7f390effe000 ---p 001bb000 08:02 4333094                    /lib/x86_64-linux-gnu/libc-2.19.so
7f390effe000-7f390f002000 r--p 001ba000 08:02 4333094                    /lib/x86_64-linux-gnu/libc-2.19.so
7f390f002000-7f390f004000 rw-p 001be000 08:02 4333094                    /lib/x86_64-linux-gnu/libc-2.19.so
7f390f004000-7f390f009000 rw-p 00000000 00:00 0 
7f390f009000-7f390f00c000 r-xp 00000000 08:02 4333067                    /lib/x86_64-linux-gnu/libdl-2.19.so
7f390f00c000-7f390f20b000 ---p 00003000 08:02 4333067                    /lib/x86_64-linux-gnu/libdl-2.19.so
7f390f20b000-7f390f20c000 r--p 00002000 08:02 4333067                    /lib/x86_64-linux-gnu/libdl-2.19.so
7f390f20c000-7f390f20d000 rw-p 00003000 08:02 4333067                    /lib/x86_64-linux-gnu/libdl-2.19.so
7f390f20d000-7f390f222000 r-xp 00000000 08:02 4850898                    /usr/local/jdk1.8.0_60/lib/amd64/jli/libjli.so
7f390f222000-7f390f422000 ---p 00015000 08:02 4850898                    /usr/local/jdk1.8.0_60/lib/amd64/jli/libjli.so
7f390f422000-7f390f423000 rw-p 00015000 08:02 4850898                    /usr/local/jdk1.8.0_60/lib/amd64/jli/libjli.so
7f390f423000-7f390f43c000 r-xp 00000000 08:02 4333074                    /lib/x86_64-linux-gnu/libpthread-2.19.so
7f390f43c000-7f390f63b000 ---p 00019000 08:02 4333074                    /lib/x86_64-linux-gnu/libpthread-2.19.so
7f390f63b000-7f390f63c000 r--p 00018000 08:02 4333074                    /lib/x86_64-linux-gnu/libpthread-2.19.so
7f390f63c000-7f390f63d000 rw-p 00019000 08:02 4333074                    /lib/x86_64-linux-gnu/libpthread-2.19.so
7f390f63d000-7f390f641000 rw-p 00000000 00:00 0 
7f390f641000-7f390f664000 r-xp 00000000 08:02 4333077                    /lib/x86_64-linux-gnu/ld-2.19.so
7f390f66f000-7f390f734000 rw-p 00000000 00:00 0 
7f390f734000-7f390f737000 ---p 00000000 00:00 0 
7f390f737000-7f390f839000 rw-p 00000000 00:00 0                          [stack:8295]
7f390f83e000-7f390f83f000 rw-p 00000000 00:00 0 
7f390f83f000-7f390f843000 r--s 00095000 08:02 4598721                    /usr/local/jdk1.8.0_60/jre/lib/jsse.jar
7f390f843000-7f390f857000 rw-p 00000000 00:00 0 
7f390f857000-7f390f85f000 rw-s 00000000 08:02 4203373                    /tmp/hsperfdata_amr/8290
7f390f85f000-7f390f860000 rw-p 00000000 00:00 0 
7f390f860000-7f390f861000 ---p 00000000 00:00 0 
7f390f861000-7f390f863000 rw-p 00000000 00:00 0 
7f390f863000-7f390f864000 r--p 00022000 08:02 4333077                    /lib/x86_64-linux-gnu/ld-2.19.so
7f390f864000-7f390f865000 rw-p 00023000 08:02 4333077                    /lib/x86_64-linux-gnu/ld-2.19.so
7f390f865000-7f390f866000 rw-p 00000000 00:00 0 
7fff5242b000-7fff5244e000 rw-p 00000000 00:00 0                          [stack]
7fff5258d000-7fff5258f000 r-xp 00000000 00:00 0                          [vdso]
7fff5258f000-7fff52591000 r--p 00000000 00:00 0                          [vvar]
ffffffffff600000-ffffffffff601000 r-xp 00000000 00:00 0                  [vsyscall]

VM Arguments:
jvm_args: -Djava.awt.headless=true -Xmx1024M -Dfile.encoding=UTF-8 -Duser.country=US -Duser.language=en -Duser.variant 
java_command: com.android.dx.command.Main --dex --num-threads=4 --output /home/amr/AndroidStudioProjects/Project/app/build/intermediates/transforms/dex/debug/folders/1000/1f/main /home/amr/AndroidStudioProjects/Project/app/build/intermediates/pre-dexed/debug/support-annotations-23.1.1_7ed19c4e1633b1f048efc20c3dc82809ca736bce.jar /home/amr/AndroidStudioProjects/Project/app/build/intermediates/pre-dexed/debug/com.google.android.gms-play-services-panorama-8.4.0_52d8150ae3f2aed4b7b66287ce23d7c80f2bd9ed.jar /home/amr/AndroidStudioProjects/Project/app/build/intermediates/pre-dexed/debug/internal_impl-23.0.0_4d2fdae1974ef4d93b52d88b581471085ddba36c.jar /home/amr/AndroidStudioProjects/Project/app/build/intermediates/pre-dexed/debug/com.google.android.gms-play-services-safetynet-8.4.0_3778ae7c7f0c8b6b8e277ce442634edaf7b423fd.jar /home/amr/AndroidStudioProjects/Project/app/build/intermediates/pre-dexed/debug/com.google.android.gms-play-services-identity-8.4.0_824e6279085af09e6dcfe4be66dd8a2398fc2c9d.jar /home/amr/AndroidStudioProjects/Project/app/build/intermediates/pre-dexed/debug/com.google.android.gms-play-services-appinvite-8.4.0_ef1d5877361fa4ea7a9d0b0bd25d713dfa08ac9a.jar /home/amr/AndroidStudioProjects/Project/app/build/intermediates/pre-dexed/debug/com.google.android.gms-play-services-appindexing-8.4.0_dabb6edc439ba6b1b0b2100ce1e16005a0eb48e0.jar /home/amr/AndroidStudioProjects/Project/app/build/intermediates/pre-dexed/debug/com.google.android.gms-play-services-gcm-8.4.0_34380c937749b88c5d3108030c25dd365dcce0e7.jar /home/amr/AndroidStudioProjects/Project/app/build/intermediates/pre-dexed/debug/com.google.android.gms-play-services-vision-8.4.0_6e00bbe7455dfd0b8763efaf9ad909069a1ef473.jar /home/amr/AndroidStudioProjects/Project/app/build/intermediates/pre-dexed/debug/com.google.android.gms-play-services-base-8.4.0_7f93174c8dd262fb093aec00aead534f51dc0151.jar /home/amr/AndroidStudioProjects/Project/app/build/intermediates/pre-dexed/debug/com.google.android.gms-play-ser
java_class_path (initial): /home/amr/android-sdk-linux/build-tools/23.0.2/lib/dx.jar
Launcher Type: SUN_STANDARD

Environment Variables:
JAVA_HOME=/usr/local/jdk1.8.0_60
PATH=/usr/local/sbin:/usr/local/bin:/usr/sbin:/usr/bin:/sbin:/bin:/usr/games:/usr/local/games:/usr/local/jdk1.8.0_60/bin:$/home/amr/android-studio/bin
USERNAME=amr
LD_LIBRARY_PATH=android-studio/bin:
SHELL=/bin/bash
DISPLAY=:0

Signal Handlers:
SIGSEGV: [libjvm.so+0xaba070], sa_mask[0]=11111111011111111101111111111110, sa_flags=SA_RESTART|SA_SIGINFO
SIGBUS: [libjvm.so+0xaba070], sa_mask[0]=11111111011111111101111111111110, sa_flags=SA_RESTART|SA_SIGINFO
SIGFPE: [libjvm.so+0x917630], sa_mask[0]=11111111011111111101111111111110, sa_flags=SA_RESTART|SA_SIGINFO
SIGPIPE: [libjvm.so+0x917630], sa_mask[0]=11111111011111111101111111111110, sa_flags=SA_RESTART|SA_SIGINFO
SIGXFSZ: [libjvm.so+0x917630], sa_mask[0]=11111111011111111101111111111110, sa_flags=SA_RESTART|SA_SIGINFO
SIGILL: [libjvm.so+0x917630], sa_mask[0]=11111111011111111101111111111110, sa_flags=SA_RESTART|SA_SIGINFO
SIGUSR1: SIG_DFL, sa_mask[0]=00000000000000000000000000000000, sa_flags=none
SIGUSR2: [libjvm.so+0x918c60], sa_mask[0]=00100000000000000000000000000000, sa_flags=SA_RESTART|SA_SIGINFO
SIGHUP: [libjvm.so+0x91a060], sa_mask[0]=11111111011111111101111111111110, sa_flags=SA_RESTART|SA_SIGINFO
SIGINT: [libjvm.so+0x91a060], sa_mask[0]=11111111011111111101111111111110, sa_flags=SA_RESTART|SA_SIGINFO
SIGTERM: [libjvm.so+0x91a060], sa_mask[0]=11111111011111111101111111111110, sa_flags=SA_RESTART|SA_SIGINFO
SIGQUIT: [libjvm.so+0x91a060], sa_mask[0]=11111111011111111101111111111110, sa_flags=SA_RESTART|SA_SIGINFO


---------------  S Y S T E M  ---------------

OS:DISTRIB_ID=LinuxMint
DISTRIB_RELEASE=17.2
DISTRIB_CODENAME=rafaela
DISTRIB_DESCRIPTION="Linux Mint 17.2 Rafaela"

uname:Linux 3.16.0-38-generic #52~14.04.1-Ubuntu SMP Fri May 8 09:43:57 UTC 2015 x86_64
libc:glibc 2.19 NPTL 2.19 
rlimit: STACK 8192k, CORE 0k, NPROC 14876, NOFILE 4096, AS infinity
load average:5.70 2.09 1.54

/proc/meminfo:
MemTotal:        3839576 kB
MemFree:          115536 kB
MemAvailable:      61416 kB
Buffers:             420 kB
Cached:           254552 kB
SwapCached:            0 kB
Active:          3320132 kB
Inactive:         244692 kB
Active(anon):    3316252 kB
Inactive(anon):   225136 kB
Active(file):       3880 kB
Inactive(file):    19556 kB
Unevictable:          24 kB
Mlocked:              24 kB
SwapTotal:             0 kB
SwapFree:              0 kB
Dirty:               108 kB
Writeback:             0 kB
AnonPages:       3310216 kB
Mapped:            75216 kB
Shmem:            231196 kB
Slab:              67480 kB
SReclaimable:      37260 kB
SUnreclaim:        30220 kB
KernelStack:       10496 kB
PageTables:        34676 kB
NFS_Unstable:          0 kB
Bounce:                0 kB
WritebackTmp:          0 kB
CommitLimit:     1919788 kB
Committed_AS:    6415912 kB
VmallocTotal:   34359738367 kB
VmallocUsed:      543552 kB
VmallocChunk:   34359186908 kB
HardwareCorrupted:     0 kB
AnonHugePages:   2117632 kB
HugePages_Total:       0
HugePages_Free:        0
HugePages_Rsvd:        0
HugePages_Surp:        0
Hugepagesize:       2048 kB
DirectMap4k:       72768 kB
DirectMap2M:     3911680 kB


CPU:total 4 (2 cores per cpu, 2 threads per core) family 6 model 37 stepping 5, cmov, cx8, fxsr, mmx, sse, sse2, sse3, ssse3, sse4.1, sse4.2, popcnt, ht, tsc, tscinvbit

/proc/cpuinfo:
processor	: 0
vendor_id	: GenuineIntel
cpu family	: 6
model		: 37
model name	: Intel(R) Core(TM) i3 CPU       M 380  @ 2.53GHz
stepping	: 5
microcode	: 0x2
cpu MHz		: 2533.000
cache size	: 3072 KB
physical id	: 0
siblings	: 4
core id		: 0
cpu cores	: 2
apicid		: 0
initial apicid	: 0
fpu		: yes
fpu_exception	: yes
cpuid level	: 11
wp		: yes
flags		: fpu vme de pse tsc msr pae mce cx8 apic sep mtrr pge mca cmov pat pse36 clflush dts acpi mmx fxsr sse sse2 ss ht tm pbe syscall nx rdtscp lm constant_tsc arch_perfmon pebs bts nopl xtopology nonstop_tsc aperfmperf pni dtes64 monitor ds_cpl vmx est tm2 ssse3 cx16 xtpr pdcm pcid sse4_1 sse4_2 popcnt lahf_lm arat dtherm tpr_shadow vnmi flexpriority ept vpid
bogomips	: 5055.18
clflush size	: 64
cache_alignment	: 64
address sizes	: 36 bits physical, 48 bits virtual
power management:

processor	: 1
vendor_id	: GenuineIntel
cpu family	: 6
model		: 37
model name	: Intel(R) Core(TM) i3 CPU       M 380  @ 2.53GHz
stepping	: 5
microcode	: 0x2
cpu MHz		: 2533.000
cache size	: 3072 KB
physical id	: 0
siblings	: 4
core id		: 0
cpu cores	: 2
apicid		: 1
initial apicid	: 1
fpu		: yes
fpu_exception	: yes
cpuid level	: 11
wp		: yes
flags		: fpu vme de pse tsc msr pae mce cx8 apic sep mtrr pge mca cmov pat pse36 clflush dts acpi mmx fxsr sse sse2 ss ht tm pbe syscall nx rdtscp lm constant_tsc arch_perfmon pebs bts nopl xtopology nonstop_tsc aperfmperf pni dtes64 monitor ds_cpl vmx est tm2 ssse3 cx16 xtpr pdcm pcid sse4_1 sse4_2 popcnt lahf_lm arat dtherm tpr_shadow vnmi flexpriority ept vpid
bogomips	: 5055.18
clflush size	: 64
cache_alignment	: 64
address sizes	: 36 bits physical, 48 bits virtual
power management:

processor	: 2
vendor_id	: GenuineIntel
cpu family	: 6
model		: 37
model name	: Intel(R) Core(TM) i3 CPU       M 380  @ 2.53GHz
stepping	: 5
microcode	: 0x2
cpu MHz		: 2533.000
cache size	: 3072 KB
physical id	: 0
siblings	: 4
core id		: 2
cpu cores	: 2
apicid		: 4
initial apicid	: 4
fpu		: yes
fpu_exception	: yes
cpuid level	: 11
wp		: yes
flags		: fpu vme de pse tsc msr pae mce cx8 apic sep mtrr pge mca cmov pat pse36 clflush dts acpi mmx fxsr sse sse2 ss ht tm pbe syscall nx rdtscp lm constant_tsc arch_perfmon pebs bts nopl xtopology nonstop_tsc aperfmperf pni dtes64 monitor ds_cpl vmx est tm2 ssse3 cx16 xtpr pdcm pcid sse4_1 sse4_2 popcnt lahf_lm arat dtherm tpr_shadow vnmi flexpriority ept vpid
bogomips	: 5055.18
clflush size	: 64
cache_alignment	: 64
address sizes	: 36 bits physical, 48 bits virtual
power management:

processor	: 3
vendor_id	: GenuineIntel
cpu family	: 6
model		: 37
model name	: Intel(R) Core(TM) i3 CPU       M 380  @ 2.53GHz
stepping	: 5
microcode	: 0x2
cpu MHz		: 2533.000
cache size	: 3072 KB
physical id	: 0
siblings	: 4
core id		: 2
cpu cores	: 2
apicid		: 5
initial apicid	: 5
fpu		: yes
fpu_exception	: yes
cpuid level	: 11
wp		: yes
flags		: fpu vme de pse tsc msr pae mce cx8 apic sep mtrr pge mca cmov pat pse36 clflush dts acpi mmx fxsr sse sse2 ss ht tm pbe syscall nx rdtscp lm constant_tsc arch_perfmon pebs bts nopl xtopology nonstop_tsc aperfmperf pni dtes64 monitor ds_cpl vmx est tm2 ssse3 cx16 xtpr pdcm pcid sse4_1 sse4_2 popcnt lahf_lm arat dtherm tpr_shadow vnmi flexpriority ept vpid
bogomips	: 5055.18
clflush size	: 64
cache_alignment	: 64
address sizes	: 36 bits physical, 48 bits virtual
power management:



Memory: 4k page, physical 3839576k(115536k free), swap 0k(0k free)

vm_info: Java HotSpot(TM) 64-Bit Server VM (25.60-b23) for linux-amd64 JRE (1.8.0_60-b27), built on Aug  4 2015 12:19:40 by "java_re" with gcc 4.3.0 20080428 (Red Hat 4.3.0-8)

time: Sun May 15 15:17:34 2016
elapsed time: 15 seconds (0d 0h 0m 15s)

