#
# There is insufficient memory for the Java Runtime Environment to continue.
# Native memory allocation (mmap) failed to map 103809024 bytes for committing reserved memory.
# Possible reasons:
#   The system is out of physical RAM or swap space
#   In 32 bit mode, the process size limit was hit
# Possible solutions:
#   Reduce memory load on the system
#   Increase physical memory or swap space
#   Check if swap backing store is full
#   Use 64 bit Java on a 64 bit OS
#   Decrease Java heap size (-Xmx/-Xms)
#   Decrease number of Java threads
#   Decrease Java thread stack sizes (-Xss)
#   Set larger code cache with -XX:ReservedCodeCacheSize=
# This output file may be truncated or incomplete.
#
#  Out of Memory Error (os_linux.cpp:2627), pid=5514, tid=140203171448576
#
# JRE version: Java(TM) SE Runtime Environment (8.0_60-b27) (build 1.8.0_60-b27)
# Java VM: Java HotSpot(TM) 64-Bit Server VM (25.60-b23 mixed mode linux-amd64 compressed oops)
# Failed to write core dump. Core dumps have been disabled. To enable core dumping, try "ulimit -c unlimited" before starting Java again
#

---------------  T H R E A D  ---------------

Current thread (0x00007f83ac07a800):  VMThread [stack: 0x00007f83982b0000,0x00007f83983b1000] [id=5524]

Stack: [0x00007f83982b0000,0x00007f83983b1000],  sp=0x00007f83983aefe0,  free space=1019k
Native frames: (J=compiled Java code, j=interpreted, Vv=VM code, C=native code)
V  [libjvm.so+0xab97ea]  VMError::report_and_die()+0x2ba
V  [libjvm.so+0x4f9dab]  report_vm_out_of_memory(char const*, int, unsigned long, VMErrorType, char const*)+0x8b
V  [libjvm.so+0x91a7c3]  os::Linux::commit_memory_impl(char*, unsigned long, bool)+0x103
V  [libjvm.so+0x91ad19]  os::pd_commit_memory(char*, unsigned long, unsigned long, bool)+0x29
V  [libjvm.so+0x91502a]  os::commit_memory(char*, unsigned long, unsigned long, bool)+0x2a
V  [libjvm.so+0x9886d3]  PSVirtualSpace::expand_by(unsigned long)+0x53
V  [libjvm.so+0x989ad8]  PSYoungGen::resize_generation(unsigned long, unsigned long)+0xf8
V  [libjvm.so+0x988c32]  PSYoungGen::resize(unsigned long, unsigned long)+0x22
V  [libjvm.so+0x985f0b]  PSScavenge::invoke_no_policy()+0xf3b
V  [libjvm.so+0x986691]  PSScavenge::invoke()+0x41
V  [libjvm.so+0x93e430]  ParallelScavengeHeap::failed_mem_allocate(unsigned long)+0x70
V  [libjvm.so+0xabb207]  VM_ParallelGCFailedAllocation::doit()+0x97
V  [libjvm.so+0xac2c35]  VM_Operation::evaluate()+0x55
V  [libjvm.so+0xac100a]  VMThread::evaluate_operation(VM_Operation*)+0xba
V  [libjvm.so+0xac138e]  VMThread::loop()+0x1ce
V  [libjvm.so+0xac1800]  VMThread::run()+0x70
V  [libjvm.so+0x91cb88]  java_start(Thread*)+0x108

VM_Operation (0x00007f83b2a541c0): ParallelGCFailedAllocation, mode: safepoint, requested by thread 0x00007f83ac00c800


---------------  P R O C E S S  ---------------

Java Threads: ( => current thread )
  0x00007f83ac0f3800 JavaThread "Service Thread" daemon [_thread_blocked, id=5531, stack(0x00007f83937e4000,0x00007f83938e5000)]
  0x00007f83ac0be800 JavaThread "C1 CompilerThread2" daemon [_thread_blocked, id=5530, stack(0x00007f83938e5000,0x00007f83939e6000)]
  0x00007f83ac0bc800 JavaThread "C2 CompilerThread1" daemon [_thread_blocked, id=5529, stack(0x00007f83939e6000,0x00007f8393ae7000)]
  0x00007f83ac0b9800 JavaThread "C2 CompilerThread0" daemon [_thread_in_native, id=5528, stack(0x00007f8393ae7000,0x00007f8393be8000)]
  0x00007f83ac0b8800 JavaThread "Signal Dispatcher" daemon [_thread_blocked, id=5527, stack(0x00007f8393be8000,0x00007f8393ce9000)]
  0x00007f83ac081800 JavaThread "Finalizer" daemon [_thread_blocked, id=5526, stack(0x00007f83980ae000,0x00007f83981af000)]
  0x00007f83ac07f800 JavaThread "Reference Handler" daemon [_thread_blocked, id=5525, stack(0x00007f83981af000,0x00007f83982b0000)]
  0x00007f83ac00c800 JavaThread "main" [_thread_blocked, id=5519, stack(0x00007f83b2955000,0x00007f83b2a56000)]

Other Threads:
=>0x00007f83ac07a800 VMThread [stack: 0x00007f83982b0000,0x00007f83983b1000] [id=5524]
  0x00007f83ac0fe800 WatcherThread [stack: 0x00007f83936e3000,0x00007f83937e4000] [id=5532]

VM state:at safepoint (normal execution)

VM Mutex/Monitor currently owned by a thread:  ([mutex/lock_event])
[0x00007f83ac008eb0] Threads_lock - owner thread: 0x00007f83ac07a800
[0x00007f83ac0093b0] Heap_lock - owner thread: 0x00007f83ac00c800

Heap:
 PSYoungGen      total 54272K, used 2528K [0x00000000eab00000, 0x00000000eea80000, 0x0000000100000000)
  eden space 51712K, 0% used [0x00000000eab00000,0x00000000eab00000,0x00000000edd80000)
  from space 2560K, 98% used [0x00000000ee580000,0x00000000ee7f8018,0x00000000ee800000)
  to   space 1024K, 0% used [0x00000000ee980000,0x00000000ee980000,0x00000000eea80000)
 ParOldGen       total 80896K, used 21329K [0x00000000c0000000, 0x00000000c4f00000, 0x00000000eab00000)
  object space 80896K, 26% used [0x00000000c0000000,0x00000000c14d4678,0x00000000c4f00000)
 Metaspace       used 4434K, capacity 5424K, committed 5632K, reserved 1056768K
  class space    used 459K, capacity 488K, committed 512K, reserved 1048576K

Card table byte_map: [0x00007f839c40c000,0x00007f839c60d000] byte_map_base: 0x00007f839be0c000

Marking Bits: (ParMarkBitMap*) 0x00007f83b1e36de0
 Begin Bits: [0x00007f8399fb3000, 0x00007f839afb3000)
 End Bits:   [0x00007f839afb3000, 0x00007f839bfb3000)

Polling page: 0x00007f83b2a7e000

CodeCache: size=245760Kb used=3606Kb max_used=3618Kb free=242153Kb
 bounds [0x00007f839c9cd000, 0x00007f839cd5d000, 0x00007f83ab9cd000]
 total_blobs=1338 nmethods=1078 adapters=175
 compilation: enabled

Compilation events (10 events):
Event: 4.238 Thread 0x00007f83ac0bc800 nmethod 1060 0x00007f839cd4c8d0 code [0x00007f839cd4ca80, 0x00007f839cd4d198]
Event: 4.238 Thread 0x00007f83ac0bc800 1096       4       com.android.dx.io.instructions.InstructionCodec$13::decode (43 bytes)
Event: 4.248 Thread 0x00007f83ac0bc800 nmethod 1096 0x00007f839cd4c250 code [0x00007f839cd4c3c0, 0x00007f839cd4c638]
Event: 4.248 Thread 0x00007f83ac0bc800 1082       4       com.android.dx.io.instructions.InstructionCodec$18::decode (51 bytes)
Event: 4.249 Thread 0x00007f83ac0be800 1107       3       com.android.dx.io.instructions.InstructionCodec$34::decode (314 bytes)
Event: 4.270 Thread 0x00007f83ac0be800 nmethod 1107 0x00007f839cd531d0 code [0x00007f839cd53620, 0x00007f839cd56548]
Event: 4.270 Thread 0x00007f83ac0be800 1108       3       com.android.dx.io.instructions.ShortArrayCodeOutput::write (33 bytes)
Event: 4.272 Thread 0x00007f83ac0be800 nmethod 1108 0x00007f839cd4e210 code [0x00007f839cd4e3c0, 0x00007f839cd4ebb0]
Event: 4.279 Thread 0x00007f83ac0bc800 nmethod 1082 0x00007f839cd4db50 code [0x00007f839cd4dcc0, 0x00007f839cd4df58]
Event: 4.279 Thread 0x00007f83ac0bc800 1104       4       com.android.dex.Dex$Section::<init> (8 bytes)

GC Heap History (10 events):
Event: 1.201 GC heap after
Heap after GC invocations=1 (full 0):
 PSYoungGen      total 17920K, used 2546K [0x00000000eab00000, 0x00000000ece00000, 0x0000000100000000)
  eden space 15360K, 0% used [0x00000000eab00000,0x00000000eab00000,0x00000000eba00000)
  from space 2560K, 99% used [0x00000000eba00000,0x00000000ebc7c920,0x00000000ebc80000)
  to   space 2560K, 0% used [0x00000000ecb80000,0x00000000ecb80000,0x00000000ece00000)
 ParOldGen       total 40960K, used 2191K [0x00000000c0000000, 0x00000000c2800000, 0x00000000eab00000)
  object space 40960K, 5% used [0x00000000c0000000,0x00000000c0223cf0,0x00000000c2800000)
 Metaspace       used 3488K, capacity 4720K, committed 4864K, reserved 1056768K
  class space    used 374K, capacity 424K, committed 512K, reserved 1048576K
}
Event: 1.865 GC heap before
{Heap before GC invocations=2 (full 0):
 PSYoungGen      total 17920K, used 17906K [0x00000000eab00000, 0x00000000ece00000, 0x0000000100000000)
  eden space 15360K, 100% used [0x00000000eab00000,0x00000000eba00000,0x00000000eba00000)
  from space 2560K, 99% used [0x00000000eba00000,0x00000000ebc7c920,0x00000000ebc80000)
  to   space 2560K, 0% used [0x00000000ecb80000,0x00000000ecb80000,0x00000000ece00000)
 ParOldGen       total 40960K, used 2191K [0x00000000c0000000, 0x00000000c2800000, 0x00000000eab00000)
  object space 40960K, 5% used [0x00000000c0000000,0x00000000c0223cf0,0x00000000c2800000)
 Metaspace       used 3527K, capacity 4720K, committed 4864K, reserved 1056768K
  class space    used 374K, capacity 424K, committed 512K, reserved 1048576K
Event: 1.878 GC heap after
Heap after GC invocations=2 (full 0):
 PSYoungGen      total 33280K, used 2539K [0x00000000eab00000, 0x00000000ece00000, 0x0000000100000000)
  eden space 30720K, 0% used [0x00000000eab00000,0x00000000eab00000,0x00000000ec900000)
  from space 2560K, 99% used [0x00000000ecb80000,0x00000000ecdfad68,0x00000000ece00000)
  to   space 2560K, 0% used [0x00000000ec900000,0x00000000ec900000,0x00000000ecb80000)
 ParOldGen       total 40960K, used 5803K [0x00000000c0000000, 0x00000000c2800000, 0x00000000eab00000)
  object space 40960K, 14% used [0x00000000c0000000,0x00000000c05aacb8,0x00000000c2800000)
 Metaspace       used 3527K, capacity 4720K, committed 4864K, reserved 1056768K
  class space    used 374K, capacity 424K, committed 512K, reserved 1048576K
}
Event: 2.447 GC heap before
{Heap before GC invocations=3 (full 0):
 PSYoungGen      total 33280K, used 33259K [0x00000000eab00000, 0x00000000ece00000, 0x0000000100000000)
  eden space 30720K, 100% used [0x00000000eab00000,0x00000000ec900000,0x00000000ec900000)
  from space 2560K, 99% used [0x00000000ecb80000,0x00000000ecdfad68,0x00000000ece00000)
  to   space 2560K, 0% used [0x00000000ec900000,0x00000000ec900000,0x00000000ecb80000)
 ParOldGen       total 40960K, used 5803K [0x00000000c0000000, 0x00000000c2800000, 0x00000000eab00000)
  object space 40960K, 14% used [0x00000000c0000000,0x00000000c05aacb8,0x00000000c2800000)
 Metaspace       used 3840K, capacity 4944K, committed 5120K, reserved 1056768K
  class space    used 405K, capacity 456K, committed 512K, reserved 1048576K
Event: 2.525 GC heap after
Heap after GC invocations=3 (full 0):
 PSYoungGen      total 33280K, used 2544K [0x00000000eab00000, 0x00000000eec00000, 0x0000000100000000)
  eden space 30720K, 0% used [0x00000000eab00000,0x00000000eab00000,0x00000000ec900000)
  from space 2560K, 99% used [0x00000000ec900000,0x00000000ecb7c0a8,0x00000000ecb80000)
  to   space 2560K, 0% used [0x00000000ee980000,0x00000000ee980000,0x00000000eec00000)
 ParOldGen       total 50688K, used 46272K [0x00000000c0000000, 0x00000000c3180000, 0x00000000eab00000)
  object space 50688K, 91% used [0x00000000c0000000,0x00000000c2d30248,0x00000000c3180000)
 Metaspace       used 3840K, capacity 4944K, committed 5120K, reserved 1056768K
  class space    used 405K, capacity 456K, committed 512K, reserved 1048576K
}
Event: 2.525 GC heap before
{Heap before GC invocations=4 (full 1):
 PSYoungGen      total 33280K, used 2544K [0x00000000eab00000, 0x00000000eec00000, 0x0000000100000000)
  eden space 30720K, 0% used [0x00000000eab00000,0x00000000eab00000,0x00000000ec900000)
  from space 2560K, 99% used [0x00000000ec900000,0x00000000ecb7c0a8,0x00000000ecb80000)
  to   space 2560K, 0% used [0x00000000ee980000,0x00000000ee980000,0x00000000eec00000)
 ParOldGen       total 50688K, used 46272K [0x00000000c0000000, 0x00000000c3180000, 0x00000000eab00000)
  object space 50688K, 91% used [0x00000000c0000000,0x00000000c2d30248,0x00000000c3180000)
 Metaspace       used 3840K, capacity 4944K, committed 5120K, reserved 1056768K
  class space    used 405K, capacity 456K, committed 512K, reserved 1048576K
Event: 2.573 GC heap after
Heap after GC invocations=4 (full 1):
 PSYoungGen      total 33280K, used 0K [0x00000000eab00000, 0x00000000eec00000, 0x0000000100000000)
  eden space 30720K, 0% used [0x00000000eab00000,0x00000000eab00000,0x00000000ec900000)
  from space 2560K, 0% used [0x00000000ec900000,0x00000000ec900000,0x00000000ecb80000)
  to   space 2560K, 0% used [0x00000000ee980000,0x00000000ee980000,0x00000000eec00000)
 ParOldGen       total 80896K, used 19749K [0x00000000c0000000, 0x00000000c4f00000, 0x00000000eab00000)
  object space 80896K, 24% used [0x00000000c0000000,0x00000000c1349690,0x00000000c4f00000)
 Metaspace       used 3840K, capacity 4944K, committed 5120K, reserved 1056768K
  class space    used 405K, capacity 456K, committed 512K, reserved 1048576K
}
Event: 3.110 GC heap before
{Heap before GC invocations=5 (full 1):
 PSYoungGen      total 33280K, used 30720K [0x00000000eab00000, 0x00000000eec00000, 0x0000000100000000)
  eden space 30720K, 100% used [0x00000000eab00000,0x00000000ec900000,0x00000000ec900000)
  from space 2560K, 0% used [0x00000000ec900000,0x00000000ec900000,0x00000000ecb80000)
  to   space 2560K, 0% used [0x00000000ee980000,0x00000000ee980000,0x00000000eec00000)
 ParOldGen       total 80896K, used 19749K [0x00000000c0000000, 0x00000000c4f00000, 0x00000000eab00000)
  object space 80896K, 24% used [0x00000000c0000000,0x00000000c1349690,0x00000000c4f00000)
 Metaspace       used 3939K, capacity 5008K, committed 5120K, reserved 1056768K
  class space    used 411K, capacity 456K, committed 512K, reserved 1048576K
Event: 3.117 GC heap after
Heap after GC invocations=5 (full 1):
 PSYoungGen      total 52736K, used 992K [0x00000000eab00000, 0x00000000eea80000, 0x0000000100000000)
  eden space 51712K, 0% used [0x00000000eab00000,0x00000000eab00000,0x00000000edd80000)
  from space 1024K, 96% used [0x00000000ee980000,0x00000000eea78000,0x00000000eea80000)
  to   space 2560K, 0% used [0x00000000ee580000,0x00000000ee580000,0x00000000ee800000)
 ParOldGen       total 80896K, used 19757K [0x00000000c0000000, 0x00000000c4f00000, 0x00000000eab00000)
  object space 80896K, 24% used [0x00000000c0000000,0x00000000c134b690,0x00000000c4f00000)
 Metaspace       used 3939K, capacity 5008K, committed 5120K, reserved 1056768K
  class space    used 411K, capacity 456K, committed 512K, reserved 1048576K
}
Event: 4.287 GC heap before
{Heap before GC invocations=6 (full 1):
 PSYoungGen      total 52736K, used 52704K [0x00000000eab00000, 0x00000000eea80000, 0x0000000100000000)
  eden space 51712K, 100% used [0x00000000eab00000,0x00000000edd80000,0x00000000edd80000)
  from space 1024K, 96% used [0x00000000ee980000,0x00000000eea78000,0x00000000eea80000)
  to   space 2560K, 0% used [0x00000000ee580000,0x00000000ee580000,0x00000000ee800000)
 ParOldGen       total 80896K, used 19757K [0x00000000c0000000, 0x00000000c4f00000, 0x00000000eab00000)
  object space 80896K, 24% used [0x00000000c0000000,0x00000000c134b690,0x00000000c4f00000)
 Metaspace       used 4434K, capacity 5424K, committed 5632K, reserved 1056768K
  class space    used 459K, capacity 488K, committed 512K, reserved 1048576K

Deoptimization events (10 events):
Event: 3.203 Thread 0x00007f83ac00c800 Uncommon trap: reason=class_check action=maybe_recompile pc=0x00007f839cbb3998 method=com.android.dex.Leb128.readUnsignedLeb128(Lcom/android/dex/util/ByteInput;)I @ 5
Event: 3.203 Thread 0x00007f83ac00c800 Uncommon trap: reason=class_check action=maybe_recompile pc=0x00007f839cbb3998 method=com.android.dex.Leb128.readUnsignedLeb128(Lcom/android/dex/util/ByteInput;)I @ 5
Event: 3.203 Thread 0x00007f83ac00c800 Uncommon trap: reason=predicate action=maybe_recompile pc=0x00007f839cbb0038 method=com.android.dex.Leb128.writeUnsignedLeb128(Lcom/android/dex/util/ByteOutput;I)V @ 9
Event: 3.203 Thread 0x00007f83ac00c800 Uncommon trap: reason=class_check action=maybe_recompile pc=0x00007f839cbb3998 method=com.android.dex.Leb128.readUnsignedLeb128(Lcom/android/dex/util/ByteInput;)I @ 5
Event: 3.204 Thread 0x00007f83ac00c800 Uncommon trap: reason=class_check action=maybe_recompile pc=0x00007f839cbb3998 method=com.android.dex.Leb128.readUnsignedLeb128(Lcom/android/dex/util/ByteInput;)I @ 5
Event: 3.296 Thread 0x00007f83ac00c800 Uncommon trap: reason=predicate action=maybe_recompile pc=0x00007f839cc39cf8 method=com.android.dex.Leb128.readUnsignedLeb128(Lcom/android/dex/util/ByteInput;)I @ 41
Event: 3.433 Thread 0x00007f83ac00c800 Uncommon trap: reason=unstable_if action=reinterpret pc=0x00007f839cc19630 method=java.util.HashMap.putVal(ILjava/lang/Object;Ljava/lang/Object;ZZ)Ljava/lang/Object; @ 109
Event: 3.695 Thread 0x00007f83ac00c800 Uncommon trap: reason=unstable_if action=reinterpret pc=0x00007f839cc633c0 method=java.util.HashMap.getNode(ILjava/lang/Object;)Ljava/util/HashMap$Node; @ 84
Event: 3.695 Thread 0x00007f83ac00c800 Uncommon trap: reason=unstable_if action=reinterpret pc=0x00007f839cc16598 method=java.util.HashMap.getNode(ILjava/lang/Object;)Ljava/util/HashMap$Node; @ 84
Event: 3.808 Thread 0x00007f83ac00c800 Uncommon trap: reason=unstable_if action=reinterpret pc=0x00007f839ccd8fd4 method=com.android.dx.merge.IndexMap.adjustString(I)I @ 2

Internal exceptions (2 events):
Event: 0.268 Thread 0x00007f83ac00c800 Exception <a 'java/lang/NoSuchMethodError': Method sun.misc.Unsafe.defineClass(Ljava/lang/String;[BII)Ljava/lang/Class; name or signature does not match> (0x00000000eab129f8) thrown at [/HUDSON/workspace/8-2-build-linux-amd64/jdk8u60/4407/hotspot/src/shar
Event: 0.268 Thread 0x00007f83ac00c800 Exception <a 'java/lang/NoSuchMethodError': Method sun.misc.Unsafe.prefetchRead(Ljava/lang/Object;J)V name or signature does not match> (0x00000000eab12ce0) thrown at [/HUDSON/workspace/8-2-build-linux-amd64/jdk8u60/4407/hotspot/src/share/vm/prims/jni.cpp

Events (10 events):
Event: 3.808 Thread 0x00007f83ac00c800 Uncommon trap: trap_request=0xffffff65 fr.pc=0x00007f839ccd8fd4
Event: 3.808 Thread 0x00007f83ac00c800 DEOPT PACKING pc=0x00007f839ccd8fd4 sp=0x00007f83b2a54240
Event: 3.808 Thread 0x00007f83ac00c800 DEOPT UNPACKING pc=0x00007f839c9d2229 sp=0x00007f83b2a54200 mode 2
Event: 3.947 Thread 0x00007f83ac00c800 DEOPT PACKING pc=0x00007f839cce6f14 sp=0x00007f83b2a54280
Event: 3.947 Thread 0x00007f83ac00c800 DEOPT UNPACKING pc=0x00007f839ca14233 sp=0x00007f83b2a53fb8 mode 0
Event: 4.001 Thread 0x00007f83ac00c800 DEOPT PACKING pc=0x00007f839ccebb41 sp=0x00007f83b2a54290
Event: 4.001 Thread 0x00007f83ac00c800 DEOPT UNPACKING pc=0x00007f839ca14233 sp=0x00007f83b2a53fa8 mode 0
Event: 4.211 loading class com/android/dex/Dex$1
Event: 4.211 loading class com/android/dex/Dex$1 done
Event: 4.287 Executing VM operation: ParallelGCFailedAllocation


Dynamic libraries:
00400000-00401000 r-xp 00000000 08:02 4071875                            /usr/local/jdk1.8.0_60/bin/java
00600000-00601000 rw-p 00000000 08:02 4071875                            /usr/local/jdk1.8.0_60/bin/java
01894000-018b5000 rw-p 00000000 00:00 0                                  [heap]
c0000000-c4f00000 rw-p 00000000 00:00 0 
c4f00000-eab00000 ---p 00000000 00:00 0 
eab00000-eea80000 rw-p 00000000 00:00 0 
f4d80000-100000000 ---p 00000000 00:00 0 
100000000-100080000 rw-p 00000000 00:00 0 
100080000-140000000 ---p 00000000 00:00 0 
7f835c000000-7f835c021000 rw-p 00000000 00:00 0 
7f835c021000-7f8360000000 ---p 00000000 00:00 0 
7f8364000000-7f83642bc000 rw-p 00000000 00:00 0 
7f83642bc000-7f8368000000 ---p 00000000 00:00 0 
7f8368000000-7f8368021000 rw-p 00000000 00:00 0 
7f8368021000-7f836c000000 ---p 00000000 00:00 0 
7f836c000000-7f836c9e9000 rw-p 00000000 00:00 0 
7f836c9e9000-7f8370000000 ---p 00000000 00:00 0 
7f8370000000-7f83704e5000 rw-p 00000000 00:00 0 
7f83704e5000-7f8374000000 ---p 00000000 00:00 0 
7f8374000000-7f8374021000 rw-p 00000000 00:00 0 
7f8374021000-7f8378000000 ---p 00000000 00:00 0 
7f8378000000-7f8378021000 rw-p 00000000 00:00 0 
7f8378021000-7f837c000000 ---p 00000000 00:00 0 
7f837c000000-7f837c28c000 rw-p 00000000 00:00 0 
7f837c28c000-7f8380000000 ---p 00000000 00:00 0 
7f8380000000-7f8380021000 rw-p 00000000 00:00 0 
7f8380021000-7f8384000000 ---p 00000000 00:00 0 
7f8384000000-7f8384021000 rw-p 00000000 00:00 0 
7f8384021000-7f8388000000 ---p 00000000 00:00 0 
7f8388000000-7f8388021000 rw-p 00000000 00:00 0 
7f8388021000-7f838c000000 ---p 00000000 00:00 0 
7f838c000000-7f838c021000 rw-p 00000000 00:00 0 
7f838c021000-7f8390000000 ---p 00000000 00:00 0 
7f83936e3000-7f83936e4000 ---p 00000000 00:00 0 
7f83936e4000-7f83937e4000 rw-p 00000000 00:00 0                          [stack:5532]
7f83937e4000-7f83937e7000 ---p 00000000 00:00 0 
7f83937e7000-7f83938e5000 rw-p 00000000 00:00 0                          [stack:5531]
7f83938e5000-7f83938e8000 ---p 00000000 00:00 0 
7f83938e8000-7f83939e6000 rw-p 00000000 00:00 0                          [stack:5530]
7f83939e6000-7f83939e9000 ---p 00000000 00:00 0 
7f83939e9000-7f8393ae7000 rw-p 00000000 00:00 0                          [stack:5529]
7f8393ae7000-7f8393aea000 ---p 00000000 00:00 0 
7f8393aea000-7f8393be8000 rw-p 00000000 00:00 0                          [stack:5528]
7f8393be8000-7f8393beb000 ---p 00000000 00:00 0 
7f8393beb000-7f8393ce9000 rw-p 00000000 00:00 0                          [stack:5527]
7f8393ce9000-7f8394000000 r--p 00000000 08:02 3939108                    /usr/lib/locale/locale-archive
7f8394000000-7f8394021000 rw-p 00000000 00:00 0 
7f8394021000-7f8398000000 ---p 00000000 00:00 0 
7f83980ae000-7f83980b1000 ---p 00000000 00:00 0 
7f83980b1000-7f83981af000 rw-p 00000000 00:00 0                          [stack:5526]
7f83981af000-7f83981b2000 ---p 00000000 00:00 0 
7f83981b2000-7f83982b0000 rw-p 00000000 00:00 0                          [stack:5525]
7f83982b0000-7f83982b1000 ---p 00000000 00:00 0 
7f83982b1000-7f8399365000 rw-p 00000000 00:00 0                          [stack:5524]
7f8399365000-7f839953d000 r--s 03d17000 08:02 4598728                    /usr/local/jdk1.8.0_60/jre/lib/rt.jar
7f839953d000-7f8399ab3000 rw-p 00000000 00:00 0 
7f8399ab3000-7f8399db3000 ---p 00000000 00:00 0 
7f8399db3000-7f839bfb3000 rw-p 00000000 00:00 0 
7f839bfb3000-7f839bfb4000 ---p 00000000 00:00 0 
7f839bfb4000-7f839c0b4000 rw-p 00000000 00:00 0                          [stack:5523]
7f839c0b4000-7f839c0b5000 ---p 00000000 00:00 0 
7f839c0b5000-7f839c1b5000 rw-p 00000000 00:00 0                          [stack:5522]
7f839c1b5000-7f839c1b6000 ---p 00000000 00:00 0 
7f839c1b6000-7f839c2de000 rw-p 00000000 00:00 0                          [stack:5521]
7f839c2de000-7f839c40c000 ---p 00000000 00:00 0 
7f839c40c000-7f839c434000 rw-p 00000000 00:00 0 
7f839c434000-7f839c561000 ---p 00000000 00:00 0 
7f839c561000-7f839c582000 rw-p 00000000 00:00 0 
7f839c582000-7f839c60c000 ---p 00000000 00:00 0 
7f839c60c000-7f839c61c000 rw-p 00000000 00:00 0 
7f839c61c000-7f839c9cd000 ---p 00000000 00:00 0 
7f839c9cd000-7f839cd5d000 rwxp 00000000 00:00 0 
7f839cd5d000-7f83ab9cd000 ---p 00000000 00:00 0 
7f83ab9cd000-7f83ab9e7000 r-xp 00000000 08:02 4727989                    /usr/local/jdk1.8.0_60/jre/lib/amd64/libzip.so
7f83ab9e7000-7f83abbe7000 ---p 0001a000 08:02 4727989                    /usr/local/jdk1.8.0_60/jre/lib/amd64/libzip.so
7f83abbe7000-7f83abbe8000 rw-p 0001a000 08:02 4727989                    /usr/local/jdk1.8.0_60/jre/lib/amd64/libzip.so
7f83abbe8000-7f83abbf3000 r-xp 00000000 08:02 4329768                    /lib/x86_64-linux-gnu/libnss_files-2.19.so
7f83abbf3000-7f83abdf2000 ---p 0000b000 08:02 4329768                    /lib/x86_64-linux-gnu/libnss_files-2.19.so
7f83abdf2000-7f83abdf3000 r--p 0000a000 08:02 4329768                    /lib/x86_64-linux-gnu/libnss_files-2.19.so
7f83abdf3000-7f83abdf4000 rw-p 0000b000 08:02 4329768                    /lib/x86_64-linux-gnu/libnss_files-2.19.so
7f83abdf4000-7f83abdff000 r-xp 00000000 08:02 4329778                    /lib/x86_64-linux-gnu/libnss_nis-2.19.so
7f83abdff000-7f83abffe000 ---p 0000b000 08:02 4329778                    /lib/x86_64-linux-gnu/libnss_nis-2.19.so
7f83abffe000-7f83abfff000 r--p 0000a000 08:02 4329778                    /lib/x86_64-linux-gnu/libnss_nis-2.19.so
7f83abfff000-7f83ac000000 rw-p 0000b000 08:02 4329778                    /lib/x86_64-linux-gnu/libnss_nis-2.19.so
7f83ac000000-7f83ac414000 rw-p 00000000 00:00 0 
7f83ac414000-7f83b0000000 ---p 00000000 00:00 0 
7f83b000b000-7f83b001a000 r--s 000df000 08:02 1049192                    /home/amr/android-sdk-linux/build-tools/23.0.2/lib/dx.jar
7f83b001a000-7f83b001b000 ---p 00000000 00:00 0 
7f83b001b000-7f83b011b000 rw-p 00000000 00:00 0                          [stack:5520]
7f83b011b000-7f83b0132000 r-xp 00000000 08:02 4329762                    /lib/x86_64-linux-gnu/libnsl-2.19.so
7f83b0132000-7f83b0331000 ---p 00017000 08:02 4329762                    /lib/x86_64-linux-gnu/libnsl-2.19.so
7f83b0331000-7f83b0332000 r--p 00016000 08:02 4329762                    /lib/x86_64-linux-gnu/libnsl-2.19.so
7f83b0332000-7f83b0333000 rw-p 00017000 08:02 4329762                    /lib/x86_64-linux-gnu/libnsl-2.19.so
7f83b0333000-7f83b0335000 rw-p 00000000 00:00 0 
7f83b0335000-7f83b033e000 r-xp 00000000 08:02 4329764                    /lib/x86_64-linux-gnu/libnss_compat-2.19.so
7f83b033e000-7f83b053d000 ---p 00009000 08:02 4329764                    /lib/x86_64-linux-gnu/libnss_compat-2.19.so
7f83b053d000-7f83b053e000 r--p 00008000 08:02 4329764                    /lib/x86_64-linux-gnu/libnss_compat-2.19.so
7f83b053e000-7f83b053f000 rw-p 00009000 08:02 4329764                    /lib/x86_64-linux-gnu/libnss_compat-2.19.so
7f83b053f000-7f83b0569000 r-xp 00000000 08:02 4727966                    /usr/local/jdk1.8.0_60/jre/lib/amd64/libjava.so
7f83b0569000-7f83b0769000 ---p 0002a000 08:02 4727966                    /usr/local/jdk1.8.0_60/jre/lib/amd64/libjava.so
7f83b0769000-7f83b076b000 rw-p 0002a000 08:02 4727966                    /usr/local/jdk1.8.0_60/jre/lib/amd64/libjava.so
7f83b076b000-7f83b0778000 r-xp 00000000 08:02 4727936                    /usr/local/jdk1.8.0_60/jre/lib/amd64/libverify.so
7f83b0778000-7f83b0978000 ---p 0000d000 08:02 4727936                    /usr/local/jdk1.8.0_60/jre/lib/amd64/libverify.so
7f83b0978000-7f83b097a000 rw-p 0000d000 08:02 4727936                    /usr/local/jdk1.8.0_60/jre/lib/amd64/libverify.so
7f83b097a000-7f83b0981000 r-xp 00000000 08:02 4329821                    /lib/x86_64-linux-gnu/librt-2.19.so
7f83b0981000-7f83b0b80000 ---p 00007000 08:02 4329821                    /lib/x86_64-linux-gnu/librt-2.19.so
7f83b0b80000-7f83b0b81000 r--p 00006000 08:02 4329821                    /lib/x86_64-linux-gnu/librt-2.19.so
7f83b0b81000-7f83b0b82000 rw-p 00007000 08:02 4329821                    /lib/x86_64-linux-gnu/librt-2.19.so
7f83b0b82000-7f83b0c87000 r-xp 00000000 08:02 4329743                    /lib/x86_64-linux-gnu/libm-2.19.so
7f83b0c87000-7f83b0e86000 ---p 00105000 08:02 4329743                    /lib/x86_64-linux-gnu/libm-2.19.so
7f83b0e86000-7f83b0e87000 r--p 00104000 08:02 4329743                    /lib/x86_64-linux-gnu/libm-2.19.so
7f83b0e87000-7f83b0e88000 rw-p 00105000 08:02 4329743                    /lib/x86_64-linux-gnu/libm-2.19.so
7f83b0e88000-7f83b1b46000 r-xp 00000000 08:02 4727868                    /usr/local/jdk1.8.0_60/jre/lib/amd64/server/libjvm.so
7f83b1b46000-7f83b1d45000 ---p 00cbe000 08:02 4727868                    /usr/local/jdk1.8.0_60/jre/lib/amd64/server/libjvm.so
7f83b1d45000-7f83b1e1d000 rw-p 00cbd000 08:02 4727868                    /usr/local/jdk1.8.0_60/jre/lib/amd64/server/libjvm.so
7f83b1e1d000-7f83b1e62000 rw-p 00000000 00:00 0 
7f83b1e62000-7f83b201d000 r-xp 00000000 08:02 4329692                    /lib/x86_64-linux-gnu/libc-2.19.so
7f83b201d000-7f83b221c000 ---p 001bb000 08:02 4329692                    /lib/x86_64-linux-gnu/libc-2.19.so
7f83b221c000-7f83b2220000 r--p 001ba000 08:02 4329692                    /lib/x86_64-linux-gnu/libc-2.19.so
7f83b2220000-7f83b2222000 rw-p 001be000 08:02 4329692                    /lib/x86_64-linux-gnu/libc-2.19.so
7f83b2222000-7f83b2227000 rw-p 00000000 00:00 0 
7f83b2227000-7f83b222a000 r-xp 00000000 08:02 4329709                    /lib/x86_64-linux-gnu/libdl-2.19.so
7f83b222a000-7f83b2429000 ---p 00003000 08:02 4329709                    /lib/x86_64-linux-gnu/libdl-2.19.so
7f83b2429000-7f83b242a000 r--p 00002000 08:02 4329709                    /lib/x86_64-linux-gnu/libdl-2.19.so
7f83b242a000-7f83b242b000 rw-p 00003000 08:02 4329709                    /lib/x86_64-linux-gnu/libdl-2.19.so
7f83b242b000-7f83b2440000 r-xp 00000000 08:02 4850898                    /usr/local/jdk1.8.0_60/lib/amd64/jli/libjli.so
7f83b2440000-7f83b2640000 ---p 00015000 08:02 4850898                    /usr/local/jdk1.8.0_60/lib/amd64/jli/libjli.so
7f83b2640000-7f83b2641000 rw-p 00015000 08:02 4850898                    /usr/local/jdk1.8.0_60/lib/amd64/jli/libjli.so
7f83b2641000-7f83b265a000 r-xp 00000000 08:02 4329813                    /lib/x86_64-linux-gnu/libpthread-2.19.so
7f83b265a000-7f83b2859000 ---p 00019000 08:02 4329813                    /lib/x86_64-linux-gnu/libpthread-2.19.so
7f83b2859000-7f83b285a000 r--p 00018000 08:02 4329813                    /lib/x86_64-linux-gnu/libpthread-2.19.so
7f83b285a000-7f83b285b000 rw-p 00019000 08:02 4329813                    /lib/x86_64-linux-gnu/libpthread-2.19.so
7f83b285b000-7f83b285f000 rw-p 00000000 00:00 0 
7f83b285f000-7f83b2882000 r-xp 00000000 08:02 4329666                    /lib/x86_64-linux-gnu/ld-2.19.so
7f83b2883000-7f83b2955000 rw-p 00000000 00:00 0 
7f83b2955000-7f83b2958000 ---p 00000000 00:00 0 
7f83b2958000-7f83b2a5a000 rw-p 00000000 00:00 0                          [stack:5519]
7f83b2a60000-7f83b2a75000 rw-p 00000000 00:00 0 
7f83b2a75000-7f83b2a7d000 rw-s 00000000 08:02 4203376                    /tmp/hsperfdata_amr/5514
7f83b2a7d000-7f83b2a7e000 rw-p 00000000 00:00 0 
7f83b2a7e000-7f83b2a7f000 ---p 00000000 00:00 0 
7f83b2a7f000-7f83b2a81000 rw-p 00000000 00:00 0 
7f83b2a81000-7f83b2a82000 r--p 00022000 08:02 4329666                    /lib/x86_64-linux-gnu/ld-2.19.so
7f83b2a82000-7f83b2a83000 rw-p 00023000 08:02 4329666                    /lib/x86_64-linux-gnu/ld-2.19.so
7f83b2a83000-7f83b2a84000 rw-p 00000000 00:00 0 
7ffdec583000-7ffdec5a6000 rw-p 00000000 00:00 0                          [stack]
7ffdec5b0000-7ffdec5b2000 r-xp 00000000 00:00 0                          [vdso]
7ffdec5b2000-7ffdec5b4000 r--p 00000000 00:00 0                          [vvar]
ffffffffff600000-ffffffffff601000 r-xp 00000000 00:00 0                  [vsyscall]

VM Arguments:
jvm_args: -Djava.awt.headless=true -Xmx1024M -Dfile.encoding=UTF-8 -Duser.country=US -Duser.language=en -Duser.variant 
java_command: com.android.dx.command.Main --dex --num-threads=4 --output /home/amr/AndroidStudioProjects/Project/app/build/intermediates/transforms/dex/debug/folders/1000/1f/main /home/amr/AndroidStudioProjects/Project/app/build/intermediates/pre-dexed/debug/support-annotations-23.1.1_7ed19c4e1633b1f048efc20c3dc82809ca736bce.jar /home/amr/AndroidStudioProjects/Project/app/build/intermediates/pre-dexed/debug/com.google.android.gms-play-services-panorama-8.4.0_52d8150ae3f2aed4b7b66287ce23d7c80f2bd9ed.jar /home/amr/AndroidStudioProjects/Project/app/build/intermediates/pre-dexed/debug/internal_impl-23.0.0_4d2fdae1974ef4d93b52d88b581471085ddba36c.jar /home/amr/AndroidStudioProjects/Project/app/build/intermediates/pre-dexed/debug/com.google.android.gms-play-services-safetynet-8.4.0_3778ae7c7f0c8b6b8e277ce442634edaf7b423fd.jar /home/amr/AndroidStudioProjects/Project/app/build/intermediates/pre-dexed/debug/com.google.android.gms-play-services-identity-8.4.0_824e6279085af09e6dcfe4be66dd8a2398fc2c9d.jar /home/amr/AndroidStudioProjects/Project/app/build/intermediates/pre-dexed/debug/com.google.android.gms-play-services-appinvite-8.4.0_ef1d5877361fa4ea7a9d0b0bd25d713dfa08ac9a.jar /home/amr/AndroidStudioProjects/Project/app/build/intermediates/pre-dexed/debug/com.google.android.gms-play-services-appindexing-8.4.0_dabb6edc439ba6b1b0b2100ce1e16005a0eb48e0.jar /home/amr/AndroidStudioProjects/Project/app/build/intermediates/pre-dexed/debug/com.google.android.gms-play-services-gcm-8.4.0_34380c937749b88c5d3108030c25dd365dcce0e7.jar /home/amr/AndroidStudioProjects/Project/app/build/intermediates/pre-dexed/debug/com.google.android.gms-play-services-vision-8.4.0_6e00bbe7455dfd0b8763efaf9ad909069a1ef473.jar /home/amr/AndroidStudioProjects/Project/app/build/intermediates/pre-dexed/debug/com.google.android.gms-play-services-base-8.4.0_7f93174c8dd262fb093aec00aead534f51dc0151.jar /home/amr/AndroidStudioProjects/Project/app/build/intermediates/pre-dexed/debug/com.google.android.gms-play-ser
java_class_path (initial): /home/amr/android-sdk-linux/build-tools/23.0.2/lib/dx.jar
Launcher Type: SUN_STANDARD

Environment Variables:
JAVA_HOME=/usr/local/jdk1.8.0_60
PATH=/usr/local/sbin:/usr/local/bin:/usr/sbin:/usr/bin:/sbin:/bin:/usr/games:/usr/local/games:/usr/local/jdk1.8.0_60/bin:$/home/amr/android-studio/bin
USERNAME=amr
LD_LIBRARY_PATH=android-studio/bin:
SHELL=/bin/bash
DISPLAY=:0

Signal Handlers:
SIGSEGV: [libjvm.so+0xaba070], sa_mask[0]=11111111011111111101111111111110, sa_flags=SA_RESTART|SA_SIGINFO
SIGBUS: [libjvm.so+0xaba070], sa_mask[0]=11111111011111111101111111111110, sa_flags=SA_RESTART|SA_SIGINFO
SIGFPE: [libjvm.so+0x917630], sa_mask[0]=11111111011111111101111111111110, sa_flags=SA_RESTART|SA_SIGINFO
SIGPIPE: [libjvm.so+0x917630], sa_mask[0]=11111111011111111101111111111110, sa_flags=SA_RESTART|SA_SIGINFO
SIGXFSZ: [libjvm.so+0x917630], sa_mask[0]=11111111011111111101111111111110, sa_flags=SA_RESTART|SA_SIGINFO
SIGILL: [libjvm.so+0x917630], sa_mask[0]=11111111011111111101111111111110, sa_flags=SA_RESTART|SA_SIGINFO
SIGUSR1: SIG_DFL, sa_mask[0]=00000000000000000000000000000000, sa_flags=none
SIGUSR2: [libjvm.so+0x918c60], sa_mask[0]=00100000000000000000000000000000, sa_flags=SA_RESTART|SA_SIGINFO
SIGHUP: [libjvm.so+0x91a060], sa_mask[0]=11111111011111111101111111111110, sa_flags=SA_RESTART|SA_SIGINFO
SIGINT: [libjvm.so+0x91a060], sa_mask[0]=11111111011111111101111111111110, sa_flags=SA_RESTART|SA_SIGINFO
SIGTERM: [libjvm.so+0x91a060], sa_mask[0]=11111111011111111101111111111110, sa_flags=SA_RESTART|SA_SIGINFO
SIGQUIT: [libjvm.so+0x91a060], sa_mask[0]=11111111011111111101111111111110, sa_flags=SA_RESTART|SA_SIGINFO


---------------  S Y S T E M  ---------------

OS:DISTRIB_ID=LinuxMint
DISTRIB_RELEASE=17.2
DISTRIB_CODENAME=rafaela
DISTRIB_DESCRIPTION="Linux Mint 17.2 Rafaela"

uname:Linux 3.16.0-38-generic #52~14.04.1-Ubuntu SMP Fri May 8 09:43:57 UTC 2015 x86_64
libc:glibc 2.19 NPTL 2.19 
rlimit: STACK 8192k, CORE 0k, NPROC 14876, NOFILE 4096, AS infinity
load average:1.95 1.27 1.03

/proc/meminfo:
MemTotal:        3839576 kB
MemFree:          123728 kB
MemAvailable:      84544 kB
Buffers:            1164 kB
Cached:           348048 kB
SwapCached:            0 kB
Active:          3248196 kB
Inactive:         302528 kB
Active(anon):    3221336 kB
Inactive(anon):   277252 kB
Active(file):      26860 kB
Inactive(file):    25276 kB
Unevictable:           0 kB
Mlocked:               0 kB
SwapTotal:             0 kB
SwapFree:              0 kB
Dirty:              4104 kB
Writeback:             0 kB
AnonPages:       3201780 kB
Mapped:           149740 kB
Shmem:            296824 kB
Slab:              68844 kB
SReclaimable:      38440 kB
SUnreclaim:        30404 kB
KernelStack:       10528 kB
PageTables:        35256 kB
NFS_Unstable:          0 kB
Bounce:                0 kB
WritebackTmp:          0 kB
CommitLimit:     1919788 kB
Committed_AS:    6631100 kB
VmallocTotal:   34359738367 kB
VmallocUsed:      543584 kB
VmallocChunk:   34359186908 kB
HardwareCorrupted:     0 kB
AnonHugePages:   1511424 kB
HugePages_Total:       0
HugePages_Free:        0
HugePages_Rsvd:        0
HugePages_Surp:        0
Hugepagesize:       2048 kB
DirectMap4k:       66624 kB
DirectMap2M:     3917824 kB


CPU:total 4 (2 cores per cpu, 2 threads per core) family 6 model 37 stepping 5, cmov, cx8, fxsr, mmx, sse, sse2, sse3, ssse3, sse4.1, sse4.2, popcnt, ht, tsc, tscinvbit

/proc/cpuinfo:
processor	: 0
vendor_id	: GenuineIntel
cpu family	: 6
model		: 37
model name	: Intel(R) Core(TM) i3 CPU       M 380  @ 2.53GHz
stepping	: 5
microcode	: 0x2
cpu MHz		: 2533.000
cache size	: 3072 KB
physical id	: 0
siblings	: 4
core id		: 0
cpu cores	: 2
apicid		: 0
initial apicid	: 0
fpu		: yes
fpu_exception	: yes
cpuid level	: 11
wp		: yes
flags		: fpu vme de pse tsc msr pae mce cx8 apic sep mtrr pge mca cmov pat pse36 clflush dts acpi mmx fxsr sse sse2 ss ht tm pbe syscall nx rdtscp lm constant_tsc arch_perfmon pebs bts nopl xtopology nonstop_tsc aperfmperf pni dtes64 monitor ds_cpl vmx est tm2 ssse3 cx16 xtpr pdcm pcid sse4_1 sse4_2 popcnt lahf_lm arat dtherm tpr_shadow vnmi flexpriority ept vpid
bogomips	: 5054.86
clflush size	: 64
cache_alignment	: 64
address sizes	: 36 bits physical, 48 bits virtual
power management:

processor	: 1
vendor_id	: GenuineIntel
cpu family	: 6
model		: 37
model name	: Intel(R) Core(TM) i3 CPU       M 380  @ 2.53GHz
stepping	: 5
microcode	: 0x2
cpu MHz		: 1599.000
cache size	: 3072 KB
physical id	: 0
siblings	: 4
core id		: 0
cpu cores	: 2
apicid		: 1
initial apicid	: 1
fpu		: yes
fpu_exception	: yes
cpuid level	: 11
wp		: yes
flags		: fpu vme de pse tsc msr pae mce cx8 apic sep mtrr pge mca cmov pat pse36 clflush dts acpi mmx fxsr sse sse2 ss ht tm pbe syscall nx rdtscp lm constant_tsc arch_perfmon pebs bts nopl xtopology nonstop_tsc aperfmperf pni dtes64 monitor ds_cpl vmx est tm2 ssse3 cx16 xtpr pdcm pcid sse4_1 sse4_2 popcnt lahf_lm arat dtherm tpr_shadow vnmi flexpriority ept vpid
bogomips	: 5054.86
clflush size	: 64
cache_alignment	: 64
address sizes	: 36 bits physical, 48 bits virtual
power management:

processor	: 2
vendor_id	: GenuineIntel
cpu family	: 6
model		: 37
model name	: Intel(R) Core(TM) i3 CPU       M 380  @ 2.53GHz
stepping	: 5
microcode	: 0x2
cpu MHz		: 2133.000
cache size	: 3072 KB
physical id	: 0
siblings	: 4
core id		: 2
cpu cores	: 2
apicid		: 4
initial apicid	: 4
fpu		: yes
fpu_exception	: yes
cpuid level	: 11
wp		: yes
flags		: fpu vme de pse tsc msr pae mce cx8 apic sep mtrr pge mca cmov pat pse36 clflush dts acpi mmx fxsr sse sse2 ss ht tm pbe syscall nx rdtscp lm constant_tsc arch_perfmon pebs bts nopl xtopology nonstop_tsc aperfmperf pni dtes64 monitor ds_cpl vmx est tm2 ssse3 cx16 xtpr pdcm pcid sse4_1 sse4_2 popcnt lahf_lm arat dtherm tpr_shadow vnmi flexpriority ept vpid
bogomips	: 5054.86
clflush size	: 64
cache_alignment	: 64
address sizes	: 36 bits physical, 48 bits virtual
power management:

processor	: 3
vendor_id	: GenuineIntel
cpu family	: 6
model		: 37
model name	: Intel(R) Core(TM) i3 CPU       M 380  @ 2.53GHz
stepping	: 5
microcode	: 0x2
cpu MHz		: 1599.000
cache size	: 3072 KB
physical id	: 0
siblings	: 4
core id		: 2
cpu cores	: 2
apicid		: 5
initial apicid	: 5
fpu		: yes
fpu_exception	: yes
cpuid level	: 11
wp		: yes
flags		: fpu vme de pse tsc msr pae mce cx8 apic sep mtrr pge mca cmov pat pse36 clflush dts acpi mmx fxsr sse sse2 ss ht tm pbe syscall nx rdtscp lm constant_tsc arch_perfmon pebs bts nopl xtopology nonstop_tsc aperfmperf pni dtes64 monitor ds_cpl vmx est tm2 ssse3 cx16 xtpr pdcm pcid sse4_1 sse4_2 popcnt lahf_lm arat dtherm tpr_shadow vnmi flexpriority ept vpid
bogomips	: 5054.86
clflush size	: 64
cache_alignment	: 64
address sizes	: 36 bits physical, 48 bits virtual
power management:



Memory: 4k page, physical 3839576k(123728k free), swap 0k(0k free)

vm_info: Java HotSpot(TM) 64-Bit Server VM (25.60-b23) for linux-amd64 JRE (1.8.0_60-b27), built on Aug  4 2015 12:19:40 by "java_re" with gcc 4.3.0 20080428 (Red Hat 4.3.0-8)

time: Sun Mar 27 18:59:50 2016
elapsed time: 4 seconds (0d 0h 0m 4s)

