#
# There is insufficient memory for the Java Runtime Environment to continue.
# Native memory allocation (mmap) failed to map 78643200 bytes for committing reserved memory.
# Possible reasons:
#   The system is out of physical RAM or swap space
#   In 32 bit mode, the process size limit was hit
# Possible solutions:
#   Reduce memory load on the system
#   Increase physical memory or swap space
#   Check if swap backing store is full
#   Use 64 bit Java on a 64 bit OS
#   Decrease Java heap size (-Xmx/-Xms)
#   Decrease number of Java threads
#   Decrease Java thread stack sizes (-Xss)
#   Set larger code cache with -XX:ReservedCodeCacheSize=
# This output file may be truncated or incomplete.
#
#  Out of Memory Error (os_linux.cpp:2627), pid=8838, tid=139986634008320
#
# JRE version: Java(TM) SE Runtime Environment (8.0_60-b27) (build 1.8.0_60-b27)
# Java VM: Java HotSpot(TM) 64-Bit Server VM (25.60-b23 mixed mode linux-amd64 compressed oops)
# Failed to write core dump. Core dumps have been disabled. To enable core dumping, try "ulimit -c unlimited" before starting Java again
#

---------------  T H R E A D  ---------------

Current thread (0x00007f514007a800):  VMThread [stack: 0x00007f512d87e000,0x00007f512d97f000] [id=8848]

Stack: [0x00007f512d87e000,0x00007f512d97f000],  sp=0x00007f512d97d1e0,  free space=1020k
Native frames: (J=compiled Java code, j=interpreted, Vv=VM code, C=native code)
V  [libjvm.so+0xab97ea]  VMError::report_and_die()+0x2ba
V  [libjvm.so+0x4f9dab]  report_vm_out_of_memory(char const*, int, unsigned long, VMErrorType, char const*)+0x8b
V  [libjvm.so+0x91a7c3]  os::Linux::commit_memory_impl(char*, unsigned long, bool)+0x103
V  [libjvm.so+0x91ad19]  os::pd_commit_memory(char*, unsigned long, unsigned long, bool)+0x29
V  [libjvm.so+0x91502a]  os::commit_memory(char*, unsigned long, unsigned long, bool)+0x2a
V  [libjvm.so+0x9886d3]  PSVirtualSpace::expand_by(unsigned long)+0x53
V  [libjvm.so+0x989ad8]  PSYoungGen::resize_generation(unsigned long, unsigned long)+0xf8
V  [libjvm.so+0x988c32]  PSYoungGen::resize(unsigned long, unsigned long)+0x22
V  [libjvm.so+0x985f0b]  PSScavenge::invoke_no_policy()+0xf3b
V  [libjvm.so+0x986691]  PSScavenge::invoke()+0x41
V  [libjvm.so+0x93e430]  ParallelScavengeHeap::failed_mem_allocate(unsigned long)+0x70
V  [libjvm.so+0xabb207]  VM_ParallelGCFailedAllocation::doit()+0x97
V  [libjvm.so+0xac2c35]  VM_Operation::evaluate()+0x55
V  [libjvm.so+0xac100a]  VMThread::evaluate_operation(VM_Operation*)+0xba
V  [libjvm.so+0xac138e]  VMThread::loop()+0x1ce
V  [libjvm.so+0xac1800]  VMThread::run()+0x70
V  [libjvm.so+0x91cb88]  java_start(Thread*)+0x108

VM_Operation (0x00007f514601bdc0): ParallelGCFailedAllocation, mode: safepoint, requested by thread 0x00007f514000c800


---------------  P R O C E S S  ---------------

Java Threads: ( => current thread )
  0x00007f51400ce000 JavaThread "Service Thread" daemon [_thread_blocked, id=8856, stack(0x00007f512ce60000,0x00007f512cf61000)]
  0x00007f51400c0800 JavaThread "C1 CompilerThread2" daemon [_thread_blocked, id=8855, stack(0x00007f512cf61000,0x00007f512d062000)]
  0x00007f51400bf000 JavaThread "C2 CompilerThread1" daemon [_thread_blocked, id=8854, stack(0x00007f512d062000,0x00007f512d163000)]
  0x00007f51400bc000 JavaThread "C2 CompilerThread0" daemon [_thread_blocked, id=8853, stack(0x00007f512d163000,0x00007f512d264000)]
  0x00007f51400ba800 JavaThread "Signal Dispatcher" daemon [_thread_blocked, id=8852, stack(0x00007f512d264000,0x00007f512d365000)]
  0x00007f5140081800 JavaThread "Finalizer" daemon [_thread_blocked, id=8850, stack(0x00007f512d67c000,0x00007f512d77d000)]
  0x00007f514007f800 JavaThread "Reference Handler" daemon [_thread_blocked, id=8849, stack(0x00007f512d77d000,0x00007f512d87e000)]
  0x00007f514000c800 JavaThread "main" [_thread_blocked, id=8843, stack(0x00007f5145f1d000,0x00007f514601e000)]

Other Threads:
=>0x00007f514007a800 VMThread [stack: 0x00007f512d87e000,0x00007f512d97f000] [id=8848]
  0x00007f51400d0800 WatcherThread [stack: 0x00007f512cd5f000,0x00007f512ce60000] [id=8857]

VM state:at safepoint (normal execution)

VM Mutex/Monitor currently owned by a thread:  ([mutex/lock_event])
[0x00007f5140008eb0] Threads_lock - owner thread: 0x00007f514007a800
[0x00007f51400093b0] Heap_lock - owner thread: 0x00007f514000c800

Heap:
 PSYoungGen      total 128000K, used 34801K [0x00000000eab00000, 0x00000000f5680000, 0x0000000100000000)
  eden space 91648K, 0% used [0x00000000eab00000,0x00000000eab00000,0x00000000f0480000)
  from space 36352K, 95% used [0x00000000f0480000,0x00000000f267c650,0x00000000f2800000)
  to   space 38400K, 0% used [0x00000000f2800000,0x00000000f2800000,0x00000000f4d80000)
 ParOldGen       total 79872K, used 20842K [0x00000000c0000000, 0x00000000c4e00000, 0x00000000eab00000)
  object space 79872K, 26% used [0x00000000c0000000,0x00000000c145ab48,0x00000000c4e00000)
 Metaspace       used 4760K, capacity 5464K, committed 5760K, reserved 1056768K
  class space    used 495K, capacity 528K, committed 640K, reserved 1048576K

Card table byte_map: [0x00007f512f9a5000,0x00007f512fba6000] byte_map_base: 0x00007f512f3a5000

Marking Bits: (ParMarkBitMap*) 0x00007f5145401de0
 Begin Bits: [0x00007f511d54c000, 0x00007f511e54c000)
 End Bits:   [0x00007f511e54c000, 0x00007f511f54c000)

Polling page: 0x00007f5146049000

CodeCache: size=245760Kb used=3703Kb max_used=3716Kb free=242056Kb
 bounds [0x00007f512ff66000, 0x00007f5130316000, 0x00007f513ef66000]
 total_blobs=1381 nmethods=1108 adapters=188
 compilation: enabled

Compilation events (10 events):
Event: 4.655 Thread 0x00007f51400c0800 1150       3       java.util.TimSort::binarySort (223 bytes)
Event: 4.657 Thread 0x00007f51400c0800 nmethod 1150 0x00007f5130301c50 code [0x00007f5130301e40, 0x00007f5130302818]
Event: 4.679 Thread 0x00007f51400bf000 nmethod 1119 0x00007f5130306a50 code [0x00007f5130306c60, 0x00007f5130307dd8]
Event: 4.679 Thread 0x00007f51400bf000 1139       4       com.android.dex.EncodedValueCodec::readUnsignedInt (86 bytes)
Event: 4.720 Thread 0x00007f51400bf000 nmethod 1139 0x00007f5130303050 code [0x00007f51303031c0, 0x00007f51303036f8]
Event: 4.720 Thread 0x00007f51400bf000 1120   !   4       com.android.dex.Dex$Section::writeStringData (36 bytes)
Event: 4.821 Thread 0x00007f51400bf000 nmethod 1120 0x00007f513030b5d0 code [0x00007f513030b7c0, 0x00007f513030c658]
Event: 4.821 Thread 0x00007f51400bf000 1142       4       java.util.HashMap::putVal (300 bytes)
Event: 4.851 Thread 0x00007f51400bf000 nmethod 1142 0x00007f51302ecc10 code [0x00007f51302ecde0, 0x00007f51302ed4d0]
Event: 4.851 Thread 0x00007f51400bf000 1151       4       com.android.dx.merge.DexMerger::transformMethods (126 bytes)

GC Heap History (10 events):
Event: 1.342 GC heap after
Heap after GC invocations=3 (full 0):
 PSYoungGen      total 33280K, used 2546K [0x00000000eab00000, 0x00000000eec00000, 0x0000000100000000)
  eden space 30720K, 0% used [0x00000000eab00000,0x00000000eab00000,0x00000000ec900000)
  from space 2560K, 99% used [0x00000000ec900000,0x00000000ecb7cb40,0x00000000ecb80000)
  to   space 2560K, 0% used [0x00000000ee980000,0x00000000ee980000,0x00000000eec00000)
 ParOldGen       total 50688K, used 45064K [0x00000000c0000000, 0x00000000c3180000, 0x00000000eab00000)
  object space 50688K, 88% used [0x00000000c0000000,0x00000000c2c02278,0x00000000c3180000)
 Metaspace       used 3846K, capacity 4944K, committed 5120K, reserved 1056768K
  class space    used 405K, capacity 456K, committed 512K, reserved 1048576K
}
Event: 1.342 GC heap before
{Heap before GC invocations=4 (full 1):
 PSYoungGen      total 33280K, used 2546K [0x00000000eab00000, 0x00000000eec00000, 0x0000000100000000)
  eden space 30720K, 0% used [0x00000000eab00000,0x00000000eab00000,0x00000000ec900000)
  from space 2560K, 99% used [0x00000000ec900000,0x00000000ecb7cb40,0x00000000ecb80000)
  to   space 2560K, 0% used [0x00000000ee980000,0x00000000ee980000,0x00000000eec00000)
 ParOldGen       total 50688K, used 45064K [0x00000000c0000000, 0x00000000c3180000, 0x00000000eab00000)
  object space 50688K, 88% used [0x00000000c0000000,0x00000000c2c02278,0x00000000c3180000)
 Metaspace       used 3846K, capacity 4944K, committed 5120K, reserved 1056768K
  class space    used 405K, capacity 456K, committed 512K, reserved 1048576K
Event: 1.378 GC heap after
Heap after GC invocations=4 (full 1):
 PSYoungGen      total 33280K, used 0K [0x00000000eab00000, 0x00000000eec00000, 0x0000000100000000)
  eden space 30720K, 0% used [0x00000000eab00000,0x00000000eab00000,0x00000000ec900000)
  from space 2560K, 0% used [0x00000000ec900000,0x00000000ec900000,0x00000000ecb80000)
  to   space 2560K, 0% used [0x00000000ee980000,0x00000000ee980000,0x00000000eec00000)
 ParOldGen       total 79872K, used 19296K [0x00000000c0000000, 0x00000000c4e00000, 0x00000000eab00000)
  object space 79872K, 24% used [0x00000000c0000000,0x00000000c12d8288,0x00000000c4e00000)
 Metaspace       used 3846K, capacity 4944K, committed 5120K, reserved 1056768K
  class space    used 405K, capacity 456K, committed 512K, reserved 1048576K
}
Event: 1.877 GC heap before
{Heap before GC invocations=5 (full 1):
 PSYoungGen      total 33280K, used 30720K [0x00000000eab00000, 0x00000000eec00000, 0x0000000100000000)
  eden space 30720K, 100% used [0x00000000eab00000,0x00000000ec900000,0x00000000ec900000)
  from space 2560K, 0% used [0x00000000ec900000,0x00000000ec900000,0x00000000ecb80000)
  to   space 2560K, 0% used [0x00000000ee980000,0x00000000ee980000,0x00000000eec00000)
 ParOldGen       total 79872K, used 19296K [0x00000000c0000000, 0x00000000c4e00000, 0x00000000eab00000)
  object space 79872K, 24% used [0x00000000c0000000,0x00000000c12d8288,0x00000000c4e00000)
 Metaspace       used 3947K, capacity 5008K, committed 5120K, reserved 1056768K
  class space    used 411K, capacity 456K, committed 512K, reserved 1048576K
Event: 1.936 GC heap after
Heap after GC invocations=5 (full 1):
 PSYoungGen      total 54272K, used 960K [0x00000000eab00000, 0x00000000eea80000, 0x0000000100000000)
  eden space 53248K, 0% used [0x00000000eab00000,0x00000000eab00000,0x00000000edf00000)
  from space 1024K, 93% used [0x00000000ee980000,0x00000000eea70000,0x00000000eea80000)
  to   space 2560K, 0% used [0x00000000ee580000,0x00000000ee580000,0x00000000ee800000)
 ParOldGen       total 79872K, used 19304K [0x00000000c0000000, 0x00000000c4e00000, 0x00000000eab00000)
  object space 79872K, 24% used [0x00000000c0000000,0x00000000c12da288,0x00000000c4e00000)
 Metaspace       used 3947K, capacity 5008K, committed 5120K, reserved 1056768K
  class space    used 411K, capacity 456K, committed 512K, reserved 1048576K
}
Event: 3.131 GC heap before
{Heap before GC invocations=6 (full 1):
 PSYoungGen      total 54272K, used 54208K [0x00000000eab00000, 0x00000000eea80000, 0x0000000100000000)
  eden space 53248K, 100% used [0x00000000eab00000,0x00000000edf00000,0x00000000edf00000)
  from space 1024K, 93% used [0x00000000ee980000,0x00000000eea70000,0x00000000eea80000)
  to   space 2560K, 0% used [0x00000000ee580000,0x00000000ee580000,0x00000000ee800000)
 ParOldGen       total 79872K, used 19304K [0x00000000c0000000, 0x00000000c4e00000, 0x00000000eab00000)
  object space 79872K, 24% used [0x00000000c0000000,0x00000000c12da288,0x00000000c4e00000)
 Metaspace       used 4433K, capacity 5424K, committed 5632K, reserved 1056768K
  class space    used 458K, capacity 488K, committed 512K, reserved 1048576K
Event: 3.151 GC heap after
Heap after GC invocations=6 (full 1):
 PSYoungGen      total 62464K, used 2558K [0x00000000eab00000, 0x00000000f4d80000, 0x0000000100000000)
  eden space 59904K, 0% used [0x00000000eab00000,0x00000000eab00000,0x00000000ee580000)
  from space 2560K, 99% used [0x00000000ee580000,0x00000000ee7ff978,0x00000000ee800000)
  to   space 38400K, 0% used [0x00000000f2800000,0x00000000f2800000,0x00000000f4d80000)
 ParOldGen       total 79872K, used 20826K [0x00000000c0000000, 0x00000000c4e00000, 0x00000000eab00000)
  object space 79872K, 26% used [0x00000000c0000000,0x00000000c1456b48,0x00000000c4e00000)
 Metaspace       used 4433K, capacity 5424K, committed 5632K, reserved 1056768K
  class space    used 458K, capacity 488K, committed 512K, reserved 1048576K
}
Event: 4.087 GC heap before
{Heap before GC invocations=7 (full 1):
 PSYoungGen      total 62464K, used 57462K [0x00000000eab00000, 0x00000000f4d80000, 0x0000000100000000)
  eden space 59904K, 91% used [0x00000000eab00000,0x00000000ee09dfc8,0x00000000ee580000)
  from space 2560K, 99% used [0x00000000ee580000,0x00000000ee7ff978,0x00000000ee800000)
  to   space 38400K, 0% used [0x00000000f2800000,0x00000000f2800000,0x00000000f4d80000)
 ParOldGen       total 79872K, used 20826K [0x00000000c0000000, 0x00000000c4e00000, 0x00000000eab00000)
  object space 79872K, 26% used [0x00000000c0000000,0x00000000c1456b48,0x00000000c4e00000)
 Metaspace       used 4751K, capacity 5432K, committed 5632K, reserved 1056768K
  class space    used 494K, capacity 496K, committed 512K, reserved 1048576K
Event: 4.185 GC heap after
Heap after GC invocations=7 (full 1):
 PSYoungGen      total 130048K, used 2080K [0x00000000eab00000, 0x00000000f5680000, 0x0000000100000000)
  eden space 91648K, 0% used [0x00000000eab00000,0x00000000eab00000,0x00000000f0480000)
  from space 38400K, 5% used [0x00000000f2800000,0x00000000f2a08018,0x00000000f4d80000)
  to   space 36352K, 0% used [0x00000000f0480000,0x00000000f0480000,0x00000000f2800000)
 ParOldGen       total 79872K, used 20834K [0x00000000c0000000, 0x00000000c4e00000, 0x00000000eab00000)
  object space 79872K, 26% used [0x00000000c0000000,0x00000000c1458b48,0x00000000c4e00000)
 Metaspace       used 4751K, capacity 5432K, committed 5632K, reserved 1056768K
  class space    used 494K, capacity 496K, committed 512K, reserved 1048576K
}
Event: 4.963 GC heap before
{Heap before GC invocations=8 (full 1):
 PSYoungGen      total 130048K, used 93728K [0x00000000eab00000, 0x00000000f5680000, 0x0000000100000000)
  eden space 91648K, 100% used [0x00000000eab00000,0x00000000f0480000,0x00000000f0480000)
  from space 38400K, 5% used [0x00000000f2800000,0x00000000f2a08018,0x00000000f4d80000)
  to   space 36352K, 0% used [0x00000000f0480000,0x00000000f0480000,0x00000000f2800000)
 ParOldGen       total 79872K, used 20834K [0x00000000c0000000, 0x00000000c4e00000, 0x00000000eab00000)
  object space 79872K, 26% used [0x00000000c0000000,0x00000000c1458b48,0x00000000c4e00000)
 Metaspace       used 4760K, capacity 5464K, committed 5760K, reserved 1056768K
  class space    used 495K, capacity 528K, committed 640K, reserved 1048576K

Deoptimization events (10 events):
Event: 2.599 Thread 0x00007f514000c800 Uncommon trap: reason=unstable_if action=reinterpret pc=0x00007f51301ba7d8 method=java.util.HashMap.getNode(ILjava/lang/Object;)Ljava/util/HashMap$Node; @ 84
Event: 3.475 Thread 0x00007f514000c800 Uncommon trap: reason=unstable_if action=reinterpret pc=0x00007f51300c2488 method=java.lang.String.replace(CC)Ljava/lang/String; @ 2
Event: 3.479 Thread 0x00007f514000c800 Uncommon trap: reason=unstable_if action=reinterpret pc=0x00007f51300b45c8 method=java.lang.String.indexOf(II)I @ 49
Event: 4.189 Thread 0x00007f514000c800 Uncommon trap: reason=unstable_if action=reinterpret pc=0x00007f51301bdb8c method=com.android.dx.merge.DexMerger$IdMerger.readIntoMap(Lcom/android/dex/Dex$Section;Lcom/android/dex/TableOfContents$Section;Lcom/android/dx/merge/IndexMap;ILjava/util/TreeMap;
Event: 4.190 Thread 0x00007f514000c800 Uncommon trap: reason=unstable_if action=reinterpret pc=0x00007f5130184064 method=com.android.dex.Mutf8.countBytes(Ljava/lang/String;Z)J @ 50
Event: 4.190 Thread 0x00007f514000c800 Uncommon trap: reason=unstable_if action=reinterpret pc=0x00007f513017fbf8 method=com.android.dex.Mutf8.countBytes(Ljava/lang/String;Z)J @ 50
Event: 4.470 Thread 0x00007f514000c800 Uncommon trap: reason=bimorphic action=maybe_recompile pc=0x00007f51301d1184 method=com.android.dx.merge.DexMerger$IdMerger.mergeSorted()V @ 373
Event: 4.488 Thread 0x00007f514000c800 Uncommon trap: reason=bimorphic action=maybe_recompile pc=0x00007f51301d1184 method=com.android.dx.merge.DexMerger$IdMerger.mergeSorted()V @ 373
Event: 4.510 Thread 0x00007f514000c800 Uncommon trap: reason=bimorphic action=maybe_recompile pc=0x00007f51301d1184 method=com.android.dx.merge.DexMerger$IdMerger.mergeSorted()V @ 373
Event: 4.511 Thread 0x00007f514000c800 Uncommon trap: reason=unstable_if action=reinterpret pc=0x00007f51302b44a8 method=com.android.dex.EncodedValueCodec.writeUnsignedIntegralValue(Lcom/android/dex/util/ByteOutput;IJ)V @ 11

Internal exceptions (3 events):
Event: 0.107 Thread 0x00007f514000c800 Exception <a 'java/lang/NoSuchMethodError': Method sun.misc.Unsafe.defineClass(Ljava/lang/String;[BII)Ljava/lang/Class; name or signature does not match> (0x00000000eab12b98) thrown at [/HUDSON/workspace/8-2-build-linux-amd64/jdk8u60/4407/hotspot/src/shar
Event: 0.107 Thread 0x00007f514000c800 Exception <a 'java/lang/NoSuchMethodError': Method sun.misc.Unsafe.prefetchRead(Ljava/lang/Object;J)V name or signature does not match> (0x00000000eab12e80) thrown at [/HUDSON/workspace/8-2-build-linux-amd64/jdk8u60/4407/hotspot/src/share/vm/prims/jni.cpp
Event: 4.189 Thread 0x00007f514000c800 Implicit null exception at 0x00007f51301bcd12 to 0x00007f51301bdb69

Events (10 events):
Event: 4.928 Thread 0x00007f514000c800 DEOPT UNPACKING pc=0x00007f512ffad233 sp=0x00007f514601bfa8 mode 0
Event: 4.946 Thread 0x00007f514000c800 DEOPT PACKING pc=0x00007f5130257c01 sp=0x00007f514601c290
Event: 4.946 Thread 0x00007f514000c800 DEOPT UNPACKING pc=0x00007f512ffad233 sp=0x00007f514601bfa8 mode 0
Event: 4.949 Thread 0x00007f514000c800 DEOPT PACKING pc=0x00007f5130257c01 sp=0x00007f514601c290
Event: 4.949 Thread 0x00007f514000c800 DEOPT UNPACKING pc=0x00007f512ffad233 sp=0x00007f514601bfa8 mode 0
Event: 4.955 Thread 0x00007f514000c800 DEOPT PACKING pc=0x00007f5130257c01 sp=0x00007f514601c290
Event: 4.955 Thread 0x00007f514000c800 DEOPT UNPACKING pc=0x00007f512ffad233 sp=0x00007f514601bfa8 mode 0
Event: 4.960 Thread 0x00007f514000c800 DEOPT PACKING pc=0x00007f5130257c01 sp=0x00007f514601c290
Event: 4.960 Thread 0x00007f514000c800 DEOPT UNPACKING pc=0x00007f512ffad233 sp=0x00007f514601bfa8 mode 0
Event: 4.962 Executing VM operation: ParallelGCFailedAllocation


Dynamic libraries:
00400000-00401000 r-xp 00000000 08:02 4071875                            /usr/local/jdk1.8.0_60/bin/java
00600000-00601000 rw-p 00000000 08:02 4071875                            /usr/local/jdk1.8.0_60/bin/java
01338000-01359000 rw-p 00000000 00:00 0                                  [heap]
c0000000-c4e00000 rw-p 00000000 00:00 0 
c4e00000-eab00000 ---p 00000000 00:00 0 
eab00000-f5680000 rw-p 00000000 00:00 0 
fa180000-100000000 ---p 00000000 00:00 0 
100000000-1000a0000 rw-p 00000000 00:00 0 
1000a0000-140000000 ---p 00000000 00:00 0 
7f50f0000000-7f50f0021000 rw-p 00000000 00:00 0 
7f50f0021000-7f50f4000000 ---p 00000000 00:00 0 
7f50f4000000-7f50f4021000 rw-p 00000000 00:00 0 
7f50f4021000-7f50f8000000 ---p 00000000 00:00 0 
7f50f8000000-7f50f8dc3000 rw-p 00000000 00:00 0 
7f50f8dc3000-7f50fc000000 ---p 00000000 00:00 0 
7f50fc000000-7f50fc427000 rw-p 00000000 00:00 0 
7f50fc427000-7f5100000000 ---p 00000000 00:00 0 
7f5100000000-7f5100021000 rw-p 00000000 00:00 0 
7f5100021000-7f5104000000 ---p 00000000 00:00 0 
7f5104000000-7f5105096000 rw-p 00000000 00:00 0 
7f5105096000-7f5108000000 ---p 00000000 00:00 0 
7f5108000000-7f5108021000 rw-p 00000000 00:00 0 
7f5108021000-7f510c000000 ---p 00000000 00:00 0 
7f510c000000-7f510c021000 rw-p 00000000 00:00 0 
7f510c021000-7f5110000000 ---p 00000000 00:00 0 
7f5110000000-7f5110021000 rw-p 00000000 00:00 0 
7f5110021000-7f5114000000 ---p 00000000 00:00 0 
7f5114000000-7f5114294000 rw-p 00000000 00:00 0 
7f5114294000-7f5118000000 ---p 00000000 00:00 0 
7f5118000000-7f5118021000 rw-p 00000000 00:00 0 
7f5118021000-7f511c000000 ---p 00000000 00:00 0 
7f511d54c000-7f511f54c000 rw-p 00000000 00:00 0 
7f5120000000-7f5120021000 rw-p 00000000 00:00 0 
7f5120021000-7f5124000000 ---p 00000000 00:00 0 
7f5128000000-7f5128021000 rw-p 00000000 00:00 0 
7f5128021000-7f512c000000 ---p 00000000 00:00 0 
7f512cd50000-7f512cd5f000 r--s 000df000 08:02 1049192                    /home/amr/android-sdk-linux/build-tools/23.0.2/lib/dx.jar
7f512cd5f000-7f512cd60000 ---p 00000000 00:00 0 
7f512cd60000-7f512ce60000 rw-p 00000000 00:00 0                          [stack:8857]
7f512ce60000-7f512ce63000 ---p 00000000 00:00 0 
7f512ce63000-7f512cf61000 rw-p 00000000 00:00 0                          [stack:8856]
7f512cf61000-7f512cf64000 ---p 00000000 00:00 0 
7f512cf64000-7f512d062000 rw-p 00000000 00:00 0                          [stack:8855]
7f512d062000-7f512d065000 ---p 00000000 00:00 0 
7f512d065000-7f512d163000 rw-p 00000000 00:00 0                          [stack:8854]
7f512d163000-7f512d166000 ---p 00000000 00:00 0 
7f512d166000-7f512d264000 rw-p 00000000 00:00 0                          [stack:8853]
7f512d264000-7f512d267000 ---p 00000000 00:00 0 
7f512d267000-7f512d365000 rw-p 00000000 00:00 0                          [stack:8852]
7f512d365000-7f512d67c000 r--p 00000000 08:02 3939108                    /usr/lib/locale/locale-archive
7f512d67c000-7f512d67f000 ---p 00000000 00:00 0 
7f512d67f000-7f512d77d000 rw-p 00000000 00:00 0                          [stack:8850]
7f512d77d000-7f512d780000 ---p 00000000 00:00 0 
7f512d780000-7f512d87e000 rw-p 00000000 00:00 0                          [stack:8849]
7f512d87e000-7f512d87f000 ---p 00000000 00:00 0 
7f512d87f000-7f512e8fe000 rw-p 00000000 00:00 0                          [stack:8848]
7f512e8fe000-7f512ead6000 r--s 03d17000 08:02 4598728                    /usr/local/jdk1.8.0_60/jre/lib/rt.jar
7f512ead6000-7f512f04c000 rw-p 00000000 00:00 0 
7f512f04c000-7f512f34c000 ---p 00000000 00:00 0 
7f512f34c000-7f512f54c000 rw-p 00000000 00:00 0 
7f512f54c000-7f512f54d000 ---p 00000000 00:00 0 
7f512f54d000-7f512f64d000 rw-p 00000000 00:00 0                          [stack:8847]
7f512f64d000-7f512f64e000 ---p 00000000 00:00 0 
7f512f64e000-7f512f74e000 rw-p 00000000 00:00 0                          [stack:8846]
7f512f74e000-7f512f74f000 ---p 00000000 00:00 0 
7f512f74f000-7f512f876000 rw-p 00000000 00:00 0                          [stack:8845]
7f512f876000-7f512f9a5000 ---p 00000000 00:00 0 
7f512f9a5000-7f512f9cc000 rw-p 00000000 00:00 0 
7f512f9cc000-7f512fafa000 ---p 00000000 00:00 0 
7f512fafa000-7f512fb51000 rw-p 00000000 00:00 0 
7f512fb51000-7f512fba5000 ---p 00000000 00:00 0 
7f512fba5000-7f512fbb5000 rw-p 00000000 00:00 0 
7f512fbb5000-7f512ff66000 ---p 00000000 00:00 0 
7f512ff66000-7f5130316000 rwxp 00000000 00:00 0 
7f5130316000-7f513ef66000 ---p 00000000 00:00 0 
7f513ef66000-7f513ef80000 r-xp 00000000 08:02 4727989                    /usr/local/jdk1.8.0_60/jre/lib/amd64/libzip.so
7f513ef80000-7f513f180000 ---p 0001a000 08:02 4727989                    /usr/local/jdk1.8.0_60/jre/lib/amd64/libzip.so
7f513f180000-7f513f181000 rw-p 0001a000 08:02 4727989                    /usr/local/jdk1.8.0_60/jre/lib/amd64/libzip.so
7f513f181000-7f513f18c000 r-xp 00000000 08:02 4333097                    /lib/x86_64-linux-gnu/libnss_files-2.19.so
7f513f18c000-7f513f38b000 ---p 0000b000 08:02 4333097                    /lib/x86_64-linux-gnu/libnss_files-2.19.so
7f513f38b000-7f513f38c000 r--p 0000a000 08:02 4333097                    /lib/x86_64-linux-gnu/libnss_files-2.19.so
7f513f38c000-7f513f38d000 rw-p 0000b000 08:02 4333097                    /lib/x86_64-linux-gnu/libnss_files-2.19.so
7f513f38d000-7f513f398000 r-xp 00000000 08:02 4333079                    /lib/x86_64-linux-gnu/libnss_nis-2.19.so
7f513f398000-7f513f597000 ---p 0000b000 08:02 4333079                    /lib/x86_64-linux-gnu/libnss_nis-2.19.so
7f513f597000-7f513f598000 r--p 0000a000 08:02 4333079                    /lib/x86_64-linux-gnu/libnss_nis-2.19.so
7f513f598000-7f513f599000 rw-p 0000b000 08:02 4333079                    /lib/x86_64-linux-gnu/libnss_nis-2.19.so
7f513f599000-7f513f5b0000 r-xp 00000000 08:02 4333071                    /lib/x86_64-linux-gnu/libnsl-2.19.so
7f513f5b0000-7f513f7af000 ---p 00017000 08:02 4333071                    /lib/x86_64-linux-gnu/libnsl-2.19.so
7f513f7af000-7f513f7b0000 r--p 00016000 08:02 4333071                    /lib/x86_64-linux-gnu/libnsl-2.19.so
7f513f7b0000-7f513f7b1000 rw-p 00017000 08:02 4333071                    /lib/x86_64-linux-gnu/libnsl-2.19.so
7f513f7b1000-7f513f7b3000 rw-p 00000000 00:00 0 
7f513f7b3000-7f513f7bc000 r-xp 00000000 08:02 4333070                    /lib/x86_64-linux-gnu/libnss_compat-2.19.so
7f513f7bc000-7f513f9bb000 ---p 00009000 08:02 4333070                    /lib/x86_64-linux-gnu/libnss_compat-2.19.so
7f513f9bb000-7f513f9bc000 r--p 00008000 08:02 4333070                    /lib/x86_64-linux-gnu/libnss_compat-2.19.so
7f513f9bc000-7f513f9bd000 rw-p 00009000 08:02 4333070                    /lib/x86_64-linux-gnu/libnss_compat-2.19.so
7f513f9bd000-7f513f9e7000 r-xp 00000000 08:02 4727966                    /usr/local/jdk1.8.0_60/jre/lib/amd64/libjava.so
7f513f9e7000-7f513fbe7000 ---p 0002a000 08:02 4727966                    /usr/local/jdk1.8.0_60/jre/lib/amd64/libjava.so
7f513fbe7000-7f513fbe9000 rw-p 0002a000 08:02 4727966                    /usr/local/jdk1.8.0_60/jre/lib/amd64/libjava.so
7f513fbe9000-7f513fbf6000 r-xp 00000000 08:02 4727936                    /usr/local/jdk1.8.0_60/jre/lib/amd64/libverify.so
7f513fbf6000-7f513fdf6000 ---p 0000d000 08:02 4727936                    /usr/local/jdk1.8.0_60/jre/lib/amd64/libverify.so
7f513fdf6000-7f513fdf8000 rw-p 0000d000 08:02 4727936                    /usr/local/jdk1.8.0_60/jre/lib/amd64/libverify.so
7f513fdf8000-7f513fdff000 r-xp 00000000 08:02 4333093                    /lib/x86_64-linux-gnu/librt-2.19.so
7f513fdff000-7f513fffe000 ---p 00007000 08:02 4333093                    /lib/x86_64-linux-gnu/librt-2.19.so
7f513fffe000-7f513ffff000 r--p 00006000 08:02 4333093                    /lib/x86_64-linux-gnu/librt-2.19.so
7f513ffff000-7f5140000000 rw-p 00007000 08:02 4333093                    /lib/x86_64-linux-gnu/librt-2.19.so
7f5140000000-7f514041e000 rw-p 00000000 00:00 0 
7f514041e000-7f5144000000 ---p 00000000 00:00 0 
7f514400a000-7f514404c000 rw-p 00000000 00:00 0 
7f514404c000-7f514404d000 ---p 00000000 00:00 0 
7f514404d000-7f514414d000 rw-p 00000000 00:00 0                          [stack:8844]
7f514414d000-7f5144252000 r-xp 00000000 08:02 4333065                    /lib/x86_64-linux-gnu/libm-2.19.so
7f5144252000-7f5144451000 ---p 00105000 08:02 4333065                    /lib/x86_64-linux-gnu/libm-2.19.so
7f5144451000-7f5144452000 r--p 00104000 08:02 4333065                    /lib/x86_64-linux-gnu/libm-2.19.so
7f5144452000-7f5144453000 rw-p 00105000 08:02 4333065                    /lib/x86_64-linux-gnu/libm-2.19.so
7f5144453000-7f5145111000 r-xp 00000000 08:02 4727868                    /usr/local/jdk1.8.0_60/jre/lib/amd64/server/libjvm.so
7f5145111000-7f5145310000 ---p 00cbe000 08:02 4727868                    /usr/local/jdk1.8.0_60/jre/lib/amd64/server/libjvm.so
7f5145310000-7f51453e8000 rw-p 00cbd000 08:02 4727868                    /usr/local/jdk1.8.0_60/jre/lib/amd64/server/libjvm.so
7f51453e8000-7f514542d000 rw-p 00000000 00:00 0 
7f514542d000-7f51455e8000 r-xp 00000000 08:02 4333094                    /lib/x86_64-linux-gnu/libc-2.19.so
7f51455e8000-7f51457e7000 ---p 001bb000 08:02 4333094                    /lib/x86_64-linux-gnu/libc-2.19.so
7f51457e7000-7f51457eb000 r--p 001ba000 08:02 4333094                    /lib/x86_64-linux-gnu/libc-2.19.so
7f51457eb000-7f51457ed000 rw-p 001be000 08:02 4333094                    /lib/x86_64-linux-gnu/libc-2.19.so
7f51457ed000-7f51457f2000 rw-p 00000000 00:00 0 
7f51457f2000-7f51457f5000 r-xp 00000000 08:02 4333067                    /lib/x86_64-linux-gnu/libdl-2.19.so
7f51457f5000-7f51459f4000 ---p 00003000 08:02 4333067                    /lib/x86_64-linux-gnu/libdl-2.19.so
7f51459f4000-7f51459f5000 r--p 00002000 08:02 4333067                    /lib/x86_64-linux-gnu/libdl-2.19.so
7f51459f5000-7f51459f6000 rw-p 00003000 08:02 4333067                    /lib/x86_64-linux-gnu/libdl-2.19.so
7f51459f6000-7f5145a0b000 r-xp 00000000 08:02 4850898                    /usr/local/jdk1.8.0_60/lib/amd64/jli/libjli.so
7f5145a0b000-7f5145c0b000 ---p 00015000 08:02 4850898                    /usr/local/jdk1.8.0_60/lib/amd64/jli/libjli.so
7f5145c0b000-7f5145c0c000 rw-p 00015000 08:02 4850898                    /usr/local/jdk1.8.0_60/lib/amd64/jli/libjli.so
7f5145c0c000-7f5145c25000 r-xp 00000000 08:02 4333074                    /lib/x86_64-linux-gnu/libpthread-2.19.so
7f5145c25000-7f5145e24000 ---p 00019000 08:02 4333074                    /lib/x86_64-linux-gnu/libpthread-2.19.so
7f5145e24000-7f5145e25000 r--p 00018000 08:02 4333074                    /lib/x86_64-linux-gnu/libpthread-2.19.so
7f5145e25000-7f5145e26000 rw-p 00019000 08:02 4333074                    /lib/x86_64-linux-gnu/libpthread-2.19.so
7f5145e26000-7f5145e2a000 rw-p 00000000 00:00 0 
7f5145e2a000-7f5145e4d000 r-xp 00000000 08:02 4333077                    /lib/x86_64-linux-gnu/ld-2.19.so
7f5145e58000-7f5145f1d000 rw-p 00000000 00:00 0 
7f5145f1d000-7f5145f20000 ---p 00000000 00:00 0 
7f5145f20000-7f5146022000 rw-p 00000000 00:00 0                          [stack:8843]
7f5146027000-7f5146028000 rw-p 00000000 00:00 0 
7f5146028000-7f514602c000 r--s 00095000 08:02 4598721                    /usr/local/jdk1.8.0_60/jre/lib/jsse.jar
7f514602c000-7f5146040000 rw-p 00000000 00:00 0 
7f5146040000-7f5146048000 rw-s 00000000 08:02 4204098                    /tmp/hsperfdata_amr/8838
7f5146048000-7f5146049000 rw-p 00000000 00:00 0 
7f5146049000-7f514604a000 ---p 00000000 00:00 0 
7f514604a000-7f514604c000 rw-p 00000000 00:00 0 
7f514604c000-7f514604d000 r--p 00022000 08:02 4333077                    /lib/x86_64-linux-gnu/ld-2.19.so
7f514604d000-7f514604e000 rw-p 00023000 08:02 4333077                    /lib/x86_64-linux-gnu/ld-2.19.so
7f514604e000-7f514604f000 rw-p 00000000 00:00 0 
7fffc75bf000-7fffc75e2000 rw-p 00000000 00:00 0                          [stack]
7fffc75e9000-7fffc75eb000 r-xp 00000000 00:00 0                          [vdso]
7fffc75eb000-7fffc75ed000 r--p 00000000 00:00 0                          [vvar]
ffffffffff600000-ffffffffff601000 r-xp 00000000 00:00 0                  [vsyscall]

VM Arguments:
jvm_args: -Djava.awt.headless=true -Xmx1024M -Dfile.encoding=UTF-8 -Duser.country=US -Duser.language=en -Duser.variant 
java_command: com.android.dx.command.Main --dex --num-threads=4 --output /home/amr/AndroidStudioProjects/Project/app/build/intermediates/transforms/dex/debug/folders/1000/1f/main /home/amr/AndroidStudioProjects/Project/app/build/intermediates/pre-dexed/debug/support-annotations-23.1.1_7ed19c4e1633b1f048efc20c3dc82809ca736bce.jar /home/amr/AndroidStudioProjects/Project/app/build/intermediates/pre-dexed/debug/com.google.android.gms-play-services-panorama-8.4.0_52d8150ae3f2aed4b7b66287ce23d7c80f2bd9ed.jar /home/amr/AndroidStudioProjects/Project/app/build/intermediates/pre-dexed/debug/internal_impl-23.0.0_4d2fdae1974ef4d93b52d88b581471085ddba36c.jar /home/amr/AndroidStudioProjects/Project/app/build/intermediates/pre-dexed/debug/com.google.android.gms-play-services-safetynet-8.4.0_3778ae7c7f0c8b6b8e277ce442634edaf7b423fd.jar /home/amr/AndroidStudioProjects/Project/app/build/intermediates/pre-dexed/debug/com.google.android.gms-play-services-identity-8.4.0_824e6279085af09e6dcfe4be66dd8a2398fc2c9d.jar /home/amr/AndroidStudioProjects/Project/app/build/intermediates/pre-dexed/debug/com.google.android.gms-play-services-appinvite-8.4.0_ef1d5877361fa4ea7a9d0b0bd25d713dfa08ac9a.jar /home/amr/AndroidStudioProjects/Project/app/build/intermediates/pre-dexed/debug/com.google.android.gms-play-services-appindexing-8.4.0_dabb6edc439ba6b1b0b2100ce1e16005a0eb48e0.jar /home/amr/AndroidStudioProjects/Project/app/build/intermediates/pre-dexed/debug/com.google.android.gms-play-services-gcm-8.4.0_34380c937749b88c5d3108030c25dd365dcce0e7.jar /home/amr/AndroidStudioProjects/Project/app/build/intermediates/pre-dexed/debug/com.google.android.gms-play-services-vision-8.4.0_6e00bbe7455dfd0b8763efaf9ad909069a1ef473.jar /home/amr/AndroidStudioProjects/Project/app/build/intermediates/pre-dexed/debug/com.google.android.gms-play-services-base-8.4.0_7f93174c8dd262fb093aec00aead534f51dc0151.jar /home/amr/AndroidStudioProjects/Project/app/build/intermediates/pre-dexed/debug/com.google.android.gms-play-ser
java_class_path (initial): /home/amr/android-sdk-linux/build-tools/23.0.2/lib/dx.jar
Launcher Type: SUN_STANDARD

Environment Variables:
JAVA_HOME=/usr/local/jdk1.8.0_60
PATH=/usr/local/sbin:/usr/local/bin:/usr/sbin:/usr/bin:/sbin:/bin:/usr/games:/usr/local/games:/usr/local/jdk1.8.0_60/bin:$/home/amr/android-studio/bin
USERNAME=amr
LD_LIBRARY_PATH=android-studio/bin:
SHELL=/bin/bash
DISPLAY=:0

Signal Handlers:
SIGSEGV: [libjvm.so+0xaba070], sa_mask[0]=11111111011111111101111111111110, sa_flags=SA_RESTART|SA_SIGINFO
SIGBUS: [libjvm.so+0xaba070], sa_mask[0]=11111111011111111101111111111110, sa_flags=SA_RESTART|SA_SIGINFO
SIGFPE: [libjvm.so+0x917630], sa_mask[0]=11111111011111111101111111111110, sa_flags=SA_RESTART|SA_SIGINFO
SIGPIPE: [libjvm.so+0x917630], sa_mask[0]=11111111011111111101111111111110, sa_flags=SA_RESTART|SA_SIGINFO
SIGXFSZ: [libjvm.so+0x917630], sa_mask[0]=11111111011111111101111111111110, sa_flags=SA_RESTART|SA_SIGINFO
SIGILL: [libjvm.so+0x917630], sa_mask[0]=11111111011111111101111111111110, sa_flags=SA_RESTART|SA_SIGINFO
SIGUSR1: SIG_DFL, sa_mask[0]=00000000000000000000000000000000, sa_flags=none
SIGUSR2: [libjvm.so+0x918c60], sa_mask[0]=00100000000000000000000000000000, sa_flags=SA_RESTART|SA_SIGINFO
SIGHUP: [libjvm.so+0x91a060], sa_mask[0]=11111111011111111101111111111110, sa_flags=SA_RESTART|SA_SIGINFO
SIGINT: [libjvm.so+0x91a060], sa_mask[0]=11111111011111111101111111111110, sa_flags=SA_RESTART|SA_SIGINFO
SIGTERM: [libjvm.so+0x91a060], sa_mask[0]=11111111011111111101111111111110, sa_flags=SA_RESTART|SA_SIGINFO
SIGQUIT: [libjvm.so+0x91a060], sa_mask[0]=11111111011111111101111111111110, sa_flags=SA_RESTART|SA_SIGINFO


---------------  S Y S T E M  ---------------

OS:DISTRIB_ID=LinuxMint
DISTRIB_RELEASE=17.2
DISTRIB_CODENAME=rafaela
DISTRIB_DESCRIPTION="Linux Mint 17.2 Rafaela"

uname:Linux 3.16.0-38-generic #52~14.04.1-Ubuntu SMP Fri May 8 09:43:57 UTC 2015 x86_64
libc:glibc 2.19 NPTL 2.19 
rlimit: STACK 8192k, CORE 0k, NPROC 14876, NOFILE 4096, AS infinity
load average:1.89 1.19 0.91

/proc/meminfo:
MemTotal:        3839576 kB
MemFree:          109796 kB
MemAvailable:      55540 kB
Buffers:            1616 kB
Cached:           253460 kB
SwapCached:            0 kB
Active:          3349052 kB
Inactive:         231428 kB
Active(anon):    3338536 kB
Inactive(anon):   219268 kB
Active(file):      10516 kB
Inactive(file):    12160 kB
Unevictable:          24 kB
Mlocked:              24 kB
SwapTotal:             0 kB
SwapFree:              0 kB
Dirty:               160 kB
Writeback:             0 kB
AnonPages:       3325748 kB
Mapped:           127200 kB
Shmem:            232128 kB
Slab:              66648 kB
SReclaimable:      37752 kB
SUnreclaim:        28896 kB
KernelStack:        8784 kB
PageTables:        28504 kB
NFS_Unstable:          0 kB
Bounce:                0 kB
WritebackTmp:          0 kB
CommitLimit:     1919788 kB
Committed_AS:    4999196 kB
VmallocTotal:   34359738367 kB
VmallocUsed:      543520 kB
VmallocChunk:   34359186908 kB
HardwareCorrupted:     0 kB
AnonHugePages:   2119680 kB
HugePages_Total:       0
HugePages_Free:        0
HugePages_Rsvd:        0
HugePages_Surp:        0
Hugepagesize:       2048 kB
DirectMap4k:       66624 kB
DirectMap2M:     3917824 kB


CPU:total 4 (2 cores per cpu, 2 threads per core) family 6 model 37 stepping 5, cmov, cx8, fxsr, mmx, sse, sse2, sse3, ssse3, sse4.1, sse4.2, popcnt, ht, tsc, tscinvbit

/proc/cpuinfo:
processor	: 0
vendor_id	: GenuineIntel
cpu family	: 6
model		: 37
model name	: Intel(R) Core(TM) i3 CPU       M 380  @ 2.53GHz
stepping	: 5
microcode	: 0x2
cpu MHz		: 2533.000
cache size	: 3072 KB
physical id	: 0
siblings	: 4
core id		: 0
cpu cores	: 2
apicid		: 0
initial apicid	: 0
fpu		: yes
fpu_exception	: yes
cpuid level	: 11
wp		: yes
flags		: fpu vme de pse tsc msr pae mce cx8 apic sep mtrr pge mca cmov pat pse36 clflush dts acpi mmx fxsr sse sse2 ss ht tm pbe syscall nx rdtscp lm constant_tsc arch_perfmon pebs bts nopl xtopology nonstop_tsc aperfmperf pni dtes64 monitor ds_cpl vmx est tm2 ssse3 cx16 xtpr pdcm pcid sse4_1 sse4_2 popcnt lahf_lm arat dtherm tpr_shadow vnmi flexpriority ept vpid
bogomips	: 5055.12
clflush size	: 64
cache_alignment	: 64
address sizes	: 36 bits physical, 48 bits virtual
power management:

processor	: 1
vendor_id	: GenuineIntel
cpu family	: 6
model		: 37
model name	: Intel(R) Core(TM) i3 CPU       M 380  @ 2.53GHz
stepping	: 5
microcode	: 0x2
cpu MHz		: 933.000
cache size	: 3072 KB
physical id	: 0
siblings	: 4
core id		: 0
cpu cores	: 2
apicid		: 1
initial apicid	: 1
fpu		: yes
fpu_exception	: yes
cpuid level	: 11
wp		: yes
flags		: fpu vme de pse tsc msr pae mce cx8 apic sep mtrr pge mca cmov pat pse36 clflush dts acpi mmx fxsr sse sse2 ss ht tm pbe syscall nx rdtscp lm constant_tsc arch_perfmon pebs bts nopl xtopology nonstop_tsc aperfmperf pni dtes64 monitor ds_cpl vmx est tm2 ssse3 cx16 xtpr pdcm pcid sse4_1 sse4_2 popcnt lahf_lm arat dtherm tpr_shadow vnmi flexpriority ept vpid
bogomips	: 5055.12
clflush size	: 64
cache_alignment	: 64
address sizes	: 36 bits physical, 48 bits virtual
power management:

processor	: 2
vendor_id	: GenuineIntel
cpu family	: 6
model		: 37
model name	: Intel(R) Core(TM) i3 CPU       M 380  @ 2.53GHz
stepping	: 5
microcode	: 0x2
cpu MHz		: 2533.000
cache size	: 3072 KB
physical id	: 0
siblings	: 4
core id		: 2
cpu cores	: 2
apicid		: 4
initial apicid	: 4
fpu		: yes
fpu_exception	: yes
cpuid level	: 11
wp		: yes
flags		: fpu vme de pse tsc msr pae mce cx8 apic sep mtrr pge mca cmov pat pse36 clflush dts acpi mmx fxsr sse sse2 ss ht tm pbe syscall nx rdtscp lm constant_tsc arch_perfmon pebs bts nopl xtopology nonstop_tsc aperfmperf pni dtes64 monitor ds_cpl vmx est tm2 ssse3 cx16 xtpr pdcm pcid sse4_1 sse4_2 popcnt lahf_lm arat dtherm tpr_shadow vnmi flexpriority ept vpid
bogomips	: 5055.12
clflush size	: 64
cache_alignment	: 64
address sizes	: 36 bits physical, 48 bits virtual
power management:

processor	: 3
vendor_id	: GenuineIntel
cpu family	: 6
model		: 37
model name	: Intel(R) Core(TM) i3 CPU       M 380  @ 2.53GHz
stepping	: 5
microcode	: 0x2
cpu MHz		: 1599.000
cache size	: 3072 KB
physical id	: 0
siblings	: 4
core id		: 2
cpu cores	: 2
apicid		: 5
initial apicid	: 5
fpu		: yes
fpu_exception	: yes
cpuid level	: 11
wp		: yes
flags		: fpu vme de pse tsc msr pae mce cx8 apic sep mtrr pge mca cmov pat pse36 clflush dts acpi mmx fxsr sse sse2 ss ht tm pbe syscall nx rdtscp lm constant_tsc arch_perfmon pebs bts nopl xtopology nonstop_tsc aperfmperf pni dtes64 monitor ds_cpl vmx est tm2 ssse3 cx16 xtpr pdcm pcid sse4_1 sse4_2 popcnt lahf_lm arat dtherm tpr_shadow vnmi flexpriority ept vpid
bogomips	: 5055.12
clflush size	: 64
cache_alignment	: 64
address sizes	: 36 bits physical, 48 bits virtual
power management:



Memory: 4k page, physical 3839576k(109796k free), swap 0k(0k free)

vm_info: Java HotSpot(TM) 64-Bit Server VM (25.60-b23) for linux-amd64 JRE (1.8.0_60-b27), built on Aug  4 2015 12:19:40 by "java_re" with gcc 4.3.0 20080428 (Red Hat 4.3.0-8)

time: Tue Jun  7 22:47:35 2016
elapsed time: 6 seconds (0d 0h 0m 6s)

