#
# There is insufficient memory for the Java Runtime Environment to continue.
# Native memory allocation (mmap) failed to map 103284736 bytes for committing reserved memory.
# Possible reasons:
#   The system is out of physical RAM or swap space
#   In 32 bit mode, the process size limit was hit
# Possible solutions:
#   Reduce memory load on the system
#   Increase physical memory or swap space
#   Check if swap backing store is full
#   Use 64 bit Java on a 64 bit OS
#   Decrease Java heap size (-Xmx/-Xms)
#   Decrease number of Java threads
#   Decrease Java thread stack sizes (-Xss)
#   Set larger code cache with -XX:ReservedCodeCacheSize=
# This output file may be truncated or incomplete.
#
#  Out of Memory Error (os_linux.cpp:2627), pid=11643, tid=139719389153024
#
# JRE version: Java(TM) SE Runtime Environment (8.0_60-b27) (build 1.8.0_60-b27)
# Java VM: Java HotSpot(TM) 64-Bit Server VM (25.60-b23 mixed mode linux-amd64 compressed oops)
# Failed to write core dump. Core dumps have been disabled. To enable core dumping, try "ulimit -c unlimited" before starting Java again
#

---------------  T H R E A D  ---------------

Current thread (0x00007f130c07a800):  VMThread [stack: 0x00007f12f47f0000,0x00007f12f48f1000] [id=11653]

Stack: [0x00007f12f47f0000,0x00007f12f48f1000],  sp=0x00007f12f48eef60,  free space=1019k
Native frames: (J=compiled Java code, j=interpreted, Vv=VM code, C=native code)
V  [libjvm.so+0xab97ea]  VMError::report_and_die()+0x2ba
V  [libjvm.so+0x4f9dab]  report_vm_out_of_memory(char const*, int, unsigned long, VMErrorType, char const*)+0x8b
V  [libjvm.so+0x91a7c3]  os::Linux::commit_memory_impl(char*, unsigned long, bool)+0x103
V  [libjvm.so+0x91ad19]  os::pd_commit_memory(char*, unsigned long, unsigned long, bool)+0x29
V  [libjvm.so+0x91502a]  os::commit_memory(char*, unsigned long, unsigned long, bool)+0x2a
V  [libjvm.so+0x9886d3]  PSVirtualSpace::expand_by(unsigned long)+0x53
V  [libjvm.so+0x989ad8]  PSYoungGen::resize_generation(unsigned long, unsigned long)+0xf8
V  [libjvm.so+0x988c32]  PSYoungGen::resize(unsigned long, unsigned long)+0x22
V  [libjvm.so+0x985f0b]  PSScavenge::invoke_no_policy()+0xf3b
V  [libjvm.so+0x986691]  PSScavenge::invoke()+0x41
V  [libjvm.so+0x93e430]  ParallelScavengeHeap::failed_mem_allocate(unsigned long)+0x70
V  [libjvm.so+0xabb207]  VM_ParallelGCFailedAllocation::doit()+0x97
V  [libjvm.so+0xac2c35]  VM_Operation::evaluate()+0x55
V  [libjvm.so+0xac100a]  VMThread::evaluate_operation(VM_Operation*)+0xba
V  [libjvm.so+0xac138e]  VMThread::loop()+0x1ce
V  [libjvm.so+0xac1800]  VMThread::run()+0x70
V  [libjvm.so+0x91cb88]  java_start(Thread*)+0x108

VM_Operation (0x00007f1313026130): ParallelGCFailedAllocation, mode: safepoint, requested by thread 0x00007f130c00c800


---------------  P R O C E S S  ---------------

Java Threads: ( => current thread )
  0x00007f130c0d5800 JavaThread "Service Thread" daemon [_thread_blocked, id=11660, stack(0x00007f12efcfd000,0x00007f12efdfe000)]
  0x00007f130c0c0800 JavaThread "C1 CompilerThread2" daemon [_thread_blocked, id=11659, stack(0x00007f12efdfe000,0x00007f12efeff000)]
  0x00007f130c0be800 JavaThread "C2 CompilerThread1" daemon [_thread_blocked, id=11658, stack(0x00007f12efeff000,0x00007f12f0000000)]
  0x00007f130c0bb800 JavaThread "C2 CompilerThread0" daemon [_thread_blocked, id=11657, stack(0x00007f12f40d5000,0x00007f12f41d6000)]
  0x00007f130c0ba000 JavaThread "Signal Dispatcher" daemon [_thread_blocked, id=11656, stack(0x00007f12f41d6000,0x00007f12f42d7000)]
  0x00007f130c081800 JavaThread "Finalizer" daemon [_thread_blocked, id=11655, stack(0x00007f12f45ee000,0x00007f12f46ef000)]
  0x00007f130c07f800 JavaThread "Reference Handler" daemon [_thread_blocked, id=11654, stack(0x00007f12f46ef000,0x00007f12f47f0000)]
  0x00007f130c00c800 JavaThread "main" [_thread_blocked, id=11648, stack(0x00007f1312f27000,0x00007f1313028000)]

Other Threads:
=>0x00007f130c07a800 VMThread [stack: 0x00007f12f47f0000,0x00007f12f48f1000] [id=11653]
  0x00007f130c0d8800 WatcherThread [stack: 0x00007f12efbfc000,0x00007f12efcfd000] [id=11661]

VM state:at safepoint (normal execution)

VM Mutex/Monitor currently owned by a thread:  ([mutex/lock_event])
[0x00007f130c008eb0] Threads_lock - owner thread: 0x00007f130c07a800
[0x00007f130c0093b0] Heap_lock - owner thread: 0x00007f130c00c800

Heap:
 PSYoungGen      total 140800K, used 34571K [0x00000000eab00000, 0x00000000f5a80000, 0x0000000100000000)
  eden space 103936K, 0% used [0x00000000eab00000,0x00000000eab00000,0x00000000f1080000)
  from space 36864K, 93% used [0x00000000f1080000,0x00000000f3242ec0,0x00000000f3480000)
  to   space 38912K, 0% used [0x00000000f3480000,0x00000000f3480000,0x00000000f5a80000)
 ParOldGen       total 78336K, used 21409K [0x00000000c0000000, 0x00000000c4c80000, 0x00000000eab00000)
  object space 78336K, 27% used [0x00000000c0000000,0x00000000c14e87e8,0x00000000c4c80000)
 Metaspace       used 4768K, capacity 5464K, committed 5760K, reserved 1056768K
  class space    used 495K, capacity 528K, committed 640K, reserved 1048576K

Card table byte_map: [0x00007f12fca3f000,0x00007f12fcc40000] byte_map_base: 0x00007f12fc43f000

Marking Bits: (ParMarkBitMap*) 0x00007f131240bde0
 Begin Bits: [0x00007f12f6000000, 0x00007f12f7000000)
 End Bits:   [0x00007f12f7000000, 0x00007f12f8000000)

Polling page: 0x00007f1313053000

CodeCache: size=245760Kb used=4227Kb max_used=4239Kb free=241532Kb
 bounds [0x00007f12fd000000, 0x00007f12fd430000, 0x00007f130c000000]
 total_blobs=1548 nmethods=1275 adapters=188
 compilation: enabled

Compilation events (10 events):
Event: 5.348 Thread 0x00007f130c0bb800 nmethod 1293 0x00007f12fd429690 code [0x00007f12fd4297e0, 0x00007f12fd429998]
Event: 5.348 Thread 0x00007f130c0be800 nmethod 1295 0x00007f12fd409710 code [0x00007f12fd409860, 0x00007f12fd4098f8]
Event: 5.357 Thread 0x00007f130c0bb800 1296       4       com.android.dx.io.instructions.DecodedInstruction::getBUnit (46 bytes)
Event: 5.359 Thread 0x00007f130c0bb800 nmethod 1296 0x00007f12fd411190 code [0x00007f12fd4112e0, 0x00007f12fd411398]
Event: 5.392 Thread 0x00007f130c0c0800 1297       3       com.android.dex.Dex$Section::readCatchHandler (82 bytes)
Event: 5.394 Thread 0x00007f130c0c0800 nmethod 1297 0x00007f12fd425110 code [0x00007f12fd425300, 0x00007f12fd425d18]
Event: 5.394 Thread 0x00007f130c0c0800 1298       3       com.android.dx.merge.DexMerger::transformEncodedCatchHandler (105 bytes)
Event: 5.396 Thread 0x00007f130c0c0800 nmethod 1298 0x00007f12fd424190 code [0x00007f12fd424380, 0x00007f12fd424c08]
Event: 5.397 Thread 0x00007f130c0be800 1299       4       com.android.dx.io.instructions.InstructionCodec$9::encode (22 bytes)
Event: 5.404 Thread 0x00007f130c0be800 nmethod 1299 0x00007f12fd423b10 code [0x00007f12fd423c80, 0x00007f12fd423eb8]

GC Heap History (10 events):
Event: 1.245 GC heap after
Heap after GC invocations=3 (full 0):
 PSYoungGen      total 33280K, used 2547K [0x00000000eab00000, 0x00000000eec00000, 0x0000000100000000)
  eden space 30720K, 0% used [0x00000000eab00000,0x00000000eab00000,0x00000000ec900000)
  from space 2560K, 99% used [0x00000000ec900000,0x00000000ecb7cd58,0x00000000ecb80000)
  to   space 2560K, 0% used [0x00000000ee980000,0x00000000ee980000,0x00000000eec00000)
 ParOldGen       total 50688K, used 45334K [0x00000000c0000000, 0x00000000c3180000, 0x00000000eab00000)
  object space 50688K, 89% used [0x00000000c0000000,0x00000000c2c45bc8,0x00000000c3180000)
 Metaspace       used 3840K, capacity 4944K, committed 5120K, reserved 1056768K
  class space    used 405K, capacity 456K, committed 512K, reserved 1048576K
}
Event: 1.245 GC heap before
{Heap before GC invocations=4 (full 1):
 PSYoungGen      total 33280K, used 2547K [0x00000000eab00000, 0x00000000eec00000, 0x0000000100000000)
  eden space 30720K, 0% used [0x00000000eab00000,0x00000000eab00000,0x00000000ec900000)
  from space 2560K, 99% used [0x00000000ec900000,0x00000000ecb7cd58,0x00000000ecb80000)
  to   space 2560K, 0% used [0x00000000ee980000,0x00000000ee980000,0x00000000eec00000)
 ParOldGen       total 50688K, used 45334K [0x00000000c0000000, 0x00000000c3180000, 0x00000000eab00000)
  object space 50688K, 89% used [0x00000000c0000000,0x00000000c2c45bc8,0x00000000c3180000)
 Metaspace       used 3840K, capacity 4944K, committed 5120K, reserved 1056768K
  class space    used 405K, capacity 456K, committed 512K, reserved 1048576K
Event: 1.266 GC heap after
Heap after GC invocations=4 (full 1):
 PSYoungGen      total 33280K, used 0K [0x00000000eab00000, 0x00000000eec00000, 0x0000000100000000)
  eden space 30720K, 0% used [0x00000000eab00000,0x00000000eab00000,0x00000000ec900000)
  from space 2560K, 0% used [0x00000000ec900000,0x00000000ec900000,0x00000000ecb80000)
  to   space 2560K, 0% used [0x00000000ee980000,0x00000000ee980000,0x00000000eec00000)
 ParOldGen       total 78336K, used 19613K [0x00000000c0000000, 0x00000000c4c80000, 0x00000000eab00000)
  object space 78336K, 25% used [0x00000000c0000000,0x00000000c13277c8,0x00000000c4c80000)
 Metaspace       used 3840K, capacity 4944K, committed 5120K, reserved 1056768K
  class space    used 405K, capacity 456K, committed 512K, reserved 1048576K
}
Event: 1.798 GC heap before
{Heap before GC invocations=5 (full 1):
 PSYoungGen      total 33280K, used 30720K [0x00000000eab00000, 0x00000000eec00000, 0x0000000100000000)
  eden space 30720K, 100% used [0x00000000eab00000,0x00000000ec900000,0x00000000ec900000)
  from space 2560K, 0% used [0x00000000ec900000,0x00000000ec900000,0x00000000ecb80000)
  to   space 2560K, 0% used [0x00000000ee980000,0x00000000ee980000,0x00000000eec00000)
 ParOldGen       total 78336K, used 19613K [0x00000000c0000000, 0x00000000c4c80000, 0x00000000eab00000)
  object space 78336K, 25% used [0x00000000c0000000,0x00000000c13277c8,0x00000000c4c80000)
 Metaspace       used 3939K, capacity 5008K, committed 5120K, reserved 1056768K
  class space    used 411K, capacity 456K, committed 512K, reserved 1048576K
Event: 1.874 GC heap after
Heap after GC invocations=5 (full 1):
 PSYoungGen      total 57344K, used 992K [0x00000000eab00000, 0x00000000eea80000, 0x0000000100000000)
  eden space 56320K, 0% used [0x00000000eab00000,0x00000000eab00000,0x00000000ee200000)
  from space 1024K, 96% used [0x00000000ee980000,0x00000000eea78000,0x00000000eea80000)
  to   space 2560K, 0% used [0x00000000ee580000,0x00000000ee580000,0x00000000ee800000)
 ParOldGen       total 78336K, used 19621K [0x00000000c0000000, 0x00000000c4c80000, 0x00000000eab00000)
  object space 78336K, 25% used [0x00000000c0000000,0x00000000c13297c8,0x00000000c4c80000)
 Metaspace       used 3939K, capacity 5008K, committed 5120K, reserved 1056768K
  class space    used 411K, capacity 456K, committed 512K, reserved 1048576K
}
Event: 3.360 GC heap before
{Heap before GC invocations=6 (full 1):
 PSYoungGen      total 57344K, used 57312K [0x00000000eab00000, 0x00000000eea80000, 0x0000000100000000)
  eden space 56320K, 100% used [0x00000000eab00000,0x00000000ee200000,0x00000000ee200000)
  from space 1024K, 96% used [0x00000000ee980000,0x00000000eea78000,0x00000000eea80000)
  to   space 2560K, 0% used [0x00000000ee580000,0x00000000ee580000,0x00000000ee800000)
 ParOldGen       total 78336K, used 19621K [0x00000000c0000000, 0x00000000c4c80000, 0x00000000eab00000)
  object space 78336K, 25% used [0x00000000c0000000,0x00000000c13297c8,0x00000000c4c80000)
 Metaspace       used 4434K, capacity 5424K, committed 5632K, reserved 1056768K
  class space    used 458K, capacity 488K, committed 512K, reserved 1048576K
Event: 3.394 GC heap after
Heap after GC invocations=6 (full 1):
 PSYoungGen      total 62464K, used 2558K [0x00000000eab00000, 0x00000000f5a80000, 0x0000000100000000)
  eden space 59904K, 0% used [0x00000000eab00000,0x00000000eab00000,0x00000000ee580000)
  from space 2560K, 99% used [0x00000000ee580000,0x00000000ee7ff970,0x00000000ee800000)
  to   space 38912K, 0% used [0x00000000f3480000,0x00000000f3480000,0x00000000f5a80000)
 ParOldGen       total 78336K, used 21137K [0x00000000c0000000, 0x00000000c4c80000, 0x00000000eab00000)
  object space 78336K, 26% used [0x00000000c0000000,0x00000000c14a47d0,0x00000000c4c80000)
 Metaspace       used 4434K, capacity 5424K, committed 5632K, reserved 1056768K
  class space    used 458K, capacity 488K, committed 512K, reserved 1048576K
}
Event: 4.507 GC heap before
{Heap before GC invocations=7 (full 1):
 PSYoungGen      total 62464K, used 56030K [0x00000000eab00000, 0x00000000f5a80000, 0x0000000100000000)
  eden space 59904K, 89% used [0x00000000eab00000,0x00000000edf37fc8,0x00000000ee580000)
  from space 2560K, 99% used [0x00000000ee580000,0x00000000ee7ff970,0x00000000ee800000)
  to   space 38912K, 0% used [0x00000000f3480000,0x00000000f3480000,0x00000000f5a80000)
 ParOldGen       total 78336K, used 21137K [0x00000000c0000000, 0x00000000c4c80000, 0x00000000eab00000)
  object space 78336K, 26% used [0x00000000c0000000,0x00000000c14a47d0,0x00000000c4c80000)
 Metaspace       used 4758K, capacity 5432K, committed 5632K, reserved 1056768K
  class space    used 494K, capacity 496K, committed 512K, reserved 1048576K
Event: 4.524 GC heap after
Heap after GC invocations=7 (full 1):
 PSYoungGen      total 142848K, used 2080K [0x00000000eab00000, 0x00000000f5a80000, 0x0000000100000000)
  eden space 103936K, 0% used [0x00000000eab00000,0x00000000eab00000,0x00000000f1080000)
  from space 38912K, 5% used [0x00000000f3480000,0x00000000f3688018,0x00000000f5a80000)
  to   space 36864K, 0% used [0x00000000f1080000,0x00000000f1080000,0x00000000f3480000)
 ParOldGen       total 78336K, used 21401K [0x00000000c0000000, 0x00000000c4c80000, 0x00000000eab00000)
  object space 78336K, 27% used [0x00000000c0000000,0x00000000c14e67e8,0x00000000c4c80000)
 Metaspace       used 4758K, capacity 5432K, committed 5632K, reserved 1056768K
  class space    used 494K, capacity 496K, committed 512K, reserved 1048576K
}
Event: 5.409 GC heap before
{Heap before GC invocations=8 (full 1):
 PSYoungGen      total 142848K, used 106016K [0x00000000eab00000, 0x00000000f5a80000, 0x0000000100000000)
  eden space 103936K, 100% used [0x00000000eab00000,0x00000000f1080000,0x00000000f1080000)
  from space 38912K, 5% used [0x00000000f3480000,0x00000000f3688018,0x00000000f5a80000)
  to   space 36864K, 0% used [0x00000000f1080000,0x00000000f1080000,0x00000000f3480000)
 ParOldGen       total 78336K, used 21401K [0x00000000c0000000, 0x00000000c4c80000, 0x00000000eab00000)
  object space 78336K, 27% used [0x00000000c0000000,0x00000000c14e67e8,0x00000000c4c80000)
 Metaspace       used 4768K, capacity 5464K, committed 5760K, reserved 1056768K
  class space    used 495K, capacity 528K, committed 640K, reserved 1048576K

Deoptimization events (10 events):
Event: 2.025 Thread 0x00007f130c00c800 Uncommon trap: reason=predicate action=maybe_recompile pc=0x00007f12fd273284 method=com.android.dex.Leb128.readUnsignedLeb128(Lcom/android/dex/util/ByteInput;)I @ 41
Event: 2.278 Thread 0x00007f130c00c800 Uncommon trap: reason=unstable_if action=reinterpret pc=0x00007f12fd242770 method=java.util.HashMap.putVal(ILjava/lang/Object;Ljava/lang/Object;ZZ)Ljava/lang/Object; @ 109
Event: 2.317 Thread 0x00007f130c00c800 Uncommon trap: reason=unstable_if action=reinterpret pc=0x00007f12fd27ab98 method=com.android.dex.EncodedValueCodec.readUnsignedInt(Lcom/android/dex/util/ByteInput;IZ)I @ 3
Event: 2.320 Thread 0x00007f130c00c800 Uncommon trap: reason=unstable_if action=reinterpret pc=0x00007f12fd27bcb0 method=com.android.dex.EncodedValueCodec.writeUnsignedIntegralValue(Lcom/android/dex/util/ByteOutput;IJ)V @ 11
Event: 2.612 Thread 0x00007f130c00c800 Uncommon trap: reason=unstable_if action=reinterpret pc=0x00007f12fd243d18 method=java.util.HashMap.getNode(ILjava/lang/Object;)Ljava/util/HashMap$Node; @ 84
Event: 3.962 Thread 0x00007f130c00c800 Uncommon trap: reason=unstable_if action=reinterpret pc=0x00007f12fd15fc88 method=java.lang.String.replace(CC)Ljava/lang/String; @ 2
Event: 3.965 Thread 0x00007f130c00c800 Uncommon trap: reason=unstable_if action=reinterpret pc=0x00007f12fd151788 method=java.lang.String.indexOf(II)I @ 49
Event: 4.529 Thread 0x00007f130c00c800 Uncommon trap: reason=unstable_if action=reinterpret pc=0x00007f12fd2515b8 method=com.android.dx.merge.DexMerger$IdMerger.readIntoMap(Lcom/android/dex/Dex$Section;Lcom/android/dex/TableOfContents$Section;Lcom/android/dx/merge/IndexMap;ILjava/util/TreeMap;
Event: 4.529 Thread 0x00007f130c00c800 Uncommon trap: reason=unstable_if action=reinterpret pc=0x00007f12fd2167ec method=com.android.dex.Mutf8.countBytes(Ljava/lang/String;Z)J @ 50
Event: 4.928 Thread 0x00007f130c00c800 Uncommon trap: reason=unloaded action=reinterpret pc=0x00007f12fd3356ac method=com.android.dx.merge.IndexMap$EncodedValueTransformer.transform(Lcom/android/dex/EncodedValueReader;)V @ 232

Internal exceptions (3 events):
Event: 0.074 Thread 0x00007f130c00c800 Exception <a 'java/lang/NoSuchMethodError': Method sun.misc.Unsafe.defineClass(Ljava/lang/String;[BII)Ljava/lang/Class; name or signature does not match> (0x00000000eab12950) thrown at [/HUDSON/workspace/8-2-build-linux-amd64/jdk8u60/4407/hotspot/src/shar
Event: 0.074 Thread 0x00007f130c00c800 Exception <a 'java/lang/NoSuchMethodError': Method sun.misc.Unsafe.prefetchRead(Ljava/lang/Object;J)V name or signature does not match> (0x00000000eab12c38) thrown at [/HUDSON/workspace/8-2-build-linux-amd64/jdk8u60/4407/hotspot/src/share/vm/prims/jni.cpp
Event: 4.529 Thread 0x00007f130c00c800 Implicit null exception at 0x00007f12fd2505f2 to 0x00007f12fd251595

Events (10 events):
Event: 4.928 Thread 0x00007f130c00c800 Uncommon trap: trap_request=0x00000069 fr.pc=0x00007f12fd3356ac
Event: 4.928 Thread 0x00007f130c00c800 DEOPT PACKING pc=0x00007f12fd3356ac sp=0x00007f1313026280
Event: 4.928 Thread 0x00007f130c00c800 DEOPT UNPACKING pc=0x00007f12fd005229 sp=0x00007f1313026270 mode 2
Event: 4.959 loading class java/util/Collections$EmptyIterator
Event: 4.970 loading class java/util/Collections$EmptyIterator done
Event: 4.991 Thread 0x00007f130c00c800 DEOPT PACKING pc=0x00007f12fd2a774f sp=0x00007f13130262c0
Event: 4.991 Thread 0x00007f130c00c800 DEOPT UNPACKING pc=0x00007f12fd047233 sp=0x00007f1313026030 mode 0
Event: 5.014 loading class com/android/dex/Dex$1
Event: 5.014 loading class com/android/dex/Dex$1 done
Event: 5.409 Executing VM operation: ParallelGCFailedAllocation


Dynamic libraries:
00400000-00401000 r-xp 00000000 08:02 4071875                            /usr/local/jdk1.8.0_60/bin/java
00600000-00601000 rw-p 00000000 08:02 4071875                            /usr/local/jdk1.8.0_60/bin/java
0256a000-0258b000 rw-p 00000000 00:00 0                                  [heap]
c0000000-c4c80000 rw-p 00000000 00:00 0 
c4c80000-eab00000 ---p 00000000 00:00 0 
eab00000-f5a80000 rw-p 00000000 00:00 0 
fbd00000-100000000 ---p 00000000 00:00 0 
100000000-1000a0000 rw-p 00000000 00:00 0 
1000a0000-140000000 ---p 00000000 00:00 0 
7f12c0000000-7f12c0021000 rw-p 00000000 00:00 0 
7f12c0021000-7f12c4000000 ---p 00000000 00:00 0 
7f12c4000000-7f12c4021000 rw-p 00000000 00:00 0 
7f12c4021000-7f12c8000000 ---p 00000000 00:00 0 
7f12c8000000-7f12c87c9000 rw-p 00000000 00:00 0 
7f12c87c9000-7f12cc000000 ---p 00000000 00:00 0 
7f12cc000000-7f12cc427000 rw-p 00000000 00:00 0 
7f12cc427000-7f12d0000000 ---p 00000000 00:00 0 
7f12d0000000-7f12d0021000 rw-p 00000000 00:00 0 
7f12d0021000-7f12d4000000 ---p 00000000 00:00 0 
7f12d4000000-7f12d49b9000 rw-p 00000000 00:00 0 
7f12d49b9000-7f12d8000000 ---p 00000000 00:00 0 
7f12d8000000-7f12d8021000 rw-p 00000000 00:00 0 
7f12d8021000-7f12dc000000 ---p 00000000 00:00 0 
7f12dc000000-7f12dc021000 rw-p 00000000 00:00 0 
7f12dc021000-7f12e0000000 ---p 00000000 00:00 0 
7f12e0000000-7f12e0021000 rw-p 00000000 00:00 0 
7f12e0021000-7f12e4000000 ---p 00000000 00:00 0 
7f12e4000000-7f12e428c000 rw-p 00000000 00:00 0 
7f12e428c000-7f12e8000000 ---p 00000000 00:00 0 
7f12e8000000-7f12e8021000 rw-p 00000000 00:00 0 
7f12e8021000-7f12ec000000 ---p 00000000 00:00 0 
7f12efbfc000-7f12efbfd000 ---p 00000000 00:00 0 
7f12efbfd000-7f12efcfd000 rw-p 00000000 00:00 0                          [stack:11661]
7f12efcfd000-7f12efd00000 ---p 00000000 00:00 0 
7f12efd00000-7f12efdfe000 rw-p 00000000 00:00 0                          [stack:11660]
7f12efdfe000-7f12efe01000 ---p 00000000 00:00 0 
7f12efe01000-7f12efeff000 rw-p 00000000 00:00 0                          [stack:11659]
7f12efeff000-7f12eff02000 ---p 00000000 00:00 0 
7f12eff02000-7f12f0000000 rw-p 00000000 00:00 0                          [stack:11658]
7f12f0000000-7f12f0021000 rw-p 00000000 00:00 0 
7f12f0021000-7f12f4000000 ---p 00000000 00:00 0 
7f12f40d5000-7f12f40d8000 ---p 00000000 00:00 0 
7f12f40d8000-7f12f41d6000 rw-p 00000000 00:00 0                          [stack:11657]
7f12f41d6000-7f12f41d9000 ---p 00000000 00:00 0 
7f12f41d9000-7f12f42d7000 rw-p 00000000 00:00 0                          [stack:11656]
7f12f42d7000-7f12f45ee000 r--p 00000000 08:02 3939108                    /usr/lib/locale/locale-archive
7f12f45ee000-7f12f45f1000 ---p 00000000 00:00 0 
7f12f45f1000-7f12f46ef000 rw-p 00000000 00:00 0                          [stack:11655]
7f12f46ef000-7f12f46f2000 ---p 00000000 00:00 0 
7f12f46f2000-7f12f47f0000 rw-p 00000000 00:00 0                          [stack:11654]
7f12f47f0000-7f12f47f1000 ---p 00000000 00:00 0 
7f12f47f1000-7f12f5d00000 rw-p 00000000 00:00 0                          [stack:11653]
7f12f5d00000-7f12f6000000 ---p 00000000 00:00 0 
7f12f6000000-7f12f8000000 rw-p 00000000 00:00 0 
7f12f8000000-7f12f8021000 rw-p 00000000 00:00 0 
7f12f8021000-7f12fc000000 ---p 00000000 00:00 0 
7f12fc08e000-7f12fc09d000 r--s 000df000 08:02 1049192                    /home/amr/android-sdk-linux/build-tools/23.0.2/lib/dx.jar
7f12fc09d000-7f12fc10d000 rw-p 00000000 00:00 0 
7f12fc10d000-7f12fc2e5000 r--s 03d17000 08:02 4598728                    /usr/local/jdk1.8.0_60/jre/lib/rt.jar
7f12fc2e5000-7f12fc4e5000 rw-p 00000000 00:00 0 
7f12fc4e5000-7f12fc4e6000 ---p 00000000 00:00 0 
7f12fc4e6000-7f12fc5e6000 rw-p 00000000 00:00 0                          [stack:11652]
7f12fc5e6000-7f12fc5e7000 ---p 00000000 00:00 0 
7f12fc5e7000-7f12fc6e7000 rw-p 00000000 00:00 0                          [stack:11651]
7f12fc6e7000-7f12fc6e8000 ---p 00000000 00:00 0 
7f12fc6e8000-7f12fc7e8000 rw-p 00000000 00:00 0                          [stack:11650]
7f12fc7e8000-7f12fc7e9000 ---p 00000000 00:00 0 
7f12fc7e9000-7f12fc910000 rw-p 00000000 00:00 0                          [stack:11649]
7f12fc910000-7f12fca3f000 ---p 00000000 00:00 0 
7f12fca3f000-7f12fca66000 rw-p 00000000 00:00 0 
7f12fca66000-7f12fcb94000 ---p 00000000 00:00 0 
7f12fcb94000-7f12fcbed000 rw-p 00000000 00:00 0 
7f12fcbed000-7f12fcc3f000 ---p 00000000 00:00 0 
7f12fcc3f000-7f12fcc51000 rw-p 00000000 00:00 0 
7f12fcc51000-7f12fd000000 ---p 00000000 00:00 0 
7f12fd000000-7f12fd430000 rwxp 00000000 00:00 0 
7f12fd430000-7f130c000000 ---p 00000000 00:00 0 
7f130c000000-7f130c42e000 rw-p 00000000 00:00 0 
7f130c42e000-7f1310000000 ---p 00000000 00:00 0 
7f1310005000-7f13100bd000 rw-p 00000000 00:00 0 
7f13100bd000-7f13100d7000 r-xp 00000000 08:02 4727989                    /usr/local/jdk1.8.0_60/jre/lib/amd64/libzip.so
7f13100d7000-7f13102d7000 ---p 0001a000 08:02 4727989                    /usr/local/jdk1.8.0_60/jre/lib/amd64/libzip.so
7f13102d7000-7f13102d8000 rw-p 0001a000 08:02 4727989                    /usr/local/jdk1.8.0_60/jre/lib/amd64/libzip.so
7f13102d8000-7f13102e3000 r-xp 00000000 08:02 4333097                    /lib/x86_64-linux-gnu/libnss_files-2.19.so
7f13102e3000-7f13104e2000 ---p 0000b000 08:02 4333097                    /lib/x86_64-linux-gnu/libnss_files-2.19.so
7f13104e2000-7f13104e3000 r--p 0000a000 08:02 4333097                    /lib/x86_64-linux-gnu/libnss_files-2.19.so
7f13104e3000-7f13104e4000 rw-p 0000b000 08:02 4333097                    /lib/x86_64-linux-gnu/libnss_files-2.19.so
7f13104e4000-7f13104ef000 r-xp 00000000 08:02 4333079                    /lib/x86_64-linux-gnu/libnss_nis-2.19.so
7f13104ef000-7f13106ee000 ---p 0000b000 08:02 4333079                    /lib/x86_64-linux-gnu/libnss_nis-2.19.so
7f13106ee000-7f13106ef000 r--p 0000a000 08:02 4333079                    /lib/x86_64-linux-gnu/libnss_nis-2.19.so
7f13106ef000-7f13106f0000 rw-p 0000b000 08:02 4333079                    /lib/x86_64-linux-gnu/libnss_nis-2.19.so
7f13106f0000-7f1310707000 r-xp 00000000 08:02 4333071                    /lib/x86_64-linux-gnu/libnsl-2.19.so
7f1310707000-7f1310906000 ---p 00017000 08:02 4333071                    /lib/x86_64-linux-gnu/libnsl-2.19.so
7f1310906000-7f1310907000 r--p 00016000 08:02 4333071                    /lib/x86_64-linux-gnu/libnsl-2.19.so
7f1310907000-7f1310908000 rw-p 00017000 08:02 4333071                    /lib/x86_64-linux-gnu/libnsl-2.19.so
7f1310908000-7f131090a000 rw-p 00000000 00:00 0 
7f131090a000-7f1310913000 r-xp 00000000 08:02 4333070                    /lib/x86_64-linux-gnu/libnss_compat-2.19.so
7f1310913000-7f1310b12000 ---p 00009000 08:02 4333070                    /lib/x86_64-linux-gnu/libnss_compat-2.19.so
7f1310b12000-7f1310b13000 r--p 00008000 08:02 4333070                    /lib/x86_64-linux-gnu/libnss_compat-2.19.so
7f1310b13000-7f1310b14000 rw-p 00009000 08:02 4333070                    /lib/x86_64-linux-gnu/libnss_compat-2.19.so
7f1310b14000-7f1310b3e000 r-xp 00000000 08:02 4727966                    /usr/local/jdk1.8.0_60/jre/lib/amd64/libjava.so
7f1310b3e000-7f1310d3e000 ---p 0002a000 08:02 4727966                    /usr/local/jdk1.8.0_60/jre/lib/amd64/libjava.so
7f1310d3e000-7f1310d40000 rw-p 0002a000 08:02 4727966                    /usr/local/jdk1.8.0_60/jre/lib/amd64/libjava.so
7f1310d40000-7f1310d4d000 r-xp 00000000 08:02 4727936                    /usr/local/jdk1.8.0_60/jre/lib/amd64/libverify.so
7f1310d4d000-7f1310f4d000 ---p 0000d000 08:02 4727936                    /usr/local/jdk1.8.0_60/jre/lib/amd64/libverify.so
7f1310f4d000-7f1310f4f000 rw-p 0000d000 08:02 4727936                    /usr/local/jdk1.8.0_60/jre/lib/amd64/libverify.so
7f1310f4f000-7f1310f56000 r-xp 00000000 08:02 4333093                    /lib/x86_64-linux-gnu/librt-2.19.so
7f1310f56000-7f1311155000 ---p 00007000 08:02 4333093                    /lib/x86_64-linux-gnu/librt-2.19.so
7f1311155000-7f1311156000 r--p 00006000 08:02 4333093                    /lib/x86_64-linux-gnu/librt-2.19.so
7f1311156000-7f1311157000 rw-p 00007000 08:02 4333093                    /lib/x86_64-linux-gnu/librt-2.19.so
7f1311157000-7f131125c000 r-xp 00000000 08:02 4333065                    /lib/x86_64-linux-gnu/libm-2.19.so
7f131125c000-7f131145b000 ---p 00105000 08:02 4333065                    /lib/x86_64-linux-gnu/libm-2.19.so
7f131145b000-7f131145c000 r--p 00104000 08:02 4333065                    /lib/x86_64-linux-gnu/libm-2.19.so
7f131145c000-7f131145d000 rw-p 00105000 08:02 4333065                    /lib/x86_64-linux-gnu/libm-2.19.so
7f131145d000-7f131211b000 r-xp 00000000 08:02 4727868                    /usr/local/jdk1.8.0_60/jre/lib/amd64/server/libjvm.so
7f131211b000-7f131231a000 ---p 00cbe000 08:02 4727868                    /usr/local/jdk1.8.0_60/jre/lib/amd64/server/libjvm.so
7f131231a000-7f13123f2000 rw-p 00cbd000 08:02 4727868                    /usr/local/jdk1.8.0_60/jre/lib/amd64/server/libjvm.so
7f13123f2000-7f1312437000 rw-p 00000000 00:00 0 
7f1312437000-7f13125f2000 r-xp 00000000 08:02 4333094                    /lib/x86_64-linux-gnu/libc-2.19.so
7f13125f2000-7f13127f1000 ---p 001bb000 08:02 4333094                    /lib/x86_64-linux-gnu/libc-2.19.so
7f13127f1000-7f13127f5000 r--p 001ba000 08:02 4333094                    /lib/x86_64-linux-gnu/libc-2.19.so
7f13127f5000-7f13127f7000 rw-p 001be000 08:02 4333094                    /lib/x86_64-linux-gnu/libc-2.19.so
7f13127f7000-7f13127fc000 rw-p 00000000 00:00 0 
7f13127fc000-7f13127ff000 r-xp 00000000 08:02 4333067                    /lib/x86_64-linux-gnu/libdl-2.19.so
7f13127ff000-7f13129fe000 ---p 00003000 08:02 4333067                    /lib/x86_64-linux-gnu/libdl-2.19.so
7f13129fe000-7f13129ff000 r--p 00002000 08:02 4333067                    /lib/x86_64-linux-gnu/libdl-2.19.so
7f13129ff000-7f1312a00000 rw-p 00003000 08:02 4333067                    /lib/x86_64-linux-gnu/libdl-2.19.so
7f1312a00000-7f1312a15000 r-xp 00000000 08:02 4850898                    /usr/local/jdk1.8.0_60/lib/amd64/jli/libjli.so
7f1312a15000-7f1312c15000 ---p 00015000 08:02 4850898                    /usr/local/jdk1.8.0_60/lib/amd64/jli/libjli.so
7f1312c15000-7f1312c16000 rw-p 00015000 08:02 4850898                    /usr/local/jdk1.8.0_60/lib/amd64/jli/libjli.so
7f1312c16000-7f1312c2f000 r-xp 00000000 08:02 4333074                    /lib/x86_64-linux-gnu/libpthread-2.19.so
7f1312c2f000-7f1312e2e000 ---p 00019000 08:02 4333074                    /lib/x86_64-linux-gnu/libpthread-2.19.so
7f1312e2e000-7f1312e2f000 r--p 00018000 08:02 4333074                    /lib/x86_64-linux-gnu/libpthread-2.19.so
7f1312e2f000-7f1312e30000 rw-p 00019000 08:02 4333074                    /lib/x86_64-linux-gnu/libpthread-2.19.so
7f1312e30000-7f1312e34000 rw-p 00000000 00:00 0 
7f1312e34000-7f1312e57000 r-xp 00000000 08:02 4333077                    /lib/x86_64-linux-gnu/ld-2.19.so
7f1312e62000-7f1312f27000 rw-p 00000000 00:00 0 
7f1312f27000-7f1312f2a000 ---p 00000000 00:00 0 
7f1312f2a000-7f131302c000 rw-p 00000000 00:00 0                          [stack:11648]
7f1313031000-7f1313032000 rw-p 00000000 00:00 0 
7f1313032000-7f1313036000 r--s 00095000 08:02 4598721                    /usr/local/jdk1.8.0_60/jre/lib/jsse.jar
7f1313036000-7f131304a000 rw-p 00000000 00:00 0 
7f131304a000-7f1313052000 rw-s 00000000 08:02 4203450                    /tmp/hsperfdata_amr/11643
7f1313052000-7f1313053000 rw-p 00000000 00:00 0 
7f1313053000-7f1313054000 ---p 00000000 00:00 0 
7f1313054000-7f1313056000 rw-p 00000000 00:00 0 
7f1313056000-7f1313057000 r--p 00022000 08:02 4333077                    /lib/x86_64-linux-gnu/ld-2.19.so
7f1313057000-7f1313058000 rw-p 00023000 08:02 4333077                    /lib/x86_64-linux-gnu/ld-2.19.so
7f1313058000-7f1313059000 rw-p 00000000 00:00 0 
7ffe628f8000-7ffe6291b000 rw-p 00000000 00:00 0                          [stack]
7ffe629c4000-7ffe629c6000 r-xp 00000000 00:00 0                          [vdso]
7ffe629c6000-7ffe629c8000 r--p 00000000 00:00 0                          [vvar]
ffffffffff600000-ffffffffff601000 r-xp 00000000 00:00 0                  [vsyscall]

VM Arguments:
jvm_args: -Djava.awt.headless=true -Xmx1024M -Dfile.encoding=UTF-8 -Duser.country=US -Duser.language=en -Duser.variant 
java_command: com.android.dx.command.Main --dex --num-threads=4 --output /home/amr/AndroidStudioProjects/Project/app/build/intermediates/transforms/dex/debug/folders/1000/1f/main /home/amr/AndroidStudioProjects/Project/app/build/intermediates/pre-dexed/debug/support-annotations-23.1.1_7ed19c4e1633b1f048efc20c3dc82809ca736bce.jar /home/amr/AndroidStudioProjects/Project/app/build/intermediates/pre-dexed/debug/com.google.android.gms-play-services-panorama-8.4.0_52d8150ae3f2aed4b7b66287ce23d7c80f2bd9ed.jar /home/amr/AndroidStudioProjects/Project/app/build/intermediates/pre-dexed/debug/internal_impl-23.0.0_4d2fdae1974ef4d93b52d88b581471085ddba36c.jar /home/amr/AndroidStudioProjects/Project/app/build/intermediates/pre-dexed/debug/com.google.android.gms-play-services-safetynet-8.4.0_3778ae7c7f0c8b6b8e277ce442634edaf7b423fd.jar /home/amr/AndroidStudioProjects/Project/app/build/intermediates/pre-dexed/debug/com.google.android.gms-play-services-identity-8.4.0_824e6279085af09e6dcfe4be66dd8a2398fc2c9d.jar /home/amr/AndroidStudioProjects/Project/app/build/intermediates/pre-dexed/debug/com.google.android.gms-play-services-appinvite-8.4.0_ef1d5877361fa4ea7a9d0b0bd25d713dfa08ac9a.jar /home/amr/AndroidStudioProjects/Project/app/build/intermediates/pre-dexed/debug/com.google.android.gms-play-services-appindexing-8.4.0_dabb6edc439ba6b1b0b2100ce1e16005a0eb48e0.jar /home/amr/AndroidStudioProjects/Project/app/build/intermediates/pre-dexed/debug/com.google.android.gms-play-services-gcm-8.4.0_34380c937749b88c5d3108030c25dd365dcce0e7.jar /home/amr/AndroidStudioProjects/Project/app/build/intermediates/pre-dexed/debug/com.google.android.gms-play-services-vision-8.4.0_6e00bbe7455dfd0b8763efaf9ad909069a1ef473.jar /home/amr/AndroidStudioProjects/Project/app/build/intermediates/pre-dexed/debug/com.google.android.gms-play-services-base-8.4.0_7f93174c8dd262fb093aec00aead534f51dc0151.jar /home/amr/AndroidStudioProjects/Project/app/build/intermediates/pre-dexed/debug/com.google.android.gms-play-ser
java_class_path (initial): /home/amr/android-sdk-linux/build-tools/23.0.2/lib/dx.jar
Launcher Type: SUN_STANDARD

Environment Variables:
JAVA_HOME=/usr/local/jdk1.8.0_60
PATH=/usr/local/sbin:/usr/local/bin:/usr/sbin:/usr/bin:/sbin:/bin:/usr/games:/usr/local/games:/usr/local/jdk1.8.0_60/bin:$/home/amr/android-studio/bin
USERNAME=amr
LD_LIBRARY_PATH=android-studio/bin:
SHELL=/bin/bash
DISPLAY=:0

Signal Handlers:
SIGSEGV: [libjvm.so+0xaba070], sa_mask[0]=11111111011111111101111111111110, sa_flags=SA_RESTART|SA_SIGINFO
SIGBUS: [libjvm.so+0xaba070], sa_mask[0]=11111111011111111101111111111110, sa_flags=SA_RESTART|SA_SIGINFO
SIGFPE: [libjvm.so+0x917630], sa_mask[0]=11111111011111111101111111111110, sa_flags=SA_RESTART|SA_SIGINFO
SIGPIPE: [libjvm.so+0x917630], sa_mask[0]=11111111011111111101111111111110, sa_flags=SA_RESTART|SA_SIGINFO
SIGXFSZ: [libjvm.so+0x917630], sa_mask[0]=11111111011111111101111111111110, sa_flags=SA_RESTART|SA_SIGINFO
SIGILL: [libjvm.so+0x917630], sa_mask[0]=11111111011111111101111111111110, sa_flags=SA_RESTART|SA_SIGINFO
SIGUSR1: SIG_DFL, sa_mask[0]=00000000000000000000000000000000, sa_flags=none
SIGUSR2: [libjvm.so+0x918c60], sa_mask[0]=00100000000000000000000000000000, sa_flags=SA_RESTART|SA_SIGINFO
SIGHUP: [libjvm.so+0x91a060], sa_mask[0]=11111111011111111101111111111110, sa_flags=SA_RESTART|SA_SIGINFO
SIGINT: [libjvm.so+0x91a060], sa_mask[0]=11111111011111111101111111111110, sa_flags=SA_RESTART|SA_SIGINFO
SIGTERM: [libjvm.so+0x91a060], sa_mask[0]=11111111011111111101111111111110, sa_flags=SA_RESTART|SA_SIGINFO
SIGQUIT: [libjvm.so+0x91a060], sa_mask[0]=11111111011111111101111111111110, sa_flags=SA_RESTART|SA_SIGINFO


---------------  S Y S T E M  ---------------

OS:DISTRIB_ID=LinuxMint
DISTRIB_RELEASE=17.2
DISTRIB_CODENAME=rafaela
DISTRIB_DESCRIPTION="Linux Mint 17.2 Rafaela"

uname:Linux 3.16.0-38-generic #52~14.04.1-Ubuntu SMP Fri May 8 09:43:57 UTC 2015 x86_64
libc:glibc 2.19 NPTL 2.19 
rlimit: STACK 8192k, CORE 0k, NPROC 14876, NOFILE 4096, AS infinity
load average:2.09 1.35 1.22

/proc/meminfo:
MemTotal:        3839576 kB
MemFree:          145000 kB
MemAvailable:      96844 kB
Buffers:            1088 kB
Cached:           242816 kB
SwapCached:            0 kB
Active:          3313552 kB
Inactive:         217888 kB
Active(anon):    3298244 kB
Inactive(anon):   199956 kB
Active(file):      15308 kB
Inactive(file):    17932 kB
Unevictable:          24 kB
Mlocked:              24 kB
SwapTotal:             0 kB
SwapFree:              0 kB
Dirty:              2088 kB
Writeback:             0 kB
AnonPages:       3287552 kB
Mapped:            82276 kB
Shmem:            210680 kB
Slab:              71020 kB
SReclaimable:      39392 kB
SUnreclaim:        31628 kB
KernelStack:       10384 kB
PageTables:        34620 kB
NFS_Unstable:          0 kB
Bounce:                0 kB
WritebackTmp:          0 kB
CommitLimit:     1919788 kB
Committed_AS:    6298856 kB
VmallocTotal:   34359738367 kB
VmallocUsed:      543552 kB
VmallocChunk:   34359186908 kB
HardwareCorrupted:     0 kB
AnonHugePages:   2207744 kB
HugePages_Total:       0
HugePages_Free:        0
HugePages_Rsvd:        0
HugePages_Surp:        0
Hugepagesize:       2048 kB
DirectMap4k:       74816 kB
DirectMap2M:     3909632 kB


CPU:total 4 (2 cores per cpu, 2 threads per core) family 6 model 37 stepping 5, cmov, cx8, fxsr, mmx, sse, sse2, sse3, ssse3, sse4.1, sse4.2, popcnt, ht, tsc, tscinvbit

/proc/cpuinfo:
processor	: 0
vendor_id	: GenuineIntel
cpu family	: 6
model		: 37
model name	: Intel(R) Core(TM) i3 CPU       M 380  @ 2.53GHz
stepping	: 5
microcode	: 0x2
cpu MHz		: 933.000
cache size	: 3072 KB
physical id	: 0
siblings	: 4
core id		: 0
cpu cores	: 2
apicid		: 0
initial apicid	: 0
fpu		: yes
fpu_exception	: yes
cpuid level	: 11
wp		: yes
flags		: fpu vme de pse tsc msr pae mce cx8 apic sep mtrr pge mca cmov pat pse36 clflush dts acpi mmx fxsr sse sse2 ss ht tm pbe syscall nx rdtscp lm constant_tsc arch_perfmon pebs bts nopl xtopology nonstop_tsc aperfmperf pni dtes64 monitor ds_cpl vmx est tm2 ssse3 cx16 xtpr pdcm pcid sse4_1 sse4_2 popcnt lahf_lm arat dtherm tpr_shadow vnmi flexpriority ept vpid
bogomips	: 5055.08
clflush size	: 64
cache_alignment	: 64
address sizes	: 36 bits physical, 48 bits virtual
power management:

processor	: 1
vendor_id	: GenuineIntel
cpu family	: 6
model		: 37
model name	: Intel(R) Core(TM) i3 CPU       M 380  @ 2.53GHz
stepping	: 5
microcode	: 0x2
cpu MHz		: 933.000
cache size	: 3072 KB
physical id	: 0
siblings	: 4
core id		: 0
cpu cores	: 2
apicid		: 1
initial apicid	: 1
fpu		: yes
fpu_exception	: yes
cpuid level	: 11
wp		: yes
flags		: fpu vme de pse tsc msr pae mce cx8 apic sep mtrr pge mca cmov pat pse36 clflush dts acpi mmx fxsr sse sse2 ss ht tm pbe syscall nx rdtscp lm constant_tsc arch_perfmon pebs bts nopl xtopology nonstop_tsc aperfmperf pni dtes64 monitor ds_cpl vmx est tm2 ssse3 cx16 xtpr pdcm pcid sse4_1 sse4_2 popcnt lahf_lm arat dtherm tpr_shadow vnmi flexpriority ept vpid
bogomips	: 5055.08
clflush size	: 64
cache_alignment	: 64
address sizes	: 36 bits physical, 48 bits virtual
power management:

processor	: 2
vendor_id	: GenuineIntel
cpu family	: 6
model		: 37
model name	: Intel(R) Core(TM) i3 CPU       M 380  @ 2.53GHz
stepping	: 5
microcode	: 0x2
cpu MHz		: 2533.000
cache size	: 3072 KB
physical id	: 0
siblings	: 4
core id		: 2
cpu cores	: 2
apicid		: 4
initial apicid	: 4
fpu		: yes
fpu_exception	: yes
cpuid level	: 11
wp		: yes
flags		: fpu vme de pse tsc msr pae mce cx8 apic sep mtrr pge mca cmov pat pse36 clflush dts acpi mmx fxsr sse sse2 ss ht tm pbe syscall nx rdtscp lm constant_tsc arch_perfmon pebs bts nopl xtopology nonstop_tsc aperfmperf pni dtes64 monitor ds_cpl vmx est tm2 ssse3 cx16 xtpr pdcm pcid sse4_1 sse4_2 popcnt lahf_lm arat dtherm tpr_shadow vnmi flexpriority ept vpid
bogomips	: 5055.08
clflush size	: 64
cache_alignment	: 64
address sizes	: 36 bits physical, 48 bits virtual
power management:

processor	: 3
vendor_id	: GenuineIntel
cpu family	: 6
model		: 37
model name	: Intel(R) Core(TM) i3 CPU       M 380  @ 2.53GHz
stepping	: 5
microcode	: 0x2
cpu MHz		: 2533.000
cache size	: 3072 KB
physical id	: 0
siblings	: 4
core id		: 2
cpu cores	: 2
apicid		: 5
initial apicid	: 5
fpu		: yes
fpu_exception	: yes
cpuid level	: 11
wp		: yes
flags		: fpu vme de pse tsc msr pae mce cx8 apic sep mtrr pge mca cmov pat pse36 clflush dts acpi mmx fxsr sse sse2 ss ht tm pbe syscall nx rdtscp lm constant_tsc arch_perfmon pebs bts nopl xtopology nonstop_tsc aperfmperf pni dtes64 monitor ds_cpl vmx est tm2 ssse3 cx16 xtpr pdcm pcid sse4_1 sse4_2 popcnt lahf_lm arat dtherm tpr_shadow vnmi flexpriority ept vpid
bogomips	: 5055.08
clflush size	: 64
cache_alignment	: 64
address sizes	: 36 bits physical, 48 bits virtual
power management:



Memory: 4k page, physical 3839576k(145000k free), swap 0k(0k free)

vm_info: Java HotSpot(TM) 64-Bit Server VM (25.60-b23) for linux-amd64 JRE (1.8.0_60-b27), built on Aug  4 2015 12:19:40 by "java_re" with gcc 4.3.0 20080428 (Red Hat 4.3.0-8)

time: Sat May 14 23:07:51 2016
elapsed time: 6 seconds (0d 0h 0m 6s)

