#
# There is insufficient memory for the Java Runtime Environment to continue.
# Native memory allocation (mmap) failed to map 117964800 bytes for committing reserved memory.
# Possible reasons:
#   The system is out of physical RAM or swap space
#   In 32 bit mode, the process size limit was hit
# Possible solutions:
#   Reduce memory load on the system
#   Increase physical memory or swap space
#   Check if swap backing store is full
#   Use 64 bit Java on a 64 bit OS
#   Decrease Java heap size (-Xmx/-Xms)
#   Decrease number of Java threads
#   Decrease Java thread stack sizes (-Xss)
#   Set larger code cache with -XX:ReservedCodeCacheSize=
# This output file may be truncated or incomplete.
#
#  Out of Memory Error (os_linux.cpp:2627), pid=5762, tid=140459871516416
#
# JRE version: Java(TM) SE Runtime Environment (8.0_60-b27) (build 1.8.0_60-b27)
# Java VM: Java HotSpot(TM) 64-Bit Server VM (25.60-b23 mixed mode linux-amd64 compressed oops)
# Failed to write core dump. Core dumps have been disabled. To enable core dumping, try "ulimit -c unlimited" before starting Java again
#

---------------  T H R E A D  ---------------

Current thread (0x00007fbf7407a800):  VMThread [stack: 0x00007fbf5caf3000,0x00007fbf5cbf4000] [id=5772]

Stack: [0x00007fbf5caf3000,0x00007fbf5cbf4000],  sp=0x00007fbf5cbf1fe0,  free space=1019k
Native frames: (J=compiled Java code, j=interpreted, Vv=VM code, C=native code)
V  [libjvm.so+0xab97ea]  VMError::report_and_die()+0x2ba
V  [libjvm.so+0x4f9dab]  report_vm_out_of_memory(char const*, int, unsigned long, VMErrorType, char const*)+0x8b
V  [libjvm.so+0x91a7c3]  os::Linux::commit_memory_impl(char*, unsigned long, bool)+0x103
V  [libjvm.so+0x91ad19]  os::pd_commit_memory(char*, unsigned long, unsigned long, bool)+0x29
V  [libjvm.so+0x91502a]  os::commit_memory(char*, unsigned long, unsigned long, bool)+0x2a
V  [libjvm.so+0x9886d3]  PSVirtualSpace::expand_by(unsigned long)+0x53
V  [libjvm.so+0x989ad8]  PSYoungGen::resize_generation(unsigned long, unsigned long)+0xf8
V  [libjvm.so+0x988c32]  PSYoungGen::resize(unsigned long, unsigned long)+0x22
V  [libjvm.so+0x985f0b]  PSScavenge::invoke_no_policy()+0xf3b
V  [libjvm.so+0x986691]  PSScavenge::invoke()+0x41
V  [libjvm.so+0x93e430]  ParallelScavengeHeap::failed_mem_allocate(unsigned long)+0x70
V  [libjvm.so+0xabb207]  VM_ParallelGCFailedAllocation::doit()+0x97
V  [libjvm.so+0xac2c35]  VM_Operation::evaluate()+0x55
V  [libjvm.so+0xac100a]  VMThread::evaluate_operation(VM_Operation*)+0xba
V  [libjvm.so+0xac138e]  VMThread::loop()+0x1ce
V  [libjvm.so+0xac1800]  VMThread::run()+0x70
V  [libjvm.so+0x91cb88]  java_start(Thread*)+0x108

VM_Operation (0x00007fbf7b2bfe00): ParallelGCFailedAllocation, mode: safepoint, requested by thread 0x00007fbf7400c800


---------------  P R O C E S S  ---------------

Java Threads: ( => current thread )
  0x00007fbf740ce000 JavaThread "Service Thread" daemon [_thread_blocked, id=5779, stack(0x00007fbf5c0d5000,0x00007fbf5c1d6000)]
  0x00007fbf740c0800 JavaThread "C1 CompilerThread2" daemon [_thread_blocked, id=5778, stack(0x00007fbf5c1d6000,0x00007fbf5c2d7000)]
  0x00007fbf740bf000 JavaThread "C2 CompilerThread1" daemon [_thread_blocked, id=5777, stack(0x00007fbf5c2d7000,0x00007fbf5c3d8000)]
  0x00007fbf740bc000 JavaThread "C2 CompilerThread0" daemon [_thread_blocked, id=5776, stack(0x00007fbf5c3d8000,0x00007fbf5c4d9000)]
  0x00007fbf740ba800 JavaThread "Signal Dispatcher" daemon [_thread_blocked, id=5775, stack(0x00007fbf5c4d9000,0x00007fbf5c5da000)]
  0x00007fbf74081800 JavaThread "Finalizer" daemon [_thread_blocked, id=5774, stack(0x00007fbf5c8f1000,0x00007fbf5c9f2000)]
  0x00007fbf7407f800 JavaThread "Reference Handler" daemon [_thread_blocked, id=5773, stack(0x00007fbf5c9f2000,0x00007fbf5caf3000)]
  0x00007fbf7400c800 JavaThread "main" [_thread_blocked, id=5767, stack(0x00007fbf7b1c1000,0x00007fbf7b2c2000)]

Other Threads:
=>0x00007fbf7407a800 VMThread [stack: 0x00007fbf5caf3000,0x00007fbf5cbf4000] [id=5772]
  0x00007fbf740d0800 WatcherThread [stack: 0x00007fbf57eff000,0x00007fbf58000000] [id=5780]

VM state:at safepoint (normal execution)

VM Mutex/Monitor currently owned by a thread:  ([mutex/lock_event])
[0x00007fbf74008eb0] Threads_lock - owner thread: 0x00007fbf7407a800
[0x00007fbf740093b0] Heap_lock - owner thread: 0x00007fbf7400c800

Heap:
 PSYoungGen      total 57856K, used 2528K [0x00000000eab00000, 0x00000000eea80000, 0x0000000100000000)
  eden space 55296K, 0% used [0x00000000eab00000,0x00000000eab00000,0x00000000ee100000)
  from space 2560K, 98% used [0x00000000ee580000,0x00000000ee7f8018,0x00000000ee800000)
  to   space 1024K, 0% used [0x00000000ee980000,0x00000000ee980000,0x00000000eea80000)
 ParOldGen       total 81408K, used 21031K [0x00000000c0000000, 0x00000000c4f80000, 0x00000000eab00000)
  object space 81408K, 25% used [0x00000000c0000000,0x00000000c1489d30,0x00000000c4f80000)
 Metaspace       used 4434K, capacity 5424K, committed 5632K, reserved 1056768K
  class space    used 458K, capacity 488K, committed 512K, reserved 1048576K

Card table byte_map: [0x00007fbf78154000,0x00007fbf78355000] byte_map_base: 0x00007fbf77b54000

Marking Bits: (ParMarkBitMap*) 0x00007fbf7a6a3de0
 Begin Bits: [0x00007fbf5e000000, 0x00007fbf5f000000)
 End Bits:   [0x00007fbf5f000000, 0x00007fbf60000000)

Polling page: 0x00007fbf7b2eb000

CodeCache: size=245760Kb used=3543Kb max_used=3543Kb free=242216Kb
 bounds [0x00007fbf65000000, 0x00007fbf65380000, 0x00007fbf74000000]
 total_blobs=1317 nmethods=1057 adapters=175
 compilation: enabled

Compilation events (10 events):
Event: 3.195 Thread 0x00007fbf740c0800 1106       2       com.android.dx.io.instructions.InstructionCodec$22::decode (37 bytes)
Event: 3.197 Thread 0x00007fbf740c0800 nmethod 1106 0x00007fbf65373c90 code [0x00007fbf65373e40, 0x00007fbf653742c8]
Event: 3.256 Thread 0x00007fbf740c0800 1111       2       com.android.dx.io.instructions.InstructionCodec$34::decode (314 bytes)
Event: 3.264 Thread 0x00007fbf740c0800 nmethod 1111 0x00007fbf653747d0 code [0x00007fbf65374ae0, 0x00007fbf653760a8]
Event: 3.266 Thread 0x00007fbf740c0800 1112       2       com.android.dx.io.instructions.ShortArrayCodeOutput::write (33 bytes)
Event: 3.267 Thread 0x00007fbf740c0800 nmethod 1112 0x00007fbf65377650 code [0x00007fbf653777c0, 0x00007fbf653779f0]
Event: 3.291 Thread 0x00007fbf740c0800 1113       2       com.android.dx.io.instructions.InstructionCodec$34::encode (192 bytes)
Event: 3.296 Thread 0x00007fbf740c0800 nmethod 1113 0x00007fbf65377c10 code [0x00007fbf65377e40, 0x00007fbf65378808]
Event: 3.296 Thread 0x00007fbf740c0800 1114       2       com.android.dx.io.instructions.FillArrayDataPayloadDecodedInstruction::getElementWidthUnit (6 bytes)
Event: 3.296 Thread 0x00007fbf740c0800 nmethod 1114 0x00007fbf65379250 code [0x00007fbf653793a0, 0x00007fbf653794f0]

GC Heap History (10 events):
Event: 0.537 GC heap after
Heap after GC invocations=1 (full 0):
 PSYoungGen      total 17920K, used 2542K [0x00000000eab00000, 0x00000000ece00000, 0x0000000100000000)
  eden space 15360K, 0% used [0x00000000eab00000,0x00000000eab00000,0x00000000eba00000)
  from space 2560K, 99% used [0x00000000eba00000,0x00000000ebc7ba80,0x00000000ebc80000)
  to   space 2560K, 0% used [0x00000000ecb80000,0x00000000ecb80000,0x00000000ece00000)
 ParOldGen       total 40960K, used 2114K [0x00000000c0000000, 0x00000000c2800000, 0x00000000eab00000)
  object space 40960K, 5% used [0x00000000c0000000,0x00000000c0210830,0x00000000c2800000)
 Metaspace       used 3486K, capacity 4720K, committed 4864K, reserved 1056768K
  class space    used 374K, capacity 424K, committed 512K, reserved 1048576K
}
Event: 0.694 GC heap before
{Heap before GC invocations=2 (full 0):
 PSYoungGen      total 17920K, used 17902K [0x00000000eab00000, 0x00000000ece00000, 0x0000000100000000)
  eden space 15360K, 100% used [0x00000000eab00000,0x00000000eba00000,0x00000000eba00000)
  from space 2560K, 99% used [0x00000000eba00000,0x00000000ebc7ba80,0x00000000ebc80000)
  to   space 2560K, 0% used [0x00000000ecb80000,0x00000000ecb80000,0x00000000ece00000)
 ParOldGen       total 40960K, used 2114K [0x00000000c0000000, 0x00000000c2800000, 0x00000000eab00000)
  object space 40960K, 5% used [0x00000000c0000000,0x00000000c0210830,0x00000000c2800000)
 Metaspace       used 3521K, capacity 4720K, committed 4864K, reserved 1056768K
  class space    used 374K, capacity 424K, committed 512K, reserved 1048576K
Event: 0.720 GC heap after
Heap after GC invocations=2 (full 0):
 PSYoungGen      total 33280K, used 2557K [0x00000000eab00000, 0x00000000ece00000, 0x0000000100000000)
  eden space 30720K, 0% used [0x00000000eab00000,0x00000000eab00000,0x00000000ec900000)
  from space 2560K, 99% used [0x00000000ecb80000,0x00000000ecdff4c0,0x00000000ece00000)
  to   space 2560K, 0% used [0x00000000ec900000,0x00000000ec900000,0x00000000ecb80000)
 ParOldGen       total 40960K, used 5840K [0x00000000c0000000, 0x00000000c2800000, 0x00000000eab00000)
  object space 40960K, 14% used [0x00000000c0000000,0x00000000c05b41e0,0x00000000c2800000)
 Metaspace       used 3521K, capacity 4720K, committed 4864K, reserved 1056768K
  class space    used 374K, capacity 424K, committed 512K, reserved 1048576K
}
Event: 1.211 GC heap before
{Heap before GC invocations=3 (full 0):
 PSYoungGen      total 33280K, used 33277K [0x00000000eab00000, 0x00000000ece00000, 0x0000000100000000)
  eden space 30720K, 100% used [0x00000000eab00000,0x00000000ec900000,0x00000000ec900000)
  from space 2560K, 99% used [0x00000000ecb80000,0x00000000ecdff4c0,0x00000000ece00000)
  to   space 2560K, 0% used [0x00000000ec900000,0x00000000ec900000,0x00000000ecb80000)
 ParOldGen       total 40960K, used 5840K [0x00000000c0000000, 0x00000000c2800000, 0x00000000eab00000)
  object space 40960K, 14% used [0x00000000c0000000,0x00000000c05b41e0,0x00000000c2800000)
 Metaspace       used 3839K, capacity 4944K, committed 5120K, reserved 1056768K
  class space    used 405K, capacity 456K, committed 512K, reserved 1048576K
Event: 1.266 GC heap after
Heap after GC invocations=3 (full 0):
 PSYoungGen      total 33280K, used 2548K [0x00000000eab00000, 0x00000000eec00000, 0x0000000100000000)
  eden space 30720K, 0% used [0x00000000eab00000,0x00000000eab00000,0x00000000ec900000)
  from space 2560K, 99% used [0x00000000ec900000,0x00000000ecb7d380,0x00000000ecb80000)
  to   space 2560K, 0% used [0x00000000ee980000,0x00000000ee980000,0x00000000eec00000)
 ParOldGen       total 50688K, used 48425K [0x00000000c0000000, 0x00000000c3180000, 0x00000000eab00000)
  object space 50688K, 95% used [0x00000000c0000000,0x00000000c2f4a760,0x00000000c3180000)
 Metaspace       used 3839K, capacity 4944K, committed 5120K, reserved 1056768K
  class space    used 405K, capacity 456K, committed 512K, reserved 1048576K
}
Event: 1.266 GC heap before
{Heap before GC invocations=4 (full 1):
 PSYoungGen      total 33280K, used 2548K [0x00000000eab00000, 0x00000000eec00000, 0x0000000100000000)
  eden space 30720K, 0% used [0x00000000eab00000,0x00000000eab00000,0x00000000ec900000)
  from space 2560K, 99% used [0x00000000ec900000,0x00000000ecb7d380,0x00000000ecb80000)
  to   space 2560K, 0% used [0x00000000ee980000,0x00000000ee980000,0x00000000eec00000)
 ParOldGen       total 50688K, used 48425K [0x00000000c0000000, 0x00000000c3180000, 0x00000000eab00000)
  object space 50688K, 95% used [0x00000000c0000000,0x00000000c2f4a760,0x00000000c3180000)
 Metaspace       used 3839K, capacity 4944K, committed 5120K, reserved 1056768K
  class space    used 405K, capacity 456K, committed 512K, reserved 1048576K
Event: 1.291 GC heap after
Heap after GC invocations=4 (full 1):
 PSYoungGen      total 33280K, used 0K [0x00000000eab00000, 0x00000000eec00000, 0x0000000100000000)
  eden space 30720K, 0% used [0x00000000eab00000,0x00000000eab00000,0x00000000ec900000)
  from space 2560K, 0% used [0x00000000ec900000,0x00000000ec900000,0x00000000ecb80000)
  to   space 2560K, 0% used [0x00000000ee980000,0x00000000ee980000,0x00000000eec00000)
 ParOldGen       total 81408K, used 19459K [0x00000000c0000000, 0x00000000c4f80000, 0x00000000eab00000)
  object space 81408K, 23% used [0x00000000c0000000,0x00000000c1300d68,0x00000000c4f80000)
 Metaspace       used 3839K, capacity 4944K, committed 5120K, reserved 1056768K
  class space    used 405K, capacity 456K, committed 512K, reserved 1048576K
}
Event: 1.861 GC heap before
{Heap before GC invocations=5 (full 1):
 PSYoungGen      total 33280K, used 30720K [0x00000000eab00000, 0x00000000eec00000, 0x0000000100000000)
  eden space 30720K, 100% used [0x00000000eab00000,0x00000000ec900000,0x00000000ec900000)
  from space 2560K, 0% used [0x00000000ec900000,0x00000000ec900000,0x00000000ecb80000)
  to   space 2560K, 0% used [0x00000000ee980000,0x00000000ee980000,0x00000000eec00000)
 ParOldGen       total 81408K, used 19459K [0x00000000c0000000, 0x00000000c4f80000, 0x00000000eab00000)
  object space 81408K, 23% used [0x00000000c0000000,0x00000000c1300d68,0x00000000c4f80000)
 Metaspace       used 3939K, capacity 5008K, committed 5120K, reserved 1056768K
  class space    used 411K, capacity 456K, committed 512K, reserved 1048576K
Event: 1.875 GC heap after
Heap after GC invocations=5 (full 1):
 PSYoungGen      total 56320K, used 960K [0x00000000eab00000, 0x00000000eea80000, 0x0000000100000000)
  eden space 55296K, 0% used [0x00000000eab00000,0x00000000eab00000,0x00000000ee100000)
  from space 1024K, 93% used [0x00000000ee980000,0x00000000eea70000,0x00000000eea80000)
  to   space 2560K, 0% used [0x00000000ee580000,0x00000000ee580000,0x00000000ee800000)
 ParOldGen       total 81408K, used 19467K [0x00000000c0000000, 0x00000000c4f80000, 0x00000000eab00000)
  object space 81408K, 23% used [0x00000000c0000000,0x00000000c1302d68,0x00000000c4f80000)
 Metaspace       used 3939K, capacity 5008K, committed 5120K, reserved 1056768K
  class space    used 411K, capacity 456K, committed 512K, reserved 1048576K
}
Event: 3.350 GC heap before
{Heap before GC invocations=6 (full 1):
 PSYoungGen      total 56320K, used 56256K [0x00000000eab00000, 0x00000000eea80000, 0x0000000100000000)
  eden space 55296K, 100% used [0x00000000eab00000,0x00000000ee100000,0x00000000ee100000)
  from space 1024K, 93% used [0x00000000ee980000,0x00000000eea70000,0x00000000eea80000)
  to   space 2560K, 0% used [0x00000000ee580000,0x00000000ee580000,0x00000000ee800000)
 ParOldGen       total 81408K, used 19467K [0x00000000c0000000, 0x00000000c4f80000, 0x00000000eab00000)
  object space 81408K, 23% used [0x00000000c0000000,0x00000000c1302d68,0x00000000c4f80000)
 Metaspace       used 4434K, capacity 5424K, committed 5632K, reserved 1056768K
  class space    used 458K, capacity 488K, committed 512K, reserved 1048576K

Deoptimization events (10 events):
Event: 2.129 Thread 0x00007fbf7400c800 Uncommon trap: reason=class_check action=maybe_recompile pc=0x00007fbf6521ec44 method=com.android.dx.merge.DexMerger$IdMerger$UnsortedValue.compareTo(Lcom/android/dx/merge/DexMerger$IdMerger$UnsortedValue;)I @ 8
Event: 2.129 Thread 0x00007fbf7400c800 Uncommon trap: reason=class_check action=maybe_recompile pc=0x00007fbf6521ec44 method=com.android.dx.merge.DexMerger$IdMerger$UnsortedValue.compareTo(Lcom/android/dx/merge/DexMerger$IdMerger$UnsortedValue;)I @ 8
Event: 2.129 Thread 0x00007fbf7400c800 Uncommon trap: reason=class_check action=maybe_recompile pc=0x00007fbf6522e460 method=com.android.dx.merge.DexMerger$IdMerger$UnsortedValue.compareTo(Lcom/android/dx/merge/DexMerger$IdMerger$UnsortedValue;)I @ 8
Event: 2.258 Thread 0x00007fbf7400c800 Uncommon trap: reason=unstable_if action=reinterpret pc=0x00007fbf6529f5bc method=java.util.HashMap.putVal(ILjava/lang/Object;Ljava/lang/Object;ZZ)Ljava/lang/Object; @ 109
Event: 2.258 Thread 0x00007fbf7400c800 Uncommon trap: reason=unstable_if action=reinterpret pc=0x00007fbf6523abf0 method=java.util.HashMap.putVal(ILjava/lang/Object;Ljava/lang/Object;ZZ)Ljava/lang/Object; @ 162
Event: 2.312 Thread 0x00007fbf7400c800 Uncommon trap: reason=unstable_if action=reinterpret pc=0x00007fbf65291358 method=com.android.dex.EncodedValueCodec.readUnsignedInt(Lcom/android/dex/util/ByteInput;IZ)I @ 3
Event: 2.314 Thread 0x00007fbf7400c800 Uncommon trap: reason=unstable_if action=reinterpret pc=0x00007fbf652940e4 method=com.android.dex.EncodedValueCodec.writeUnsignedIntegralValue(Lcom/android/dex/util/ByteOutput;IJ)V @ 11
Event: 2.560 Thread 0x00007fbf7400c800 Uncommon trap: reason=unstable_if action=reinterpret pc=0x00007fbf6523b794 method=com.android.dx.merge.IndexMap.adjustString(I)I @ 2
Event: 2.658 Thread 0x00007fbf7400c800 Uncommon trap: reason=unstable_if action=reinterpret pc=0x00007fbf6525004c method=java.util.HashMap.getNode(ILjava/lang/Object;)Ljava/util/HashMap$Node; @ 84
Event: 2.659 Thread 0x00007fbf7400c800 Uncommon trap: reason=unstable_if action=reinterpret pc=0x00007fbf6524f658 method=java.util.HashMap.getNode(ILjava/lang/Object;)Ljava/util/HashMap$Node; @ 84

Internal exceptions (2 events):
Event: 0.080 Thread 0x00007fbf7400c800 Exception <a 'java/lang/NoSuchMethodError': Method sun.misc.Unsafe.defineClass(Ljava/lang/String;[BII)Ljava/lang/Class; name or signature does not match> (0x00000000eab12b98) thrown at [/HUDSON/workspace/8-2-build-linux-amd64/jdk8u60/4407/hotspot/src/shar
Event: 0.080 Thread 0x00007fbf7400c800 Exception <a 'java/lang/NoSuchMethodError': Method sun.misc.Unsafe.prefetchRead(Ljava/lang/Object;J)V name or signature does not match> (0x00000000eab12e80) thrown at [/HUDSON/workspace/8-2-build-linux-amd64/jdk8u60/4407/hotspot/src/share/vm/prims/jni.cpp

Events (10 events):
Event: 3.302 Thread 0x00007fbf7400c800 DEOPT UNPACKING pc=0x00007fbf65047233 sp=0x00007fbf7b2bff80 mode 0
Event: 3.310 Thread 0x00007fbf7400c800 DEOPT PACKING pc=0x00007fbf6530624e sp=0x00007fbf7b2c0240
Event: 3.310 Thread 0x00007fbf7400c800 DEOPT UNPACKING pc=0x00007fbf65047233 sp=0x00007fbf7b2bff80 mode 0
Event: 3.318 Thread 0x00007fbf7400c800 DEOPT PACKING pc=0x00007fbf6530624e sp=0x00007fbf7b2c0240
Event: 3.318 Thread 0x00007fbf7400c800 DEOPT UNPACKING pc=0x00007fbf65047233 sp=0x00007fbf7b2bff80 mode 0
Event: 3.339 Thread 0x00007fbf7400c800 DEOPT PACKING pc=0x00007fbf6530624e sp=0x00007fbf7b2c0240
Event: 3.339 Thread 0x00007fbf7400c800 DEOPT UNPACKING pc=0x00007fbf65047233 sp=0x00007fbf7b2bff80 mode 0
Event: 3.346 Thread 0x00007fbf7400c800 DEOPT PACKING pc=0x00007fbf6530624e sp=0x00007fbf7b2c0240
Event: 3.346 Thread 0x00007fbf7400c800 DEOPT UNPACKING pc=0x00007fbf65047233 sp=0x00007fbf7b2bff80 mode 0
Event: 3.350 Executing VM operation: ParallelGCFailedAllocation


Dynamic libraries:
00400000-00401000 r-xp 00000000 08:02 4071875                            /usr/local/jdk1.8.0_60/bin/java
00600000-00601000 rw-p 00000000 08:02 4071875                            /usr/local/jdk1.8.0_60/bin/java
01124000-01145000 rw-p 00000000 00:00 0                                  [heap]
c0000000-c4f80000 rw-p 00000000 00:00 0 
c4f80000-eab00000 ---p 00000000 00:00 0 
eab00000-eea80000 rw-p 00000000 00:00 0 
f5b00000-100000000 ---p 00000000 00:00 0 
100000000-100080000 rw-p 00000000 00:00 0 
100080000-140000000 ---p 00000000 00:00 0 
7fbf28000000-7fbf28021000 rw-p 00000000 00:00 0 
7fbf28021000-7fbf2c000000 ---p 00000000 00:00 0 
7fbf2c000000-7fbf2c021000 rw-p 00000000 00:00 0 
7fbf2c021000-7fbf30000000 ---p 00000000 00:00 0 
7fbf30000000-7fbf307db000 rw-p 00000000 00:00 0 
7fbf307db000-7fbf34000000 ---p 00000000 00:00 0 
7fbf34000000-7fbf343de000 rw-p 00000000 00:00 0 
7fbf343de000-7fbf38000000 ---p 00000000 00:00 0 
7fbf38000000-7fbf38021000 rw-p 00000000 00:00 0 
7fbf38021000-7fbf3c000000 ---p 00000000 00:00 0 
7fbf3c000000-7fbf3c5da000 rw-p 00000000 00:00 0 
7fbf3c5da000-7fbf40000000 ---p 00000000 00:00 0 
7fbf40000000-7fbf40021000 rw-p 00000000 00:00 0 
7fbf40021000-7fbf44000000 ---p 00000000 00:00 0 
7fbf44000000-7fbf44021000 rw-p 00000000 00:00 0 
7fbf44021000-7fbf48000000 ---p 00000000 00:00 0 
7fbf48000000-7fbf48021000 rw-p 00000000 00:00 0 
7fbf48021000-7fbf4c000000 ---p 00000000 00:00 0 
7fbf4c000000-7fbf4c28c000 rw-p 00000000 00:00 0 
7fbf4c28c000-7fbf50000000 ---p 00000000 00:00 0 
7fbf50000000-7fbf50021000 rw-p 00000000 00:00 0 
7fbf50021000-7fbf54000000 ---p 00000000 00:00 0 
7fbf57eff000-7fbf57f00000 ---p 00000000 00:00 0 
7fbf57f00000-7fbf58000000 rw-p 00000000 00:00 0                          [stack:5780]
7fbf58000000-7fbf58021000 rw-p 00000000 00:00 0 
7fbf58021000-7fbf5c000000 ---p 00000000 00:00 0 
7fbf5c0d5000-7fbf5c0d8000 ---p 00000000 00:00 0 
7fbf5c0d8000-7fbf5c1d6000 rw-p 00000000 00:00 0                          [stack:5779]
7fbf5c1d6000-7fbf5c1d9000 ---p 00000000 00:00 0 
7fbf5c1d9000-7fbf5c2d7000 rw-p 00000000 00:00 0                          [stack:5778]
7fbf5c2d7000-7fbf5c2da000 ---p 00000000 00:00 0 
7fbf5c2da000-7fbf5c3d8000 rw-p 00000000 00:00 0                          [stack:5777]
7fbf5c3d8000-7fbf5c3db000 ---p 00000000 00:00 0 
7fbf5c3db000-7fbf5c4d9000 rw-p 00000000 00:00 0                          [stack:5776]
7fbf5c4d9000-7fbf5c4dc000 ---p 00000000 00:00 0 
7fbf5c4dc000-7fbf5c5da000 rw-p 00000000 00:00 0                          [stack:5775]
7fbf5c5da000-7fbf5c8f1000 r--p 00000000 08:02 3939108                    /usr/lib/locale/locale-archive
7fbf5c8f1000-7fbf5c8f4000 ---p 00000000 00:00 0 
7fbf5c8f4000-7fbf5c9f2000 rw-p 00000000 00:00 0                          [stack:5774]
7fbf5c9f2000-7fbf5c9f5000 ---p 00000000 00:00 0 
7fbf5c9f5000-7fbf5caf3000 rw-p 00000000 00:00 0                          [stack:5773]
7fbf5caf3000-7fbf5caf4000 ---p 00000000 00:00 0 
7fbf5caf4000-7fbf5dd00000 rw-p 00000000 00:00 0                          [stack:5772]
7fbf5dd00000-7fbf5e000000 ---p 00000000 00:00 0 
7fbf5e000000-7fbf60000000 rw-p 00000000 00:00 0 
7fbf60000000-7fbf60021000 rw-p 00000000 00:00 0 
7fbf60021000-7fbf64000000 ---p 00000000 00:00 0 
7fbf64033000-7fbf64399000 rw-p 00000000 00:00 0 
7fbf64399000-7fbf64571000 r--s 03d17000 08:02 4598728                    /usr/local/jdk1.8.0_60/jre/lib/rt.jar
7fbf64571000-7fbf647e7000 rw-p 00000000 00:00 0 
7fbf647e7000-7fbf647e8000 ---p 00000000 00:00 0 
7fbf647e8000-7fbf648e8000 rw-p 00000000 00:00 0                          [stack:5771]
7fbf648e8000-7fbf648e9000 ---p 00000000 00:00 0 
7fbf648e9000-7fbf649e9000 rw-p 00000000 00:00 0                          [stack:5770]
7fbf649e9000-7fbf649ea000 ---p 00000000 00:00 0 
7fbf649ea000-7fbf64b12000 rw-p 00000000 00:00 0                          [stack:5769]
7fbf64b12000-7fbf64c40000 ---p 00000000 00:00 0 
7fbf64c40000-7fbf64c4e000 rw-p 00000000 00:00 0 
7fbf64c4e000-7fbf65000000 ---p 00000000 00:00 0 
7fbf65000000-7fbf65380000 rwxp 00000000 00:00 0 
7fbf65380000-7fbf74000000 ---p 00000000 00:00 0 
7fbf74000000-7fbf74436000 rw-p 00000000 00:00 0 
7fbf74436000-7fbf78000000 ---p 00000000 00:00 0 
7fbf78002000-7fbf78011000 r--s 000df000 08:02 1049192                    /home/amr/android-sdk-linux/build-tools/23.0.2/lib/dx.jar
7fbf78011000-7fbf78053000 rw-p 00000000 00:00 0 
7fbf78053000-7fbf78054000 ---p 00000000 00:00 0 
7fbf78054000-7fbf7817c000 rw-p 00000000 00:00 0                          [stack:5768]
7fbf7817c000-7fbf782a9000 ---p 00000000 00:00 0 
7fbf782a9000-7fbf782ca000 rw-p 00000000 00:00 0 
7fbf782ca000-7fbf78354000 ---p 00000000 00:00 0 
7fbf78354000-7fbf78355000 rw-p 00000000 00:00 0 
7fbf78355000-7fbf7836f000 r-xp 00000000 08:02 4727989                    /usr/local/jdk1.8.0_60/jre/lib/amd64/libzip.so
7fbf7836f000-7fbf7856f000 ---p 0001a000 08:02 4727989                    /usr/local/jdk1.8.0_60/jre/lib/amd64/libzip.so
7fbf7856f000-7fbf78570000 rw-p 0001a000 08:02 4727989                    /usr/local/jdk1.8.0_60/jre/lib/amd64/libzip.so
7fbf78570000-7fbf7857b000 r-xp 00000000 08:02 4333097                    /lib/x86_64-linux-gnu/libnss_files-2.19.so
7fbf7857b000-7fbf7877a000 ---p 0000b000 08:02 4333097                    /lib/x86_64-linux-gnu/libnss_files-2.19.so
7fbf7877a000-7fbf7877b000 r--p 0000a000 08:02 4333097                    /lib/x86_64-linux-gnu/libnss_files-2.19.so
7fbf7877b000-7fbf7877c000 rw-p 0000b000 08:02 4333097                    /lib/x86_64-linux-gnu/libnss_files-2.19.so
7fbf7877c000-7fbf78787000 r-xp 00000000 08:02 4333079                    /lib/x86_64-linux-gnu/libnss_nis-2.19.so
7fbf78787000-7fbf78986000 ---p 0000b000 08:02 4333079                    /lib/x86_64-linux-gnu/libnss_nis-2.19.so
7fbf78986000-7fbf78987000 r--p 0000a000 08:02 4333079                    /lib/x86_64-linux-gnu/libnss_nis-2.19.so
7fbf78987000-7fbf78988000 rw-p 0000b000 08:02 4333079                    /lib/x86_64-linux-gnu/libnss_nis-2.19.so
7fbf78988000-7fbf7899f000 r-xp 00000000 08:02 4333071                    /lib/x86_64-linux-gnu/libnsl-2.19.so
7fbf7899f000-7fbf78b9e000 ---p 00017000 08:02 4333071                    /lib/x86_64-linux-gnu/libnsl-2.19.so
7fbf78b9e000-7fbf78b9f000 r--p 00016000 08:02 4333071                    /lib/x86_64-linux-gnu/libnsl-2.19.so
7fbf78b9f000-7fbf78ba0000 rw-p 00017000 08:02 4333071                    /lib/x86_64-linux-gnu/libnsl-2.19.so
7fbf78ba0000-7fbf78ba2000 rw-p 00000000 00:00 0 
7fbf78ba2000-7fbf78bab000 r-xp 00000000 08:02 4333070                    /lib/x86_64-linux-gnu/libnss_compat-2.19.so
7fbf78bab000-7fbf78daa000 ---p 00009000 08:02 4333070                    /lib/x86_64-linux-gnu/libnss_compat-2.19.so
7fbf78daa000-7fbf78dab000 r--p 00008000 08:02 4333070                    /lib/x86_64-linux-gnu/libnss_compat-2.19.so
7fbf78dab000-7fbf78dac000 rw-p 00009000 08:02 4333070                    /lib/x86_64-linux-gnu/libnss_compat-2.19.so
7fbf78dac000-7fbf78dd6000 r-xp 00000000 08:02 4727966                    /usr/local/jdk1.8.0_60/jre/lib/amd64/libjava.so
7fbf78dd6000-7fbf78fd6000 ---p 0002a000 08:02 4727966                    /usr/local/jdk1.8.0_60/jre/lib/amd64/libjava.so
7fbf78fd6000-7fbf78fd8000 rw-p 0002a000 08:02 4727966                    /usr/local/jdk1.8.0_60/jre/lib/amd64/libjava.so
7fbf78fd8000-7fbf78fe5000 r-xp 00000000 08:02 4727936                    /usr/local/jdk1.8.0_60/jre/lib/amd64/libverify.so
7fbf78fe5000-7fbf791e5000 ---p 0000d000 08:02 4727936                    /usr/local/jdk1.8.0_60/jre/lib/amd64/libverify.so
7fbf791e5000-7fbf791e7000 rw-p 0000d000 08:02 4727936                    /usr/local/jdk1.8.0_60/jre/lib/amd64/libverify.so
7fbf791e7000-7fbf791ee000 r-xp 00000000 08:02 4333093                    /lib/x86_64-linux-gnu/librt-2.19.so
7fbf791ee000-7fbf793ed000 ---p 00007000 08:02 4333093                    /lib/x86_64-linux-gnu/librt-2.19.so
7fbf793ed000-7fbf793ee000 r--p 00006000 08:02 4333093                    /lib/x86_64-linux-gnu/librt-2.19.so
7fbf793ee000-7fbf793ef000 rw-p 00007000 08:02 4333093                    /lib/x86_64-linux-gnu/librt-2.19.so
7fbf793ef000-7fbf794f4000 r-xp 00000000 08:02 4333065                    /lib/x86_64-linux-gnu/libm-2.19.so
7fbf794f4000-7fbf796f3000 ---p 00105000 08:02 4333065                    /lib/x86_64-linux-gnu/libm-2.19.so
7fbf796f3000-7fbf796f4000 r--p 00104000 08:02 4333065                    /lib/x86_64-linux-gnu/libm-2.19.so
7fbf796f4000-7fbf796f5000 rw-p 00105000 08:02 4333065                    /lib/x86_64-linux-gnu/libm-2.19.so
7fbf796f5000-7fbf7a3b3000 r-xp 00000000 08:02 4727868                    /usr/local/jdk1.8.0_60/jre/lib/amd64/server/libjvm.so
7fbf7a3b3000-7fbf7a5b2000 ---p 00cbe000 08:02 4727868                    /usr/local/jdk1.8.0_60/jre/lib/amd64/server/libjvm.so
7fbf7a5b2000-7fbf7a68a000 rw-p 00cbd000 08:02 4727868                    /usr/local/jdk1.8.0_60/jre/lib/amd64/server/libjvm.so
7fbf7a68a000-7fbf7a6cf000 rw-p 00000000 00:00 0 
7fbf7a6cf000-7fbf7a88a000 r-xp 00000000 08:02 4333094                    /lib/x86_64-linux-gnu/libc-2.19.so
7fbf7a88a000-7fbf7aa89000 ---p 001bb000 08:02 4333094                    /lib/x86_64-linux-gnu/libc-2.19.so
7fbf7aa89000-7fbf7aa8d000 r--p 001ba000 08:02 4333094                    /lib/x86_64-linux-gnu/libc-2.19.so
7fbf7aa8d000-7fbf7aa8f000 rw-p 001be000 08:02 4333094                    /lib/x86_64-linux-gnu/libc-2.19.so
7fbf7aa8f000-7fbf7aa94000 rw-p 00000000 00:00 0 
7fbf7aa94000-7fbf7aa97000 r-xp 00000000 08:02 4333067                    /lib/x86_64-linux-gnu/libdl-2.19.so
7fbf7aa97000-7fbf7ac96000 ---p 00003000 08:02 4333067                    /lib/x86_64-linux-gnu/libdl-2.19.so
7fbf7ac96000-7fbf7ac97000 r--p 00002000 08:02 4333067                    /lib/x86_64-linux-gnu/libdl-2.19.so
7fbf7ac97000-7fbf7ac98000 rw-p 00003000 08:02 4333067                    /lib/x86_64-linux-gnu/libdl-2.19.so
7fbf7ac98000-7fbf7acad000 r-xp 00000000 08:02 4850898                    /usr/local/jdk1.8.0_60/lib/amd64/jli/libjli.so
7fbf7acad000-7fbf7aead000 ---p 00015000 08:02 4850898                    /usr/local/jdk1.8.0_60/lib/amd64/jli/libjli.so
7fbf7aead000-7fbf7aeae000 rw-p 00015000 08:02 4850898                    /usr/local/jdk1.8.0_60/lib/amd64/jli/libjli.so
7fbf7aeae000-7fbf7aec7000 r-xp 00000000 08:02 4333074                    /lib/x86_64-linux-gnu/libpthread-2.19.so
7fbf7aec7000-7fbf7b0c6000 ---p 00019000 08:02 4333074                    /lib/x86_64-linux-gnu/libpthread-2.19.so
7fbf7b0c6000-7fbf7b0c7000 r--p 00018000 08:02 4333074                    /lib/x86_64-linux-gnu/libpthread-2.19.so
7fbf7b0c7000-7fbf7b0c8000 rw-p 00019000 08:02 4333074                    /lib/x86_64-linux-gnu/libpthread-2.19.so
7fbf7b0c8000-7fbf7b0cc000 rw-p 00000000 00:00 0 
7fbf7b0cc000-7fbf7b0ef000 r-xp 00000000 08:02 4333077                    /lib/x86_64-linux-gnu/ld-2.19.so
7fbf7b0ef000-7fbf7b1c1000 rw-p 00000000 00:00 0 
7fbf7b1c1000-7fbf7b1c4000 ---p 00000000 00:00 0 
7fbf7b1c4000-7fbf7b2c6000 rw-p 00000000 00:00 0                          [stack:5767]
7fbf7b2cd000-7fbf7b2e2000 rw-p 00000000 00:00 0 
7fbf7b2e2000-7fbf7b2ea000 rw-s 00000000 08:02 4203936                    /tmp/hsperfdata_amr/5762
7fbf7b2ea000-7fbf7b2eb000 rw-p 00000000 00:00 0 
7fbf7b2eb000-7fbf7b2ec000 ---p 00000000 00:00 0 
7fbf7b2ec000-7fbf7b2ee000 rw-p 00000000 00:00 0 
7fbf7b2ee000-7fbf7b2ef000 r--p 00022000 08:02 4333077                    /lib/x86_64-linux-gnu/ld-2.19.so
7fbf7b2ef000-7fbf7b2f0000 rw-p 00023000 08:02 4333077                    /lib/x86_64-linux-gnu/ld-2.19.so
7fbf7b2f0000-7fbf7b2f1000 rw-p 00000000 00:00 0 
7ffec68ab000-7ffec68ce000 rw-p 00000000 00:00 0                          [stack]
7ffec696b000-7ffec696d000 r-xp 00000000 00:00 0                          [vdso]
7ffec696d000-7ffec696f000 r--p 00000000 00:00 0                          [vvar]
ffffffffff600000-ffffffffff601000 r-xp 00000000 00:00 0                  [vsyscall]

VM Arguments:
jvm_args: -Djava.awt.headless=true -Xmx1024M -Dfile.encoding=UTF-8 -Duser.country=US -Duser.language=en -Duser.variant 
java_command: com.android.dx.command.Main --dex --num-threads=4 --output /home/amr/AndroidStudioProjects/Project/app/build/intermediates/transforms/dex/debug/folders/1000/1f/main /home/amr/AndroidStudioProjects/Project/app/build/intermediates/pre-dexed/debug/support-annotations-23.1.1_7ed19c4e1633b1f048efc20c3dc82809ca736bce.jar /home/amr/AndroidStudioProjects/Project/app/build/intermediates/pre-dexed/debug/com.google.android.gms-play-services-panorama-8.4.0_52d8150ae3f2aed4b7b66287ce23d7c80f2bd9ed.jar /home/amr/AndroidStudioProjects/Project/app/build/intermediates/pre-dexed/debug/internal_impl-23.0.0_4d2fdae1974ef4d93b52d88b581471085ddba36c.jar /home/amr/AndroidStudioProjects/Project/app/build/intermediates/pre-dexed/debug/com.google.android.gms-play-services-safetynet-8.4.0_3778ae7c7f0c8b6b8e277ce442634edaf7b423fd.jar /home/amr/AndroidStudioProjects/Project/app/build/intermediates/pre-dexed/debug/com.google.android.gms-play-services-identity-8.4.0_824e6279085af09e6dcfe4be66dd8a2398fc2c9d.jar /home/amr/AndroidStudioProjects/Project/app/build/intermediates/pre-dexed/debug/com.google.android.gms-play-services-appinvite-8.4.0_ef1d5877361fa4ea7a9d0b0bd25d713dfa08ac9a.jar /home/amr/AndroidStudioProjects/Project/app/build/intermediates/pre-dexed/debug/com.google.android.gms-play-services-appindexing-8.4.0_dabb6edc439ba6b1b0b2100ce1e16005a0eb48e0.jar /home/amr/AndroidStudioProjects/Project/app/build/intermediates/pre-dexed/debug/com.google.android.gms-play-services-gcm-8.4.0_34380c937749b88c5d3108030c25dd365dcce0e7.jar /home/amr/AndroidStudioProjects/Project/app/build/intermediates/pre-dexed/debug/com.google.android.gms-play-services-vision-8.4.0_6e00bbe7455dfd0b8763efaf9ad909069a1ef473.jar /home/amr/AndroidStudioProjects/Project/app/build/intermediates/pre-dexed/debug/com.google.android.gms-play-services-base-8.4.0_7f93174c8dd262fb093aec00aead534f51dc0151.jar /home/amr/AndroidStudioProjects/Project/app/build/intermediates/pre-dexed/debug/com.google.android.gms-play-ser
java_class_path (initial): /home/amr/android-sdk-linux/build-tools/23.0.2/lib/dx.jar
Launcher Type: SUN_STANDARD

Environment Variables:
JAVA_HOME=/usr/local/jdk1.8.0_60
PATH=/usr/local/sbin:/usr/local/bin:/usr/sbin:/usr/bin:/sbin:/bin:/usr/games:/usr/local/games:/usr/local/jdk1.8.0_60/bin:$/home/amr/android-studio/bin
USERNAME=amr
LD_LIBRARY_PATH=android-studio/bin:
SHELL=/bin/bash
DISPLAY=:0

Signal Handlers:
SIGSEGV: [libjvm.so+0xaba070], sa_mask[0]=11111111011111111101111111111110, sa_flags=SA_RESTART|SA_SIGINFO
SIGBUS: [libjvm.so+0xaba070], sa_mask[0]=11111111011111111101111111111110, sa_flags=SA_RESTART|SA_SIGINFO
SIGFPE: [libjvm.so+0x917630], sa_mask[0]=11111111011111111101111111111110, sa_flags=SA_RESTART|SA_SIGINFO
SIGPIPE: [libjvm.so+0x917630], sa_mask[0]=11111111011111111101111111111110, sa_flags=SA_RESTART|SA_SIGINFO
SIGXFSZ: [libjvm.so+0x917630], sa_mask[0]=11111111011111111101111111111110, sa_flags=SA_RESTART|SA_SIGINFO
SIGILL: [libjvm.so+0x917630], sa_mask[0]=11111111011111111101111111111110, sa_flags=SA_RESTART|SA_SIGINFO
SIGUSR1: SIG_DFL, sa_mask[0]=00000000000000000000000000000000, sa_flags=none
SIGUSR2: [libjvm.so+0x918c60], sa_mask[0]=00100000000000000000000000000000, sa_flags=SA_RESTART|SA_SIGINFO
SIGHUP: [libjvm.so+0x91a060], sa_mask[0]=11111111011111111101111111111110, sa_flags=SA_RESTART|SA_SIGINFO
SIGINT: [libjvm.so+0x91a060], sa_mask[0]=11111111011111111101111111111110, sa_flags=SA_RESTART|SA_SIGINFO
SIGTERM: [libjvm.so+0x91a060], sa_mask[0]=11111111011111111101111111111110, sa_flags=SA_RESTART|SA_SIGINFO
SIGQUIT: [libjvm.so+0x91a060], sa_mask[0]=11111111011111111101111111111110, sa_flags=SA_RESTART|SA_SIGINFO


---------------  S Y S T E M  ---------------

OS:DISTRIB_ID=LinuxMint
DISTRIB_RELEASE=17.2
DISTRIB_CODENAME=rafaela
DISTRIB_DESCRIPTION="Linux Mint 17.2 Rafaela"

uname:Linux 3.16.0-38-generic #52~14.04.1-Ubuntu SMP Fri May 8 09:43:57 UTC 2015 x86_64
libc:glibc 2.19 NPTL 2.19 
rlimit: STACK 8192k, CORE 0k, NPROC 14876, NOFILE 4096, AS infinity
load average:2.12 1.48 1.42

/proc/meminfo:
MemTotal:        3839576 kB
MemFree:          124768 kB
MemAvailable:      88084 kB
Buffers:            5900 kB
Cached:           273296 kB
SwapCached:            0 kB
Active:          3324828 kB
Inactive:         228520 kB
Active(anon):    3291172 kB
Inactive(anon):   206912 kB
Active(file):      33656 kB
Inactive(file):    21608 kB
Unevictable:           0 kB
Mlocked:               0 kB
SwapTotal:             0 kB
SwapFree:              0 kB
Dirty:              2660 kB
Writeback:             0 kB
AnonPages:       3274364 kB
Mapped:            95128 kB
Shmem:            223772 kB
Slab:              70736 kB
SReclaimable:      40308 kB
SUnreclaim:        30428 kB
KernelStack:       10192 kB
PageTables:        34368 kB
NFS_Unstable:          0 kB
Bounce:                0 kB
WritebackTmp:          0 kB
CommitLimit:     1919788 kB
Committed_AS:    6291548 kB
VmallocTotal:   34359738367 kB
VmallocUsed:      543552 kB
VmallocChunk:   34359186908 kB
HardwareCorrupted:     0 kB
AnonHugePages:   1933312 kB
HugePages_Total:       0
HugePages_Free:        0
HugePages_Rsvd:        0
HugePages_Surp:        0
Hugepagesize:       2048 kB
DirectMap4k:       74816 kB
DirectMap2M:     3909632 kB


CPU:total 4 (2 cores per cpu, 2 threads per core) family 6 model 37 stepping 5, cmov, cx8, fxsr, mmx, sse, sse2, sse3, ssse3, sse4.1, sse4.2, popcnt, ht, tsc, tscinvbit

/proc/cpuinfo:
processor	: 0
vendor_id	: GenuineIntel
cpu family	: 6
model		: 37
model name	: Intel(R) Core(TM) i3 CPU       M 380  @ 2.53GHz
stepping	: 5
microcode	: 0x2
cpu MHz		: 2533.000
cache size	: 3072 KB
physical id	: 0
siblings	: 4
core id		: 0
cpu cores	: 2
apicid		: 0
initial apicid	: 0
fpu		: yes
fpu_exception	: yes
cpuid level	: 11
wp		: yes
flags		: fpu vme de pse tsc msr pae mce cx8 apic sep mtrr pge mca cmov pat pse36 clflush dts acpi mmx fxsr sse sse2 ss ht tm pbe syscall nx rdtscp lm constant_tsc arch_perfmon pebs bts nopl xtopology nonstop_tsc aperfmperf pni dtes64 monitor ds_cpl vmx est tm2 ssse3 cx16 xtpr pdcm pcid sse4_1 sse4_2 popcnt lahf_lm arat dtherm tpr_shadow vnmi flexpriority ept vpid
bogomips	: 5055.12
clflush size	: 64
cache_alignment	: 64
address sizes	: 36 bits physical, 48 bits virtual
power management:

processor	: 1
vendor_id	: GenuineIntel
cpu family	: 6
model		: 37
model name	: Intel(R) Core(TM) i3 CPU       M 380  @ 2.53GHz
stepping	: 5
microcode	: 0x2
cpu MHz		: 2533.000
cache size	: 3072 KB
physical id	: 0
siblings	: 4
core id		: 0
cpu cores	: 2
apicid		: 1
initial apicid	: 1
fpu		: yes
fpu_exception	: yes
cpuid level	: 11
wp		: yes
flags		: fpu vme de pse tsc msr pae mce cx8 apic sep mtrr pge mca cmov pat pse36 clflush dts acpi mmx fxsr sse sse2 ss ht tm pbe syscall nx rdtscp lm constant_tsc arch_perfmon pebs bts nopl xtopology nonstop_tsc aperfmperf pni dtes64 monitor ds_cpl vmx est tm2 ssse3 cx16 xtpr pdcm pcid sse4_1 sse4_2 popcnt lahf_lm arat dtherm tpr_shadow vnmi flexpriority ept vpid
bogomips	: 5055.12
clflush size	: 64
cache_alignment	: 64
address sizes	: 36 bits physical, 48 bits virtual
power management:

processor	: 2
vendor_id	: GenuineIntel
cpu family	: 6
model		: 37
model name	: Intel(R) Core(TM) i3 CPU       M 380  @ 2.53GHz
stepping	: 5
microcode	: 0x2
cpu MHz		: 933.000
cache size	: 3072 KB
physical id	: 0
siblings	: 4
core id		: 2
cpu cores	: 2
apicid		: 4
initial apicid	: 4
fpu		: yes
fpu_exception	: yes
cpuid level	: 11
wp		: yes
flags		: fpu vme de pse tsc msr pae mce cx8 apic sep mtrr pge mca cmov pat pse36 clflush dts acpi mmx fxsr sse sse2 ss ht tm pbe syscall nx rdtscp lm constant_tsc arch_perfmon pebs bts nopl xtopology nonstop_tsc aperfmperf pni dtes64 monitor ds_cpl vmx est tm2 ssse3 cx16 xtpr pdcm pcid sse4_1 sse4_2 popcnt lahf_lm arat dtherm tpr_shadow vnmi flexpriority ept vpid
bogomips	: 5055.12
clflush size	: 64
cache_alignment	: 64
address sizes	: 36 bits physical, 48 bits virtual
power management:

processor	: 3
vendor_id	: GenuineIntel
cpu family	: 6
model		: 37
model name	: Intel(R) Core(TM) i3 CPU       M 380  @ 2.53GHz
stepping	: 5
microcode	: 0x2
cpu MHz		: 1733.000
cache size	: 3072 KB
physical id	: 0
siblings	: 4
core id		: 2
cpu cores	: 2
apicid		: 5
initial apicid	: 5
fpu		: yes
fpu_exception	: yes
cpuid level	: 11
wp		: yes
flags		: fpu vme de pse tsc msr pae mce cx8 apic sep mtrr pge mca cmov pat pse36 clflush dts acpi mmx fxsr sse sse2 ss ht tm pbe syscall nx rdtscp lm constant_tsc arch_perfmon pebs bts nopl xtopology nonstop_tsc aperfmperf pni dtes64 monitor ds_cpl vmx est tm2 ssse3 cx16 xtpr pdcm pcid sse4_1 sse4_2 popcnt lahf_lm arat dtherm tpr_shadow vnmi flexpriority ept vpid
bogomips	: 5055.12
clflush size	: 64
cache_alignment	: 64
address sizes	: 36 bits physical, 48 bits virtual
power management:



Memory: 4k page, physical 3839576k(124644k free), swap 0k(0k free)

vm_info: Java HotSpot(TM) 64-Bit Server VM (25.60-b23) for linux-amd64 JRE (1.8.0_60-b27), built on Aug  4 2015 12:19:40 by "java_re" with gcc 4.3.0 20080428 (Red Hat 4.3.0-8)

time: Mon May  2 17:48:51 2016
elapsed time: 3 seconds (0d 0h 0m 3s)

